

================================================================
== Vivado HLS Report for 'AXIstream2Mat'
================================================================
* Date:           Thu Jun  3 20:18:20 2021

* Version:        2019.1 (Build 2552052 on Fri May 24 15:28:33 MDT 2019)
* Project:        fishery-nets
* Solution:       solution1
* Product family: zynquplus
* Target device:  xczu9eg-ffvb1156-2-e


================================================================
== Performance Estimates
================================================================
+ Timing (ns): 
    * Summary: 
    +--------+-------+----------+------------+
    |  Clock | Target| Estimated| Uncertainty|
    +--------+-------+----------+------------+
    |ap_clk  |   5.00|     2.829|        0.63|
    +--------+-------+----------+------------+

+ Latency (clock cycles): 
    * Summary: 
    +--------+--------+--------+--------+---------+
    |     Latency     |     Interval    | Pipeline|
    |   min  |   max  |   min  |   max  |   Type  |
    +--------+--------+--------+--------+---------+
    |  129603|  129603|  129603|  129603|   none  |
    +--------+--------+--------+--------+---------+

    + Detail: 
        * Instance: 
        N/A

        * Loop: 
        +----------+--------+--------+----------+-----------+-----------+--------+----------+
        |          |     Latency     | Iteration|  Initiation Interval  |  Trip  |          |
        | Loop Name|   min  |   max  |  Latency |  achieved |   target  |  Count | Pipelined|
        +----------+--------+--------+----------+-----------+-----------+--------+----------+
        |- Loop 1  |  129601|  129601|         3|          1|          1|  129600|    yes   |
        +----------+--------+--------+----------+-----------+-----------+--------+----------+



================================================================
== Utilization Estimates
================================================================
* Summary: 
+-----------------+---------+-------+--------+--------+-----+
|       Name      | BRAM_18K| DSP48E|   FF   |   LUT  | URAM|
+-----------------+---------+-------+--------+--------+-----+
|DSP              |        -|      -|       -|       -|    -|
|Expression       |        -|      -|       0|     100|    -|
|FIFO             |        -|      -|       -|       -|    -|
|Instance         |        -|      -|       -|       -|    -|
|Memory           |        -|      -|       -|       -|    -|
|Multiplexer      |        -|      -|       -|     111|    -|
|Register         |        -|      -|      29|       -|    -|
+-----------------+---------+-------+--------+--------+-----+
|Total            |        0|      0|      29|     211|    0|
+-----------------+---------+-------+--------+--------+-----+
|Available        |     1824|   2520|  548160|  274080|    0|
+-----------------+---------+-------+--------+--------+-----+
|Utilization (%)  |        0|      0|   ~0   |   ~0   |    0|
+-----------------+---------+-------+--------+--------+-----+

+ Detail: 
    * Instance: 
    N/A

    * DSP48E: 
    N/A

    * Memory: 
    N/A

    * FIFO: 
    N/A

    * Expression: 
    +----------------------------------+----------+-------+---+----+------------+------------+
    |           Variable Name          | Operation| DSP48E| FF| LUT| Bitwidth P0| Bitwidth P1|
    +----------------------------------+----------+-------+---+----+------------+------------+
    |add_ln55_fu_113_p2                |     +    |      0|  0|  24|          17|           1|
    |icmp_ln1498_1_fu_125_p2           |   icmp   |      0|  0|  20|          32|          18|
    |icmp_ln1498_fu_119_p2             |   icmp   |      0|  0|  20|          32|          17|
    |icmp_ln55_fu_107_p2               |   icmp   |      0|  0|  20|          17|          12|
    |ap_block_pp0_stage0_01001         |    or    |      0|  0|   2|           1|           1|
    |ap_block_state1                   |    or    |      0|  0|   2|           1|           1|
    |ap_block_state3_pp0_stage0_iter1  |    or    |      0|  0|   2|           1|           1|
    |ap_block_state4_pp0_stage0_iter2  |    or    |      0|  0|   2|           1|           1|
    |my_image_data_stream_0_V_din      |  select  |      0|  0|   2|           1|           2|
    |my_image_data_stream_2_V_din      |  select  |      0|  0|   2|           1|           2|
    |ap_enable_pp0                     |    xor   |      0|  0|   2|           1|           2|
    |ap_enable_reg_pp0_iter1           |    xor   |      0|  0|   2|           2|           1|
    +----------------------------------+----------+-------+---+----+------------+------------+
    |Total                             |          |      0|  0| 100|         107|          59|
    +----------------------------------+----------+-------+---+----+------------+------------+

    * Multiplexer: 
    +--------------------------------+----+-----------+-----+-----------+
    |              Name              | LUT| Input Size| Bits| Total Bits|
    +--------------------------------+----+-----------+-----+-----------+
    |LI_V_V_blk_n                    |   9|          2|    1|          2|
    |ap_NS_fsm                       |  21|          4|    1|          4|
    |ap_done                         |   9|          2|    1|          2|
    |ap_enable_reg_pp0_iter1         |   9|          2|    1|          2|
    |ap_enable_reg_pp0_iter2         |   9|          2|    1|          2|
    |help_V_V_blk_n                  |   9|          2|    1|          2|
    |indvar_flatten_reg_96           |   9|          2|   17|         34|
    |my_image_data_stream_0_V_blk_n  |   9|          2|    1|          2|
    |my_image_data_stream_1_V_blk_n  |   9|          2|    1|          2|
    |my_image_data_stream_2_V_blk_n  |   9|          2|    1|          2|
    |real_start                      |   9|          2|    1|          2|
    +--------------------------------+----+-----------+-----+-----------+
    |Total                           | 111|         24|   27|         56|
    +--------------------------------+----+-----------+-----+-----------+

    * Register: 
    +---------------------------------+----+----+-----+-----------+
    |               Name              | FF | LUT| Bits| Const Bits|
    +---------------------------------+----+----+-----+-----------+
    |ap_CS_fsm                        |   3|   0|    3|          0|
    |ap_done_reg                      |   1|   0|    1|          0|
    |ap_enable_reg_pp0_iter0          |   1|   0|    1|          0|
    |ap_enable_reg_pp0_iter1          |   1|   0|    1|          0|
    |ap_enable_reg_pp0_iter2          |   1|   0|    1|          0|
    |icmp_ln1498_1_reg_161            |   1|   0|    1|          0|
    |icmp_ln1498_reg_156              |   1|   0|    1|          0|
    |icmp_ln55_reg_147                |   1|   0|    1|          0|
    |icmp_ln55_reg_147_pp0_iter1_reg  |   1|   0|    1|          0|
    |indvar_flatten_reg_96            |  17|   0|   17|          0|
    |start_once_reg                   |   1|   0|    1|          0|
    +---------------------------------+----+----+-----+-----------+
    |Total                            |  29|   0|   29|          0|
    +---------------------------------+----+----+-----+-----------+



================================================================
== Interface
================================================================
* Summary: 
+---------------------------------+-----+-----+------------+--------------------------+--------------+
|            RTL Ports            | Dir | Bits|  Protocol  |       Source Object      |    C Type    |
+---------------------------------+-----+-----+------------+--------------------------+--------------+
|ap_clk                           |  in |    1| ap_ctrl_hs |       AXIstream2Mat      | return value |
|ap_rst                           |  in |    1| ap_ctrl_hs |       AXIstream2Mat      | return value |
|ap_start                         |  in |    1| ap_ctrl_hs |       AXIstream2Mat      | return value |
|start_full_n                     |  in |    1| ap_ctrl_hs |       AXIstream2Mat      | return value |
|ap_done                          | out |    1| ap_ctrl_hs |       AXIstream2Mat      | return value |
|ap_continue                      |  in |    1| ap_ctrl_hs |       AXIstream2Mat      | return value |
|ap_idle                          | out |    1| ap_ctrl_hs |       AXIstream2Mat      | return value |
|ap_ready                         | out |    1| ap_ctrl_hs |       AXIstream2Mat      | return value |
|start_out                        | out |    1| ap_ctrl_hs |       AXIstream2Mat      | return value |
|start_write                      | out |    1| ap_ctrl_hs |       AXIstream2Mat      | return value |
|my_image_data_stream_0_V_din     | out |    8|   ap_fifo  | my_image_data_stream_0_V |    pointer   |
|my_image_data_stream_0_V_full_n  |  in |    1|   ap_fifo  | my_image_data_stream_0_V |    pointer   |
|my_image_data_stream_0_V_write   | out |    1|   ap_fifo  | my_image_data_stream_0_V |    pointer   |
|my_image_data_stream_1_V_din     | out |    8|   ap_fifo  | my_image_data_stream_1_V |    pointer   |
|my_image_data_stream_1_V_full_n  |  in |    1|   ap_fifo  | my_image_data_stream_1_V |    pointer   |
|my_image_data_stream_1_V_write   | out |    1|   ap_fifo  | my_image_data_stream_1_V |    pointer   |
|my_image_data_stream_2_V_din     | out |    8|   ap_fifo  | my_image_data_stream_2_V |    pointer   |
|my_image_data_stream_2_V_full_n  |  in |    1|   ap_fifo  | my_image_data_stream_2_V |    pointer   |
|my_image_data_stream_2_V_write   | out |    1|   ap_fifo  | my_image_data_stream_2_V |    pointer   |
|LI_V_V_dout                      |  in |   32|   ap_fifo  |          LI_V_V          |    pointer   |
|LI_V_V_empty_n                   |  in |    1|   ap_fifo  |          LI_V_V          |    pointer   |
|LI_V_V_read                      | out |    1|   ap_fifo  |          LI_V_V          |    pointer   |
|help_V_V_dout                    |  in |   32|   ap_fifo  |         help_V_V         |    pointer   |
|help_V_V_empty_n                 |  in |    1|   ap_fifo  |         help_V_V         |    pointer   |
|help_V_V_read                    | out |    1|   ap_fifo  |         help_V_V         |    pointer   |
+---------------------------------+-----+-----+------------+--------------------------+--------------+

============================================================
+ Verbose Summary: Synthesis Manager
============================================================
InlineROM: 1
ExposeGlobal: 0
============================================================
+ Verbose Summary: CDFG Model
============================================================
IsTopModel: 0
ResetActiveHigh: 1
IsCombinational: 2
IsDatapathOnly: 0
HasWiredReturn: 1
HasMFsm: 0
HasVarLatency: 1
IsPipeline: 0
IsRtlPipelined: 0
IsInstanceOverlapped: 0
IsDontTouch: 0
HasImplIP: 0
IsGatedGlobalClock: 0

+ Individual pipeline summary: 
  * Pipeline-0: initiation interval (II) = 1, depth = 3


============================================================
+ Verbose Summary: Schedule
============================================================
* Number of FSM states : 5
* Pipeline : 1
  Pipeline-0 : II = 1, D = 3, States = { 2 3 4 }
* Dataflow Pipeline: 0

* FSM state transitions: 
1 --> 2 
2 --> 5 3 
3 --> 4 
4 --> 2 
5 --> 

* FSM state operations: 

State 1 <SV = 0> <Delay = 0.65>
ST_1 : Operation 6 [1/1] (0.00ns)   --->   "call void (...)* @_ssdm_op_SpecInterface(i8* %my_image_data_stream_2_V, [8 x i8]* @ap_fifo_str, i32 0, i32 0, [1 x i8]* @p_str, i32 0, i32 0, [1 x i8]* @p_str, [1 x i8]* @p_str, [1 x i8]* @p_str, i32 2, i32 2, i32 16, i32 16, [1 x i8]* @p_str, [1 x i8]* @p_str)"   --->   Operation 6 'specinterface' <Predicate = true> <Delay = 0.00>
ST_1 : Operation 7 [1/1] (0.00ns)   --->   "call void (...)* @_ssdm_op_SpecInterface(i8* %my_image_data_stream_1_V, [8 x i8]* @ap_fifo_str, i32 0, i32 0, [1 x i8]* @p_str, i32 0, i32 0, [1 x i8]* @p_str, [1 x i8]* @p_str, [1 x i8]* @p_str, i32 2, i32 2, i32 16, i32 16, [1 x i8]* @p_str, [1 x i8]* @p_str)"   --->   Operation 7 'specinterface' <Predicate = true> <Delay = 0.00>
ST_1 : Operation 8 [1/1] (0.00ns)   --->   "call void (...)* @_ssdm_op_SpecInterface(i8* %my_image_data_stream_0_V, [8 x i8]* @ap_fifo_str, i32 0, i32 0, [1 x i8]* @p_str, i32 0, i32 0, [1 x i8]* @p_str, [1 x i8]* @p_str, [1 x i8]* @p_str, i32 2, i32 2, i32 16, i32 16, [1 x i8]* @p_str, [1 x i8]* @p_str)"   --->   Operation 8 'specinterface' <Predicate = true> <Delay = 0.00>
ST_1 : Operation 9 [1/1] (0.00ns)   --->   "call void (...)* @_ssdm_op_SpecInterface(i32* @LI_V_V, [8 x i8]* @ap_fifo_str, i32 0, i32 0, [1 x i8]* @p_str, i32 0, i32 0, [1 x i8]* @p_str, [1 x i8]* @p_str, [1 x i8]* @p_str, i32 2, i32 2, i32 16, i32 16, [1 x i8]* @p_str, [1 x i8]* @p_str)"   --->   Operation 9 'specinterface' <Predicate = true> <Delay = 0.00>
ST_1 : Operation 10 [1/1] (0.00ns)   --->   "call void (...)* @_ssdm_op_SpecInterface(i32* @help_V_V, [8 x i8]* @ap_fifo_str, i32 0, i32 0, [1 x i8]* @p_str, i32 0, i32 0, [1 x i8]* @p_str, [1 x i8]* @p_str, [1 x i8]* @p_str, i32 2, i32 2, i32 16, i32 16, [1 x i8]* @p_str, [1 x i8]* @p_str)"   --->   Operation 10 'specinterface' <Predicate = true> <Delay = 0.00>
ST_1 : Operation 11 [1/1] (0.65ns)   --->   "br label %.preheader.i" [fishery-nets/code/src/extra-functions.cpp:55]   --->   Operation 11 'br' <Predicate = true> <Delay = 0.65>

State 2 <SV = 1> <Delay = 1.09>
ST_2 : Operation 12 [1/1] (0.00ns)   --->   "%indvar_flatten = phi i17 [ 0, %entry ], [ %add_ln55, %hls_label_2_begin ]" [fishery-nets/code/src/extra-functions.cpp:55]   --->   Operation 12 'phi' 'indvar_flatten' <Predicate = true> <Delay = 0.00>
ST_2 : Operation 13 [1/1] (1.09ns)   --->   "%icmp_ln55 = icmp eq i17 %indvar_flatten, -1472" [fishery-nets/code/src/extra-functions.cpp:55]   --->   Operation 13 'icmp' 'icmp_ln55' <Predicate = true> <Delay = 1.09> <Core = "Cmp">   --->   Core 25 'Cmp' <Latency = 0> <II = 1> <Delay = 1.09> <FuncUnit> <Opcode : 'icmp'> <InPorts = 2> <OutPorts = 1>
ST_2 : Operation 14 [1/1] (0.86ns)   --->   "%add_ln55 = add i17 %indvar_flatten, 1" [fishery-nets/code/src/extra-functions.cpp:55]   --->   Operation 14 'add' 'add_ln55' <Predicate = true> <Delay = 0.86> <Core = "AddSub">   --->   Core 14 'AddSub' <Latency = 0> <II = 1> <Delay = 0.86> <FuncUnit> <Opcode : 'add' 'sub'> <InPorts = 2> <OutPorts = 1>
ST_2 : Operation 15 [1/1] (0.00ns)   --->   "br i1 %icmp_ln55, label %AXIstream2Mat.exit, label %hls_label_2_begin" [fishery-nets/code/src/extra-functions.cpp:55]   --->   Operation 15 'br' <Predicate = true> <Delay = 0.00>

State 3 <SV = 2> <Delay = 2.82>
ST_3 : Operation 16 [1/1] (1.83ns)   --->   "%tmp_V = call i32 @_ssdm_op_Read.ap_fifo.volatile.i32P(i32* @LI_V_V)" [fishery-nets/code/src/extra-functions.cpp:59]   --->   Operation 16 'read' 'tmp_V' <Predicate = (!icmp_ln55)> <Delay = 1.83> <Core = "FIFO">   --->   Core 32 'FIFO' <Latency = 0> <II = 1> <Delay = 1.73> <Storage> <Opcode : 'read' 'write' 'nbread' 'nbwrite'> <Ports = 0> <Width = 32> <Depth = 200> <FIFO>
ST_3 : Operation 17 [1/1] (1.83ns)   --->   "%tmp_V_236 = call i32 @_ssdm_op_Read.ap_fifo.volatile.i32P(i32* @help_V_V)" [fishery-nets/code/src/extra-functions.cpp:60]   --->   Operation 17 'read' 'tmp_V_236' <Predicate = (!icmp_ln55)> <Delay = 1.83> <Core = "FIFO">   --->   Core 32 'FIFO' <Latency = 0> <II = 1> <Delay = 1.73> <Storage> <Opcode : 'read' 'write' 'nbread' 'nbwrite'> <Ports = 0> <Width = 32> <Depth = 200> <FIFO>
ST_3 : Operation 18 [1/1] (0.99ns)   --->   "%icmp_ln1498 = icmp eq i32 %tmp_V_236, 65536" [fishery-nets/code/src/extra-functions.cpp:62]   --->   Operation 18 'icmp' 'icmp_ln1498' <Predicate = (!icmp_ln55)> <Delay = 0.99> <Core = "Cmp">   --->   Core 25 'Cmp' <Latency = 0> <II = 1> <Delay = 1.09> <FuncUnit> <Opcode : 'icmp'> <InPorts = 2> <OutPorts = 1>
ST_3 : Operation 19 [1/1] (0.99ns)   --->   "%icmp_ln1498_1 = icmp eq i32 %tmp_V, -65536" [fishery-nets/code/src/extra-functions.cpp:66]   --->   Operation 19 'icmp' 'icmp_ln1498_1' <Predicate = (!icmp_ln55)> <Delay = 0.99> <Core = "Cmp">   --->   Core 25 'Cmp' <Latency = 0> <II = 1> <Delay = 1.09> <FuncUnit> <Opcode : 'icmp'> <InPorts = 2> <OutPorts = 1>

State 4 <SV = 3> <Delay = 2.01>
ST_4 : Operation 20 [1/1] (0.00ns)   --->   "call void (...)* @_ssdm_op_SpecLoopTripCount(i64 129600, i64 129600, i64 129600)"   --->   Operation 20 'speclooptripcount' <Predicate = (!icmp_ln55)> <Delay = 0.00>
ST_4 : Operation 21 [1/1] (0.00ns)   --->   "%tmp_120_i = call i32 (...)* @_ssdm_op_SpecRegionBegin([12 x i8]* @p_str431)" [fishery-nets/code/src/extra-functions.cpp:57]   --->   Operation 21 'specregionbegin' 'tmp_120_i' <Predicate = (!icmp_ln55)> <Delay = 0.00>
ST_4 : Operation 22 [1/1] (0.00ns)   --->   "call void (...)* @_ssdm_op_SpecPipeline(i32 -1, i32 1, i32 1, i32 0, [1 x i8]* @p_str229) nounwind" [fishery-nets/code/src/extra-functions.cpp:58]   --->   Operation 22 'specpipeline' <Predicate = (!icmp_ln55)> <Delay = 0.00>
ST_4 : Operation 23 [1/1] (0.17ns)   --->   "%tmp = select i1 %icmp_ln1498, i8 -1, i8 0" [fishery-nets/code/src/extra-functions.cpp:62]   --->   Operation 23 'select' 'tmp' <Predicate = (!icmp_ln55)> <Delay = 0.17> <Core = "Sel">   --->   Core 26 'Sel' <Latency = 0> <II = 1> <Delay = 0.17> <FuncUnit> <Opcode : 'select'> <InPorts = 3> <OutPorts = 1>
ST_4 : Operation 24 [1/1] (0.17ns)   --->   "%tmp_86 = select i1 %icmp_ln1498_1, i8 -1, i8 0" [fishery-nets/code/src/extra-functions.cpp:66]   --->   Operation 24 'select' 'tmp_86' <Predicate = (!icmp_ln55)> <Delay = 0.17> <Core = "Sel">   --->   Core 26 'Sel' <Latency = 0> <II = 1> <Delay = 0.17> <FuncUnit> <Opcode : 'select'> <InPorts = 3> <OutPorts = 1>
ST_4 : Operation 25 [1/1] (0.00ns)   --->   "%tmp_121_i = call i32 (...)* @_ssdm_op_SpecRegionBegin([13 x i8]* @p_str18)" [C:/Xilinx/Vivado/2019.1/common/technology/autopilot/hls/hls_video_core.h:696->C:/Xilinx/Vivado/2019.1/common/technology/autopilot/hls/hls_video_core.h:717->fishery-nets/code/src/extra-functions.cpp:67]   --->   Operation 25 'specregionbegin' 'tmp_121_i' <Predicate = (!icmp_ln55)> <Delay = 0.00>
ST_4 : Operation 26 [1/1] (0.00ns)   --->   "call void (...)* @_ssdm_op_SpecProtocol(i32 0, [1 x i8]* @p_str229) nounwind" [C:/Xilinx/Vivado/2019.1/common/technology/autopilot/hls/hls_video_core.h:700->C:/Xilinx/Vivado/2019.1/common/technology/autopilot/hls/hls_video_core.h:717->fishery-nets/code/src/extra-functions.cpp:67]   --->   Operation 26 'specprotocol' <Predicate = (!icmp_ln55)> <Delay = 0.00>
ST_4 : Operation 27 [1/1] (1.83ns)   --->   "call void @_ssdm_op_Write.ap_fifo.volatile.i8P(i8* %my_image_data_stream_0_V, i8 %tmp)" [C:/Xilinx/Vivado/2019.1/common/technology/autopilot/hls/hls_video_core.h:703->C:/Xilinx/Vivado/2019.1/common/technology/autopilot/hls/hls_video_core.h:717->fishery-nets/code/src/extra-functions.cpp:67]   --->   Operation 27 'write' <Predicate = (!icmp_ln55)> <Delay = 1.83> <Core = "FIFO">   --->   Core 32 'FIFO' <Latency = 0> <II = 1> <Delay = 1.73> <Storage> <Opcode : 'read' 'write' 'nbread' 'nbwrite'> <Ports = 0> <Width = 32> <Depth = 200> <FIFO>
ST_4 : Operation 28 [1/1] (1.83ns)   --->   "call void @_ssdm_op_Write.ap_fifo.volatile.i8P(i8* %my_image_data_stream_1_V, i8 0)" [C:/Xilinx/Vivado/2019.1/common/technology/autopilot/hls/hls_video_core.h:703->C:/Xilinx/Vivado/2019.1/common/technology/autopilot/hls/hls_video_core.h:717->fishery-nets/code/src/extra-functions.cpp:67]   --->   Operation 28 'write' <Predicate = (!icmp_ln55)> <Delay = 1.83> <Core = "FIFO">   --->   Core 32 'FIFO' <Latency = 0> <II = 1> <Delay = 1.73> <Storage> <Opcode : 'read' 'write' 'nbread' 'nbwrite'> <Ports = 0> <Width = 32> <Depth = 200> <FIFO>
ST_4 : Operation 29 [1/1] (1.83ns)   --->   "call void @_ssdm_op_Write.ap_fifo.volatile.i8P(i8* %my_image_data_stream_2_V, i8 %tmp_86)" [C:/Xilinx/Vivado/2019.1/common/technology/autopilot/hls/hls_video_core.h:703->C:/Xilinx/Vivado/2019.1/common/technology/autopilot/hls/hls_video_core.h:717->fishery-nets/code/src/extra-functions.cpp:67]   --->   Operation 29 'write' <Predicate = (!icmp_ln55)> <Delay = 1.83> <Core = "FIFO">   --->   Core 32 'FIFO' <Latency = 0> <II = 1> <Delay = 1.73> <Storage> <Opcode : 'read' 'write' 'nbread' 'nbwrite'> <Ports = 0> <Width = 32> <Depth = 200> <FIFO>
ST_4 : Operation 30 [1/1] (0.00ns)   --->   "%empty = call i32 (...)* @_ssdm_op_SpecRegionEnd([13 x i8]* @p_str18, i32 %tmp_121_i)" [C:/Xilinx/Vivado/2019.1/common/technology/autopilot/hls/hls_video_core.h:705->C:/Xilinx/Vivado/2019.1/common/technology/autopilot/hls/hls_video_core.h:717->fishery-nets/code/src/extra-functions.cpp:67]   --->   Operation 30 'specregionend' 'empty' <Predicate = (!icmp_ln55)> <Delay = 0.00>
ST_4 : Operation 31 [1/1] (0.00ns)   --->   "%empty_616 = call i32 (...)* @_ssdm_op_SpecRegionEnd([12 x i8]* @p_str431, i32 %tmp_120_i)" [fishery-nets/code/src/extra-functions.cpp:68]   --->   Operation 31 'specregionend' 'empty_616' <Predicate = (!icmp_ln55)> <Delay = 0.00>
ST_4 : Operation 32 [1/1] (0.00ns)   --->   "br label %.preheader.i" [fishery-nets/code/src/extra-functions.cpp:56]   --->   Operation 32 'br' <Predicate = (!icmp_ln55)> <Delay = 0.00>

State 5 <SV = 2> <Delay = 0.00>
ST_5 : Operation 33 [1/1] (0.00ns)   --->   "ret void"   --->   Operation 33 'ret' <Predicate = true> <Delay = 0.00>


============================================================
+ Verbose Summary: Binding
============================================================
STG Binding: 
---------------- STG Properties BEGIN ----------------
- Is combinational: 0
- Is one-state seq: 0
- Is datapath-only: 0
- Is pipelined: 0
- Is top level: 0
Port [ Return ] is wired: 1; IO mode=ap_ctrl_hs:ce=0
Port [ my_image_data_stream_0_V]:  wired=1; compound=1; hidden=0; nouse=0; global=0; static=0; extern=0; dir=1; type=3; pingpong=0; private_global=0; IO mode=ap_fifo:ce=0
Port [ my_image_data_stream_1_V]:  wired=1; compound=1; hidden=0; nouse=0; global=0; static=0; extern=0; dir=1; type=3; pingpong=0; private_global=0; IO mode=ap_fifo:ce=0
Port [ my_image_data_stream_2_V]:  wired=1; compound=1; hidden=0; nouse=0; global=0; static=0; extern=0; dir=1; type=3; pingpong=0; private_global=0; IO mode=ap_fifo:ce=0
Port [ LI_V_V]:  wired=1; compound=1; hidden=0; nouse=0; global=1; static=1; extern=0; dir=0; type=3; pingpong=0; private_global=0; linkage=7; visibility=0; IO mode=ap_fifo:ce=0
Port [ help_V_V]:  wired=1; compound=1; hidden=0; nouse=0; global=1; static=1; extern=0; dir=0; type=3; pingpong=0; private_global=0; linkage=7; visibility=0; IO mode=ap_fifo:ce=0
---------------- STG Properties END ------------------

---------------- Datapath Model BEGIN ----------------

<LifeTime>
<method=bitvector/>
specinterface_ln0     (specinterface    ) [ 000000]
specinterface_ln0     (specinterface    ) [ 000000]
specinterface_ln0     (specinterface    ) [ 000000]
specinterface_ln0     (specinterface    ) [ 000000]
specinterface_ln0     (specinterface    ) [ 000000]
br_ln55               (br               ) [ 011110]
indvar_flatten        (phi              ) [ 001000]
icmp_ln55             (icmp             ) [ 001110]
add_ln55              (add              ) [ 011110]
br_ln55               (br               ) [ 000000]
tmp_V                 (read             ) [ 000000]
tmp_V_236             (read             ) [ 000000]
icmp_ln1498           (icmp             ) [ 001010]
icmp_ln1498_1         (icmp             ) [ 001010]
speclooptripcount_ln0 (speclooptripcount) [ 000000]
tmp_120_i             (specregionbegin  ) [ 000000]
specpipeline_ln58     (specpipeline     ) [ 000000]
tmp                   (select           ) [ 000000]
tmp_86                (select           ) [ 000000]
tmp_121_i             (specregionbegin  ) [ 000000]
specprotocol_ln700    (specprotocol     ) [ 000000]
write_ln703           (write            ) [ 000000]
write_ln703           (write            ) [ 000000]
write_ln703           (write            ) [ 000000]
empty                 (specregionend    ) [ 000000]
empty_616             (specregionend    ) [ 000000]
br_ln56               (br               ) [ 011110]
ret_ln0               (ret              ) [ 000000]
</LifeTime>

<model>

<comp_list>
<comp id="0" class="1000" name="my_image_data_stream_0_V">
<pin_list>
<pin id="1" dir="1" index="0" bw="1" slack="0"/>
</pin_list>
<bind>
<StgValue><ssdm name="my_image_data_stream_0_V"/></StgValue>
</bind>
</comp>

<comp id="2" class="1000" name="my_image_data_stream_1_V">
<pin_list>
<pin id="3" dir="1" index="0" bw="1" slack="0"/>
</pin_list>
<bind>
<StgValue><ssdm name="my_image_data_stream_1_V"/></StgValue>
</bind>
</comp>

<comp id="4" class="1000" name="my_image_data_stream_2_V">
<pin_list>
<pin id="5" dir="1" index="0" bw="1" slack="0"/>
</pin_list>
<bind>
<StgValue><ssdm name="my_image_data_stream_2_V"/></StgValue>
</bind>
</comp>

<comp id="6" class="1000" name="LI_V_V">
<pin_list>
<pin id="7" dir="1" index="0" bw="1" slack="0"/>
</pin_list>
<bind>
<StgValue><ssdm name="LI_V_V"/></StgValue>
</bind>
</comp>

<comp id="8" class="1000" name="help_V_V">
<pin_list>
<pin id="9" dir="1" index="0" bw="1" slack="0"/>
</pin_list>
<bind>
<StgValue><ssdm name="help_V_V"/></StgValue>
</bind>
</comp>

<comp id="10" class="1001" name="const_10">
<pin_list>
<pin id="11" dir="1" index="0" bw="1" slack="2147483647"/>
</pin_list>
<bind>
<StgValue><ssdm name="_ssdm_op_SpecInterface"/></StgValue>
</bind>
</comp>

<comp id="12" class="1001" name="const_12">
<pin_list>
<pin id="13" dir="1" index="0" bw="1" slack="2147483647"/>
</pin_list>
<bind>
<StgValue><ssdm name="ap_fifo_str"/></StgValue>
</bind>
</comp>

<comp id="14" class="1001" name="const_14">
<pin_list>
<pin id="15" dir="1" index="0" bw="1" slack="2147483647"/>
</pin_list>
<bind>
<StgValue><ssdm name=""/></StgValue>
</bind>
</comp>

<comp id="16" class="1001" name="const_16">
<pin_list>
<pin id="17" dir="1" index="0" bw="1" slack="2147483647"/>
</pin_list>
<bind>
<StgValue><ssdm name="p_str"/></StgValue>
</bind>
</comp>

<comp id="18" class="1001" name="const_18">
<pin_list>
<pin id="19" dir="1" index="0" bw="1" slack="2147483647"/>
</pin_list>
<bind>
<StgValue><ssdm name=""/></StgValue>
</bind>
</comp>

<comp id="20" class="1001" name="const_20">
<pin_list>
<pin id="21" dir="1" index="0" bw="1" slack="2147483647"/>
</pin_list>
<bind>
<StgValue><ssdm name=""/></StgValue>
</bind>
</comp>

<comp id="22" class="1001" name="const_22">
<pin_list>
<pin id="23" dir="1" index="0" bw="1" slack="1"/>
</pin_list>
<bind>
<StgValue><ssdm name=""/></StgValue>
</bind>
</comp>

<comp id="24" class="1001" name="const_24">
<pin_list>
<pin id="25" dir="1" index="0" bw="1" slack="0"/>
</pin_list>
<bind>
<StgValue><ssdm name=""/></StgValue>
</bind>
</comp>

<comp id="26" class="1001" name="const_26">
<pin_list>
<pin id="27" dir="1" index="0" bw="1" slack="0"/>
</pin_list>
<bind>
<StgValue><ssdm name=""/></StgValue>
</bind>
</comp>

<comp id="28" class="1001" name="const_28">
<pin_list>
<pin id="29" dir="1" index="0" bw="1" slack="0"/>
</pin_list>
<bind>
<StgValue><ssdm name="_ssdm_op_Read.ap_fifo.volatile.i32P"/></StgValue>
</bind>
</comp>

<comp id="30" class="1001" name="const_30">
<pin_list>
<pin id="31" dir="1" index="0" bw="1" slack="0"/>
</pin_list>
<bind>
<StgValue><ssdm name=""/></StgValue>
</bind>
</comp>

<comp id="32" class="1001" name="const_32">
<pin_list>
<pin id="33" dir="1" index="0" bw="1" slack="0"/>
</pin_list>
<bind>
<StgValue><ssdm name=""/></StgValue>
</bind>
</comp>

<comp id="34" class="1001" name="const_34">
<pin_list>
<pin id="35" dir="1" index="0" bw="1" slack="2147483647"/>
</pin_list>
<bind>
<StgValue><ssdm name="_ssdm_op_SpecLoopTripCount"/></StgValue>
</bind>
</comp>

<comp id="36" class="1001" name="const_36">
<pin_list>
<pin id="37" dir="1" index="0" bw="1" slack="2147483647"/>
</pin_list>
<bind>
<StgValue><ssdm name=""/></StgValue>
</bind>
</comp>

<comp id="38" class="1001" name="const_38">
<pin_list>
<pin id="39" dir="1" index="0" bw="1" slack="2147483647"/>
</pin_list>
<bind>
<StgValue><ssdm name="_ssdm_op_SpecRegionBegin"/></StgValue>
</bind>
</comp>

<comp id="40" class="1001" name="const_40">
<pin_list>
<pin id="41" dir="1" index="0" bw="1" slack="2147483647"/>
</pin_list>
<bind>
<StgValue><ssdm name="p_str431"/></StgValue>
</bind>
</comp>

<comp id="42" class="1001" name="const_42">
<pin_list>
<pin id="43" dir="1" index="0" bw="1" slack="2147483647"/>
</pin_list>
<bind>
<StgValue><ssdm name="_ssdm_op_SpecPipeline"/></StgValue>
</bind>
</comp>

<comp id="44" class="1001" name="const_44">
<pin_list>
<pin id="45" dir="1" index="0" bw="1" slack="2147483647"/>
</pin_list>
<bind>
<StgValue><ssdm name=""/></StgValue>
</bind>
</comp>

<comp id="46" class="1001" name="const_46">
<pin_list>
<pin id="47" dir="1" index="0" bw="1" slack="2147483647"/>
</pin_list>
<bind>
<StgValue><ssdm name=""/></StgValue>
</bind>
</comp>

<comp id="48" class="1001" name="const_48">
<pin_list>
<pin id="49" dir="1" index="0" bw="1" slack="2147483647"/>
</pin_list>
<bind>
<StgValue><ssdm name="p_str229"/></StgValue>
</bind>
</comp>

<comp id="50" class="1001" name="const_50">
<pin_list>
<pin id="51" dir="1" index="0" bw="1" slack="0"/>
</pin_list>
<bind>
<StgValue><ssdm name=""/></StgValue>
</bind>
</comp>

<comp id="52" class="1001" name="const_52">
<pin_list>
<pin id="53" dir="1" index="0" bw="1" slack="0"/>
</pin_list>
<bind>
<StgValue><ssdm name=""/></StgValue>
</bind>
</comp>

<comp id="54" class="1001" name="const_54">
<pin_list>
<pin id="55" dir="1" index="0" bw="1" slack="2147483647"/>
</pin_list>
<bind>
<StgValue><ssdm name="p_str18"/></StgValue>
</bind>
</comp>

<comp id="56" class="1001" name="const_56">
<pin_list>
<pin id="57" dir="1" index="0" bw="1" slack="2147483647"/>
</pin_list>
<bind>
<StgValue><ssdm name="_ssdm_op_SpecProtocol"/></StgValue>
</bind>
</comp>

<comp id="58" class="1001" name="const_58">
<pin_list>
<pin id="59" dir="1" index="0" bw="1" slack="0"/>
</pin_list>
<bind>
<StgValue><ssdm name="_ssdm_op_Write.ap_fifo.volatile.i8P"/></StgValue>
</bind>
</comp>

<comp id="60" class="1001" name="const_60">
<pin_list>
<pin id="61" dir="1" index="0" bw="1" slack="2147483647"/>
</pin_list>
<bind>
<StgValue><ssdm name="_ssdm_op_SpecRegionEnd"/></StgValue>
</bind>
</comp>

<comp id="62" class="1004" name="tmp_V_read_fu_62">
<pin_list>
<pin id="63" dir="0" index="0" bw="32" slack="0"/>
<pin id="64" dir="0" index="1" bw="32" slack="0"/>
<pin id="65" dir="1" index="2" bw="32" slack="0"/>
</pin_list>
<bind>
<opcode="read(1150) " fcode="read"/>
<opset="tmp_V/3 "/>
</bind>
</comp>

<comp id="68" class="1004" name="tmp_V_236_read_fu_68">
<pin_list>
<pin id="69" dir="0" index="0" bw="32" slack="0"/>
<pin id="70" dir="0" index="1" bw="32" slack="0"/>
<pin id="71" dir="1" index="2" bw="32" slack="0"/>
</pin_list>
<bind>
<opcode="read(1150) " fcode="read"/>
<opset="tmp_V_236/3 "/>
</bind>
</comp>

<comp id="74" class="1004" name="write_ln703_write_fu_74">
<pin_list>
<pin id="75" dir="0" index="0" bw="0" slack="0"/>
<pin id="76" dir="0" index="1" bw="8" slack="0"/>
<pin id="77" dir="0" index="2" bw="8" slack="0"/>
<pin id="78" dir="1" index="3" bw="0" slack="2147483647"/>
</pin_list>
<bind>
<opcode="write(1151) " fcode="write"/>
<opset="write_ln703/4 "/>
</bind>
</comp>

<comp id="81" class="1004" name="write_ln703_write_fu_81">
<pin_list>
<pin id="82" dir="0" index="0" bw="0" slack="0"/>
<pin id="83" dir="0" index="1" bw="8" slack="0"/>
<pin id="84" dir="0" index="2" bw="1" slack="0"/>
<pin id="85" dir="1" index="3" bw="0" slack="2147483647"/>
</pin_list>
<bind>
<opcode="write(1151) " fcode="write"/>
<opset="write_ln703/4 "/>
</bind>
</comp>

<comp id="89" class="1004" name="write_ln703_write_fu_89">
<pin_list>
<pin id="90" dir="0" index="0" bw="0" slack="0"/>
<pin id="91" dir="0" index="1" bw="8" slack="0"/>
<pin id="92" dir="0" index="2" bw="8" slack="0"/>
<pin id="93" dir="1" index="3" bw="0" slack="2147483647"/>
</pin_list>
<bind>
<opcode="write(1151) " fcode="write"/>
<opset="write_ln703/4 "/>
</bind>
</comp>

<comp id="96" class="1005" name="indvar_flatten_reg_96">
<pin_list>
<pin id="97" dir="0" index="0" bw="17" slack="1"/>
<pin id="98" dir="1" index="1" bw="17" slack="1"/>
</pin_list>
<bind>
<opset="indvar_flatten (phireg) "/>
</bind>
</comp>

<comp id="100" class="1004" name="indvar_flatten_phi_fu_100">
<pin_list>
<pin id="101" dir="0" index="0" bw="1" slack="1"/>
<pin id="102" dir="0" index="1" bw="0" slack="2147483647"/>
<pin id="103" dir="0" index="2" bw="17" slack="0"/>
<pin id="104" dir="0" index="3" bw="0" slack="2147483647"/>
<pin id="105" dir="1" index="4" bw="17" slack="0"/>
</pin_list>
<bind>
<opcode="phi(47) " fcode="phi"/>
<opset="indvar_flatten/2 "/>
</bind>
</comp>

<comp id="107" class="1004" name="icmp_ln55_fu_107">
<pin_list>
<pin id="108" dir="0" index="0" bw="17" slack="0"/>
<pin id="109" dir="0" index="1" bw="17" slack="0"/>
<pin id="110" dir="1" index="2" bw="1" slack="1"/>
</pin_list>
<bind>
<opcode="icmp(45) " fcode="icmp"/>
<opset="icmp_ln55/2 "/>
</bind>
</comp>

<comp id="113" class="1004" name="add_ln55_fu_113">
<pin_list>
<pin id="114" dir="0" index="0" bw="17" slack="0"/>
<pin id="115" dir="0" index="1" bw="1" slack="0"/>
<pin id="116" dir="1" index="2" bw="17" slack="0"/>
</pin_list>
<bind>
<opcode="add(8) " fcode="add"/>
<opset="add_ln55/2 "/>
</bind>
</comp>

<comp id="119" class="1004" name="icmp_ln1498_fu_119">
<pin_list>
<pin id="120" dir="0" index="0" bw="32" slack="0"/>
<pin id="121" dir="0" index="1" bw="32" slack="0"/>
<pin id="122" dir="1" index="2" bw="1" slack="1"/>
</pin_list>
<bind>
<opcode="icmp(45) " fcode="icmp"/>
<opset="icmp_ln1498/3 "/>
</bind>
</comp>

<comp id="125" class="1004" name="icmp_ln1498_1_fu_125">
<pin_list>
<pin id="126" dir="0" index="0" bw="32" slack="0"/>
<pin id="127" dir="0" index="1" bw="32" slack="0"/>
<pin id="128" dir="1" index="2" bw="1" slack="1"/>
</pin_list>
<bind>
<opcode="icmp(45) " fcode="icmp"/>
<opset="icmp_ln1498_1/3 "/>
</bind>
</comp>

<comp id="131" class="1004" name="tmp_fu_131">
<pin_list>
<pin id="132" dir="0" index="0" bw="1" slack="1"/>
<pin id="133" dir="0" index="1" bw="8" slack="0"/>
<pin id="134" dir="0" index="2" bw="8" slack="0"/>
<pin id="135" dir="1" index="3" bw="8" slack="0"/>
</pin_list>
<bind>
<opcode="select(49) " fcode="select"/>
<opset="tmp/4 "/>
</bind>
</comp>

<comp id="139" class="1004" name="tmp_86_fu_139">
<pin_list>
<pin id="140" dir="0" index="0" bw="1" slack="1"/>
<pin id="141" dir="0" index="1" bw="8" slack="0"/>
<pin id="142" dir="0" index="2" bw="8" slack="0"/>
<pin id="143" dir="1" index="3" bw="8" slack="0"/>
</pin_list>
<bind>
<opcode="select(49) " fcode="select"/>
<opset="tmp_86/4 "/>
</bind>
</comp>

<comp id="147" class="1005" name="icmp_ln55_reg_147">
<pin_list>
<pin id="148" dir="0" index="0" bw="1" slack="1"/>
<pin id="149" dir="1" index="1" bw="1" slack="2147483647"/>
</pin_list>
<bind>
<opset="icmp_ln55 "/>
</bind>
</comp>

<comp id="151" class="1005" name="add_ln55_reg_151">
<pin_list>
<pin id="152" dir="0" index="0" bw="17" slack="0"/>
<pin id="153" dir="1" index="1" bw="17" slack="0"/>
</pin_list>
<bind>
<opset="add_ln55 "/>
</bind>
</comp>

<comp id="156" class="1005" name="icmp_ln1498_reg_156">
<pin_list>
<pin id="157" dir="0" index="0" bw="1" slack="1"/>
<pin id="158" dir="1" index="1" bw="1" slack="1"/>
</pin_list>
<bind>
<opset="icmp_ln1498 "/>
</bind>
</comp>

<comp id="161" class="1005" name="icmp_ln1498_1_reg_161">
<pin_list>
<pin id="162" dir="0" index="0" bw="1" slack="1"/>
<pin id="163" dir="1" index="1" bw="1" slack="1"/>
</pin_list>
<bind>
<opset="icmp_ln1498_1 "/>
</bind>
</comp>

</comp_list>

<net_list>
<net id="66"><net_src comp="28" pin="0"/><net_sink comp="62" pin=0"/></net>

<net id="67"><net_src comp="6" pin="0"/><net_sink comp="62" pin=1"/></net>

<net id="72"><net_src comp="28" pin="0"/><net_sink comp="68" pin=0"/></net>

<net id="73"><net_src comp="8" pin="0"/><net_sink comp="68" pin=1"/></net>

<net id="79"><net_src comp="58" pin="0"/><net_sink comp="74" pin=0"/></net>

<net id="80"><net_src comp="0" pin="0"/><net_sink comp="74" pin=1"/></net>

<net id="86"><net_src comp="58" pin="0"/><net_sink comp="81" pin=0"/></net>

<net id="87"><net_src comp="2" pin="0"/><net_sink comp="81" pin=1"/></net>

<net id="88"><net_src comp="52" pin="0"/><net_sink comp="81" pin=2"/></net>

<net id="94"><net_src comp="58" pin="0"/><net_sink comp="89" pin=0"/></net>

<net id="95"><net_src comp="4" pin="0"/><net_sink comp="89" pin=1"/></net>

<net id="99"><net_src comp="22" pin="0"/><net_sink comp="96" pin=0"/></net>

<net id="106"><net_src comp="96" pin="1"/><net_sink comp="100" pin=0"/></net>

<net id="111"><net_src comp="100" pin="4"/><net_sink comp="107" pin=0"/></net>

<net id="112"><net_src comp="24" pin="0"/><net_sink comp="107" pin=1"/></net>

<net id="117"><net_src comp="100" pin="4"/><net_sink comp="113" pin=0"/></net>

<net id="118"><net_src comp="26" pin="0"/><net_sink comp="113" pin=1"/></net>

<net id="123"><net_src comp="68" pin="2"/><net_sink comp="119" pin=0"/></net>

<net id="124"><net_src comp="30" pin="0"/><net_sink comp="119" pin=1"/></net>

<net id="129"><net_src comp="62" pin="2"/><net_sink comp="125" pin=0"/></net>

<net id="130"><net_src comp="32" pin="0"/><net_sink comp="125" pin=1"/></net>

<net id="136"><net_src comp="50" pin="0"/><net_sink comp="131" pin=1"/></net>

<net id="137"><net_src comp="52" pin="0"/><net_sink comp="131" pin=2"/></net>

<net id="138"><net_src comp="131" pin="3"/><net_sink comp="74" pin=2"/></net>

<net id="144"><net_src comp="50" pin="0"/><net_sink comp="139" pin=1"/></net>

<net id="145"><net_src comp="52" pin="0"/><net_sink comp="139" pin=2"/></net>

<net id="146"><net_src comp="139" pin="3"/><net_sink comp="89" pin=2"/></net>

<net id="150"><net_src comp="107" pin="2"/><net_sink comp="147" pin=0"/></net>

<net id="154"><net_src comp="113" pin="2"/><net_sink comp="151" pin=0"/></net>

<net id="155"><net_src comp="151" pin="1"/><net_sink comp="100" pin=2"/></net>

<net id="159"><net_src comp="119" pin="2"/><net_sink comp="156" pin=0"/></net>

<net id="160"><net_src comp="156" pin="1"/><net_sink comp="131" pin=0"/></net>

<net id="164"><net_src comp="125" pin="2"/><net_sink comp="161" pin=0"/></net>

<net id="165"><net_src comp="161" pin="1"/><net_sink comp="139" pin=0"/></net>

</net_list>

</model> 
---------------- Datapath Model END ------------------

* FSMD analyzer results:
  - Output states:
	Port: my_image_data_stream_0_V | {4 }
	Port: my_image_data_stream_1_V | {4 }
	Port: my_image_data_stream_2_V | {4 }
	Port: LI_V_V | {}
	Port: help_V_V | {}
 - Input state : 
	Port: AXIstream2Mat : LI_V_V | {3 }
	Port: AXIstream2Mat : help_V_V | {3 }
  - Chain level:
	State 1
	State 2
		icmp_ln55 : 1
		add_ln55 : 1
		br_ln55 : 2
	State 3
	State 4
		write_ln703 : 1
		write_ln703 : 1
		empty : 1
		empty_616 : 1
	State 5


============================================================
+ Verbose Summary: Datapath Resource usage 
============================================================

* Functional unit list:
|----------|-------------------------|---------|---------|
| Operation|     Functional Unit     |    FF   |   LUT   |
|----------|-------------------------|---------|---------|
|          |     icmp_ln55_fu_107    |    0    |    20   |
|   icmp   |    icmp_ln1498_fu_119   |    0    |    20   |
|          |   icmp_ln1498_1_fu_125  |    0    |    20   |
|----------|-------------------------|---------|---------|
|    add   |     add_ln55_fu_113     |    0    |    24   |
|----------|-------------------------|---------|---------|
|  select  |        tmp_fu_131       |    0    |    8    |
|          |      tmp_86_fu_139      |    0    |    8    |
|----------|-------------------------|---------|---------|
|   read   |     tmp_V_read_fu_62    |    0    |    0    |
|          |   tmp_V_236_read_fu_68  |    0    |    0    |
|----------|-------------------------|---------|---------|
|          | write_ln703_write_fu_74 |    0    |    0    |
|   write  | write_ln703_write_fu_81 |    0    |    0    |
|          | write_ln703_write_fu_89 |    0    |    0    |
|----------|-------------------------|---------|---------|
|   Total  |                         |    0    |   100   |
|----------|-------------------------|---------|---------|

Memories:
N/A

* Register list:
+---------------------+--------+
|                     |   FF   |
+---------------------+--------+
|   add_ln55_reg_151  |   17   |
|icmp_ln1498_1_reg_161|    1   |
| icmp_ln1498_reg_156 |    1   |
|  icmp_ln55_reg_147  |    1   |
|indvar_flatten_reg_96|   17   |
+---------------------+--------+
|        Total        |   37   |
+---------------------+--------+

* Multiplexer (MUX) list: 
|--------|------|------|------|--------|
|  Comp  |  Pin | Size |  BW  | S x BW |
|--------|------|------|------|--------|
|  Total |      |      |      |    0   |
|--------|------|------|------|--------|



* Summary:
+-----------+--------+--------+
|           |   FF   |   LUT  |
+-----------+--------+--------+
|  Function |    0   |   100  |
|   Memory  |    -   |    -   |
|Multiplexer|    -   |    -   |
|  Register |   37   |    -   |
+-----------+--------+--------+
|   Total   |   37   |   100  |
+-----------+--------+--------+
