

================================================================
== Vivado HLS Report for 'compute_I_enhanced21'
================================================================
* Date:           Thu Jun  3 20:14:06 2021

* Version:        2019.1 (Build 2552052 on Fri May 24 15:28:33 MDT 2019)
* Project:        fishery-nets
* Solution:       solution1
* Product family: zynquplus
* Target device:  xczu9eg-ffvb1156-2-e


================================================================
== Performance Estimates
================================================================
+ Timing (ns): 
    * Summary: 
    +--------+-------+----------+------------+
    |  Clock | Target| Estimated| Uncertainty|
    +--------+-------+----------+------------+
    |ap_clk  |   5.00|     4.028|        0.63|
    +--------+-------+----------+------------+

+ Latency (clock cycles): 
    * Summary: 
    +--------+--------+--------+--------+---------+
    |     Latency     |     Interval    | Pipeline|
    |   min  |   max  |   min  |   max  |   Type  |
    +--------+--------+--------+--------+---------+
    |  129656|  129656|  129656|  129656|   none  |
    +--------+--------+--------+--------+---------+

    + Detail: 
        * Instance: 
        N/A

        * Loop: 
        +----------+--------+--------+----------+-----------+-----------+--------+----------+
        |          |     Latency     | Iteration|  Initiation Interval  |  Trip  |          |
        | Loop Name|   min  |   max  |  Latency |  achieved |   target  |  Count | Pipelined|
        +----------+--------+--------+----------+-----------+-----------+--------+----------+
        |- Loop 1  |  129654|  129654|        56|          1|          1|  129600|    yes   |
        +----------+--------+--------+----------+-----------+-----------+--------+----------+

============================================================
+ Verbose Summary: Synthesis Manager
============================================================
InlineROM: 1
ExposeGlobal: 0
============================================================
+ Verbose Summary: CDFG Model
============================================================
IsTopModel: 0
ResetActiveHigh: 1
IsCombinational: 2
IsDatapathOnly: 0
HasWiredReturn: 1
HasMFsm: 0
HasVarLatency: 1
IsPipeline: 0
IsRtlPipelined: 0
IsInstanceOverlapped: 0
IsDontTouch: 0
HasImplIP: 0
IsGatedGlobalClock: 0

+ Individual pipeline summary: 
  * Pipeline-0: initiation interval (II) = 1, depth = 56


============================================================
+ Verbose Summary: Schedule
============================================================
* Number of FSM states : 58
* Pipeline : 1
  Pipeline-0 : II = 1, D = 56, States = { 2 3 4 5 6 7 8 9 10 11 12 13 14 15 16 17 18 19 20 21 22 23 24 25 26 27 28 29 30 31 32 33 34 35 36 37 38 39 40 41 42 43 44 45 46 47 48 49 50 51 52 53 54 55 56 57 }
* Dataflow Pipeline: 0

* FSM state transitions: 
1 --> 2 
2 --> 58 3 
3 --> 4 
4 --> 5 
5 --> 6 
6 --> 7 
7 --> 8 
8 --> 9 
9 --> 10 
10 --> 11 
11 --> 12 
12 --> 13 
13 --> 14 
14 --> 15 
15 --> 16 
16 --> 17 
17 --> 18 
18 --> 19 
19 --> 20 
20 --> 21 
21 --> 22 
22 --> 23 
23 --> 24 
24 --> 25 
25 --> 26 
26 --> 27 
27 --> 28 
28 --> 29 
29 --> 30 
30 --> 31 
31 --> 32 
32 --> 33 
33 --> 34 
34 --> 35 
35 --> 36 
36 --> 37 
37 --> 38 
38 --> 39 
39 --> 40 
40 --> 41 
41 --> 42 
42 --> 43 
43 --> 44 
44 --> 45 
45 --> 46 
46 --> 47 
47 --> 48 
48 --> 49 
49 --> 50 
50 --> 51 
51 --> 52 
52 --> 53 
53 --> 54 
54 --> 55 
55 --> 56 
56 --> 57 
57 --> 2 
58 --> 

* FSM state operations: 

State 1 <SV = 0> <Delay = 0.65>
ST_1 : Operation 59 [1/1] (0.00ns)   --->   "call void (...)* @_ssdm_op_SpecInterface(i16* %I_enhanced_data_stream_V, [8 x i8]* @ap_fifo_str, i32 0, i32 0, [1 x i8]* @p_str, i32 0, i32 0, [1 x i8]* @p_str, [1 x i8]* @p_str, [1 x i8]* @p_str, i32 2, i32 2, i32 16, i32 16, [1 x i8]* @p_str, [1 x i8]* @p_str)"   --->   Operation 59 'specinterface' <Predicate = true> <Delay = 0.00>
ST_1 : Operation 60 [1/1] (0.00ns)   --->   "call void (...)* @_ssdm_op_SpecInterface(i32* @I_COPY_V_V, [8 x i8]* @ap_fifo_str, i32 0, i32 0, [1 x i8]* @p_str, i32 0, i32 0, [1 x i8]* @p_str, [1 x i8]* @p_str, [1 x i8]* @p_str, i32 2, i32 2, i32 16, i32 16, [1 x i8]* @p_str, [1 x i8]* @p_str)"   --->   Operation 60 'specinterface' <Predicate = true> <Delay = 0.00>
ST_1 : Operation 61 [1/1] (0.00ns)   --->   "call void (...)* @_ssdm_op_SpecInterface(i32* @N_COPY_V_V, [8 x i8]* @ap_fifo_str, i32 0, i32 0, [1 x i8]* @p_str, i32 0, i32 0, [1 x i8]* @p_str, [1 x i8]* @p_str, [1 x i8]* @p_str, i32 2, i32 2, i32 16, i32 16, [1 x i8]* @p_str, [1 x i8]* @p_str)"   --->   Operation 61 'specinterface' <Predicate = true> <Delay = 0.00>
ST_1 : Operation 62 [1/1] (0.00ns)   --->   "call void (...)* @_ssdm_op_SpecInterface(i32* @mean_A_V_V, [8 x i8]* @ap_fifo_str, i32 0, i32 0, [1 x i8]* @p_str, i32 0, i32 0, [1 x i8]* @p_str, [1 x i8]* @p_str, [1 x i8]* @p_str, i32 2, i32 2, i32 16, i32 16, [1 x i8]* @p_str, [1 x i8]* @p_str)"   --->   Operation 62 'specinterface' <Predicate = true> <Delay = 0.00>
ST_1 : Operation 63 [1/1] (0.00ns)   --->   "call void (...)* @_ssdm_op_SpecInterface(i32* @mean_B_V_V, [8 x i8]* @ap_fifo_str, i32 0, i32 0, [1 x i8]* @p_str, i32 0, i32 0, [1 x i8]* @p_str, [1 x i8]* @p_str, [1 x i8]* @p_str, i32 2, i32 2, i32 16, i32 16, [1 x i8]* @p_str, [1 x i8]* @p_str)"   --->   Operation 63 'specinterface' <Predicate = true> <Delay = 0.00>
ST_1 : Operation 64 [1/1] (0.65ns)   --->   "br label %.preheader.i" [fishery-nets/code/src/guided-filter.cpp:106]   --->   Operation 64 'br' <Predicate = true> <Delay = 0.65>

State 2 <SV = 1> <Delay = 1.09>
ST_2 : Operation 65 [1/1] (0.00ns)   --->   "%indvar_flatten = phi i17 [ 0, %entry ], [ %add_ln887, %hls_label_2_begin ]" [fishery-nets/code/src/guided-filter.cpp:106]   --->   Operation 65 'phi' 'indvar_flatten' <Predicate = true> <Delay = 0.00>
ST_2 : Operation 66 [1/1] (1.09ns)   --->   "%icmp_ln887 = icmp eq i17 %indvar_flatten, -1472" [fishery-nets/code/src/guided-filter.cpp:106]   --->   Operation 66 'icmp' 'icmp_ln887' <Predicate = true> <Delay = 1.09> <Core = "Cmp">   --->   Core 25 'Cmp' <Latency = 0> <II = 1> <Delay = 1.10> <FuncUnit> <Opcode : 'icmp'> <InPorts = 2> <OutPorts = 1>
ST_2 : Operation 67 [1/1] (0.86ns)   --->   "%add_ln887 = add i17 %indvar_flatten, 1" [fishery-nets/code/src/guided-filter.cpp:106]   --->   Operation 67 'add' 'add_ln887' <Predicate = true> <Delay = 0.86> <Core = "AddSub">   --->   Core 14 'AddSub' <Latency = 0> <II = 1> <Delay = 0.85> <FuncUnit> <Opcode : 'add' 'sub'> <InPorts = 2> <OutPorts = 1>
ST_2 : Operation 68 [1/1] (0.00ns)   --->   "br i1 %icmp_ln887, label %compute_I_enhanced211.exit, label %hls_label_2_begin" [fishery-nets/code/src/guided-filter.cpp:106]   --->   Operation 68 'br' <Predicate = true> <Delay = 0.00>

State 3 <SV = 2> <Delay = 3.33>
ST_3 : Operation 69 [1/1] (1.83ns)   --->   "%tmp_V = call i32 @_ssdm_op_Read.ap_fifo.volatile.i32P(i32* @mean_A_V_V)" [fishery-nets/code/src/guided-filter.cpp:110]   --->   Operation 69 'read' 'tmp_V' <Predicate = (!icmp_ln887)> <Delay = 1.83> <Core = "FIFO">   --->   Core 32 'FIFO' <Latency = 0> <II = 1> <Delay = 1.83> <Storage> <Opcode : 'read' 'write' 'nbread' 'nbwrite'> <Ports = 0> <Width = 16> <Depth = 2> <FIFO>
ST_3 : Operation 70 [1/1] (1.83ns)   --->   "%tmp_V_212 = call i32 @_ssdm_op_Read.ap_fifo.volatile.i32P(i32* @mean_B_V_V)" [fishery-nets/code/src/guided-filter.cpp:111]   --->   Operation 70 'read' 'tmp_V_212' <Predicate = (!icmp_ln887)> <Delay = 1.83> <Core = "FIFO">   --->   Core 32 'FIFO' <Latency = 0> <II = 1> <Delay = 1.83> <Storage> <Opcode : 'read' 'write' 'nbread' 'nbwrite'> <Ports = 0> <Width = 16> <Depth = 2> <FIFO>
ST_3 : Operation 71 [1/1] (1.83ns)   --->   "%tmp_V_213 = call i32 @_ssdm_op_Read.ap_fifo.volatile.i32P(i32* @N_COPY_V_V)" [fishery-nets/code/src/guided-filter.cpp:112]   --->   Operation 71 'read' 'tmp_V_213' <Predicate = (!icmp_ln887)> <Delay = 1.83> <Core = "FIFO">   --->   Core 32 'FIFO' <Latency = 0> <II = 1> <Delay = 1.83> <Storage> <Opcode : 'read' 'write' 'nbread' 'nbwrite'> <Ports = 0> <Width = 16> <Depth = 2> <FIFO>
ST_3 : Operation 72 [1/1] (1.83ns)   --->   "%tmp_V_214 = call i32 @_ssdm_op_Read.ap_fifo.volatile.i32P(i32* @I_COPY_V_V)" [fishery-nets/code/src/guided-filter.cpp:112]   --->   Operation 72 'read' 'tmp_V_214' <Predicate = (!icmp_ln887)> <Delay = 1.83> <Core = "FIFO">   --->   Core 32 'FIFO' <Latency = 0> <II = 1> <Delay = 1.83> <Storage> <Opcode : 'read' 'write' 'nbread' 'nbwrite'> <Ports = 0> <Width = 16> <Depth = 2> <FIFO>
ST_3 : Operation 73 [1/1] (0.00ns)   --->   "%t_V = call i48 @_ssdm_op_BitConcatenate.i48.i32.i16(i32 %tmp_V, i16 0)" [fishery-nets/code/src/guided-filter.cpp:114]   --->   Operation 73 'bitconcatenate' 't_V' <Predicate = (!icmp_ln887)> <Delay = 0.00>
ST_3 : Operation 74 [1/1] (0.00ns)   --->   "%sext_ln1148 = sext i32 %tmp_V_213 to i48" [fishery-nets/code/src/guided-filter.cpp:114]   --->   Operation 74 'sext' 'sext_ln1148' <Predicate = (!icmp_ln887)> <Delay = 0.00>
ST_3 : Operation 75 [52/52] (1.49ns)   --->   "%sdiv_ln1148 = sdiv i48 %t_V, %sext_ln1148" [fishery-nets/code/src/guided-filter.cpp:114]   --->   Operation 75 'sdiv' 'sdiv_ln1148' <Predicate = (!icmp_ln887)> <Delay = 1.49> <Core = "DivnS">   --->   Core 23 'DivnS' <Latency = 51> <II = 1> <Delay = 1.49> <FuncUnit> <Opcode : 'sdiv' 'srem' 'udiv' 'urem'> <InPorts = 2> <OutPorts = 1>
ST_3 : Operation 76 [1/1] (0.00ns)   --->   "%t_V_3 = call i48 @_ssdm_op_BitConcatenate.i48.i32.i16(i32 %tmp_V_212, i16 0)" [fishery-nets/code/src/guided-filter.cpp:115]   --->   Operation 76 'bitconcatenate' 't_V_3' <Predicate = (!icmp_ln887)> <Delay = 0.00>
ST_3 : Operation 77 [52/52] (1.49ns)   --->   "%sdiv_ln1148_3 = sdiv i48 %t_V_3, %sext_ln1148" [fishery-nets/code/src/guided-filter.cpp:115]   --->   Operation 77 'sdiv' 'sdiv_ln1148_3' <Predicate = (!icmp_ln887)> <Delay = 1.49> <Core = "DivnS">   --->   Core 23 'DivnS' <Latency = 51> <II = 1> <Delay = 1.49> <FuncUnit> <Opcode : 'sdiv' 'srem' 'udiv' 'urem'> <InPorts = 2> <OutPorts = 1>

State 4 <SV = 3> <Delay = 1.49>
ST_4 : Operation 78 [51/52] (1.49ns)   --->   "%sdiv_ln1148 = sdiv i48 %t_V, %sext_ln1148" [fishery-nets/code/src/guided-filter.cpp:114]   --->   Operation 78 'sdiv' 'sdiv_ln1148' <Predicate = (!icmp_ln887)> <Delay = 1.49> <Core = "DivnS">   --->   Core 23 'DivnS' <Latency = 51> <II = 1> <Delay = 1.49> <FuncUnit> <Opcode : 'sdiv' 'srem' 'udiv' 'urem'> <InPorts = 2> <OutPorts = 1>
ST_4 : Operation 79 [51/52] (1.49ns)   --->   "%sdiv_ln1148_3 = sdiv i48 %t_V_3, %sext_ln1148" [fishery-nets/code/src/guided-filter.cpp:115]   --->   Operation 79 'sdiv' 'sdiv_ln1148_3' <Predicate = (!icmp_ln887)> <Delay = 1.49> <Core = "DivnS">   --->   Core 23 'DivnS' <Latency = 51> <II = 1> <Delay = 1.49> <FuncUnit> <Opcode : 'sdiv' 'srem' 'udiv' 'urem'> <InPorts = 2> <OutPorts = 1>

State 5 <SV = 4> <Delay = 1.49>
ST_5 : Operation 80 [50/52] (1.49ns)   --->   "%sdiv_ln1148 = sdiv i48 %t_V, %sext_ln1148" [fishery-nets/code/src/guided-filter.cpp:114]   --->   Operation 80 'sdiv' 'sdiv_ln1148' <Predicate = (!icmp_ln887)> <Delay = 1.49> <Core = "DivnS">   --->   Core 23 'DivnS' <Latency = 51> <II = 1> <Delay = 1.49> <FuncUnit> <Opcode : 'sdiv' 'srem' 'udiv' 'urem'> <InPorts = 2> <OutPorts = 1>
ST_5 : Operation 81 [50/52] (1.49ns)   --->   "%sdiv_ln1148_3 = sdiv i48 %t_V_3, %sext_ln1148" [fishery-nets/code/src/guided-filter.cpp:115]   --->   Operation 81 'sdiv' 'sdiv_ln1148_3' <Predicate = (!icmp_ln887)> <Delay = 1.49> <Core = "DivnS">   --->   Core 23 'DivnS' <Latency = 51> <II = 1> <Delay = 1.49> <FuncUnit> <Opcode : 'sdiv' 'srem' 'udiv' 'urem'> <InPorts = 2> <OutPorts = 1>

State 6 <SV = 5> <Delay = 1.49>
ST_6 : Operation 82 [49/52] (1.49ns)   --->   "%sdiv_ln1148 = sdiv i48 %t_V, %sext_ln1148" [fishery-nets/code/src/guided-filter.cpp:114]   --->   Operation 82 'sdiv' 'sdiv_ln1148' <Predicate = (!icmp_ln887)> <Delay = 1.49> <Core = "DivnS">   --->   Core 23 'DivnS' <Latency = 51> <II = 1> <Delay = 1.49> <FuncUnit> <Opcode : 'sdiv' 'srem' 'udiv' 'urem'> <InPorts = 2> <OutPorts = 1>
ST_6 : Operation 83 [49/52] (1.49ns)   --->   "%sdiv_ln1148_3 = sdiv i48 %t_V_3, %sext_ln1148" [fishery-nets/code/src/guided-filter.cpp:115]   --->   Operation 83 'sdiv' 'sdiv_ln1148_3' <Predicate = (!icmp_ln887)> <Delay = 1.49> <Core = "DivnS">   --->   Core 23 'DivnS' <Latency = 51> <II = 1> <Delay = 1.49> <FuncUnit> <Opcode : 'sdiv' 'srem' 'udiv' 'urem'> <InPorts = 2> <OutPorts = 1>

State 7 <SV = 6> <Delay = 1.49>
ST_7 : Operation 84 [48/52] (1.49ns)   --->   "%sdiv_ln1148 = sdiv i48 %t_V, %sext_ln1148" [fishery-nets/code/src/guided-filter.cpp:114]   --->   Operation 84 'sdiv' 'sdiv_ln1148' <Predicate = (!icmp_ln887)> <Delay = 1.49> <Core = "DivnS">   --->   Core 23 'DivnS' <Latency = 51> <II = 1> <Delay = 1.49> <FuncUnit> <Opcode : 'sdiv' 'srem' 'udiv' 'urem'> <InPorts = 2> <OutPorts = 1>
ST_7 : Operation 85 [48/52] (1.49ns)   --->   "%sdiv_ln1148_3 = sdiv i48 %t_V_3, %sext_ln1148" [fishery-nets/code/src/guided-filter.cpp:115]   --->   Operation 85 'sdiv' 'sdiv_ln1148_3' <Predicate = (!icmp_ln887)> <Delay = 1.49> <Core = "DivnS">   --->   Core 23 'DivnS' <Latency = 51> <II = 1> <Delay = 1.49> <FuncUnit> <Opcode : 'sdiv' 'srem' 'udiv' 'urem'> <InPorts = 2> <OutPorts = 1>

State 8 <SV = 7> <Delay = 1.49>
ST_8 : Operation 86 [47/52] (1.49ns)   --->   "%sdiv_ln1148 = sdiv i48 %t_V, %sext_ln1148" [fishery-nets/code/src/guided-filter.cpp:114]   --->   Operation 86 'sdiv' 'sdiv_ln1148' <Predicate = (!icmp_ln887)> <Delay = 1.49> <Core = "DivnS">   --->   Core 23 'DivnS' <Latency = 51> <II = 1> <Delay = 1.49> <FuncUnit> <Opcode : 'sdiv' 'srem' 'udiv' 'urem'> <InPorts = 2> <OutPorts = 1>
ST_8 : Operation 87 [47/52] (1.49ns)   --->   "%sdiv_ln1148_3 = sdiv i48 %t_V_3, %sext_ln1148" [fishery-nets/code/src/guided-filter.cpp:115]   --->   Operation 87 'sdiv' 'sdiv_ln1148_3' <Predicate = (!icmp_ln887)> <Delay = 1.49> <Core = "DivnS">   --->   Core 23 'DivnS' <Latency = 51> <II = 1> <Delay = 1.49> <FuncUnit> <Opcode : 'sdiv' 'srem' 'udiv' 'urem'> <InPorts = 2> <OutPorts = 1>

State 9 <SV = 8> <Delay = 1.49>
ST_9 : Operation 88 [46/52] (1.49ns)   --->   "%sdiv_ln1148 = sdiv i48 %t_V, %sext_ln1148" [fishery-nets/code/src/guided-filter.cpp:114]   --->   Operation 88 'sdiv' 'sdiv_ln1148' <Predicate = (!icmp_ln887)> <Delay = 1.49> <Core = "DivnS">   --->   Core 23 'DivnS' <Latency = 51> <II = 1> <Delay = 1.49> <FuncUnit> <Opcode : 'sdiv' 'srem' 'udiv' 'urem'> <InPorts = 2> <OutPorts = 1>
ST_9 : Operation 89 [46/52] (1.49ns)   --->   "%sdiv_ln1148_3 = sdiv i48 %t_V_3, %sext_ln1148" [fishery-nets/code/src/guided-filter.cpp:115]   --->   Operation 89 'sdiv' 'sdiv_ln1148_3' <Predicate = (!icmp_ln887)> <Delay = 1.49> <Core = "DivnS">   --->   Core 23 'DivnS' <Latency = 51> <II = 1> <Delay = 1.49> <FuncUnit> <Opcode : 'sdiv' 'srem' 'udiv' 'urem'> <InPorts = 2> <OutPorts = 1>

State 10 <SV = 9> <Delay = 1.49>
ST_10 : Operation 90 [45/52] (1.49ns)   --->   "%sdiv_ln1148 = sdiv i48 %t_V, %sext_ln1148" [fishery-nets/code/src/guided-filter.cpp:114]   --->   Operation 90 'sdiv' 'sdiv_ln1148' <Predicate = (!icmp_ln887)> <Delay = 1.49> <Core = "DivnS">   --->   Core 23 'DivnS' <Latency = 51> <II = 1> <Delay = 1.49> <FuncUnit> <Opcode : 'sdiv' 'srem' 'udiv' 'urem'> <InPorts = 2> <OutPorts = 1>
ST_10 : Operation 91 [45/52] (1.49ns)   --->   "%sdiv_ln1148_3 = sdiv i48 %t_V_3, %sext_ln1148" [fishery-nets/code/src/guided-filter.cpp:115]   --->   Operation 91 'sdiv' 'sdiv_ln1148_3' <Predicate = (!icmp_ln887)> <Delay = 1.49> <Core = "DivnS">   --->   Core 23 'DivnS' <Latency = 51> <II = 1> <Delay = 1.49> <FuncUnit> <Opcode : 'sdiv' 'srem' 'udiv' 'urem'> <InPorts = 2> <OutPorts = 1>

State 11 <SV = 10> <Delay = 1.49>
ST_11 : Operation 92 [44/52] (1.49ns)   --->   "%sdiv_ln1148 = sdiv i48 %t_V, %sext_ln1148" [fishery-nets/code/src/guided-filter.cpp:114]   --->   Operation 92 'sdiv' 'sdiv_ln1148' <Predicate = (!icmp_ln887)> <Delay = 1.49> <Core = "DivnS">   --->   Core 23 'DivnS' <Latency = 51> <II = 1> <Delay = 1.49> <FuncUnit> <Opcode : 'sdiv' 'srem' 'udiv' 'urem'> <InPorts = 2> <OutPorts = 1>
ST_11 : Operation 93 [44/52] (1.49ns)   --->   "%sdiv_ln1148_3 = sdiv i48 %t_V_3, %sext_ln1148" [fishery-nets/code/src/guided-filter.cpp:115]   --->   Operation 93 'sdiv' 'sdiv_ln1148_3' <Predicate = (!icmp_ln887)> <Delay = 1.49> <Core = "DivnS">   --->   Core 23 'DivnS' <Latency = 51> <II = 1> <Delay = 1.49> <FuncUnit> <Opcode : 'sdiv' 'srem' 'udiv' 'urem'> <InPorts = 2> <OutPorts = 1>

State 12 <SV = 11> <Delay = 1.49>
ST_12 : Operation 94 [43/52] (1.49ns)   --->   "%sdiv_ln1148 = sdiv i48 %t_V, %sext_ln1148" [fishery-nets/code/src/guided-filter.cpp:114]   --->   Operation 94 'sdiv' 'sdiv_ln1148' <Predicate = (!icmp_ln887)> <Delay = 1.49> <Core = "DivnS">   --->   Core 23 'DivnS' <Latency = 51> <II = 1> <Delay = 1.49> <FuncUnit> <Opcode : 'sdiv' 'srem' 'udiv' 'urem'> <InPorts = 2> <OutPorts = 1>
ST_12 : Operation 95 [43/52] (1.49ns)   --->   "%sdiv_ln1148_3 = sdiv i48 %t_V_3, %sext_ln1148" [fishery-nets/code/src/guided-filter.cpp:115]   --->   Operation 95 'sdiv' 'sdiv_ln1148_3' <Predicate = (!icmp_ln887)> <Delay = 1.49> <Core = "DivnS">   --->   Core 23 'DivnS' <Latency = 51> <II = 1> <Delay = 1.49> <FuncUnit> <Opcode : 'sdiv' 'srem' 'udiv' 'urem'> <InPorts = 2> <OutPorts = 1>

State 13 <SV = 12> <Delay = 1.49>
ST_13 : Operation 96 [42/52] (1.49ns)   --->   "%sdiv_ln1148 = sdiv i48 %t_V, %sext_ln1148" [fishery-nets/code/src/guided-filter.cpp:114]   --->   Operation 96 'sdiv' 'sdiv_ln1148' <Predicate = (!icmp_ln887)> <Delay = 1.49> <Core = "DivnS">   --->   Core 23 'DivnS' <Latency = 51> <II = 1> <Delay = 1.49> <FuncUnit> <Opcode : 'sdiv' 'srem' 'udiv' 'urem'> <InPorts = 2> <OutPorts = 1>
ST_13 : Operation 97 [42/52] (1.49ns)   --->   "%sdiv_ln1148_3 = sdiv i48 %t_V_3, %sext_ln1148" [fishery-nets/code/src/guided-filter.cpp:115]   --->   Operation 97 'sdiv' 'sdiv_ln1148_3' <Predicate = (!icmp_ln887)> <Delay = 1.49> <Core = "DivnS">   --->   Core 23 'DivnS' <Latency = 51> <II = 1> <Delay = 1.49> <FuncUnit> <Opcode : 'sdiv' 'srem' 'udiv' 'urem'> <InPorts = 2> <OutPorts = 1>

State 14 <SV = 13> <Delay = 1.49>
ST_14 : Operation 98 [41/52] (1.49ns)   --->   "%sdiv_ln1148 = sdiv i48 %t_V, %sext_ln1148" [fishery-nets/code/src/guided-filter.cpp:114]   --->   Operation 98 'sdiv' 'sdiv_ln1148' <Predicate = (!icmp_ln887)> <Delay = 1.49> <Core = "DivnS">   --->   Core 23 'DivnS' <Latency = 51> <II = 1> <Delay = 1.49> <FuncUnit> <Opcode : 'sdiv' 'srem' 'udiv' 'urem'> <InPorts = 2> <OutPorts = 1>
ST_14 : Operation 99 [41/52] (1.49ns)   --->   "%sdiv_ln1148_3 = sdiv i48 %t_V_3, %sext_ln1148" [fishery-nets/code/src/guided-filter.cpp:115]   --->   Operation 99 'sdiv' 'sdiv_ln1148_3' <Predicate = (!icmp_ln887)> <Delay = 1.49> <Core = "DivnS">   --->   Core 23 'DivnS' <Latency = 51> <II = 1> <Delay = 1.49> <FuncUnit> <Opcode : 'sdiv' 'srem' 'udiv' 'urem'> <InPorts = 2> <OutPorts = 1>

State 15 <SV = 14> <Delay = 1.49>
ST_15 : Operation 100 [40/52] (1.49ns)   --->   "%sdiv_ln1148 = sdiv i48 %t_V, %sext_ln1148" [fishery-nets/code/src/guided-filter.cpp:114]   --->   Operation 100 'sdiv' 'sdiv_ln1148' <Predicate = (!icmp_ln887)> <Delay = 1.49> <Core = "DivnS">   --->   Core 23 'DivnS' <Latency = 51> <II = 1> <Delay = 1.49> <FuncUnit> <Opcode : 'sdiv' 'srem' 'udiv' 'urem'> <InPorts = 2> <OutPorts = 1>
ST_15 : Operation 101 [40/52] (1.49ns)   --->   "%sdiv_ln1148_3 = sdiv i48 %t_V_3, %sext_ln1148" [fishery-nets/code/src/guided-filter.cpp:115]   --->   Operation 101 'sdiv' 'sdiv_ln1148_3' <Predicate = (!icmp_ln887)> <Delay = 1.49> <Core = "DivnS">   --->   Core 23 'DivnS' <Latency = 51> <II = 1> <Delay = 1.49> <FuncUnit> <Opcode : 'sdiv' 'srem' 'udiv' 'urem'> <InPorts = 2> <OutPorts = 1>

State 16 <SV = 15> <Delay = 1.49>
ST_16 : Operation 102 [39/52] (1.49ns)   --->   "%sdiv_ln1148 = sdiv i48 %t_V, %sext_ln1148" [fishery-nets/code/src/guided-filter.cpp:114]   --->   Operation 102 'sdiv' 'sdiv_ln1148' <Predicate = (!icmp_ln887)> <Delay = 1.49> <Core = "DivnS">   --->   Core 23 'DivnS' <Latency = 51> <II = 1> <Delay = 1.49> <FuncUnit> <Opcode : 'sdiv' 'srem' 'udiv' 'urem'> <InPorts = 2> <OutPorts = 1>
ST_16 : Operation 103 [39/52] (1.49ns)   --->   "%sdiv_ln1148_3 = sdiv i48 %t_V_3, %sext_ln1148" [fishery-nets/code/src/guided-filter.cpp:115]   --->   Operation 103 'sdiv' 'sdiv_ln1148_3' <Predicate = (!icmp_ln887)> <Delay = 1.49> <Core = "DivnS">   --->   Core 23 'DivnS' <Latency = 51> <II = 1> <Delay = 1.49> <FuncUnit> <Opcode : 'sdiv' 'srem' 'udiv' 'urem'> <InPorts = 2> <OutPorts = 1>

State 17 <SV = 16> <Delay = 1.49>
ST_17 : Operation 104 [38/52] (1.49ns)   --->   "%sdiv_ln1148 = sdiv i48 %t_V, %sext_ln1148" [fishery-nets/code/src/guided-filter.cpp:114]   --->   Operation 104 'sdiv' 'sdiv_ln1148' <Predicate = (!icmp_ln887)> <Delay = 1.49> <Core = "DivnS">   --->   Core 23 'DivnS' <Latency = 51> <II = 1> <Delay = 1.49> <FuncUnit> <Opcode : 'sdiv' 'srem' 'udiv' 'urem'> <InPorts = 2> <OutPorts = 1>
ST_17 : Operation 105 [38/52] (1.49ns)   --->   "%sdiv_ln1148_3 = sdiv i48 %t_V_3, %sext_ln1148" [fishery-nets/code/src/guided-filter.cpp:115]   --->   Operation 105 'sdiv' 'sdiv_ln1148_3' <Predicate = (!icmp_ln887)> <Delay = 1.49> <Core = "DivnS">   --->   Core 23 'DivnS' <Latency = 51> <II = 1> <Delay = 1.49> <FuncUnit> <Opcode : 'sdiv' 'srem' 'udiv' 'urem'> <InPorts = 2> <OutPorts = 1>

State 18 <SV = 17> <Delay = 1.49>
ST_18 : Operation 106 [37/52] (1.49ns)   --->   "%sdiv_ln1148 = sdiv i48 %t_V, %sext_ln1148" [fishery-nets/code/src/guided-filter.cpp:114]   --->   Operation 106 'sdiv' 'sdiv_ln1148' <Predicate = (!icmp_ln887)> <Delay = 1.49> <Core = "DivnS">   --->   Core 23 'DivnS' <Latency = 51> <II = 1> <Delay = 1.49> <FuncUnit> <Opcode : 'sdiv' 'srem' 'udiv' 'urem'> <InPorts = 2> <OutPorts = 1>
ST_18 : Operation 107 [37/52] (1.49ns)   --->   "%sdiv_ln1148_3 = sdiv i48 %t_V_3, %sext_ln1148" [fishery-nets/code/src/guided-filter.cpp:115]   --->   Operation 107 'sdiv' 'sdiv_ln1148_3' <Predicate = (!icmp_ln887)> <Delay = 1.49> <Core = "DivnS">   --->   Core 23 'DivnS' <Latency = 51> <II = 1> <Delay = 1.49> <FuncUnit> <Opcode : 'sdiv' 'srem' 'udiv' 'urem'> <InPorts = 2> <OutPorts = 1>

State 19 <SV = 18> <Delay = 1.49>
ST_19 : Operation 108 [36/52] (1.49ns)   --->   "%sdiv_ln1148 = sdiv i48 %t_V, %sext_ln1148" [fishery-nets/code/src/guided-filter.cpp:114]   --->   Operation 108 'sdiv' 'sdiv_ln1148' <Predicate = (!icmp_ln887)> <Delay = 1.49> <Core = "DivnS">   --->   Core 23 'DivnS' <Latency = 51> <II = 1> <Delay = 1.49> <FuncUnit> <Opcode : 'sdiv' 'srem' 'udiv' 'urem'> <InPorts = 2> <OutPorts = 1>
ST_19 : Operation 109 [36/52] (1.49ns)   --->   "%sdiv_ln1148_3 = sdiv i48 %t_V_3, %sext_ln1148" [fishery-nets/code/src/guided-filter.cpp:115]   --->   Operation 109 'sdiv' 'sdiv_ln1148_3' <Predicate = (!icmp_ln887)> <Delay = 1.49> <Core = "DivnS">   --->   Core 23 'DivnS' <Latency = 51> <II = 1> <Delay = 1.49> <FuncUnit> <Opcode : 'sdiv' 'srem' 'udiv' 'urem'> <InPorts = 2> <OutPorts = 1>

State 20 <SV = 19> <Delay = 1.49>
ST_20 : Operation 110 [35/52] (1.49ns)   --->   "%sdiv_ln1148 = sdiv i48 %t_V, %sext_ln1148" [fishery-nets/code/src/guided-filter.cpp:114]   --->   Operation 110 'sdiv' 'sdiv_ln1148' <Predicate = (!icmp_ln887)> <Delay = 1.49> <Core = "DivnS">   --->   Core 23 'DivnS' <Latency = 51> <II = 1> <Delay = 1.49> <FuncUnit> <Opcode : 'sdiv' 'srem' 'udiv' 'urem'> <InPorts = 2> <OutPorts = 1>
ST_20 : Operation 111 [35/52] (1.49ns)   --->   "%sdiv_ln1148_3 = sdiv i48 %t_V_3, %sext_ln1148" [fishery-nets/code/src/guided-filter.cpp:115]   --->   Operation 111 'sdiv' 'sdiv_ln1148_3' <Predicate = (!icmp_ln887)> <Delay = 1.49> <Core = "DivnS">   --->   Core 23 'DivnS' <Latency = 51> <II = 1> <Delay = 1.49> <FuncUnit> <Opcode : 'sdiv' 'srem' 'udiv' 'urem'> <InPorts = 2> <OutPorts = 1>

State 21 <SV = 20> <Delay = 1.49>
ST_21 : Operation 112 [34/52] (1.49ns)   --->   "%sdiv_ln1148 = sdiv i48 %t_V, %sext_ln1148" [fishery-nets/code/src/guided-filter.cpp:114]   --->   Operation 112 'sdiv' 'sdiv_ln1148' <Predicate = (!icmp_ln887)> <Delay = 1.49> <Core = "DivnS">   --->   Core 23 'DivnS' <Latency = 51> <II = 1> <Delay = 1.49> <FuncUnit> <Opcode : 'sdiv' 'srem' 'udiv' 'urem'> <InPorts = 2> <OutPorts = 1>
ST_21 : Operation 113 [34/52] (1.49ns)   --->   "%sdiv_ln1148_3 = sdiv i48 %t_V_3, %sext_ln1148" [fishery-nets/code/src/guided-filter.cpp:115]   --->   Operation 113 'sdiv' 'sdiv_ln1148_3' <Predicate = (!icmp_ln887)> <Delay = 1.49> <Core = "DivnS">   --->   Core 23 'DivnS' <Latency = 51> <II = 1> <Delay = 1.49> <FuncUnit> <Opcode : 'sdiv' 'srem' 'udiv' 'urem'> <InPorts = 2> <OutPorts = 1>

State 22 <SV = 21> <Delay = 1.49>
ST_22 : Operation 114 [33/52] (1.49ns)   --->   "%sdiv_ln1148 = sdiv i48 %t_V, %sext_ln1148" [fishery-nets/code/src/guided-filter.cpp:114]   --->   Operation 114 'sdiv' 'sdiv_ln1148' <Predicate = (!icmp_ln887)> <Delay = 1.49> <Core = "DivnS">   --->   Core 23 'DivnS' <Latency = 51> <II = 1> <Delay = 1.49> <FuncUnit> <Opcode : 'sdiv' 'srem' 'udiv' 'urem'> <InPorts = 2> <OutPorts = 1>
ST_22 : Operation 115 [33/52] (1.49ns)   --->   "%sdiv_ln1148_3 = sdiv i48 %t_V_3, %sext_ln1148" [fishery-nets/code/src/guided-filter.cpp:115]   --->   Operation 115 'sdiv' 'sdiv_ln1148_3' <Predicate = (!icmp_ln887)> <Delay = 1.49> <Core = "DivnS">   --->   Core 23 'DivnS' <Latency = 51> <II = 1> <Delay = 1.49> <FuncUnit> <Opcode : 'sdiv' 'srem' 'udiv' 'urem'> <InPorts = 2> <OutPorts = 1>

State 23 <SV = 22> <Delay = 1.49>
ST_23 : Operation 116 [32/52] (1.49ns)   --->   "%sdiv_ln1148 = sdiv i48 %t_V, %sext_ln1148" [fishery-nets/code/src/guided-filter.cpp:114]   --->   Operation 116 'sdiv' 'sdiv_ln1148' <Predicate = (!icmp_ln887)> <Delay = 1.49> <Core = "DivnS">   --->   Core 23 'DivnS' <Latency = 51> <II = 1> <Delay = 1.49> <FuncUnit> <Opcode : 'sdiv' 'srem' 'udiv' 'urem'> <InPorts = 2> <OutPorts = 1>
ST_23 : Operation 117 [32/52] (1.49ns)   --->   "%sdiv_ln1148_3 = sdiv i48 %t_V_3, %sext_ln1148" [fishery-nets/code/src/guided-filter.cpp:115]   --->   Operation 117 'sdiv' 'sdiv_ln1148_3' <Predicate = (!icmp_ln887)> <Delay = 1.49> <Core = "DivnS">   --->   Core 23 'DivnS' <Latency = 51> <II = 1> <Delay = 1.49> <FuncUnit> <Opcode : 'sdiv' 'srem' 'udiv' 'urem'> <InPorts = 2> <OutPorts = 1>

State 24 <SV = 23> <Delay = 1.49>
ST_24 : Operation 118 [31/52] (1.49ns)   --->   "%sdiv_ln1148 = sdiv i48 %t_V, %sext_ln1148" [fishery-nets/code/src/guided-filter.cpp:114]   --->   Operation 118 'sdiv' 'sdiv_ln1148' <Predicate = (!icmp_ln887)> <Delay = 1.49> <Core = "DivnS">   --->   Core 23 'DivnS' <Latency = 51> <II = 1> <Delay = 1.49> <FuncUnit> <Opcode : 'sdiv' 'srem' 'udiv' 'urem'> <InPorts = 2> <OutPorts = 1>
ST_24 : Operation 119 [31/52] (1.49ns)   --->   "%sdiv_ln1148_3 = sdiv i48 %t_V_3, %sext_ln1148" [fishery-nets/code/src/guided-filter.cpp:115]   --->   Operation 119 'sdiv' 'sdiv_ln1148_3' <Predicate = (!icmp_ln887)> <Delay = 1.49> <Core = "DivnS">   --->   Core 23 'DivnS' <Latency = 51> <II = 1> <Delay = 1.49> <FuncUnit> <Opcode : 'sdiv' 'srem' 'udiv' 'urem'> <InPorts = 2> <OutPorts = 1>

State 25 <SV = 24> <Delay = 1.49>
ST_25 : Operation 120 [30/52] (1.49ns)   --->   "%sdiv_ln1148 = sdiv i48 %t_V, %sext_ln1148" [fishery-nets/code/src/guided-filter.cpp:114]   --->   Operation 120 'sdiv' 'sdiv_ln1148' <Predicate = (!icmp_ln887)> <Delay = 1.49> <Core = "DivnS">   --->   Core 23 'DivnS' <Latency = 51> <II = 1> <Delay = 1.49> <FuncUnit> <Opcode : 'sdiv' 'srem' 'udiv' 'urem'> <InPorts = 2> <OutPorts = 1>
ST_25 : Operation 121 [30/52] (1.49ns)   --->   "%sdiv_ln1148_3 = sdiv i48 %t_V_3, %sext_ln1148" [fishery-nets/code/src/guided-filter.cpp:115]   --->   Operation 121 'sdiv' 'sdiv_ln1148_3' <Predicate = (!icmp_ln887)> <Delay = 1.49> <Core = "DivnS">   --->   Core 23 'DivnS' <Latency = 51> <II = 1> <Delay = 1.49> <FuncUnit> <Opcode : 'sdiv' 'srem' 'udiv' 'urem'> <InPorts = 2> <OutPorts = 1>

State 26 <SV = 25> <Delay = 1.49>
ST_26 : Operation 122 [29/52] (1.49ns)   --->   "%sdiv_ln1148 = sdiv i48 %t_V, %sext_ln1148" [fishery-nets/code/src/guided-filter.cpp:114]   --->   Operation 122 'sdiv' 'sdiv_ln1148' <Predicate = (!icmp_ln887)> <Delay = 1.49> <Core = "DivnS">   --->   Core 23 'DivnS' <Latency = 51> <II = 1> <Delay = 1.49> <FuncUnit> <Opcode : 'sdiv' 'srem' 'udiv' 'urem'> <InPorts = 2> <OutPorts = 1>
ST_26 : Operation 123 [29/52] (1.49ns)   --->   "%sdiv_ln1148_3 = sdiv i48 %t_V_3, %sext_ln1148" [fishery-nets/code/src/guided-filter.cpp:115]   --->   Operation 123 'sdiv' 'sdiv_ln1148_3' <Predicate = (!icmp_ln887)> <Delay = 1.49> <Core = "DivnS">   --->   Core 23 'DivnS' <Latency = 51> <II = 1> <Delay = 1.49> <FuncUnit> <Opcode : 'sdiv' 'srem' 'udiv' 'urem'> <InPorts = 2> <OutPorts = 1>

State 27 <SV = 26> <Delay = 1.49>
ST_27 : Operation 124 [28/52] (1.49ns)   --->   "%sdiv_ln1148 = sdiv i48 %t_V, %sext_ln1148" [fishery-nets/code/src/guided-filter.cpp:114]   --->   Operation 124 'sdiv' 'sdiv_ln1148' <Predicate = (!icmp_ln887)> <Delay = 1.49> <Core = "DivnS">   --->   Core 23 'DivnS' <Latency = 51> <II = 1> <Delay = 1.49> <FuncUnit> <Opcode : 'sdiv' 'srem' 'udiv' 'urem'> <InPorts = 2> <OutPorts = 1>
ST_27 : Operation 125 [28/52] (1.49ns)   --->   "%sdiv_ln1148_3 = sdiv i48 %t_V_3, %sext_ln1148" [fishery-nets/code/src/guided-filter.cpp:115]   --->   Operation 125 'sdiv' 'sdiv_ln1148_3' <Predicate = (!icmp_ln887)> <Delay = 1.49> <Core = "DivnS">   --->   Core 23 'DivnS' <Latency = 51> <II = 1> <Delay = 1.49> <FuncUnit> <Opcode : 'sdiv' 'srem' 'udiv' 'urem'> <InPorts = 2> <OutPorts = 1>

State 28 <SV = 27> <Delay = 1.49>
ST_28 : Operation 126 [27/52] (1.49ns)   --->   "%sdiv_ln1148 = sdiv i48 %t_V, %sext_ln1148" [fishery-nets/code/src/guided-filter.cpp:114]   --->   Operation 126 'sdiv' 'sdiv_ln1148' <Predicate = (!icmp_ln887)> <Delay = 1.49> <Core = "DivnS">   --->   Core 23 'DivnS' <Latency = 51> <II = 1> <Delay = 1.49> <FuncUnit> <Opcode : 'sdiv' 'srem' 'udiv' 'urem'> <InPorts = 2> <OutPorts = 1>
ST_28 : Operation 127 [27/52] (1.49ns)   --->   "%sdiv_ln1148_3 = sdiv i48 %t_V_3, %sext_ln1148" [fishery-nets/code/src/guided-filter.cpp:115]   --->   Operation 127 'sdiv' 'sdiv_ln1148_3' <Predicate = (!icmp_ln887)> <Delay = 1.49> <Core = "DivnS">   --->   Core 23 'DivnS' <Latency = 51> <II = 1> <Delay = 1.49> <FuncUnit> <Opcode : 'sdiv' 'srem' 'udiv' 'urem'> <InPorts = 2> <OutPorts = 1>

State 29 <SV = 28> <Delay = 1.49>
ST_29 : Operation 128 [26/52] (1.49ns)   --->   "%sdiv_ln1148 = sdiv i48 %t_V, %sext_ln1148" [fishery-nets/code/src/guided-filter.cpp:114]   --->   Operation 128 'sdiv' 'sdiv_ln1148' <Predicate = (!icmp_ln887)> <Delay = 1.49> <Core = "DivnS">   --->   Core 23 'DivnS' <Latency = 51> <II = 1> <Delay = 1.49> <FuncUnit> <Opcode : 'sdiv' 'srem' 'udiv' 'urem'> <InPorts = 2> <OutPorts = 1>
ST_29 : Operation 129 [26/52] (1.49ns)   --->   "%sdiv_ln1148_3 = sdiv i48 %t_V_3, %sext_ln1148" [fishery-nets/code/src/guided-filter.cpp:115]   --->   Operation 129 'sdiv' 'sdiv_ln1148_3' <Predicate = (!icmp_ln887)> <Delay = 1.49> <Core = "DivnS">   --->   Core 23 'DivnS' <Latency = 51> <II = 1> <Delay = 1.49> <FuncUnit> <Opcode : 'sdiv' 'srem' 'udiv' 'urem'> <InPorts = 2> <OutPorts = 1>

State 30 <SV = 29> <Delay = 1.49>
ST_30 : Operation 130 [25/52] (1.49ns)   --->   "%sdiv_ln1148 = sdiv i48 %t_V, %sext_ln1148" [fishery-nets/code/src/guided-filter.cpp:114]   --->   Operation 130 'sdiv' 'sdiv_ln1148' <Predicate = (!icmp_ln887)> <Delay = 1.49> <Core = "DivnS">   --->   Core 23 'DivnS' <Latency = 51> <II = 1> <Delay = 1.49> <FuncUnit> <Opcode : 'sdiv' 'srem' 'udiv' 'urem'> <InPorts = 2> <OutPorts = 1>
ST_30 : Operation 131 [25/52] (1.49ns)   --->   "%sdiv_ln1148_3 = sdiv i48 %t_V_3, %sext_ln1148" [fishery-nets/code/src/guided-filter.cpp:115]   --->   Operation 131 'sdiv' 'sdiv_ln1148_3' <Predicate = (!icmp_ln887)> <Delay = 1.49> <Core = "DivnS">   --->   Core 23 'DivnS' <Latency = 51> <II = 1> <Delay = 1.49> <FuncUnit> <Opcode : 'sdiv' 'srem' 'udiv' 'urem'> <InPorts = 2> <OutPorts = 1>

State 31 <SV = 30> <Delay = 1.49>
ST_31 : Operation 132 [24/52] (1.49ns)   --->   "%sdiv_ln1148 = sdiv i48 %t_V, %sext_ln1148" [fishery-nets/code/src/guided-filter.cpp:114]   --->   Operation 132 'sdiv' 'sdiv_ln1148' <Predicate = (!icmp_ln887)> <Delay = 1.49> <Core = "DivnS">   --->   Core 23 'DivnS' <Latency = 51> <II = 1> <Delay = 1.49> <FuncUnit> <Opcode : 'sdiv' 'srem' 'udiv' 'urem'> <InPorts = 2> <OutPorts = 1>
ST_31 : Operation 133 [24/52] (1.49ns)   --->   "%sdiv_ln1148_3 = sdiv i48 %t_V_3, %sext_ln1148" [fishery-nets/code/src/guided-filter.cpp:115]   --->   Operation 133 'sdiv' 'sdiv_ln1148_3' <Predicate = (!icmp_ln887)> <Delay = 1.49> <Core = "DivnS">   --->   Core 23 'DivnS' <Latency = 51> <II = 1> <Delay = 1.49> <FuncUnit> <Opcode : 'sdiv' 'srem' 'udiv' 'urem'> <InPorts = 2> <OutPorts = 1>

State 32 <SV = 31> <Delay = 1.49>
ST_32 : Operation 134 [23/52] (1.49ns)   --->   "%sdiv_ln1148 = sdiv i48 %t_V, %sext_ln1148" [fishery-nets/code/src/guided-filter.cpp:114]   --->   Operation 134 'sdiv' 'sdiv_ln1148' <Predicate = (!icmp_ln887)> <Delay = 1.49> <Core = "DivnS">   --->   Core 23 'DivnS' <Latency = 51> <II = 1> <Delay = 1.49> <FuncUnit> <Opcode : 'sdiv' 'srem' 'udiv' 'urem'> <InPorts = 2> <OutPorts = 1>
ST_32 : Operation 135 [23/52] (1.49ns)   --->   "%sdiv_ln1148_3 = sdiv i48 %t_V_3, %sext_ln1148" [fishery-nets/code/src/guided-filter.cpp:115]   --->   Operation 135 'sdiv' 'sdiv_ln1148_3' <Predicate = (!icmp_ln887)> <Delay = 1.49> <Core = "DivnS">   --->   Core 23 'DivnS' <Latency = 51> <II = 1> <Delay = 1.49> <FuncUnit> <Opcode : 'sdiv' 'srem' 'udiv' 'urem'> <InPorts = 2> <OutPorts = 1>

State 33 <SV = 32> <Delay = 1.49>
ST_33 : Operation 136 [22/52] (1.49ns)   --->   "%sdiv_ln1148 = sdiv i48 %t_V, %sext_ln1148" [fishery-nets/code/src/guided-filter.cpp:114]   --->   Operation 136 'sdiv' 'sdiv_ln1148' <Predicate = (!icmp_ln887)> <Delay = 1.49> <Core = "DivnS">   --->   Core 23 'DivnS' <Latency = 51> <II = 1> <Delay = 1.49> <FuncUnit> <Opcode : 'sdiv' 'srem' 'udiv' 'urem'> <InPorts = 2> <OutPorts = 1>
ST_33 : Operation 137 [22/52] (1.49ns)   --->   "%sdiv_ln1148_3 = sdiv i48 %t_V_3, %sext_ln1148" [fishery-nets/code/src/guided-filter.cpp:115]   --->   Operation 137 'sdiv' 'sdiv_ln1148_3' <Predicate = (!icmp_ln887)> <Delay = 1.49> <Core = "DivnS">   --->   Core 23 'DivnS' <Latency = 51> <II = 1> <Delay = 1.49> <FuncUnit> <Opcode : 'sdiv' 'srem' 'udiv' 'urem'> <InPorts = 2> <OutPorts = 1>

State 34 <SV = 33> <Delay = 1.49>
ST_34 : Operation 138 [21/52] (1.49ns)   --->   "%sdiv_ln1148 = sdiv i48 %t_V, %sext_ln1148" [fishery-nets/code/src/guided-filter.cpp:114]   --->   Operation 138 'sdiv' 'sdiv_ln1148' <Predicate = (!icmp_ln887)> <Delay = 1.49> <Core = "DivnS">   --->   Core 23 'DivnS' <Latency = 51> <II = 1> <Delay = 1.49> <FuncUnit> <Opcode : 'sdiv' 'srem' 'udiv' 'urem'> <InPorts = 2> <OutPorts = 1>
ST_34 : Operation 139 [21/52] (1.49ns)   --->   "%sdiv_ln1148_3 = sdiv i48 %t_V_3, %sext_ln1148" [fishery-nets/code/src/guided-filter.cpp:115]   --->   Operation 139 'sdiv' 'sdiv_ln1148_3' <Predicate = (!icmp_ln887)> <Delay = 1.49> <Core = "DivnS">   --->   Core 23 'DivnS' <Latency = 51> <II = 1> <Delay = 1.49> <FuncUnit> <Opcode : 'sdiv' 'srem' 'udiv' 'urem'> <InPorts = 2> <OutPorts = 1>

State 35 <SV = 34> <Delay = 1.49>
ST_35 : Operation 140 [20/52] (1.49ns)   --->   "%sdiv_ln1148 = sdiv i48 %t_V, %sext_ln1148" [fishery-nets/code/src/guided-filter.cpp:114]   --->   Operation 140 'sdiv' 'sdiv_ln1148' <Predicate = (!icmp_ln887)> <Delay = 1.49> <Core = "DivnS">   --->   Core 23 'DivnS' <Latency = 51> <II = 1> <Delay = 1.49> <FuncUnit> <Opcode : 'sdiv' 'srem' 'udiv' 'urem'> <InPorts = 2> <OutPorts = 1>
ST_35 : Operation 141 [20/52] (1.49ns)   --->   "%sdiv_ln1148_3 = sdiv i48 %t_V_3, %sext_ln1148" [fishery-nets/code/src/guided-filter.cpp:115]   --->   Operation 141 'sdiv' 'sdiv_ln1148_3' <Predicate = (!icmp_ln887)> <Delay = 1.49> <Core = "DivnS">   --->   Core 23 'DivnS' <Latency = 51> <II = 1> <Delay = 1.49> <FuncUnit> <Opcode : 'sdiv' 'srem' 'udiv' 'urem'> <InPorts = 2> <OutPorts = 1>

State 36 <SV = 35> <Delay = 1.49>
ST_36 : Operation 142 [19/52] (1.49ns)   --->   "%sdiv_ln1148 = sdiv i48 %t_V, %sext_ln1148" [fishery-nets/code/src/guided-filter.cpp:114]   --->   Operation 142 'sdiv' 'sdiv_ln1148' <Predicate = (!icmp_ln887)> <Delay = 1.49> <Core = "DivnS">   --->   Core 23 'DivnS' <Latency = 51> <II = 1> <Delay = 1.49> <FuncUnit> <Opcode : 'sdiv' 'srem' 'udiv' 'urem'> <InPorts = 2> <OutPorts = 1>
ST_36 : Operation 143 [19/52] (1.49ns)   --->   "%sdiv_ln1148_3 = sdiv i48 %t_V_3, %sext_ln1148" [fishery-nets/code/src/guided-filter.cpp:115]   --->   Operation 143 'sdiv' 'sdiv_ln1148_3' <Predicate = (!icmp_ln887)> <Delay = 1.49> <Core = "DivnS">   --->   Core 23 'DivnS' <Latency = 51> <II = 1> <Delay = 1.49> <FuncUnit> <Opcode : 'sdiv' 'srem' 'udiv' 'urem'> <InPorts = 2> <OutPorts = 1>

State 37 <SV = 36> <Delay = 1.49>
ST_37 : Operation 144 [18/52] (1.49ns)   --->   "%sdiv_ln1148 = sdiv i48 %t_V, %sext_ln1148" [fishery-nets/code/src/guided-filter.cpp:114]   --->   Operation 144 'sdiv' 'sdiv_ln1148' <Predicate = (!icmp_ln887)> <Delay = 1.49> <Core = "DivnS">   --->   Core 23 'DivnS' <Latency = 51> <II = 1> <Delay = 1.49> <FuncUnit> <Opcode : 'sdiv' 'srem' 'udiv' 'urem'> <InPorts = 2> <OutPorts = 1>
ST_37 : Operation 145 [18/52] (1.49ns)   --->   "%sdiv_ln1148_3 = sdiv i48 %t_V_3, %sext_ln1148" [fishery-nets/code/src/guided-filter.cpp:115]   --->   Operation 145 'sdiv' 'sdiv_ln1148_3' <Predicate = (!icmp_ln887)> <Delay = 1.49> <Core = "DivnS">   --->   Core 23 'DivnS' <Latency = 51> <II = 1> <Delay = 1.49> <FuncUnit> <Opcode : 'sdiv' 'srem' 'udiv' 'urem'> <InPorts = 2> <OutPorts = 1>

State 38 <SV = 37> <Delay = 1.49>
ST_38 : Operation 146 [17/52] (1.49ns)   --->   "%sdiv_ln1148 = sdiv i48 %t_V, %sext_ln1148" [fishery-nets/code/src/guided-filter.cpp:114]   --->   Operation 146 'sdiv' 'sdiv_ln1148' <Predicate = (!icmp_ln887)> <Delay = 1.49> <Core = "DivnS">   --->   Core 23 'DivnS' <Latency = 51> <II = 1> <Delay = 1.49> <FuncUnit> <Opcode : 'sdiv' 'srem' 'udiv' 'urem'> <InPorts = 2> <OutPorts = 1>
ST_38 : Operation 147 [17/52] (1.49ns)   --->   "%sdiv_ln1148_3 = sdiv i48 %t_V_3, %sext_ln1148" [fishery-nets/code/src/guided-filter.cpp:115]   --->   Operation 147 'sdiv' 'sdiv_ln1148_3' <Predicate = (!icmp_ln887)> <Delay = 1.49> <Core = "DivnS">   --->   Core 23 'DivnS' <Latency = 51> <II = 1> <Delay = 1.49> <FuncUnit> <Opcode : 'sdiv' 'srem' 'udiv' 'urem'> <InPorts = 2> <OutPorts = 1>

State 39 <SV = 38> <Delay = 1.49>
ST_39 : Operation 148 [16/52] (1.49ns)   --->   "%sdiv_ln1148 = sdiv i48 %t_V, %sext_ln1148" [fishery-nets/code/src/guided-filter.cpp:114]   --->   Operation 148 'sdiv' 'sdiv_ln1148' <Predicate = (!icmp_ln887)> <Delay = 1.49> <Core = "DivnS">   --->   Core 23 'DivnS' <Latency = 51> <II = 1> <Delay = 1.49> <FuncUnit> <Opcode : 'sdiv' 'srem' 'udiv' 'urem'> <InPorts = 2> <OutPorts = 1>
ST_39 : Operation 149 [16/52] (1.49ns)   --->   "%sdiv_ln1148_3 = sdiv i48 %t_V_3, %sext_ln1148" [fishery-nets/code/src/guided-filter.cpp:115]   --->   Operation 149 'sdiv' 'sdiv_ln1148_3' <Predicate = (!icmp_ln887)> <Delay = 1.49> <Core = "DivnS">   --->   Core 23 'DivnS' <Latency = 51> <II = 1> <Delay = 1.49> <FuncUnit> <Opcode : 'sdiv' 'srem' 'udiv' 'urem'> <InPorts = 2> <OutPorts = 1>

State 40 <SV = 39> <Delay = 1.49>
ST_40 : Operation 150 [15/52] (1.49ns)   --->   "%sdiv_ln1148 = sdiv i48 %t_V, %sext_ln1148" [fishery-nets/code/src/guided-filter.cpp:114]   --->   Operation 150 'sdiv' 'sdiv_ln1148' <Predicate = (!icmp_ln887)> <Delay = 1.49> <Core = "DivnS">   --->   Core 23 'DivnS' <Latency = 51> <II = 1> <Delay = 1.49> <FuncUnit> <Opcode : 'sdiv' 'srem' 'udiv' 'urem'> <InPorts = 2> <OutPorts = 1>
ST_40 : Operation 151 [15/52] (1.49ns)   --->   "%sdiv_ln1148_3 = sdiv i48 %t_V_3, %sext_ln1148" [fishery-nets/code/src/guided-filter.cpp:115]   --->   Operation 151 'sdiv' 'sdiv_ln1148_3' <Predicate = (!icmp_ln887)> <Delay = 1.49> <Core = "DivnS">   --->   Core 23 'DivnS' <Latency = 51> <II = 1> <Delay = 1.49> <FuncUnit> <Opcode : 'sdiv' 'srem' 'udiv' 'urem'> <InPorts = 2> <OutPorts = 1>

State 41 <SV = 40> <Delay = 1.49>
ST_41 : Operation 152 [14/52] (1.49ns)   --->   "%sdiv_ln1148 = sdiv i48 %t_V, %sext_ln1148" [fishery-nets/code/src/guided-filter.cpp:114]   --->   Operation 152 'sdiv' 'sdiv_ln1148' <Predicate = (!icmp_ln887)> <Delay = 1.49> <Core = "DivnS">   --->   Core 23 'DivnS' <Latency = 51> <II = 1> <Delay = 1.49> <FuncUnit> <Opcode : 'sdiv' 'srem' 'udiv' 'urem'> <InPorts = 2> <OutPorts = 1>
ST_41 : Operation 153 [14/52] (1.49ns)   --->   "%sdiv_ln1148_3 = sdiv i48 %t_V_3, %sext_ln1148" [fishery-nets/code/src/guided-filter.cpp:115]   --->   Operation 153 'sdiv' 'sdiv_ln1148_3' <Predicate = (!icmp_ln887)> <Delay = 1.49> <Core = "DivnS">   --->   Core 23 'DivnS' <Latency = 51> <II = 1> <Delay = 1.49> <FuncUnit> <Opcode : 'sdiv' 'srem' 'udiv' 'urem'> <InPorts = 2> <OutPorts = 1>

State 42 <SV = 41> <Delay = 1.49>
ST_42 : Operation 154 [13/52] (1.49ns)   --->   "%sdiv_ln1148 = sdiv i48 %t_V, %sext_ln1148" [fishery-nets/code/src/guided-filter.cpp:114]   --->   Operation 154 'sdiv' 'sdiv_ln1148' <Predicate = (!icmp_ln887)> <Delay = 1.49> <Core = "DivnS">   --->   Core 23 'DivnS' <Latency = 51> <II = 1> <Delay = 1.49> <FuncUnit> <Opcode : 'sdiv' 'srem' 'udiv' 'urem'> <InPorts = 2> <OutPorts = 1>
ST_42 : Operation 155 [13/52] (1.49ns)   --->   "%sdiv_ln1148_3 = sdiv i48 %t_V_3, %sext_ln1148" [fishery-nets/code/src/guided-filter.cpp:115]   --->   Operation 155 'sdiv' 'sdiv_ln1148_3' <Predicate = (!icmp_ln887)> <Delay = 1.49> <Core = "DivnS">   --->   Core 23 'DivnS' <Latency = 51> <II = 1> <Delay = 1.49> <FuncUnit> <Opcode : 'sdiv' 'srem' 'udiv' 'urem'> <InPorts = 2> <OutPorts = 1>

State 43 <SV = 42> <Delay = 1.49>
ST_43 : Operation 156 [12/52] (1.49ns)   --->   "%sdiv_ln1148 = sdiv i48 %t_V, %sext_ln1148" [fishery-nets/code/src/guided-filter.cpp:114]   --->   Operation 156 'sdiv' 'sdiv_ln1148' <Predicate = (!icmp_ln887)> <Delay = 1.49> <Core = "DivnS">   --->   Core 23 'DivnS' <Latency = 51> <II = 1> <Delay = 1.49> <FuncUnit> <Opcode : 'sdiv' 'srem' 'udiv' 'urem'> <InPorts = 2> <OutPorts = 1>
ST_43 : Operation 157 [12/52] (1.49ns)   --->   "%sdiv_ln1148_3 = sdiv i48 %t_V_3, %sext_ln1148" [fishery-nets/code/src/guided-filter.cpp:115]   --->   Operation 157 'sdiv' 'sdiv_ln1148_3' <Predicate = (!icmp_ln887)> <Delay = 1.49> <Core = "DivnS">   --->   Core 23 'DivnS' <Latency = 51> <II = 1> <Delay = 1.49> <FuncUnit> <Opcode : 'sdiv' 'srem' 'udiv' 'urem'> <InPorts = 2> <OutPorts = 1>

State 44 <SV = 43> <Delay = 1.49>
ST_44 : Operation 158 [11/52] (1.49ns)   --->   "%sdiv_ln1148 = sdiv i48 %t_V, %sext_ln1148" [fishery-nets/code/src/guided-filter.cpp:114]   --->   Operation 158 'sdiv' 'sdiv_ln1148' <Predicate = (!icmp_ln887)> <Delay = 1.49> <Core = "DivnS">   --->   Core 23 'DivnS' <Latency = 51> <II = 1> <Delay = 1.49> <FuncUnit> <Opcode : 'sdiv' 'srem' 'udiv' 'urem'> <InPorts = 2> <OutPorts = 1>
ST_44 : Operation 159 [11/52] (1.49ns)   --->   "%sdiv_ln1148_3 = sdiv i48 %t_V_3, %sext_ln1148" [fishery-nets/code/src/guided-filter.cpp:115]   --->   Operation 159 'sdiv' 'sdiv_ln1148_3' <Predicate = (!icmp_ln887)> <Delay = 1.49> <Core = "DivnS">   --->   Core 23 'DivnS' <Latency = 51> <II = 1> <Delay = 1.49> <FuncUnit> <Opcode : 'sdiv' 'srem' 'udiv' 'urem'> <InPorts = 2> <OutPorts = 1>

State 45 <SV = 44> <Delay = 1.49>
ST_45 : Operation 160 [10/52] (1.49ns)   --->   "%sdiv_ln1148 = sdiv i48 %t_V, %sext_ln1148" [fishery-nets/code/src/guided-filter.cpp:114]   --->   Operation 160 'sdiv' 'sdiv_ln1148' <Predicate = (!icmp_ln887)> <Delay = 1.49> <Core = "DivnS">   --->   Core 23 'DivnS' <Latency = 51> <II = 1> <Delay = 1.49> <FuncUnit> <Opcode : 'sdiv' 'srem' 'udiv' 'urem'> <InPorts = 2> <OutPorts = 1>
ST_45 : Operation 161 [10/52] (1.49ns)   --->   "%sdiv_ln1148_3 = sdiv i48 %t_V_3, %sext_ln1148" [fishery-nets/code/src/guided-filter.cpp:115]   --->   Operation 161 'sdiv' 'sdiv_ln1148_3' <Predicate = (!icmp_ln887)> <Delay = 1.49> <Core = "DivnS">   --->   Core 23 'DivnS' <Latency = 51> <II = 1> <Delay = 1.49> <FuncUnit> <Opcode : 'sdiv' 'srem' 'udiv' 'urem'> <InPorts = 2> <OutPorts = 1>

State 46 <SV = 45> <Delay = 1.49>
ST_46 : Operation 162 [9/52] (1.49ns)   --->   "%sdiv_ln1148 = sdiv i48 %t_V, %sext_ln1148" [fishery-nets/code/src/guided-filter.cpp:114]   --->   Operation 162 'sdiv' 'sdiv_ln1148' <Predicate = (!icmp_ln887)> <Delay = 1.49> <Core = "DivnS">   --->   Core 23 'DivnS' <Latency = 51> <II = 1> <Delay = 1.49> <FuncUnit> <Opcode : 'sdiv' 'srem' 'udiv' 'urem'> <InPorts = 2> <OutPorts = 1>
ST_46 : Operation 163 [9/52] (1.49ns)   --->   "%sdiv_ln1148_3 = sdiv i48 %t_V_3, %sext_ln1148" [fishery-nets/code/src/guided-filter.cpp:115]   --->   Operation 163 'sdiv' 'sdiv_ln1148_3' <Predicate = (!icmp_ln887)> <Delay = 1.49> <Core = "DivnS">   --->   Core 23 'DivnS' <Latency = 51> <II = 1> <Delay = 1.49> <FuncUnit> <Opcode : 'sdiv' 'srem' 'udiv' 'urem'> <InPorts = 2> <OutPorts = 1>

State 47 <SV = 46> <Delay = 1.49>
ST_47 : Operation 164 [8/52] (1.49ns)   --->   "%sdiv_ln1148 = sdiv i48 %t_V, %sext_ln1148" [fishery-nets/code/src/guided-filter.cpp:114]   --->   Operation 164 'sdiv' 'sdiv_ln1148' <Predicate = (!icmp_ln887)> <Delay = 1.49> <Core = "DivnS">   --->   Core 23 'DivnS' <Latency = 51> <II = 1> <Delay = 1.49> <FuncUnit> <Opcode : 'sdiv' 'srem' 'udiv' 'urem'> <InPorts = 2> <OutPorts = 1>
ST_47 : Operation 165 [8/52] (1.49ns)   --->   "%sdiv_ln1148_3 = sdiv i48 %t_V_3, %sext_ln1148" [fishery-nets/code/src/guided-filter.cpp:115]   --->   Operation 165 'sdiv' 'sdiv_ln1148_3' <Predicate = (!icmp_ln887)> <Delay = 1.49> <Core = "DivnS">   --->   Core 23 'DivnS' <Latency = 51> <II = 1> <Delay = 1.49> <FuncUnit> <Opcode : 'sdiv' 'srem' 'udiv' 'urem'> <InPorts = 2> <OutPorts = 1>

State 48 <SV = 47> <Delay = 1.49>
ST_48 : Operation 166 [7/52] (1.49ns)   --->   "%sdiv_ln1148 = sdiv i48 %t_V, %sext_ln1148" [fishery-nets/code/src/guided-filter.cpp:114]   --->   Operation 166 'sdiv' 'sdiv_ln1148' <Predicate = (!icmp_ln887)> <Delay = 1.49> <Core = "DivnS">   --->   Core 23 'DivnS' <Latency = 51> <II = 1> <Delay = 1.49> <FuncUnit> <Opcode : 'sdiv' 'srem' 'udiv' 'urem'> <InPorts = 2> <OutPorts = 1>
ST_48 : Operation 167 [7/52] (1.49ns)   --->   "%sdiv_ln1148_3 = sdiv i48 %t_V_3, %sext_ln1148" [fishery-nets/code/src/guided-filter.cpp:115]   --->   Operation 167 'sdiv' 'sdiv_ln1148_3' <Predicate = (!icmp_ln887)> <Delay = 1.49> <Core = "DivnS">   --->   Core 23 'DivnS' <Latency = 51> <II = 1> <Delay = 1.49> <FuncUnit> <Opcode : 'sdiv' 'srem' 'udiv' 'urem'> <InPorts = 2> <OutPorts = 1>

State 49 <SV = 48> <Delay = 1.49>
ST_49 : Operation 168 [6/52] (1.49ns)   --->   "%sdiv_ln1148 = sdiv i48 %t_V, %sext_ln1148" [fishery-nets/code/src/guided-filter.cpp:114]   --->   Operation 168 'sdiv' 'sdiv_ln1148' <Predicate = (!icmp_ln887)> <Delay = 1.49> <Core = "DivnS">   --->   Core 23 'DivnS' <Latency = 51> <II = 1> <Delay = 1.49> <FuncUnit> <Opcode : 'sdiv' 'srem' 'udiv' 'urem'> <InPorts = 2> <OutPorts = 1>
ST_49 : Operation 169 [6/52] (1.49ns)   --->   "%sdiv_ln1148_3 = sdiv i48 %t_V_3, %sext_ln1148" [fishery-nets/code/src/guided-filter.cpp:115]   --->   Operation 169 'sdiv' 'sdiv_ln1148_3' <Predicate = (!icmp_ln887)> <Delay = 1.49> <Core = "DivnS">   --->   Core 23 'DivnS' <Latency = 51> <II = 1> <Delay = 1.49> <FuncUnit> <Opcode : 'sdiv' 'srem' 'udiv' 'urem'> <InPorts = 2> <OutPorts = 1>

State 50 <SV = 49> <Delay = 1.49>
ST_50 : Operation 170 [5/52] (1.49ns)   --->   "%sdiv_ln1148 = sdiv i48 %t_V, %sext_ln1148" [fishery-nets/code/src/guided-filter.cpp:114]   --->   Operation 170 'sdiv' 'sdiv_ln1148' <Predicate = (!icmp_ln887)> <Delay = 1.49> <Core = "DivnS">   --->   Core 23 'DivnS' <Latency = 51> <II = 1> <Delay = 1.49> <FuncUnit> <Opcode : 'sdiv' 'srem' 'udiv' 'urem'> <InPorts = 2> <OutPorts = 1>
ST_50 : Operation 171 [5/52] (1.49ns)   --->   "%sdiv_ln1148_3 = sdiv i48 %t_V_3, %sext_ln1148" [fishery-nets/code/src/guided-filter.cpp:115]   --->   Operation 171 'sdiv' 'sdiv_ln1148_3' <Predicate = (!icmp_ln887)> <Delay = 1.49> <Core = "DivnS">   --->   Core 23 'DivnS' <Latency = 51> <II = 1> <Delay = 1.49> <FuncUnit> <Opcode : 'sdiv' 'srem' 'udiv' 'urem'> <InPorts = 2> <OutPorts = 1>

State 51 <SV = 50> <Delay = 1.49>
ST_51 : Operation 172 [4/52] (1.49ns)   --->   "%sdiv_ln1148 = sdiv i48 %t_V, %sext_ln1148" [fishery-nets/code/src/guided-filter.cpp:114]   --->   Operation 172 'sdiv' 'sdiv_ln1148' <Predicate = (!icmp_ln887)> <Delay = 1.49> <Core = "DivnS">   --->   Core 23 'DivnS' <Latency = 51> <II = 1> <Delay = 1.49> <FuncUnit> <Opcode : 'sdiv' 'srem' 'udiv' 'urem'> <InPorts = 2> <OutPorts = 1>
ST_51 : Operation 173 [4/52] (1.49ns)   --->   "%sdiv_ln1148_3 = sdiv i48 %t_V_3, %sext_ln1148" [fishery-nets/code/src/guided-filter.cpp:115]   --->   Operation 173 'sdiv' 'sdiv_ln1148_3' <Predicate = (!icmp_ln887)> <Delay = 1.49> <Core = "DivnS">   --->   Core 23 'DivnS' <Latency = 51> <II = 1> <Delay = 1.49> <FuncUnit> <Opcode : 'sdiv' 'srem' 'udiv' 'urem'> <InPorts = 2> <OutPorts = 1>

State 52 <SV = 51> <Delay = 1.49>
ST_52 : Operation 174 [3/52] (1.49ns)   --->   "%sdiv_ln1148 = sdiv i48 %t_V, %sext_ln1148" [fishery-nets/code/src/guided-filter.cpp:114]   --->   Operation 174 'sdiv' 'sdiv_ln1148' <Predicate = (!icmp_ln887)> <Delay = 1.49> <Core = "DivnS">   --->   Core 23 'DivnS' <Latency = 51> <II = 1> <Delay = 1.49> <FuncUnit> <Opcode : 'sdiv' 'srem' 'udiv' 'urem'> <InPorts = 2> <OutPorts = 1>
ST_52 : Operation 175 [3/52] (1.49ns)   --->   "%sdiv_ln1148_3 = sdiv i48 %t_V_3, %sext_ln1148" [fishery-nets/code/src/guided-filter.cpp:115]   --->   Operation 175 'sdiv' 'sdiv_ln1148_3' <Predicate = (!icmp_ln887)> <Delay = 1.49> <Core = "DivnS">   --->   Core 23 'DivnS' <Latency = 51> <II = 1> <Delay = 1.49> <FuncUnit> <Opcode : 'sdiv' 'srem' 'udiv' 'urem'> <InPorts = 2> <OutPorts = 1>

State 53 <SV = 52> <Delay = 1.49>
ST_53 : Operation 176 [2/52] (1.49ns)   --->   "%sdiv_ln1148 = sdiv i48 %t_V, %sext_ln1148" [fishery-nets/code/src/guided-filter.cpp:114]   --->   Operation 176 'sdiv' 'sdiv_ln1148' <Predicate = (!icmp_ln887)> <Delay = 1.49> <Core = "DivnS">   --->   Core 23 'DivnS' <Latency = 51> <II = 1> <Delay = 1.49> <FuncUnit> <Opcode : 'sdiv' 'srem' 'udiv' 'urem'> <InPorts = 2> <OutPorts = 1>
ST_53 : Operation 177 [2/52] (1.49ns)   --->   "%sdiv_ln1148_3 = sdiv i48 %t_V_3, %sext_ln1148" [fishery-nets/code/src/guided-filter.cpp:115]   --->   Operation 177 'sdiv' 'sdiv_ln1148_3' <Predicate = (!icmp_ln887)> <Delay = 1.49> <Core = "DivnS">   --->   Core 23 'DivnS' <Latency = 51> <II = 1> <Delay = 1.49> <FuncUnit> <Opcode : 'sdiv' 'srem' 'udiv' 'urem'> <InPorts = 2> <OutPorts = 1>

State 54 <SV = 53> <Delay = 1.49>
ST_54 : Operation 178 [1/52] (1.49ns)   --->   "%sdiv_ln1148 = sdiv i48 %t_V, %sext_ln1148" [fishery-nets/code/src/guided-filter.cpp:114]   --->   Operation 178 'sdiv' 'sdiv_ln1148' <Predicate = (!icmp_ln887)> <Delay = 1.49> <Core = "DivnS">   --->   Core 23 'DivnS' <Latency = 51> <II = 1> <Delay = 1.49> <FuncUnit> <Opcode : 'sdiv' 'srem' 'udiv' 'urem'> <InPorts = 2> <OutPorts = 1>
ST_54 : Operation 179 [1/52] (1.49ns)   --->   "%sdiv_ln1148_3 = sdiv i48 %t_V_3, %sext_ln1148" [fishery-nets/code/src/guided-filter.cpp:115]   --->   Operation 179 'sdiv' 'sdiv_ln1148_3' <Predicate = (!icmp_ln887)> <Delay = 1.49> <Core = "DivnS">   --->   Core 23 'DivnS' <Latency = 51> <II = 1> <Delay = 1.49> <FuncUnit> <Opcode : 'sdiv' 'srem' 'udiv' 'urem'> <InPorts = 2> <OutPorts = 1>

State 55 <SV = 54> <Delay = 3.42>
ST_55 : Operation 180 [1/1] (0.00ns)   --->   "%mean_a_V = trunc i48 %sdiv_ln1148 to i32" [fishery-nets/code/src/guided-filter.cpp:114]   --->   Operation 180 'trunc' 'mean_a_V' <Predicate = (!icmp_ln887)> <Delay = 0.00>
ST_55 : Operation 181 [1/1] (0.00ns)   --->   "%r_V = sext i32 %mean_a_V to i64" [fishery-nets/code/src/guided-filter.cpp:117]   --->   Operation 181 'sext' 'r_V' <Predicate = (!icmp_ln887)> <Delay = 0.00>
ST_55 : Operation 182 [1/1] (0.00ns)   --->   "%sext_ln1118 = sext i32 %tmp_V_214 to i64" [fishery-nets/code/src/guided-filter.cpp:117]   --->   Operation 182 'sext' 'sext_ln1118' <Predicate = (!icmp_ln887)> <Delay = 0.00>
ST_55 : Operation 183 [1/1] (3.42ns)   --->   "%r_V_8 = mul nsw i64 %sext_ln1118, %r_V" [fishery-nets/code/src/guided-filter.cpp:117]   --->   Operation 183 'mul' 'r_V_8' <Predicate = (!icmp_ln887)> <Delay = 3.42> <Core = "Mul">   --->   Core 16 'Mul' <Latency = 0> <II = 1> <Delay = 3.42> <FuncUnit> <Opcode : 'mul'> <InPorts = 2> <OutPorts = 1>
ST_55 : Operation 184 [1/1] (0.00ns)   --->   "%trunc_ln718 = trunc i64 %r_V_8 to i15" [fishery-nets/code/src/guided-filter.cpp:117]   --->   Operation 184 'trunc' 'trunc_ln718' <Predicate = (!icmp_ln887)> <Delay = 0.00>

State 56 <SV = 55> <Delay = 3.85>
ST_56 : Operation 185 [1/1] (0.00ns) (grouped into LUT with out node ret_V_15)   --->   "%trunc_ln700 = trunc i64 %r_V_8 to i48" [fishery-nets/code/src/guided-filter.cpp:117]   --->   Operation 185 'trunc' 'trunc_ln700' <Predicate = (!icmp_ln887)> <Delay = 0.00>
ST_56 : Operation 186 [1/1] (0.00ns) (grouped into LUT with out node ret_V_15)   --->   "%rhs_V = shl i48 %sdiv_ln1148_3, 16" [fishery-nets/code/src/guided-filter.cpp:117]   --->   Operation 186 'shl' 'rhs_V' <Predicate = (!icmp_ln887)> <Delay = 0.00>
ST_56 : Operation 187 [1/1] (1.09ns) (out node of the LUT)   --->   "%ret_V_15 = add i48 %rhs_V, %trunc_ln700" [fishery-nets/code/src/guided-filter.cpp:117]   --->   Operation 187 'add' 'ret_V_15' <Predicate = (!icmp_ln887)> <Delay = 1.09> <Core = "AddSub">   --->   Core 14 'AddSub' <Latency = 0> <II = 1> <Delay = 0.85> <FuncUnit> <Opcode : 'add' 'sub'> <InPorts = 2> <OutPorts = 1>
ST_56 : Operation 188 [1/1] (0.00ns) (grouped into LUT with out node p_Val2_33)   --->   "%p_Val2_30 = call i32 @_ssdm_op_PartSelect.i32.i48.i32.i32(i48 %ret_V_15, i32 16, i32 47)" [fishery-nets/code/src/guided-filter.cpp:117]   --->   Operation 188 'partselect' 'p_Val2_30' <Predicate = (!icmp_ln887)> <Delay = 0.00>
ST_56 : Operation 189 [1/1] (0.00ns) (grouped into LUT with out node p_Val2_33)   --->   "%tmp = call i1 @_ssdm_op_BitSelect.i1.i48.i32(i48 %ret_V_15, i32 16)" [fishery-nets/code/src/guided-filter.cpp:117]   --->   Operation 189 'bitselect' 'tmp' <Predicate = (!icmp_ln887)> <Delay = 0.00>
ST_56 : Operation 190 [1/1] (1.07ns)   --->   "%r = icmp ne i15 %trunc_ln718, 0" [fishery-nets/code/src/guided-filter.cpp:117]   --->   Operation 190 'icmp' 'r' <Predicate = (!icmp_ln887)> <Delay = 1.07> <Core = "Cmp">   --->   Core 25 'Cmp' <Latency = 0> <II = 1> <Delay = 1.10> <FuncUnit> <Opcode : 'icmp'> <InPorts = 2> <OutPorts = 1>
ST_56 : Operation 191 [1/1] (0.00ns) (grouped into LUT with out node p_Val2_33)   --->   "%or_ln412 = or i1 %r, %tmp" [fishery-nets/code/src/guided-filter.cpp:117]   --->   Operation 191 'or' 'or_ln412' <Predicate = (!icmp_ln887)> <Delay = 0.00> <Core = "LogicGate">   --->   Core 27 'LogicGate' <Latency = 0> <II = 1> <Delay = 0.28> <FuncUnit> <Opcode : 'and' 'or' 'xor'> <InPorts = 2> <OutPorts = 1>
ST_56 : Operation 192 [1/1] (0.00ns) (grouped into LUT with out node p_Val2_33)   --->   "%tmp_28 = call i1 @_ssdm_op_BitSelect.i1.i64.i32(i64 %r_V_8, i32 15)" [fishery-nets/code/src/guided-filter.cpp:117]   --->   Operation 192 'bitselect' 'tmp_28' <Predicate = (!icmp_ln887)> <Delay = 0.00>
ST_56 : Operation 193 [1/1] (0.00ns) (grouped into LUT with out node p_Val2_33)   --->   "%and_ln412 = and i1 %or_ln412, %tmp_28" [fishery-nets/code/src/guided-filter.cpp:117]   --->   Operation 193 'and' 'and_ln412' <Predicate = (!icmp_ln887)> <Delay = 0.00> <Core = "LogicGate">   --->   Core 27 'LogicGate' <Latency = 0> <II = 1> <Delay = 0.28> <FuncUnit> <Opcode : 'and' 'or' 'xor'> <InPorts = 2> <OutPorts = 1>
ST_56 : Operation 194 [1/1] (0.00ns) (grouped into LUT with out node p_Val2_33)   --->   "%zext_ln412 = zext i1 %and_ln412 to i32" [fishery-nets/code/src/guided-filter.cpp:117]   --->   Operation 194 'zext' 'zext_ln412' <Predicate = (!icmp_ln887)> <Delay = 0.00>
ST_56 : Operation 195 [1/1] (1.01ns) (out node of the LUT)   --->   "%p_Val2_33 = add nsw i32 %p_Val2_30, %zext_ln412" [fishery-nets/code/src/guided-filter.cpp:117]   --->   Operation 195 'add' 'p_Val2_33' <Predicate = (!icmp_ln887)> <Delay = 1.01> <Core = "AddSub">   --->   Core 14 'AddSub' <Latency = 0> <II = 1> <Delay = 0.85> <FuncUnit> <Opcode : 'add' 'sub'> <InPorts = 2> <OutPorts = 1>
ST_56 : Operation 196 [1/1] (1.01ns)   --->   "%sub_ln703 = sub i32 %tmp_V_214, %p_Val2_33" [fishery-nets/code/src/guided-filter.cpp:118]   --->   Operation 196 'sub' 'sub_ln703' <Predicate = (!icmp_ln887)> <Delay = 1.01> <Core = "AddSub">   --->   Core 14 'AddSub' <Latency = 0> <II = 1> <Delay = 0.85> <FuncUnit> <Opcode : 'add' 'sub'> <InPorts = 2> <OutPorts = 1>
ST_56 : Operation 197 [1/1] (0.00ns)   --->   "%shl_ln703 = shl i32 %sub_ln703, 3" [fishery-nets/code/src/guided-filter.cpp:118]   --->   Operation 197 'shl' 'shl_ln703' <Predicate = (!icmp_ln887)> <Delay = 0.00>
ST_56 : Operation 198 [1/1] (0.00ns)   --->   "%shl_ln703_1 = shl i32 %sub_ln703, 1" [fishery-nets/code/src/guided-filter.cpp:118]   --->   Operation 198 'shl' 'shl_ln703_1' <Predicate = (!icmp_ln887)> <Delay = 0.00>
ST_56 : Operation 199 [1/1] (0.00ns) (grouped into LUT with out node sub_ln703_1)   --->   "%shl_ln703_2 = shl i32 %p_Val2_33, 2" [fishery-nets/code/src/guided-filter.cpp:118]   --->   Operation 199 'shl' 'shl_ln703_2' <Predicate = (!icmp_ln887)> <Delay = 0.00>
ST_56 : Operation 200 [1/1] (1.01ns) (out node of the LUT)   --->   "%sub_ln703_1 = sub i32 %shl_ln703_2, %p_Val2_33" [fishery-nets/code/src/guided-filter.cpp:118]   --->   Operation 200 'sub' 'sub_ln703_1' <Predicate = (!icmp_ln887)> <Delay = 1.01> <Core = "AddSub">   --->   Core 14 'AddSub' <Latency = 0> <II = 1> <Delay = 0.85> <FuncUnit> <Opcode : 'add' 'sub'> <InPorts = 2> <OutPorts = 1>
ST_56 : Operation 201 [1/1] (0.00ns) (grouped into TernaryAdder)   --->   "%add_ln703 = add i32 %shl_ln703_1, %sub_ln703_1" [fishery-nets/code/src/guided-filter.cpp:118]   --->   Operation 201 'add' 'add_ln703' <Predicate = (!icmp_ln887)> <Delay = 0.00> <Core = "TAddSub">   --->   Core 83 'TAddSub' <Latency = 0> <II = 1> <Delay = 0.36> <IPBlock> <Opcode : 'add' 'sub'> <InPorts = 3> <OutPorts = 1> <Sync> <CReg>
ST_56 : Operation 202 [1/1] (0.73ns) (root node of TernaryAdder)   --->   "%q_V = add i32 %add_ln703, %shl_ln703" [fishery-nets/code/src/guided-filter.cpp:118]   --->   Operation 202 'add' 'q_V' <Predicate = (!icmp_ln887)> <Delay = 0.73> <Core = "TAddSub">   --->   Core 83 'TAddSub' <Latency = 0> <II = 1> <Delay = 0.36> <IPBlock> <Opcode : 'add' 'sub'> <InPorts = 3> <OutPorts = 1> <Sync> <CReg>

State 57 <SV = 56> <Delay = 4.02>
ST_57 : Operation 203 [1/1] (0.00ns)   --->   "call void (...)* @_ssdm_op_SpecLoopTripCount(i64 129600, i64 129600, i64 129600)"   --->   Operation 203 'speclooptripcount' <Predicate = (!icmp_ln887)> <Delay = 0.00>
ST_57 : Operation 204 [1/1] (0.00ns)   --->   "%tmp_80_i = call i32 (...)* @_ssdm_op_SpecRegionBegin([12 x i8]* @p_str49)" [fishery-nets/code/src/guided-filter.cpp:108]   --->   Operation 204 'specregionbegin' 'tmp_80_i' <Predicate = (!icmp_ln887)> <Delay = 0.00>
ST_57 : Operation 205 [1/1] (0.00ns)   --->   "call void (...)* @_ssdm_op_SpecPipeline(i32 -1, i32 1, i32 1, i32 0, [1 x i8]* @p_str27) nounwind" [fishery-nets/code/src/guided-filter.cpp:109]   --->   Operation 205 'specpipeline' <Predicate = (!icmp_ln887)> <Delay = 0.00>
ST_57 : Operation 206 [1/1] (0.00ns)   --->   "%shl_ln703_3 = shl i32 %q_V, 3" [fishery-nets/code/src/guided-filter.cpp:125]   --->   Operation 206 'shl' 'shl_ln703_3' <Predicate = (!icmp_ln887)> <Delay = 0.00>
ST_57 : Operation 207 [1/1] (0.00ns)   --->   "%shl_ln703_4 = shl i32 %q_V, 1" [fishery-nets/code/src/guided-filter.cpp:125]   --->   Operation 207 'shl' 'shl_ln703_4' <Predicate = (!icmp_ln887)> <Delay = 0.00>
ST_57 : Operation 208 [1/1] (0.00ns) (grouped into TernaryAdder)   --->   "%add_ln703_2 = add i32 1966080, %shl_ln703_4" [fishery-nets/code/src/guided-filter.cpp:125]   --->   Operation 208 'add' 'add_ln703_2' <Predicate = (!icmp_ln887)> <Delay = 0.00> <Core = "TAddSub">   --->   Core 83 'TAddSub' <Latency = 0> <II = 1> <Delay = 0.36> <IPBlock> <Opcode : 'add' 'sub'> <InPorts = 3> <OutPorts = 1> <Sync> <CReg>
ST_57 : Operation 209 [1/1] (0.73ns) (root node of TernaryAdder)   --->   "%q_V_2 = add i32 %add_ln703_2, %shl_ln703_3" [fishery-nets/code/src/guided-filter.cpp:125]   --->   Operation 209 'add' 'q_V_2' <Predicate = (!icmp_ln887)> <Delay = 0.73> <Core = "TAddSub">   --->   Core 83 'TAddSub' <Latency = 0> <II = 1> <Delay = 0.36> <IPBlock> <Opcode : 'add' 'sub'> <InPorts = 3> <OutPorts = 1> <Sync> <CReg>
ST_57 : Operation 210 [1/1] (0.00ns)   --->   "%ret_V = call i16 @_ssdm_op_PartSelect.i16.i32.i32.i32(i32 %q_V_2, i32 16, i32 31)" [fishery-nets/code/src/guided-filter.cpp:127]   --->   Operation 210 'partselect' 'ret_V' <Predicate = (!icmp_ln887)> <Delay = 0.00>
ST_57 : Operation 211 [1/1] (0.00ns) (grouped into LUT with out node tmp_30)   --->   "%p_Result_s = call i1 @_ssdm_op_BitSelect.i1.i32.i32(i32 %q_V_2, i32 31)" [fishery-nets/code/src/guided-filter.cpp:127]   --->   Operation 211 'bitselect' 'p_Result_s' <Predicate = (!icmp_ln887)> <Delay = 0.00>
ST_57 : Operation 212 [1/1] (0.00ns)   --->   "%trunc_ln851 = trunc i32 %q_V_2 to i16" [fishery-nets/code/src/guided-filter.cpp:127]   --->   Operation 212 'trunc' 'trunc_ln851' <Predicate = (!icmp_ln887)> <Delay = 0.00>
ST_57 : Operation 213 [1/1] (1.10ns)   --->   "%icmp_ln851 = icmp eq i16 %trunc_ln851, 0" [fishery-nets/code/src/guided-filter.cpp:127]   --->   Operation 213 'icmp' 'icmp_ln851' <Predicate = (!icmp_ln887)> <Delay = 1.10> <Core = "Cmp">   --->   Core 25 'Cmp' <Latency = 0> <II = 1> <Delay = 1.10> <FuncUnit> <Opcode : 'icmp'> <InPorts = 2> <OutPorts = 1>
ST_57 : Operation 214 [1/1] (0.85ns)   --->   "%ret_V_14 = add i16 1, %ret_V" [fishery-nets/code/src/guided-filter.cpp:127]   --->   Operation 214 'add' 'ret_V_14' <Predicate = (!icmp_ln887)> <Delay = 0.85> <Core = "AddSub">   --->   Core 14 'AddSub' <Latency = 0> <II = 1> <Delay = 0.85> <FuncUnit> <Opcode : 'add' 'sub'> <InPorts = 2> <OutPorts = 1>
ST_57 : Operation 215 [1/1] (0.00ns) (grouped into LUT with out node tmp_30)   --->   "%select_ln851 = select i1 %icmp_ln851, i16 %ret_V, i16 %ret_V_14" [fishery-nets/code/src/guided-filter.cpp:127]   --->   Operation 215 'select' 'select_ln851' <Predicate = (!icmp_ln887)> <Delay = 0.00> <Core = "Sel">   --->   Core 26 'Sel' <Latency = 0> <II = 1> <Delay = 0.35> <FuncUnit> <Opcode : 'select'> <InPorts = 3> <OutPorts = 1>
ST_57 : Operation 216 [1/1] (0.35ns) (out node of the LUT)   --->   "%tmp_30 = select i1 %p_Result_s, i16 %select_ln851, i16 %ret_V" [fishery-nets/code/src/guided-filter.cpp:127]   --->   Operation 216 'select' 'tmp_30' <Predicate = (!icmp_ln887)> <Delay = 0.35> <Core = "Sel">   --->   Core 26 'Sel' <Latency = 0> <II = 1> <Delay = 0.35> <FuncUnit> <Opcode : 'select'> <InPorts = 3> <OutPorts = 1>
ST_57 : Operation 217 [1/1] (0.00ns)   --->   "%tmp_81_i = call i32 (...)* @_ssdm_op_SpecRegionBegin([12 x i8]* @p_str512)" [C:/Xilinx/Vivado/2019.1/common/technology/autopilot/hls/hls_video_core.h:696->C:/Xilinx/Vivado/2019.1/common/technology/autopilot/hls/hls_video_core.h:717->fishery-nets/code/src/guided-filter.cpp:128]   --->   Operation 217 'specregionbegin' 'tmp_81_i' <Predicate = (!icmp_ln887)> <Delay = 0.00>
ST_57 : Operation 218 [1/1] (0.00ns)   --->   "call void (...)* @_ssdm_op_SpecProtocol(i32 0, [1 x i8]* @p_str27) nounwind" [C:/Xilinx/Vivado/2019.1/common/technology/autopilot/hls/hls_video_core.h:700->C:/Xilinx/Vivado/2019.1/common/technology/autopilot/hls/hls_video_core.h:717->fishery-nets/code/src/guided-filter.cpp:128]   --->   Operation 218 'specprotocol' <Predicate = (!icmp_ln887)> <Delay = 0.00>
ST_57 : Operation 219 [1/1] (1.83ns)   --->   "call void @_ssdm_op_Write.ap_fifo.volatile.i16P(i16* %I_enhanced_data_stream_V, i16 %tmp_30)" [C:/Xilinx/Vivado/2019.1/common/technology/autopilot/hls/hls_video_core.h:703->C:/Xilinx/Vivado/2019.1/common/technology/autopilot/hls/hls_video_core.h:717->fishery-nets/code/src/guided-filter.cpp:128]   --->   Operation 219 'write' <Predicate = (!icmp_ln887)> <Delay = 1.83> <Core = "FIFO">   --->   Core 32 'FIFO' <Latency = 0> <II = 1> <Delay = 1.83> <Storage> <Opcode : 'read' 'write' 'nbread' 'nbwrite'> <Ports = 0> <Width = 16> <Depth = 2> <FIFO>
ST_57 : Operation 220 [1/1] (0.00ns)   --->   "%empty = call i32 (...)* @_ssdm_op_SpecRegionEnd([12 x i8]* @p_str512, i32 %tmp_81_i)" [C:/Xilinx/Vivado/2019.1/common/technology/autopilot/hls/hls_video_core.h:705->C:/Xilinx/Vivado/2019.1/common/technology/autopilot/hls/hls_video_core.h:717->fishery-nets/code/src/guided-filter.cpp:128]   --->   Operation 220 'specregionend' 'empty' <Predicate = (!icmp_ln887)> <Delay = 0.00>
ST_57 : Operation 221 [1/1] (0.00ns)   --->   "%empty_282 = call i32 (...)* @_ssdm_op_SpecRegionEnd([12 x i8]* @p_str49, i32 %tmp_80_i)" [fishery-nets/code/src/guided-filter.cpp:129]   --->   Operation 221 'specregionend' 'empty_282' <Predicate = (!icmp_ln887)> <Delay = 0.00>
ST_57 : Operation 222 [1/1] (0.00ns)   --->   "br label %.preheader.i" [fishery-nets/code/src/guided-filter.cpp:107]   --->   Operation 222 'br' <Predicate = (!icmp_ln887)> <Delay = 0.00>

State 58 <SV = 2> <Delay = 0.00>
ST_58 : Operation 223 [1/1] (0.00ns)   --->   "ret void"   --->   Operation 223 'ret' <Predicate = true> <Delay = 0.00>


============================================================
+ Verbose Summary: Timing violations
============================================================
Target clock period: 5ns, clock uncertainty: 0.625ns.

 <State 1>: 0.656ns
The critical path consists of the following:
	multiplexor before 'phi' operation ('indvar_flatten', fishery-nets/code/src/guided-filter.cpp:106) with incoming values : ('add_ln887', fishery-nets/code/src/guided-filter.cpp:106) [13]  (0.656 ns)

 <State 2>: 1.1ns
The critical path consists of the following:
	'phi' operation ('indvar_flatten', fishery-nets/code/src/guided-filter.cpp:106) with incoming values : ('add_ln887', fishery-nets/code/src/guided-filter.cpp:106) [13]  (0 ns)
	'icmp' operation ('icmp_ln887', fishery-nets/code/src/guided-filter.cpp:106) [14]  (1.1 ns)

 <State 3>: 3.33ns
The critical path consists of the following:
	fifo read on port 'mean_A_V_V' (fishery-nets/code/src/guided-filter.cpp:110) [21]  (1.84 ns)
	'sdiv' operation ('sdiv_ln1148', fishery-nets/code/src/guided-filter.cpp:114) [27]  (1.49 ns)

 <State 4>: 1.49ns
The critical path consists of the following:
	'sdiv' operation ('sdiv_ln1148', fishery-nets/code/src/guided-filter.cpp:114) [27]  (1.49 ns)

 <State 5>: 1.49ns
The critical path consists of the following:
	'sdiv' operation ('sdiv_ln1148', fishery-nets/code/src/guided-filter.cpp:114) [27]  (1.49 ns)

 <State 6>: 1.49ns
The critical path consists of the following:
	'sdiv' operation ('sdiv_ln1148', fishery-nets/code/src/guided-filter.cpp:114) [27]  (1.49 ns)

 <State 7>: 1.49ns
The critical path consists of the following:
	'sdiv' operation ('sdiv_ln1148', fishery-nets/code/src/guided-filter.cpp:114) [27]  (1.49 ns)

 <State 8>: 1.49ns
The critical path consists of the following:
	'sdiv' operation ('sdiv_ln1148', fishery-nets/code/src/guided-filter.cpp:114) [27]  (1.49 ns)

 <State 9>: 1.49ns
The critical path consists of the following:
	'sdiv' operation ('sdiv_ln1148', fishery-nets/code/src/guided-filter.cpp:114) [27]  (1.49 ns)

 <State 10>: 1.49ns
The critical path consists of the following:
	'sdiv' operation ('sdiv_ln1148', fishery-nets/code/src/guided-filter.cpp:114) [27]  (1.49 ns)

 <State 11>: 1.49ns
The critical path consists of the following:
	'sdiv' operation ('sdiv_ln1148', fishery-nets/code/src/guided-filter.cpp:114) [27]  (1.49 ns)

 <State 12>: 1.49ns
The critical path consists of the following:
	'sdiv' operation ('sdiv_ln1148', fishery-nets/code/src/guided-filter.cpp:114) [27]  (1.49 ns)

 <State 13>: 1.49ns
The critical path consists of the following:
	'sdiv' operation ('sdiv_ln1148', fishery-nets/code/src/guided-filter.cpp:114) [27]  (1.49 ns)

 <State 14>: 1.49ns
The critical path consists of the following:
	'sdiv' operation ('sdiv_ln1148', fishery-nets/code/src/guided-filter.cpp:114) [27]  (1.49 ns)

 <State 15>: 1.49ns
The critical path consists of the following:
	'sdiv' operation ('sdiv_ln1148', fishery-nets/code/src/guided-filter.cpp:114) [27]  (1.49 ns)

 <State 16>: 1.49ns
The critical path consists of the following:
	'sdiv' operation ('sdiv_ln1148', fishery-nets/code/src/guided-filter.cpp:114) [27]  (1.49 ns)

 <State 17>: 1.49ns
The critical path consists of the following:
	'sdiv' operation ('sdiv_ln1148', fishery-nets/code/src/guided-filter.cpp:114) [27]  (1.49 ns)

 <State 18>: 1.49ns
The critical path consists of the following:
	'sdiv' operation ('sdiv_ln1148', fishery-nets/code/src/guided-filter.cpp:114) [27]  (1.49 ns)

 <State 19>: 1.49ns
The critical path consists of the following:
	'sdiv' operation ('sdiv_ln1148', fishery-nets/code/src/guided-filter.cpp:114) [27]  (1.49 ns)

 <State 20>: 1.49ns
The critical path consists of the following:
	'sdiv' operation ('sdiv_ln1148', fishery-nets/code/src/guided-filter.cpp:114) [27]  (1.49 ns)

 <State 21>: 1.49ns
The critical path consists of the following:
	'sdiv' operation ('sdiv_ln1148', fishery-nets/code/src/guided-filter.cpp:114) [27]  (1.49 ns)

 <State 22>: 1.49ns
The critical path consists of the following:
	'sdiv' operation ('sdiv_ln1148', fishery-nets/code/src/guided-filter.cpp:114) [27]  (1.49 ns)

 <State 23>: 1.49ns
The critical path consists of the following:
	'sdiv' operation ('sdiv_ln1148', fishery-nets/code/src/guided-filter.cpp:114) [27]  (1.49 ns)

 <State 24>: 1.49ns
The critical path consists of the following:
	'sdiv' operation ('sdiv_ln1148', fishery-nets/code/src/guided-filter.cpp:114) [27]  (1.49 ns)

 <State 25>: 1.49ns
The critical path consists of the following:
	'sdiv' operation ('sdiv_ln1148', fishery-nets/code/src/guided-filter.cpp:114) [27]  (1.49 ns)

 <State 26>: 1.49ns
The critical path consists of the following:
	'sdiv' operation ('sdiv_ln1148', fishery-nets/code/src/guided-filter.cpp:114) [27]  (1.49 ns)

 <State 27>: 1.49ns
The critical path consists of the following:
	'sdiv' operation ('sdiv_ln1148', fishery-nets/code/src/guided-filter.cpp:114) [27]  (1.49 ns)

 <State 28>: 1.49ns
The critical path consists of the following:
	'sdiv' operation ('sdiv_ln1148', fishery-nets/code/src/guided-filter.cpp:114) [27]  (1.49 ns)

 <State 29>: 1.49ns
The critical path consists of the following:
	'sdiv' operation ('sdiv_ln1148', fishery-nets/code/src/guided-filter.cpp:114) [27]  (1.49 ns)

 <State 30>: 1.49ns
The critical path consists of the following:
	'sdiv' operation ('sdiv_ln1148', fishery-nets/code/src/guided-filter.cpp:114) [27]  (1.49 ns)

 <State 31>: 1.49ns
The critical path consists of the following:
	'sdiv' operation ('sdiv_ln1148', fishery-nets/code/src/guided-filter.cpp:114) [27]  (1.49 ns)

 <State 32>: 1.49ns
The critical path consists of the following:
	'sdiv' operation ('sdiv_ln1148', fishery-nets/code/src/guided-filter.cpp:114) [27]  (1.49 ns)

 <State 33>: 1.49ns
The critical path consists of the following:
	'sdiv' operation ('sdiv_ln1148', fishery-nets/code/src/guided-filter.cpp:114) [27]  (1.49 ns)

 <State 34>: 1.49ns
The critical path consists of the following:
	'sdiv' operation ('sdiv_ln1148', fishery-nets/code/src/guided-filter.cpp:114) [27]  (1.49 ns)

 <State 35>: 1.49ns
The critical path consists of the following:
	'sdiv' operation ('sdiv_ln1148', fishery-nets/code/src/guided-filter.cpp:114) [27]  (1.49 ns)

 <State 36>: 1.49ns
The critical path consists of the following:
	'sdiv' operation ('sdiv_ln1148', fishery-nets/code/src/guided-filter.cpp:114) [27]  (1.49 ns)

 <State 37>: 1.49ns
The critical path consists of the following:
	'sdiv' operation ('sdiv_ln1148', fishery-nets/code/src/guided-filter.cpp:114) [27]  (1.49 ns)

 <State 38>: 1.49ns
The critical path consists of the following:
	'sdiv' operation ('sdiv_ln1148', fishery-nets/code/src/guided-filter.cpp:114) [27]  (1.49 ns)

 <State 39>: 1.49ns
The critical path consists of the following:
	'sdiv' operation ('sdiv_ln1148', fishery-nets/code/src/guided-filter.cpp:114) [27]  (1.49 ns)

 <State 40>: 1.49ns
The critical path consists of the following:
	'sdiv' operation ('sdiv_ln1148', fishery-nets/code/src/guided-filter.cpp:114) [27]  (1.49 ns)

 <State 41>: 1.49ns
The critical path consists of the following:
	'sdiv' operation ('sdiv_ln1148', fishery-nets/code/src/guided-filter.cpp:114) [27]  (1.49 ns)

 <State 42>: 1.49ns
The critical path consists of the following:
	'sdiv' operation ('sdiv_ln1148', fishery-nets/code/src/guided-filter.cpp:114) [27]  (1.49 ns)

 <State 43>: 1.49ns
The critical path consists of the following:
	'sdiv' operation ('sdiv_ln1148', fishery-nets/code/src/guided-filter.cpp:114) [27]  (1.49 ns)

 <State 44>: 1.49ns
The critical path consists of the following:
	'sdiv' operation ('sdiv_ln1148', fishery-nets/code/src/guided-filter.cpp:114) [27]  (1.49 ns)

 <State 45>: 1.49ns
The critical path consists of the following:
	'sdiv' operation ('sdiv_ln1148', fishery-nets/code/src/guided-filter.cpp:114) [27]  (1.49 ns)

 <State 46>: 1.49ns
The critical path consists of the following:
	'sdiv' operation ('sdiv_ln1148', fishery-nets/code/src/guided-filter.cpp:114) [27]  (1.49 ns)

 <State 47>: 1.49ns
The critical path consists of the following:
	'sdiv' operation ('sdiv_ln1148', fishery-nets/code/src/guided-filter.cpp:114) [27]  (1.49 ns)

 <State 48>: 1.49ns
The critical path consists of the following:
	'sdiv' operation ('sdiv_ln1148', fishery-nets/code/src/guided-filter.cpp:114) [27]  (1.49 ns)

 <State 49>: 1.49ns
The critical path consists of the following:
	'sdiv' operation ('sdiv_ln1148', fishery-nets/code/src/guided-filter.cpp:114) [27]  (1.49 ns)

 <State 50>: 1.49ns
The critical path consists of the following:
	'sdiv' operation ('sdiv_ln1148', fishery-nets/code/src/guided-filter.cpp:114) [27]  (1.49 ns)

 <State 51>: 1.49ns
The critical path consists of the following:
	'sdiv' operation ('sdiv_ln1148', fishery-nets/code/src/guided-filter.cpp:114) [27]  (1.49 ns)

 <State 52>: 1.49ns
The critical path consists of the following:
	'sdiv' operation ('sdiv_ln1148', fishery-nets/code/src/guided-filter.cpp:114) [27]  (1.49 ns)

 <State 53>: 1.49ns
The critical path consists of the following:
	'sdiv' operation ('sdiv_ln1148', fishery-nets/code/src/guided-filter.cpp:114) [27]  (1.49 ns)

 <State 54>: 1.49ns
The critical path consists of the following:
	'sdiv' operation ('sdiv_ln1148', fishery-nets/code/src/guided-filter.cpp:114) [27]  (1.49 ns)

 <State 55>: 3.42ns
The critical path consists of the following:
	'mul' operation ('r.V', fishery-nets/code/src/guided-filter.cpp:117) [33]  (3.42 ns)

 <State 56>: 3.85ns
The critical path consists of the following:
	'add' operation ('ret.V', fishery-nets/code/src/guided-filter.cpp:117) [36]  (1.09 ns)
	'add' operation ('__Val2__', fishery-nets/code/src/guided-filter.cpp:117) [45]  (1.02 ns)
	'sub' operation ('sub_ln703', fishery-nets/code/src/guided-filter.cpp:118) [46]  (1.02 ns)
	'shl' operation ('shl_ln703', fishery-nets/code/src/guided-filter.cpp:118) [47]  (0 ns)
	'add' operation ('q.V', fishery-nets/code/src/guided-filter.cpp:118) [52]  (0.731 ns)

 <State 57>: 4.03ns
The critical path consists of the following:
	'shl' operation ('shl_ln703_3', fishery-nets/code/src/guided-filter.cpp:125) [53]  (0 ns)
	'add' operation ('q.V', fishery-nets/code/src/guided-filter.cpp:125) [56]  (0.731 ns)
	'icmp' operation ('icmp_ln851', fishery-nets/code/src/guided-filter.cpp:127) [60]  (1.1 ns)
	'select' operation ('select_ln851', fishery-nets/code/src/guided-filter.cpp:127) [62]  (0 ns)
	'select' operation ('tmp', fishery-nets/code/src/guided-filter.cpp:127) [63]  (0.357 ns)
	fifo write on port 'I_enhanced_data_stream_V' (C:/Xilinx/Vivado/2019.1/common/technology/autopilot/hls/hls_video_core.h:703->C:/Xilinx/Vivado/2019.1/common/technology/autopilot/hls/hls_video_core.h:717->fishery-nets/code/src/guided-filter.cpp:128) [66]  (1.84 ns)

 <State 58>: 0ns
The critical path consists of the following:


============================================================
+ Verbose Summary: Binding
============================================================
N/A
* FSMD analyzer results:
  - Output states:
 - Input state : 
  - Chain level:
	State 1
	State 2
	State 3
	State 4
	State 5
	State 6
	State 7
	State 8
	State 9
	State 10
	State 11
	State 12
	State 13
	State 14
	State 15
	State 16
	State 17
	State 18
	State 19
	State 20
	State 21
	State 22
	State 23
	State 24
	State 25
	State 26
	State 27
	State 28
	State 29
	State 30
	State 31
	State 32
	State 33
	State 34
	State 35
	State 36
	State 37
	State 38
	State 39
	State 40
	State 41
	State 42
	State 43
	State 44
	State 45
	State 46
	State 47
	State 48
	State 49
	State 50
	State 51
	State 52
	State 53
	State 54
	State 55
	State 56
	State 57
	State 58


============================================================
+ Verbose Summary: Datapath Resource usage 
============================================================
N/A
