

================================================================
== Vivado HLS Report for 'mat2gray'
================================================================
* Date:           Thu Jun  3 20:14:30 2021

* Version:        2019.1 (Build 2552052 on Fri May 24 15:28:33 MDT 2019)
* Project:        fishery-nets
* Solution:       solution1
* Product family: zynquplus
* Target device:  xczu9eg-ffvb1156-2-e


================================================================
== Performance Estimates
================================================================
+ Timing (ns): 
    * Summary: 
    +--------+-------+----------+------------+
    |  Clock | Target| Estimated| Uncertainty|
    +--------+-------+----------+------------+
    |ap_clk  |   5.00|     4.349|        0.63|
    +--------+-------+----------+------------+

+ Latency (clock cycles): 
    * Summary: 
    +--------+--------+--------+--------+---------+
    |     Latency     |     Interval    | Pipeline|
    |   min  |   max  |   min  |   max  |   Type  |
    +--------+--------+--------+--------+---------+
    |  129656|  129656|  129656|  129656|   none  |
    +--------+--------+--------+--------+---------+

    + Detail: 
        * Instance: 
        N/A

        * Loop: 
        +----------+--------+--------+----------+-----------+-----------+--------+----------+
        |          |     Latency     | Iteration|  Initiation Interval  |  Trip  |          |
        | Loop Name|   min  |   max  |  Latency |  achieved |   target  |  Count | Pipelined|
        +----------+--------+--------+----------+-----------+-----------+--------+----------+
        |- Loop 1  |  129654|  129654|        56|          1|          1|  129600|    yes   |
        +----------+--------+--------+----------+-----------+-----------+--------+----------+

============================================================
+ Verbose Summary: Synthesis Manager
============================================================
InlineROM: 1
ExposeGlobal: 0
============================================================
+ Verbose Summary: CDFG Model
============================================================
IsTopModel: 0
ResetActiveHigh: 1
IsCombinational: 2
IsDatapathOnly: 0
HasWiredReturn: 1
HasMFsm: 0
HasVarLatency: 1
IsPipeline: 0
IsRtlPipelined: 0
IsInstanceOverlapped: 0
IsDontTouch: 0
HasImplIP: 0
IsGatedGlobalClock: 0

+ Individual pipeline summary: 
  * Pipeline-0: initiation interval (II) = 1, depth = 56


============================================================
+ Verbose Summary: Schedule
============================================================
* Number of FSM states : 58
* Pipeline : 1
  Pipeline-0 : II = 1, D = 56, States = { 2 3 4 5 6 7 8 9 10 11 12 13 14 15 16 17 18 19 20 21 22 23 24 25 26 27 28 29 30 31 32 33 34 35 36 37 38 39 40 41 42 43 44 45 46 47 48 49 50 51 52 53 54 55 56 57 }
* Dataflow Pipeline: 0

* FSM state transitions: 
1 --> 2 
2 --> 58 3 
3 --> 4 
4 --> 5 
5 --> 6 
6 --> 7 
7 --> 8 
8 --> 9 
9 --> 10 
10 --> 11 
11 --> 12 
12 --> 13 
13 --> 14 
14 --> 15 
15 --> 16 
16 --> 17 
17 --> 18 
18 --> 19 
19 --> 20 
20 --> 21 
21 --> 22 
22 --> 23 
23 --> 24 
24 --> 25 
25 --> 26 
26 --> 27 
27 --> 28 
28 --> 29 
29 --> 30 
30 --> 31 
31 --> 32 
32 --> 33 
33 --> 34 
34 --> 35 
35 --> 36 
36 --> 37 
37 --> 38 
38 --> 39 
39 --> 40 
40 --> 41 
41 --> 42 
42 --> 43 
43 --> 44 
44 --> 45 
45 --> 46 
46 --> 47 
47 --> 48 
48 --> 49 
49 --> 50 
50 --> 51 
51 --> 52 
52 --> 53 
53 --> 54 
54 --> 55 
55 --> 56 
56 --> 57 
57 --> 2 
58 --> 

* FSM state operations: 

State 1 <SV = 0> <Delay = 2.85>
ST_1 : Operation 59 [1/1] (0.00ns)   --->   "call void (...)* @_ssdm_op_SpecInterface(i16* %M_data_stream_V, [8 x i8]* @ap_fifo_str, i32 0, i32 0, [1 x i8]* @p_str, i32 0, i32 0, [1 x i8]* @p_str, [1 x i8]* @p_str, [1 x i8]* @p_str, i32 2, i32 2, i32 16, i32 16, [1 x i8]* @p_str, [1 x i8]* @p_str)"   --->   Operation 59 'specinterface' <Predicate = true> <Delay = 0.00>
ST_1 : Operation 60 [1/1] (0.00ns)   --->   "call void (...)* @_ssdm_op_SpecInterface(i16* %I_data_stream_V, [8 x i8]* @ap_fifo_str, i32 0, i32 0, [1 x i8]* @p_str, i32 0, i32 0, [1 x i8]* @p_str, [1 x i8]* @p_str, [1 x i8]* @p_str, i32 2, i32 2, i32 16, i32 16, [1 x i8]* @p_str, [1 x i8]* @p_str)"   --->   Operation 60 'specinterface' <Predicate = true> <Delay = 0.00>
ST_1 : Operation 61 [1/1] (0.00ns)   --->   "call void (...)* @_ssdm_op_SpecInterface(i16* %min_value, [8 x i8]* @ap_fifo_str, i32 0, i32 0, [1 x i8]* @p_str, i32 0, i32 0, [1 x i8]* @p_str, [1 x i8]* @p_str, [1 x i8]* @p_str, i32 2, i32 2, i32 16, i32 16, [1 x i8]* @p_str, [11 x i8]* @ScalarProp_str)"   --->   Operation 61 'specinterface' <Predicate = true> <Delay = 0.00>
ST_1 : Operation 62 [1/1] (0.00ns)   --->   "call void (...)* @_ssdm_op_SpecInterface(i16* %max_value, [8 x i8]* @ap_fifo_str, i32 0, i32 0, [1 x i8]* @p_str, i32 0, i32 0, [1 x i8]* @p_str, [1 x i8]* @p_str, [1 x i8]* @p_str, i32 2, i32 2, i32 16, i32 16, [1 x i8]* @p_str, [11 x i8]* @ScalarProp_str)"   --->   Operation 62 'specinterface' <Predicate = true> <Delay = 0.00>
ST_1 : Operation 63 [1/1] (1.83ns)   --->   "%p_Val2_9 = call i16 @_ssdm_op_Read.ap_fifo.i16P(i16* %min_value)" [fishery-nets/code/src/core.cpp:63]   --->   Operation 63 'read' 'p_Val2_9' <Predicate = true> <Delay = 1.83> <Core = "FIFO">   --->   Core 32 'FIFO' <Latency = 0> <II = 1> <Delay = 1.83> <Storage> <Opcode : 'read' 'write' 'nbread' 'nbwrite'> <Ports = 0> <Width = 16> <Depth = 2> <FIFO>
ST_1 : Operation 64 [1/1] (1.83ns)   --->   "%p_Val2_s = call i16 @_ssdm_op_Read.ap_fifo.i16P(i16* %max_value)" [fishery-nets/code/src/core.cpp:63]   --->   Operation 64 'read' 'p_Val2_s' <Predicate = true> <Delay = 1.83> <Core = "FIFO">   --->   Core 32 'FIFO' <Latency = 0> <II = 1> <Delay = 1.83> <Storage> <Opcode : 'read' 'write' 'nbread' 'nbwrite'> <Ports = 0> <Width = 16> <Depth = 2> <FIFO>
ST_1 : Operation 65 [1/1] (0.00ns)   --->   "%max_V = call i32 @_ssdm_op_BitConcatenate.i32.i16.i16(i16 %p_Val2_s, i16 0)" [fishery-nets/code/src/extra-functions.cpp:78->fishery-nets/code/src/core.cpp:63]   --->   Operation 65 'bitconcatenate' 'max_V' <Predicate = true> <Delay = 0.00>
ST_1 : Operation 66 [1/1] (0.00ns)   --->   "%min_V = call i32 @_ssdm_op_BitConcatenate.i32.i16.i16(i16 %p_Val2_9, i16 0)" [fishery-nets/code/src/extra-functions.cpp:79->fishery-nets/code/src/core.cpp:63]   --->   Operation 66 'bitconcatenate' 'min_V' <Predicate = true> <Delay = 0.00>
ST_1 : Operation 67 [1/1] (0.00ns)   --->   "%rhs_V = sext i32 %min_V to i33" [fishery-nets/code/src/extra-functions.cpp:88->fishery-nets/code/src/core.cpp:63]   --->   Operation 67 'sext' 'rhs_V' <Predicate = true> <Delay = 0.00>
ST_1 : Operation 68 [1/1] (0.00ns)   --->   "%lhs_V_1 = sext i32 %max_V to i33" [fishery-nets/code/src/extra-functions.cpp:88->fishery-nets/code/src/core.cpp:63]   --->   Operation 68 'sext' 'lhs_V_1' <Predicate = true> <Delay = 0.00>
ST_1 : Operation 69 [1/1] (1.01ns)   --->   "%ret_V_6 = sub nsw i33 %lhs_V_1, %rhs_V" [fishery-nets/code/src/extra-functions.cpp:88->fishery-nets/code/src/core.cpp:63]   --->   Operation 69 'sub' 'ret_V_6' <Predicate = true> <Delay = 1.01> <Core = "AddSub">   --->   Core 14 'AddSub' <Latency = 0> <II = 1> <Delay = 1.01> <FuncUnit> <Opcode : 'add' 'sub'> <InPorts = 2> <OutPorts = 1>
ST_1 : Operation 70 [1/1] (0.00ns)   --->   "%sext_ln1148 = sext i33 %ret_V_6 to i49" [fishery-nets/code/src/extra-functions.cpp:88->fishery-nets/code/src/core.cpp:63]   --->   Operation 70 'sext' 'sext_ln1148' <Predicate = true> <Delay = 0.00>
ST_1 : Operation 71 [1/1] (0.65ns)   --->   "br label %.preheader.i.i" [fishery-nets/code/src/extra-functions.cpp:81->fishery-nets/code/src/core.cpp:63]   --->   Operation 71 'br' <Predicate = true> <Delay = 0.65>

State 2 <SV = 1> <Delay = 1.09>
ST_2 : Operation 72 [1/1] (0.00ns)   --->   "%indvar_flatten = phi i17 [ 0, %entry ], [ %add_ln887, %hls_label_3 ]" [fishery-nets/code/src/extra-functions.cpp:81->fishery-nets/code/src/core.cpp:63]   --->   Operation 72 'phi' 'indvar_flatten' <Predicate = true> <Delay = 0.00>
ST_2 : Operation 73 [1/1] (1.09ns)   --->   "%icmp_ln887 = icmp eq i17 %indvar_flatten, -1472" [fishery-nets/code/src/extra-functions.cpp:81->fishery-nets/code/src/core.cpp:63]   --->   Operation 73 'icmp' 'icmp_ln887' <Predicate = true> <Delay = 1.09> <Core = "Cmp">   --->   Core 25 'Cmp' <Latency = 0> <II = 1> <Delay = 1.10> <FuncUnit> <Opcode : 'icmp'> <InPorts = 2> <OutPorts = 1>
ST_2 : Operation 74 [1/1] (0.86ns)   --->   "%add_ln887 = add i17 %indvar_flatten, 1" [fishery-nets/code/src/extra-functions.cpp:81->fishery-nets/code/src/core.cpp:63]   --->   Operation 74 'add' 'add_ln887' <Predicate = true> <Delay = 0.86> <Core = "AddSub">   --->   Core 14 'AddSub' <Latency = 0> <II = 1> <Delay = 1.01> <FuncUnit> <Opcode : 'add' 'sub'> <InPorts = 2> <OutPorts = 1>
ST_2 : Operation 75 [1/1] (0.00ns)   --->   "br i1 %icmp_ln887, label %.exit, label %hls_label_3_begin" [fishery-nets/code/src/extra-functions.cpp:81->fishery-nets/code/src/core.cpp:63]   --->   Operation 75 'br' <Predicate = true> <Delay = 0.00>

State 3 <SV = 2> <Delay = 4.34>
ST_3 : Operation 76 [1/1] (0.00ns)   --->   "%tmp_47_i_i = call i32 (...)* @_ssdm_op_SpecRegionBegin([13 x i8]* @p_str15)" [C:/Xilinx/Vivado/2019.1/common/technology/autopilot/hls/hls_video_core.h:672->C:/Xilinx/Vivado/2019.1/common/technology/autopilot/hls/hls_video_core.h:711->fishery-nets/code/src/extra-functions.cpp:85->fishery-nets/code/src/core.cpp:63]   --->   Operation 76 'specregionbegin' 'tmp_47_i_i' <Predicate = (!icmp_ln887)> <Delay = 0.00>
ST_3 : Operation 77 [1/1] (0.00ns)   --->   "call void (...)* @_ssdm_op_SpecProtocol(i32 0, [1 x i8]* @p_str229) nounwind" [C:/Xilinx/Vivado/2019.1/common/technology/autopilot/hls/hls_video_core.h:676->C:/Xilinx/Vivado/2019.1/common/technology/autopilot/hls/hls_video_core.h:711->fishery-nets/code/src/extra-functions.cpp:85->fishery-nets/code/src/core.cpp:63]   --->   Operation 77 'specprotocol' <Predicate = (!icmp_ln887)> <Delay = 0.00>
ST_3 : Operation 78 [1/1] (1.83ns)   --->   "%tmp_24 = call i16 @_ssdm_op_Read.ap_fifo.volatile.i16P(i16* %M_data_stream_V)" [C:/Xilinx/Vivado/2019.1/common/technology/autopilot/hls/hls_video_core.h:679->C:/Xilinx/Vivado/2019.1/common/technology/autopilot/hls/hls_video_core.h:711->fishery-nets/code/src/extra-functions.cpp:85->fishery-nets/code/src/core.cpp:63]   --->   Operation 78 'read' 'tmp_24' <Predicate = (!icmp_ln887)> <Delay = 1.83> <Core = "FIFO">   --->   Core 32 'FIFO' <Latency = 0> <II = 1> <Delay = 1.83> <Storage> <Opcode : 'read' 'write' 'nbread' 'nbwrite'> <Ports = 0> <Width = 16> <Depth = 2> <FIFO>
ST_3 : Operation 79 [1/1] (0.00ns)   --->   "%empty_70 = call i32 (...)* @_ssdm_op_SpecRegionEnd([13 x i8]* @p_str15, i32 %tmp_47_i_i)" [C:/Xilinx/Vivado/2019.1/common/technology/autopilot/hls/hls_video_core.h:681->C:/Xilinx/Vivado/2019.1/common/technology/autopilot/hls/hls_video_core.h:711->fishery-nets/code/src/extra-functions.cpp:85->fishery-nets/code/src/core.cpp:63]   --->   Operation 79 'specregionend' 'empty_70' <Predicate = (!icmp_ln887)> <Delay = 0.00>
ST_3 : Operation 80 [1/1] (0.00ns)   --->   "%p_Val2_11 = call i32 @_ssdm_op_BitConcatenate.i32.i16.i16(i16 %tmp_24, i16 0)" [fishery-nets/code/src/extra-functions.cpp:86->fishery-nets/code/src/core.cpp:63]   --->   Operation 80 'bitconcatenate' 'p_Val2_11' <Predicate = (!icmp_ln887)> <Delay = 0.00>
ST_3 : Operation 81 [1/1] (0.99ns)   --->   "%icmp_ln87 = icmp slt i32 %p_Val2_11, %min_V" [fishery-nets/code/src/extra-functions.cpp:87->fishery-nets/code/src/core.cpp:63]   --->   Operation 81 'icmp' 'icmp_ln87' <Predicate = (!icmp_ln887)> <Delay = 0.99> <Core = "Cmp">   --->   Core 25 'Cmp' <Latency = 0> <II = 1> <Delay = 1.10> <FuncUnit> <Opcode : 'icmp'> <InPorts = 2> <OutPorts = 1>
ST_3 : Operation 82 [1/1] (0.00ns) (grouped into LUT with out node and_ln87)   --->   "%xor_ln87 = xor i1 %icmp_ln87, true" [fishery-nets/code/src/extra-functions.cpp:87->fishery-nets/code/src/core.cpp:63]   --->   Operation 82 'xor' 'xor_ln87' <Predicate = (!icmp_ln887)> <Delay = 0.00> <Core = "LogicGate">   --->   Core 27 'LogicGate' <Latency = 0> <II = 1> <Delay = 0.28> <FuncUnit> <Opcode : 'and' 'or' 'xor'> <InPorts = 2> <OutPorts = 1>
ST_3 : Operation 83 [1/1] (0.99ns)   --->   "%icmp_ln1495 = icmp slt i32 %p_Val2_11, %max_V" [fishery-nets/code/src/extra-functions.cpp:87->fishery-nets/code/src/core.cpp:63]   --->   Operation 83 'icmp' 'icmp_ln1495' <Predicate = (!icmp_ln887)> <Delay = 0.99> <Core = "Cmp">   --->   Core 25 'Cmp' <Latency = 0> <II = 1> <Delay = 1.10> <FuncUnit> <Opcode : 'icmp'> <InPorts = 2> <OutPorts = 1>
ST_3 : Operation 84 [1/1] (0.28ns) (out node of the LUT)   --->   "%and_ln87 = and i1 %xor_ln87, %icmp_ln1495" [fishery-nets/code/src/extra-functions.cpp:87->fishery-nets/code/src/core.cpp:63]   --->   Operation 84 'and' 'and_ln87' <Predicate = (!icmp_ln887)> <Delay = 0.28> <Core = "LogicGate">   --->   Core 27 'LogicGate' <Latency = 0> <II = 1> <Delay = 0.28> <FuncUnit> <Opcode : 'and' 'or' 'xor'> <InPorts = 2> <OutPorts = 1>
ST_3 : Operation 85 [1/1] (0.65ns)   --->   "br i1 %and_ln87, label %_ZN13ap_fixed_baseILi33ELi17ELb1EL9ap_q_mode5EL9ap_o_mode3ELi0EEC1ILi32ELi16ELb1ELS0_4ELS1_3ELi0EEERKS_IXT_EXT0_EXT1_EXT2_EXT3_EXT4_EE.exit9.i56.i.i, label %hls_label_3" [fishery-nets/code/src/extra-functions.cpp:87->fishery-nets/code/src/core.cpp:63]   --->   Operation 85 'br' <Predicate = (!icmp_ln887)> <Delay = 0.65>
ST_3 : Operation 86 [1/1] (0.00ns)   --->   "%lhs_V = sext i32 %p_Val2_11 to i33" [fishery-nets/code/src/extra-functions.cpp:88->fishery-nets/code/src/core.cpp:63]   --->   Operation 86 'sext' 'lhs_V' <Predicate = (!icmp_ln887 & and_ln87)> <Delay = 0.00>
ST_3 : Operation 87 [1/1] (1.01ns)   --->   "%ret_V_8 = sub nsw i33 %lhs_V, %rhs_V" [fishery-nets/code/src/extra-functions.cpp:88->fishery-nets/code/src/core.cpp:63]   --->   Operation 87 'sub' 'ret_V_8' <Predicate = (!icmp_ln887 & and_ln87)> <Delay = 1.01> <Core = "AddSub">   --->   Core 14 'AddSub' <Latency = 0> <II = 1> <Delay = 1.01> <FuncUnit> <Opcode : 'add' 'sub'> <InPorts = 2> <OutPorts = 1>
ST_3 : Operation 88 [1/1] (0.00ns)   --->   "%t_V = call i49 @_ssdm_op_BitConcatenate.i49.i33.i16(i33 %ret_V_8, i16 0)" [fishery-nets/code/src/extra-functions.cpp:88->fishery-nets/code/src/core.cpp:63]   --->   Operation 88 'bitconcatenate' 't_V' <Predicate = (!icmp_ln887 & and_ln87)> <Delay = 0.00>
ST_3 : Operation 89 [53/53] (1.49ns)   --->   "%sdiv_ln1148 = sdiv i49 %t_V, %sext_ln1148" [fishery-nets/code/src/extra-functions.cpp:88->fishery-nets/code/src/core.cpp:63]   --->   Operation 89 'sdiv' 'sdiv_ln1148' <Predicate = (!icmp_ln887 & and_ln87)> <Delay = 1.49> <Core = "DivnS">   --->   Core 23 'DivnS' <Latency = 52> <II = 1> <Delay = 1.49> <FuncUnit> <Opcode : 'sdiv' 'srem' 'udiv' 'urem'> <InPorts = 2> <OutPorts = 1>

State 4 <SV = 3> <Delay = 1.49>
ST_4 : Operation 90 [52/53] (1.49ns)   --->   "%sdiv_ln1148 = sdiv i49 %t_V, %sext_ln1148" [fishery-nets/code/src/extra-functions.cpp:88->fishery-nets/code/src/core.cpp:63]   --->   Operation 90 'sdiv' 'sdiv_ln1148' <Predicate = (!icmp_ln887 & and_ln87)> <Delay = 1.49> <Core = "DivnS">   --->   Core 23 'DivnS' <Latency = 52> <II = 1> <Delay = 1.49> <FuncUnit> <Opcode : 'sdiv' 'srem' 'udiv' 'urem'> <InPorts = 2> <OutPorts = 1>

State 5 <SV = 4> <Delay = 1.49>
ST_5 : Operation 91 [51/53] (1.49ns)   --->   "%sdiv_ln1148 = sdiv i49 %t_V, %sext_ln1148" [fishery-nets/code/src/extra-functions.cpp:88->fishery-nets/code/src/core.cpp:63]   --->   Operation 91 'sdiv' 'sdiv_ln1148' <Predicate = (!icmp_ln887 & and_ln87)> <Delay = 1.49> <Core = "DivnS">   --->   Core 23 'DivnS' <Latency = 52> <II = 1> <Delay = 1.49> <FuncUnit> <Opcode : 'sdiv' 'srem' 'udiv' 'urem'> <InPorts = 2> <OutPorts = 1>

State 6 <SV = 5> <Delay = 1.49>
ST_6 : Operation 92 [50/53] (1.49ns)   --->   "%sdiv_ln1148 = sdiv i49 %t_V, %sext_ln1148" [fishery-nets/code/src/extra-functions.cpp:88->fishery-nets/code/src/core.cpp:63]   --->   Operation 92 'sdiv' 'sdiv_ln1148' <Predicate = (!icmp_ln887 & and_ln87)> <Delay = 1.49> <Core = "DivnS">   --->   Core 23 'DivnS' <Latency = 52> <II = 1> <Delay = 1.49> <FuncUnit> <Opcode : 'sdiv' 'srem' 'udiv' 'urem'> <InPorts = 2> <OutPorts = 1>

State 7 <SV = 6> <Delay = 1.49>
ST_7 : Operation 93 [49/53] (1.49ns)   --->   "%sdiv_ln1148 = sdiv i49 %t_V, %sext_ln1148" [fishery-nets/code/src/extra-functions.cpp:88->fishery-nets/code/src/core.cpp:63]   --->   Operation 93 'sdiv' 'sdiv_ln1148' <Predicate = (!icmp_ln887 & and_ln87)> <Delay = 1.49> <Core = "DivnS">   --->   Core 23 'DivnS' <Latency = 52> <II = 1> <Delay = 1.49> <FuncUnit> <Opcode : 'sdiv' 'srem' 'udiv' 'urem'> <InPorts = 2> <OutPorts = 1>

State 8 <SV = 7> <Delay = 1.49>
ST_8 : Operation 94 [48/53] (1.49ns)   --->   "%sdiv_ln1148 = sdiv i49 %t_V, %sext_ln1148" [fishery-nets/code/src/extra-functions.cpp:88->fishery-nets/code/src/core.cpp:63]   --->   Operation 94 'sdiv' 'sdiv_ln1148' <Predicate = (!icmp_ln887 & and_ln87)> <Delay = 1.49> <Core = "DivnS">   --->   Core 23 'DivnS' <Latency = 52> <II = 1> <Delay = 1.49> <FuncUnit> <Opcode : 'sdiv' 'srem' 'udiv' 'urem'> <InPorts = 2> <OutPorts = 1>

State 9 <SV = 8> <Delay = 1.49>
ST_9 : Operation 95 [47/53] (1.49ns)   --->   "%sdiv_ln1148 = sdiv i49 %t_V, %sext_ln1148" [fishery-nets/code/src/extra-functions.cpp:88->fishery-nets/code/src/core.cpp:63]   --->   Operation 95 'sdiv' 'sdiv_ln1148' <Predicate = (!icmp_ln887 & and_ln87)> <Delay = 1.49> <Core = "DivnS">   --->   Core 23 'DivnS' <Latency = 52> <II = 1> <Delay = 1.49> <FuncUnit> <Opcode : 'sdiv' 'srem' 'udiv' 'urem'> <InPorts = 2> <OutPorts = 1>

State 10 <SV = 9> <Delay = 1.49>
ST_10 : Operation 96 [46/53] (1.49ns)   --->   "%sdiv_ln1148 = sdiv i49 %t_V, %sext_ln1148" [fishery-nets/code/src/extra-functions.cpp:88->fishery-nets/code/src/core.cpp:63]   --->   Operation 96 'sdiv' 'sdiv_ln1148' <Predicate = (!icmp_ln887 & and_ln87)> <Delay = 1.49> <Core = "DivnS">   --->   Core 23 'DivnS' <Latency = 52> <II = 1> <Delay = 1.49> <FuncUnit> <Opcode : 'sdiv' 'srem' 'udiv' 'urem'> <InPorts = 2> <OutPorts = 1>

State 11 <SV = 10> <Delay = 1.49>
ST_11 : Operation 97 [45/53] (1.49ns)   --->   "%sdiv_ln1148 = sdiv i49 %t_V, %sext_ln1148" [fishery-nets/code/src/extra-functions.cpp:88->fishery-nets/code/src/core.cpp:63]   --->   Operation 97 'sdiv' 'sdiv_ln1148' <Predicate = (!icmp_ln887 & and_ln87)> <Delay = 1.49> <Core = "DivnS">   --->   Core 23 'DivnS' <Latency = 52> <II = 1> <Delay = 1.49> <FuncUnit> <Opcode : 'sdiv' 'srem' 'udiv' 'urem'> <InPorts = 2> <OutPorts = 1>

State 12 <SV = 11> <Delay = 1.49>
ST_12 : Operation 98 [44/53] (1.49ns)   --->   "%sdiv_ln1148 = sdiv i49 %t_V, %sext_ln1148" [fishery-nets/code/src/extra-functions.cpp:88->fishery-nets/code/src/core.cpp:63]   --->   Operation 98 'sdiv' 'sdiv_ln1148' <Predicate = (!icmp_ln887 & and_ln87)> <Delay = 1.49> <Core = "DivnS">   --->   Core 23 'DivnS' <Latency = 52> <II = 1> <Delay = 1.49> <FuncUnit> <Opcode : 'sdiv' 'srem' 'udiv' 'urem'> <InPorts = 2> <OutPorts = 1>

State 13 <SV = 12> <Delay = 1.49>
ST_13 : Operation 99 [43/53] (1.49ns)   --->   "%sdiv_ln1148 = sdiv i49 %t_V, %sext_ln1148" [fishery-nets/code/src/extra-functions.cpp:88->fishery-nets/code/src/core.cpp:63]   --->   Operation 99 'sdiv' 'sdiv_ln1148' <Predicate = (!icmp_ln887 & and_ln87)> <Delay = 1.49> <Core = "DivnS">   --->   Core 23 'DivnS' <Latency = 52> <II = 1> <Delay = 1.49> <FuncUnit> <Opcode : 'sdiv' 'srem' 'udiv' 'urem'> <InPorts = 2> <OutPorts = 1>

State 14 <SV = 13> <Delay = 1.49>
ST_14 : Operation 100 [42/53] (1.49ns)   --->   "%sdiv_ln1148 = sdiv i49 %t_V, %sext_ln1148" [fishery-nets/code/src/extra-functions.cpp:88->fishery-nets/code/src/core.cpp:63]   --->   Operation 100 'sdiv' 'sdiv_ln1148' <Predicate = (!icmp_ln887 & and_ln87)> <Delay = 1.49> <Core = "DivnS">   --->   Core 23 'DivnS' <Latency = 52> <II = 1> <Delay = 1.49> <FuncUnit> <Opcode : 'sdiv' 'srem' 'udiv' 'urem'> <InPorts = 2> <OutPorts = 1>

State 15 <SV = 14> <Delay = 1.49>
ST_15 : Operation 101 [41/53] (1.49ns)   --->   "%sdiv_ln1148 = sdiv i49 %t_V, %sext_ln1148" [fishery-nets/code/src/extra-functions.cpp:88->fishery-nets/code/src/core.cpp:63]   --->   Operation 101 'sdiv' 'sdiv_ln1148' <Predicate = (!icmp_ln887 & and_ln87)> <Delay = 1.49> <Core = "DivnS">   --->   Core 23 'DivnS' <Latency = 52> <II = 1> <Delay = 1.49> <FuncUnit> <Opcode : 'sdiv' 'srem' 'udiv' 'urem'> <InPorts = 2> <OutPorts = 1>

State 16 <SV = 15> <Delay = 1.49>
ST_16 : Operation 102 [40/53] (1.49ns)   --->   "%sdiv_ln1148 = sdiv i49 %t_V, %sext_ln1148" [fishery-nets/code/src/extra-functions.cpp:88->fishery-nets/code/src/core.cpp:63]   --->   Operation 102 'sdiv' 'sdiv_ln1148' <Predicate = (!icmp_ln887 & and_ln87)> <Delay = 1.49> <Core = "DivnS">   --->   Core 23 'DivnS' <Latency = 52> <II = 1> <Delay = 1.49> <FuncUnit> <Opcode : 'sdiv' 'srem' 'udiv' 'urem'> <InPorts = 2> <OutPorts = 1>

State 17 <SV = 16> <Delay = 1.49>
ST_17 : Operation 103 [39/53] (1.49ns)   --->   "%sdiv_ln1148 = sdiv i49 %t_V, %sext_ln1148" [fishery-nets/code/src/extra-functions.cpp:88->fishery-nets/code/src/core.cpp:63]   --->   Operation 103 'sdiv' 'sdiv_ln1148' <Predicate = (!icmp_ln887 & and_ln87)> <Delay = 1.49> <Core = "DivnS">   --->   Core 23 'DivnS' <Latency = 52> <II = 1> <Delay = 1.49> <FuncUnit> <Opcode : 'sdiv' 'srem' 'udiv' 'urem'> <InPorts = 2> <OutPorts = 1>

State 18 <SV = 17> <Delay = 1.49>
ST_18 : Operation 104 [38/53] (1.49ns)   --->   "%sdiv_ln1148 = sdiv i49 %t_V, %sext_ln1148" [fishery-nets/code/src/extra-functions.cpp:88->fishery-nets/code/src/core.cpp:63]   --->   Operation 104 'sdiv' 'sdiv_ln1148' <Predicate = (!icmp_ln887 & and_ln87)> <Delay = 1.49> <Core = "DivnS">   --->   Core 23 'DivnS' <Latency = 52> <II = 1> <Delay = 1.49> <FuncUnit> <Opcode : 'sdiv' 'srem' 'udiv' 'urem'> <InPorts = 2> <OutPorts = 1>

State 19 <SV = 18> <Delay = 1.49>
ST_19 : Operation 105 [37/53] (1.49ns)   --->   "%sdiv_ln1148 = sdiv i49 %t_V, %sext_ln1148" [fishery-nets/code/src/extra-functions.cpp:88->fishery-nets/code/src/core.cpp:63]   --->   Operation 105 'sdiv' 'sdiv_ln1148' <Predicate = (!icmp_ln887 & and_ln87)> <Delay = 1.49> <Core = "DivnS">   --->   Core 23 'DivnS' <Latency = 52> <II = 1> <Delay = 1.49> <FuncUnit> <Opcode : 'sdiv' 'srem' 'udiv' 'urem'> <InPorts = 2> <OutPorts = 1>

State 20 <SV = 19> <Delay = 1.49>
ST_20 : Operation 106 [36/53] (1.49ns)   --->   "%sdiv_ln1148 = sdiv i49 %t_V, %sext_ln1148" [fishery-nets/code/src/extra-functions.cpp:88->fishery-nets/code/src/core.cpp:63]   --->   Operation 106 'sdiv' 'sdiv_ln1148' <Predicate = (!icmp_ln887 & and_ln87)> <Delay = 1.49> <Core = "DivnS">   --->   Core 23 'DivnS' <Latency = 52> <II = 1> <Delay = 1.49> <FuncUnit> <Opcode : 'sdiv' 'srem' 'udiv' 'urem'> <InPorts = 2> <OutPorts = 1>

State 21 <SV = 20> <Delay = 1.49>
ST_21 : Operation 107 [35/53] (1.49ns)   --->   "%sdiv_ln1148 = sdiv i49 %t_V, %sext_ln1148" [fishery-nets/code/src/extra-functions.cpp:88->fishery-nets/code/src/core.cpp:63]   --->   Operation 107 'sdiv' 'sdiv_ln1148' <Predicate = (!icmp_ln887 & and_ln87)> <Delay = 1.49> <Core = "DivnS">   --->   Core 23 'DivnS' <Latency = 52> <II = 1> <Delay = 1.49> <FuncUnit> <Opcode : 'sdiv' 'srem' 'udiv' 'urem'> <InPorts = 2> <OutPorts = 1>

State 22 <SV = 21> <Delay = 1.49>
ST_22 : Operation 108 [34/53] (1.49ns)   --->   "%sdiv_ln1148 = sdiv i49 %t_V, %sext_ln1148" [fishery-nets/code/src/extra-functions.cpp:88->fishery-nets/code/src/core.cpp:63]   --->   Operation 108 'sdiv' 'sdiv_ln1148' <Predicate = (!icmp_ln887 & and_ln87)> <Delay = 1.49> <Core = "DivnS">   --->   Core 23 'DivnS' <Latency = 52> <II = 1> <Delay = 1.49> <FuncUnit> <Opcode : 'sdiv' 'srem' 'udiv' 'urem'> <InPorts = 2> <OutPorts = 1>

State 23 <SV = 22> <Delay = 1.49>
ST_23 : Operation 109 [33/53] (1.49ns)   --->   "%sdiv_ln1148 = sdiv i49 %t_V, %sext_ln1148" [fishery-nets/code/src/extra-functions.cpp:88->fishery-nets/code/src/core.cpp:63]   --->   Operation 109 'sdiv' 'sdiv_ln1148' <Predicate = (!icmp_ln887 & and_ln87)> <Delay = 1.49> <Core = "DivnS">   --->   Core 23 'DivnS' <Latency = 52> <II = 1> <Delay = 1.49> <FuncUnit> <Opcode : 'sdiv' 'srem' 'udiv' 'urem'> <InPorts = 2> <OutPorts = 1>

State 24 <SV = 23> <Delay = 1.49>
ST_24 : Operation 110 [32/53] (1.49ns)   --->   "%sdiv_ln1148 = sdiv i49 %t_V, %sext_ln1148" [fishery-nets/code/src/extra-functions.cpp:88->fishery-nets/code/src/core.cpp:63]   --->   Operation 110 'sdiv' 'sdiv_ln1148' <Predicate = (!icmp_ln887 & and_ln87)> <Delay = 1.49> <Core = "DivnS">   --->   Core 23 'DivnS' <Latency = 52> <II = 1> <Delay = 1.49> <FuncUnit> <Opcode : 'sdiv' 'srem' 'udiv' 'urem'> <InPorts = 2> <OutPorts = 1>

State 25 <SV = 24> <Delay = 1.49>
ST_25 : Operation 111 [31/53] (1.49ns)   --->   "%sdiv_ln1148 = sdiv i49 %t_V, %sext_ln1148" [fishery-nets/code/src/extra-functions.cpp:88->fishery-nets/code/src/core.cpp:63]   --->   Operation 111 'sdiv' 'sdiv_ln1148' <Predicate = (!icmp_ln887 & and_ln87)> <Delay = 1.49> <Core = "DivnS">   --->   Core 23 'DivnS' <Latency = 52> <II = 1> <Delay = 1.49> <FuncUnit> <Opcode : 'sdiv' 'srem' 'udiv' 'urem'> <InPorts = 2> <OutPorts = 1>

State 26 <SV = 25> <Delay = 1.49>
ST_26 : Operation 112 [30/53] (1.49ns)   --->   "%sdiv_ln1148 = sdiv i49 %t_V, %sext_ln1148" [fishery-nets/code/src/extra-functions.cpp:88->fishery-nets/code/src/core.cpp:63]   --->   Operation 112 'sdiv' 'sdiv_ln1148' <Predicate = (!icmp_ln887 & and_ln87)> <Delay = 1.49> <Core = "DivnS">   --->   Core 23 'DivnS' <Latency = 52> <II = 1> <Delay = 1.49> <FuncUnit> <Opcode : 'sdiv' 'srem' 'udiv' 'urem'> <InPorts = 2> <OutPorts = 1>

State 27 <SV = 26> <Delay = 1.49>
ST_27 : Operation 113 [29/53] (1.49ns)   --->   "%sdiv_ln1148 = sdiv i49 %t_V, %sext_ln1148" [fishery-nets/code/src/extra-functions.cpp:88->fishery-nets/code/src/core.cpp:63]   --->   Operation 113 'sdiv' 'sdiv_ln1148' <Predicate = (!icmp_ln887 & and_ln87)> <Delay = 1.49> <Core = "DivnS">   --->   Core 23 'DivnS' <Latency = 52> <II = 1> <Delay = 1.49> <FuncUnit> <Opcode : 'sdiv' 'srem' 'udiv' 'urem'> <InPorts = 2> <OutPorts = 1>

State 28 <SV = 27> <Delay = 1.49>
ST_28 : Operation 114 [28/53] (1.49ns)   --->   "%sdiv_ln1148 = sdiv i49 %t_V, %sext_ln1148" [fishery-nets/code/src/extra-functions.cpp:88->fishery-nets/code/src/core.cpp:63]   --->   Operation 114 'sdiv' 'sdiv_ln1148' <Predicate = (!icmp_ln887 & and_ln87)> <Delay = 1.49> <Core = "DivnS">   --->   Core 23 'DivnS' <Latency = 52> <II = 1> <Delay = 1.49> <FuncUnit> <Opcode : 'sdiv' 'srem' 'udiv' 'urem'> <InPorts = 2> <OutPorts = 1>

State 29 <SV = 28> <Delay = 1.49>
ST_29 : Operation 115 [27/53] (1.49ns)   --->   "%sdiv_ln1148 = sdiv i49 %t_V, %sext_ln1148" [fishery-nets/code/src/extra-functions.cpp:88->fishery-nets/code/src/core.cpp:63]   --->   Operation 115 'sdiv' 'sdiv_ln1148' <Predicate = (!icmp_ln887 & and_ln87)> <Delay = 1.49> <Core = "DivnS">   --->   Core 23 'DivnS' <Latency = 52> <II = 1> <Delay = 1.49> <FuncUnit> <Opcode : 'sdiv' 'srem' 'udiv' 'urem'> <InPorts = 2> <OutPorts = 1>

State 30 <SV = 29> <Delay = 1.49>
ST_30 : Operation 116 [26/53] (1.49ns)   --->   "%sdiv_ln1148 = sdiv i49 %t_V, %sext_ln1148" [fishery-nets/code/src/extra-functions.cpp:88->fishery-nets/code/src/core.cpp:63]   --->   Operation 116 'sdiv' 'sdiv_ln1148' <Predicate = (!icmp_ln887 & and_ln87)> <Delay = 1.49> <Core = "DivnS">   --->   Core 23 'DivnS' <Latency = 52> <II = 1> <Delay = 1.49> <FuncUnit> <Opcode : 'sdiv' 'srem' 'udiv' 'urem'> <InPorts = 2> <OutPorts = 1>

State 31 <SV = 30> <Delay = 1.49>
ST_31 : Operation 117 [25/53] (1.49ns)   --->   "%sdiv_ln1148 = sdiv i49 %t_V, %sext_ln1148" [fishery-nets/code/src/extra-functions.cpp:88->fishery-nets/code/src/core.cpp:63]   --->   Operation 117 'sdiv' 'sdiv_ln1148' <Predicate = (!icmp_ln887 & and_ln87)> <Delay = 1.49> <Core = "DivnS">   --->   Core 23 'DivnS' <Latency = 52> <II = 1> <Delay = 1.49> <FuncUnit> <Opcode : 'sdiv' 'srem' 'udiv' 'urem'> <InPorts = 2> <OutPorts = 1>

State 32 <SV = 31> <Delay = 1.49>
ST_32 : Operation 118 [24/53] (1.49ns)   --->   "%sdiv_ln1148 = sdiv i49 %t_V, %sext_ln1148" [fishery-nets/code/src/extra-functions.cpp:88->fishery-nets/code/src/core.cpp:63]   --->   Operation 118 'sdiv' 'sdiv_ln1148' <Predicate = (!icmp_ln887 & and_ln87)> <Delay = 1.49> <Core = "DivnS">   --->   Core 23 'DivnS' <Latency = 52> <II = 1> <Delay = 1.49> <FuncUnit> <Opcode : 'sdiv' 'srem' 'udiv' 'urem'> <InPorts = 2> <OutPorts = 1>

State 33 <SV = 32> <Delay = 1.49>
ST_33 : Operation 119 [23/53] (1.49ns)   --->   "%sdiv_ln1148 = sdiv i49 %t_V, %sext_ln1148" [fishery-nets/code/src/extra-functions.cpp:88->fishery-nets/code/src/core.cpp:63]   --->   Operation 119 'sdiv' 'sdiv_ln1148' <Predicate = (!icmp_ln887 & and_ln87)> <Delay = 1.49> <Core = "DivnS">   --->   Core 23 'DivnS' <Latency = 52> <II = 1> <Delay = 1.49> <FuncUnit> <Opcode : 'sdiv' 'srem' 'udiv' 'urem'> <InPorts = 2> <OutPorts = 1>

State 34 <SV = 33> <Delay = 1.49>
ST_34 : Operation 120 [22/53] (1.49ns)   --->   "%sdiv_ln1148 = sdiv i49 %t_V, %sext_ln1148" [fishery-nets/code/src/extra-functions.cpp:88->fishery-nets/code/src/core.cpp:63]   --->   Operation 120 'sdiv' 'sdiv_ln1148' <Predicate = (!icmp_ln887 & and_ln87)> <Delay = 1.49> <Core = "DivnS">   --->   Core 23 'DivnS' <Latency = 52> <II = 1> <Delay = 1.49> <FuncUnit> <Opcode : 'sdiv' 'srem' 'udiv' 'urem'> <InPorts = 2> <OutPorts = 1>

State 35 <SV = 34> <Delay = 1.49>
ST_35 : Operation 121 [21/53] (1.49ns)   --->   "%sdiv_ln1148 = sdiv i49 %t_V, %sext_ln1148" [fishery-nets/code/src/extra-functions.cpp:88->fishery-nets/code/src/core.cpp:63]   --->   Operation 121 'sdiv' 'sdiv_ln1148' <Predicate = (!icmp_ln887 & and_ln87)> <Delay = 1.49> <Core = "DivnS">   --->   Core 23 'DivnS' <Latency = 52> <II = 1> <Delay = 1.49> <FuncUnit> <Opcode : 'sdiv' 'srem' 'udiv' 'urem'> <InPorts = 2> <OutPorts = 1>

State 36 <SV = 35> <Delay = 1.49>
ST_36 : Operation 122 [20/53] (1.49ns)   --->   "%sdiv_ln1148 = sdiv i49 %t_V, %sext_ln1148" [fishery-nets/code/src/extra-functions.cpp:88->fishery-nets/code/src/core.cpp:63]   --->   Operation 122 'sdiv' 'sdiv_ln1148' <Predicate = (!icmp_ln887 & and_ln87)> <Delay = 1.49> <Core = "DivnS">   --->   Core 23 'DivnS' <Latency = 52> <II = 1> <Delay = 1.49> <FuncUnit> <Opcode : 'sdiv' 'srem' 'udiv' 'urem'> <InPorts = 2> <OutPorts = 1>

State 37 <SV = 36> <Delay = 1.49>
ST_37 : Operation 123 [19/53] (1.49ns)   --->   "%sdiv_ln1148 = sdiv i49 %t_V, %sext_ln1148" [fishery-nets/code/src/extra-functions.cpp:88->fishery-nets/code/src/core.cpp:63]   --->   Operation 123 'sdiv' 'sdiv_ln1148' <Predicate = (!icmp_ln887 & and_ln87)> <Delay = 1.49> <Core = "DivnS">   --->   Core 23 'DivnS' <Latency = 52> <II = 1> <Delay = 1.49> <FuncUnit> <Opcode : 'sdiv' 'srem' 'udiv' 'urem'> <InPorts = 2> <OutPorts = 1>

State 38 <SV = 37> <Delay = 1.49>
ST_38 : Operation 124 [18/53] (1.49ns)   --->   "%sdiv_ln1148 = sdiv i49 %t_V, %sext_ln1148" [fishery-nets/code/src/extra-functions.cpp:88->fishery-nets/code/src/core.cpp:63]   --->   Operation 124 'sdiv' 'sdiv_ln1148' <Predicate = (!icmp_ln887 & and_ln87)> <Delay = 1.49> <Core = "DivnS">   --->   Core 23 'DivnS' <Latency = 52> <II = 1> <Delay = 1.49> <FuncUnit> <Opcode : 'sdiv' 'srem' 'udiv' 'urem'> <InPorts = 2> <OutPorts = 1>

State 39 <SV = 38> <Delay = 1.49>
ST_39 : Operation 125 [17/53] (1.49ns)   --->   "%sdiv_ln1148 = sdiv i49 %t_V, %sext_ln1148" [fishery-nets/code/src/extra-functions.cpp:88->fishery-nets/code/src/core.cpp:63]   --->   Operation 125 'sdiv' 'sdiv_ln1148' <Predicate = (!icmp_ln887 & and_ln87)> <Delay = 1.49> <Core = "DivnS">   --->   Core 23 'DivnS' <Latency = 52> <II = 1> <Delay = 1.49> <FuncUnit> <Opcode : 'sdiv' 'srem' 'udiv' 'urem'> <InPorts = 2> <OutPorts = 1>

State 40 <SV = 39> <Delay = 1.49>
ST_40 : Operation 126 [16/53] (1.49ns)   --->   "%sdiv_ln1148 = sdiv i49 %t_V, %sext_ln1148" [fishery-nets/code/src/extra-functions.cpp:88->fishery-nets/code/src/core.cpp:63]   --->   Operation 126 'sdiv' 'sdiv_ln1148' <Predicate = (!icmp_ln887 & and_ln87)> <Delay = 1.49> <Core = "DivnS">   --->   Core 23 'DivnS' <Latency = 52> <II = 1> <Delay = 1.49> <FuncUnit> <Opcode : 'sdiv' 'srem' 'udiv' 'urem'> <InPorts = 2> <OutPorts = 1>

State 41 <SV = 40> <Delay = 1.49>
ST_41 : Operation 127 [15/53] (1.49ns)   --->   "%sdiv_ln1148 = sdiv i49 %t_V, %sext_ln1148" [fishery-nets/code/src/extra-functions.cpp:88->fishery-nets/code/src/core.cpp:63]   --->   Operation 127 'sdiv' 'sdiv_ln1148' <Predicate = (!icmp_ln887 & and_ln87)> <Delay = 1.49> <Core = "DivnS">   --->   Core 23 'DivnS' <Latency = 52> <II = 1> <Delay = 1.49> <FuncUnit> <Opcode : 'sdiv' 'srem' 'udiv' 'urem'> <InPorts = 2> <OutPorts = 1>

State 42 <SV = 41> <Delay = 1.49>
ST_42 : Operation 128 [14/53] (1.49ns)   --->   "%sdiv_ln1148 = sdiv i49 %t_V, %sext_ln1148" [fishery-nets/code/src/extra-functions.cpp:88->fishery-nets/code/src/core.cpp:63]   --->   Operation 128 'sdiv' 'sdiv_ln1148' <Predicate = (!icmp_ln887 & and_ln87)> <Delay = 1.49> <Core = "DivnS">   --->   Core 23 'DivnS' <Latency = 52> <II = 1> <Delay = 1.49> <FuncUnit> <Opcode : 'sdiv' 'srem' 'udiv' 'urem'> <InPorts = 2> <OutPorts = 1>

State 43 <SV = 42> <Delay = 1.49>
ST_43 : Operation 129 [13/53] (1.49ns)   --->   "%sdiv_ln1148 = sdiv i49 %t_V, %sext_ln1148" [fishery-nets/code/src/extra-functions.cpp:88->fishery-nets/code/src/core.cpp:63]   --->   Operation 129 'sdiv' 'sdiv_ln1148' <Predicate = (!icmp_ln887 & and_ln87)> <Delay = 1.49> <Core = "DivnS">   --->   Core 23 'DivnS' <Latency = 52> <II = 1> <Delay = 1.49> <FuncUnit> <Opcode : 'sdiv' 'srem' 'udiv' 'urem'> <InPorts = 2> <OutPorts = 1>

State 44 <SV = 43> <Delay = 1.49>
ST_44 : Operation 130 [12/53] (1.49ns)   --->   "%sdiv_ln1148 = sdiv i49 %t_V, %sext_ln1148" [fishery-nets/code/src/extra-functions.cpp:88->fishery-nets/code/src/core.cpp:63]   --->   Operation 130 'sdiv' 'sdiv_ln1148' <Predicate = (!icmp_ln887 & and_ln87)> <Delay = 1.49> <Core = "DivnS">   --->   Core 23 'DivnS' <Latency = 52> <II = 1> <Delay = 1.49> <FuncUnit> <Opcode : 'sdiv' 'srem' 'udiv' 'urem'> <InPorts = 2> <OutPorts = 1>

State 45 <SV = 44> <Delay = 1.49>
ST_45 : Operation 131 [11/53] (1.49ns)   --->   "%sdiv_ln1148 = sdiv i49 %t_V, %sext_ln1148" [fishery-nets/code/src/extra-functions.cpp:88->fishery-nets/code/src/core.cpp:63]   --->   Operation 131 'sdiv' 'sdiv_ln1148' <Predicate = (!icmp_ln887 & and_ln87)> <Delay = 1.49> <Core = "DivnS">   --->   Core 23 'DivnS' <Latency = 52> <II = 1> <Delay = 1.49> <FuncUnit> <Opcode : 'sdiv' 'srem' 'udiv' 'urem'> <InPorts = 2> <OutPorts = 1>

State 46 <SV = 45> <Delay = 1.49>
ST_46 : Operation 132 [10/53] (1.49ns)   --->   "%sdiv_ln1148 = sdiv i49 %t_V, %sext_ln1148" [fishery-nets/code/src/extra-functions.cpp:88->fishery-nets/code/src/core.cpp:63]   --->   Operation 132 'sdiv' 'sdiv_ln1148' <Predicate = (!icmp_ln887 & and_ln87)> <Delay = 1.49> <Core = "DivnS">   --->   Core 23 'DivnS' <Latency = 52> <II = 1> <Delay = 1.49> <FuncUnit> <Opcode : 'sdiv' 'srem' 'udiv' 'urem'> <InPorts = 2> <OutPorts = 1>

State 47 <SV = 46> <Delay = 1.49>
ST_47 : Operation 133 [9/53] (1.49ns)   --->   "%sdiv_ln1148 = sdiv i49 %t_V, %sext_ln1148" [fishery-nets/code/src/extra-functions.cpp:88->fishery-nets/code/src/core.cpp:63]   --->   Operation 133 'sdiv' 'sdiv_ln1148' <Predicate = (!icmp_ln887 & and_ln87)> <Delay = 1.49> <Core = "DivnS">   --->   Core 23 'DivnS' <Latency = 52> <II = 1> <Delay = 1.49> <FuncUnit> <Opcode : 'sdiv' 'srem' 'udiv' 'urem'> <InPorts = 2> <OutPorts = 1>

State 48 <SV = 47> <Delay = 1.49>
ST_48 : Operation 134 [8/53] (1.49ns)   --->   "%sdiv_ln1148 = sdiv i49 %t_V, %sext_ln1148" [fishery-nets/code/src/extra-functions.cpp:88->fishery-nets/code/src/core.cpp:63]   --->   Operation 134 'sdiv' 'sdiv_ln1148' <Predicate = (!icmp_ln887 & and_ln87)> <Delay = 1.49> <Core = "DivnS">   --->   Core 23 'DivnS' <Latency = 52> <II = 1> <Delay = 1.49> <FuncUnit> <Opcode : 'sdiv' 'srem' 'udiv' 'urem'> <InPorts = 2> <OutPorts = 1>

State 49 <SV = 48> <Delay = 1.49>
ST_49 : Operation 135 [7/53] (1.49ns)   --->   "%sdiv_ln1148 = sdiv i49 %t_V, %sext_ln1148" [fishery-nets/code/src/extra-functions.cpp:88->fishery-nets/code/src/core.cpp:63]   --->   Operation 135 'sdiv' 'sdiv_ln1148' <Predicate = (!icmp_ln887 & and_ln87)> <Delay = 1.49> <Core = "DivnS">   --->   Core 23 'DivnS' <Latency = 52> <II = 1> <Delay = 1.49> <FuncUnit> <Opcode : 'sdiv' 'srem' 'udiv' 'urem'> <InPorts = 2> <OutPorts = 1>

State 50 <SV = 49> <Delay = 1.49>
ST_50 : Operation 136 [6/53] (1.49ns)   --->   "%sdiv_ln1148 = sdiv i49 %t_V, %sext_ln1148" [fishery-nets/code/src/extra-functions.cpp:88->fishery-nets/code/src/core.cpp:63]   --->   Operation 136 'sdiv' 'sdiv_ln1148' <Predicate = (!icmp_ln887 & and_ln87)> <Delay = 1.49> <Core = "DivnS">   --->   Core 23 'DivnS' <Latency = 52> <II = 1> <Delay = 1.49> <FuncUnit> <Opcode : 'sdiv' 'srem' 'udiv' 'urem'> <InPorts = 2> <OutPorts = 1>

State 51 <SV = 50> <Delay = 1.49>
ST_51 : Operation 137 [5/53] (1.49ns)   --->   "%sdiv_ln1148 = sdiv i49 %t_V, %sext_ln1148" [fishery-nets/code/src/extra-functions.cpp:88->fishery-nets/code/src/core.cpp:63]   --->   Operation 137 'sdiv' 'sdiv_ln1148' <Predicate = (!icmp_ln887 & and_ln87)> <Delay = 1.49> <Core = "DivnS">   --->   Core 23 'DivnS' <Latency = 52> <II = 1> <Delay = 1.49> <FuncUnit> <Opcode : 'sdiv' 'srem' 'udiv' 'urem'> <InPorts = 2> <OutPorts = 1>

State 52 <SV = 51> <Delay = 1.49>
ST_52 : Operation 138 [4/53] (1.49ns)   --->   "%sdiv_ln1148 = sdiv i49 %t_V, %sext_ln1148" [fishery-nets/code/src/extra-functions.cpp:88->fishery-nets/code/src/core.cpp:63]   --->   Operation 138 'sdiv' 'sdiv_ln1148' <Predicate = (!icmp_ln887 & and_ln87)> <Delay = 1.49> <Core = "DivnS">   --->   Core 23 'DivnS' <Latency = 52> <II = 1> <Delay = 1.49> <FuncUnit> <Opcode : 'sdiv' 'srem' 'udiv' 'urem'> <InPorts = 2> <OutPorts = 1>

State 53 <SV = 52> <Delay = 1.49>
ST_53 : Operation 139 [3/53] (1.49ns)   --->   "%sdiv_ln1148 = sdiv i49 %t_V, %sext_ln1148" [fishery-nets/code/src/extra-functions.cpp:88->fishery-nets/code/src/core.cpp:63]   --->   Operation 139 'sdiv' 'sdiv_ln1148' <Predicate = (!icmp_ln887 & and_ln87)> <Delay = 1.49> <Core = "DivnS">   --->   Core 23 'DivnS' <Latency = 52> <II = 1> <Delay = 1.49> <FuncUnit> <Opcode : 'sdiv' 'srem' 'udiv' 'urem'> <InPorts = 2> <OutPorts = 1>

State 54 <SV = 53> <Delay = 1.49>
ST_54 : Operation 140 [2/53] (1.49ns)   --->   "%sdiv_ln1148 = sdiv i49 %t_V, %sext_ln1148" [fishery-nets/code/src/extra-functions.cpp:88->fishery-nets/code/src/core.cpp:63]   --->   Operation 140 'sdiv' 'sdiv_ln1148' <Predicate = (!icmp_ln887 & and_ln87)> <Delay = 1.49> <Core = "DivnS">   --->   Core 23 'DivnS' <Latency = 52> <II = 1> <Delay = 1.49> <FuncUnit> <Opcode : 'sdiv' 'srem' 'udiv' 'urem'> <InPorts = 2> <OutPorts = 1>

State 55 <SV = 54> <Delay = 1.49>
ST_55 : Operation 141 [1/53] (1.49ns)   --->   "%sdiv_ln1148 = sdiv i49 %t_V, %sext_ln1148" [fishery-nets/code/src/extra-functions.cpp:88->fishery-nets/code/src/core.cpp:63]   --->   Operation 141 'sdiv' 'sdiv_ln1148' <Predicate = (!icmp_ln887 & and_ln87)> <Delay = 1.49> <Core = "DivnS">   --->   Core 23 'DivnS' <Latency = 52> <II = 1> <Delay = 1.49> <FuncUnit> <Opcode : 'sdiv' 'srem' 'udiv' 'urem'> <InPorts = 2> <OutPorts = 1>

State 56 <SV = 55> <Delay = 3.42>
ST_56 : Operation 142 [1/1] (0.00ns)   --->   "%i_V = trunc i49 %sdiv_ln1148 to i32" [fishery-nets/code/src/extra-functions.cpp:88->fishery-nets/code/src/core.cpp:63]   --->   Operation 142 'trunc' 'i_V' <Predicate = (!icmp_ln887 & and_ln87)> <Delay = 0.00>
ST_56 : Operation 143 [1/1] (3.42ns)   --->   "%mul_ln88 = mul i32 100, %i_V" [fishery-nets/code/src/extra-functions.cpp:88->fishery-nets/code/src/core.cpp:63]   --->   Operation 143 'mul' 'mul_ln88' <Predicate = (!icmp_ln887 & and_ln87)> <Delay = 3.42> <Core = "Mul">   --->   Core 16 'Mul' <Latency = 0> <II = 1> <Delay = 3.42> <FuncUnit> <Opcode : 'mul'> <InPorts = 2> <OutPorts = 1>
ST_56 : Operation 144 [1/1] (0.65ns)   --->   "br label %hls_label_3" [fishery-nets/code/src/extra-functions.cpp:88->fishery-nets/code/src/core.cpp:63]   --->   Operation 144 'br' <Predicate = (!icmp_ln887 & and_ln87)> <Delay = 0.65>

State 57 <SV = 56> <Delay = 3.29>
ST_57 : Operation 145 [1/1] (0.00ns)   --->   "call void (...)* @_ssdm_op_SpecLoopTripCount(i64 129600, i64 129600, i64 129600)"   --->   Operation 145 'speclooptripcount' <Predicate = (!icmp_ln887)> <Delay = 0.00>
ST_57 : Operation 146 [1/1] (0.00ns)   --->   "%tmp_46_i_i = call i32 (...)* @_ssdm_op_SpecRegionBegin([12 x i8]* @p_str532)" [fishery-nets/code/src/extra-functions.cpp:83->fishery-nets/code/src/core.cpp:63]   --->   Operation 146 'specregionbegin' 'tmp_46_i_i' <Predicate = (!icmp_ln887)> <Delay = 0.00>
ST_57 : Operation 147 [1/1] (0.00ns)   --->   "call void (...)* @_ssdm_op_SpecPipeline(i32 -1, i32 1, i32 1, i32 0, [1 x i8]* @p_str229) nounwind" [fishery-nets/code/src/extra-functions.cpp:84->fishery-nets/code/src/core.cpp:63]   --->   Operation 147 'specpipeline' <Predicate = (!icmp_ln887)> <Delay = 0.00>
ST_57 : Operation 148 [1/1] (0.00ns)   --->   "%i_V_3 = phi i32 [ %mul_ln88, %_ZN13ap_fixed_baseILi33ELi17ELb1EL9ap_q_mode5EL9ap_o_mode3ELi0EEC1ILi32ELi16ELb1ELS0_4ELS1_3ELi0EEERKS_IXT_EXT0_EXT1_EXT2_EXT3_EXT4_EE.exit9.i56.i.i ], [ 6553600, %hls_label_3_begin ]" [fishery-nets/code/src/extra-functions.cpp:91->fishery-nets/code/src/core.cpp:63]   --->   Operation 148 'phi' 'i_V_3' <Predicate = (!icmp_ln887)> <Delay = 0.00>
ST_57 : Operation 149 [1/1] (0.00ns)   --->   "%ret_V = call i16 @_ssdm_op_PartSelect.i16.i32.i32.i32(i32 %i_V_3, i32 16, i32 31)" [fishery-nets/code/src/extra-functions.cpp:92->fishery-nets/code/src/core.cpp:63]   --->   Operation 149 'partselect' 'ret_V' <Predicate = (!icmp_ln887)> <Delay = 0.00>
ST_57 : Operation 150 [1/1] (0.00ns) (grouped into LUT with out node tmp)   --->   "%p_Result_s = call i1 @_ssdm_op_BitSelect.i1.i32.i32(i32 %i_V_3, i32 31)" [fishery-nets/code/src/extra-functions.cpp:92->fishery-nets/code/src/core.cpp:63]   --->   Operation 150 'bitselect' 'p_Result_s' <Predicate = (!icmp_ln887)> <Delay = 0.00>
ST_57 : Operation 151 [1/1] (0.00ns)   --->   "%trunc_ln851 = trunc i32 %i_V_3 to i16" [fishery-nets/code/src/extra-functions.cpp:92->fishery-nets/code/src/core.cpp:63]   --->   Operation 151 'trunc' 'trunc_ln851' <Predicate = (!icmp_ln887)> <Delay = 0.00>
ST_57 : Operation 152 [1/1] (1.10ns)   --->   "%icmp_ln851 = icmp eq i16 %trunc_ln851, 0" [fishery-nets/code/src/extra-functions.cpp:92->fishery-nets/code/src/core.cpp:63]   --->   Operation 152 'icmp' 'icmp_ln851' <Predicate = (!icmp_ln887)> <Delay = 1.10> <Core = "Cmp">   --->   Core 25 'Cmp' <Latency = 0> <II = 1> <Delay = 1.10> <FuncUnit> <Opcode : 'icmp'> <InPorts = 2> <OutPorts = 1>
ST_57 : Operation 153 [1/1] (0.85ns)   --->   "%ret_V_7 = add i16 1, %ret_V" [fishery-nets/code/src/extra-functions.cpp:92->fishery-nets/code/src/core.cpp:63]   --->   Operation 153 'add' 'ret_V_7' <Predicate = (!icmp_ln887)> <Delay = 0.85> <Core = "AddSub">   --->   Core 14 'AddSub' <Latency = 0> <II = 1> <Delay = 1.01> <FuncUnit> <Opcode : 'add' 'sub'> <InPorts = 2> <OutPorts = 1>
ST_57 : Operation 154 [1/1] (0.00ns) (grouped into LUT with out node tmp)   --->   "%select_ln851 = select i1 %icmp_ln851, i16 %ret_V, i16 %ret_V_7" [fishery-nets/code/src/extra-functions.cpp:92->fishery-nets/code/src/core.cpp:63]   --->   Operation 154 'select' 'select_ln851' <Predicate = (!icmp_ln887)> <Delay = 0.00> <Core = "Sel">   --->   Core 26 'Sel' <Latency = 0> <II = 1> <Delay = 0.35> <FuncUnit> <Opcode : 'select'> <InPorts = 3> <OutPorts = 1>
ST_57 : Operation 155 [1/1] (0.35ns) (out node of the LUT)   --->   "%tmp = select i1 %p_Result_s, i16 %select_ln851, i16 %ret_V" [fishery-nets/code/src/extra-functions.cpp:92->fishery-nets/code/src/core.cpp:63]   --->   Operation 155 'select' 'tmp' <Predicate = (!icmp_ln887)> <Delay = 0.35> <Core = "Sel">   --->   Core 26 'Sel' <Latency = 0> <II = 1> <Delay = 0.35> <FuncUnit> <Opcode : 'select'> <InPorts = 3> <OutPorts = 1>
ST_57 : Operation 156 [1/1] (0.00ns)   --->   "%tmp_48_i_i = call i32 (...)* @_ssdm_op_SpecRegionBegin([12 x i8]* @p_str512)" [C:/Xilinx/Vivado/2019.1/common/technology/autopilot/hls/hls_video_core.h:696->C:/Xilinx/Vivado/2019.1/common/technology/autopilot/hls/hls_video_core.h:717->fishery-nets/code/src/extra-functions.cpp:93->fishery-nets/code/src/core.cpp:63]   --->   Operation 156 'specregionbegin' 'tmp_48_i_i' <Predicate = (!icmp_ln887)> <Delay = 0.00>
ST_57 : Operation 157 [1/1] (0.00ns)   --->   "call void (...)* @_ssdm_op_SpecProtocol(i32 0, [1 x i8]* @p_str27) nounwind" [C:/Xilinx/Vivado/2019.1/common/technology/autopilot/hls/hls_video_core.h:700->C:/Xilinx/Vivado/2019.1/common/technology/autopilot/hls/hls_video_core.h:717->fishery-nets/code/src/extra-functions.cpp:93->fishery-nets/code/src/core.cpp:63]   --->   Operation 157 'specprotocol' <Predicate = (!icmp_ln887)> <Delay = 0.00>
ST_57 : Operation 158 [1/1] (1.83ns)   --->   "call void @_ssdm_op_Write.ap_fifo.volatile.i16P(i16* %I_data_stream_V, i16 %tmp)" [C:/Xilinx/Vivado/2019.1/common/technology/autopilot/hls/hls_video_core.h:703->C:/Xilinx/Vivado/2019.1/common/technology/autopilot/hls/hls_video_core.h:717->fishery-nets/code/src/extra-functions.cpp:93->fishery-nets/code/src/core.cpp:63]   --->   Operation 158 'write' <Predicate = (!icmp_ln887)> <Delay = 1.83> <Core = "FIFO">   --->   Core 32 'FIFO' <Latency = 0> <II = 1> <Delay = 1.83> <Storage> <Opcode : 'read' 'write' 'nbread' 'nbwrite'> <Ports = 0> <Width = 16> <Depth = 2> <FIFO>
ST_57 : Operation 159 [1/1] (0.00ns)   --->   "%empty = call i32 (...)* @_ssdm_op_SpecRegionEnd([12 x i8]* @p_str512, i32 %tmp_48_i_i)" [C:/Xilinx/Vivado/2019.1/common/technology/autopilot/hls/hls_video_core.h:705->C:/Xilinx/Vivado/2019.1/common/technology/autopilot/hls/hls_video_core.h:717->fishery-nets/code/src/extra-functions.cpp:93->fishery-nets/code/src/core.cpp:63]   --->   Operation 159 'specregionend' 'empty' <Predicate = (!icmp_ln887)> <Delay = 0.00>
ST_57 : Operation 160 [1/1] (0.00ns)   --->   "%empty_69 = call i32 (...)* @_ssdm_op_SpecRegionEnd([12 x i8]* @p_str532, i32 %tmp_46_i_i)" [fishery-nets/code/src/extra-functions.cpp:94->fishery-nets/code/src/core.cpp:63]   --->   Operation 160 'specregionend' 'empty_69' <Predicate = (!icmp_ln887)> <Delay = 0.00>
ST_57 : Operation 161 [1/1] (0.00ns)   --->   "br label %.preheader.i.i" [fishery-nets/code/src/extra-functions.cpp:82->fishery-nets/code/src/core.cpp:63]   --->   Operation 161 'br' <Predicate = (!icmp_ln887)> <Delay = 0.00>

State 58 <SV = 2> <Delay = 0.00>
ST_58 : Operation 162 [1/1] (0.00ns)   --->   "ret void"   --->   Operation 162 'ret' <Predicate = true> <Delay = 0.00>


============================================================
+ Verbose Summary: Timing violations
============================================================
Target clock period: 5ns, clock uncertainty: 0.625ns.

 <State 1>: 2.85ns
The critical path consists of the following:
	fifo read on port 'min_value' (fishery-nets/code/src/core.cpp:63) [9]  (1.84 ns)
	'sub' operation ('ret.V', fishery-nets/code/src/extra-functions.cpp:88->fishery-nets/code/src/core.cpp:63) [15]  (1.02 ns)

 <State 2>: 1.1ns
The critical path consists of the following:
	'phi' operation ('indvar_flatten', fishery-nets/code/src/extra-functions.cpp:81->fishery-nets/code/src/core.cpp:63) with incoming values : ('add_ln887', fishery-nets/code/src/extra-functions.cpp:81->fishery-nets/code/src/core.cpp:63) [19]  (0 ns)
	'icmp' operation ('icmp_ln887', fishery-nets/code/src/extra-functions.cpp:81->fishery-nets/code/src/core.cpp:63) [20]  (1.1 ns)

 <State 3>: 4.35ns
The critical path consists of the following:
	fifo read on port 'M_data_stream_V' (C:/Xilinx/Vivado/2019.1/common/technology/autopilot/hls/hls_video_core.h:679->C:/Xilinx/Vivado/2019.1/common/technology/autopilot/hls/hls_video_core.h:711->fishery-nets/code/src/extra-functions.cpp:85->fishery-nets/code/src/core.cpp:63) [29]  (1.84 ns)
	'sub' operation ('ret.V', fishery-nets/code/src/extra-functions.cpp:88->fishery-nets/code/src/core.cpp:63) [39]  (1.02 ns)
	'sdiv' operation ('sdiv_ln1148', fishery-nets/code/src/extra-functions.cpp:88->fishery-nets/code/src/core.cpp:63) [41]  (1.49 ns)

 <State 4>: 1.49ns
The critical path consists of the following:
	'sdiv' operation ('sdiv_ln1148', fishery-nets/code/src/extra-functions.cpp:88->fishery-nets/code/src/core.cpp:63) [41]  (1.49 ns)

 <State 5>: 1.49ns
The critical path consists of the following:
	'sdiv' operation ('sdiv_ln1148', fishery-nets/code/src/extra-functions.cpp:88->fishery-nets/code/src/core.cpp:63) [41]  (1.49 ns)

 <State 6>: 1.49ns
The critical path consists of the following:
	'sdiv' operation ('sdiv_ln1148', fishery-nets/code/src/extra-functions.cpp:88->fishery-nets/code/src/core.cpp:63) [41]  (1.49 ns)

 <State 7>: 1.49ns
The critical path consists of the following:
	'sdiv' operation ('sdiv_ln1148', fishery-nets/code/src/extra-functions.cpp:88->fishery-nets/code/src/core.cpp:63) [41]  (1.49 ns)

 <State 8>: 1.49ns
The critical path consists of the following:
	'sdiv' operation ('sdiv_ln1148', fishery-nets/code/src/extra-functions.cpp:88->fishery-nets/code/src/core.cpp:63) [41]  (1.49 ns)

 <State 9>: 1.49ns
The critical path consists of the following:
	'sdiv' operation ('sdiv_ln1148', fishery-nets/code/src/extra-functions.cpp:88->fishery-nets/code/src/core.cpp:63) [41]  (1.49 ns)

 <State 10>: 1.49ns
The critical path consists of the following:
	'sdiv' operation ('sdiv_ln1148', fishery-nets/code/src/extra-functions.cpp:88->fishery-nets/code/src/core.cpp:63) [41]  (1.49 ns)

 <State 11>: 1.49ns
The critical path consists of the following:
	'sdiv' operation ('sdiv_ln1148', fishery-nets/code/src/extra-functions.cpp:88->fishery-nets/code/src/core.cpp:63) [41]  (1.49 ns)

 <State 12>: 1.49ns
The critical path consists of the following:
	'sdiv' operation ('sdiv_ln1148', fishery-nets/code/src/extra-functions.cpp:88->fishery-nets/code/src/core.cpp:63) [41]  (1.49 ns)

 <State 13>: 1.49ns
The critical path consists of the following:
	'sdiv' operation ('sdiv_ln1148', fishery-nets/code/src/extra-functions.cpp:88->fishery-nets/code/src/core.cpp:63) [41]  (1.49 ns)

 <State 14>: 1.49ns
The critical path consists of the following:
	'sdiv' operation ('sdiv_ln1148', fishery-nets/code/src/extra-functions.cpp:88->fishery-nets/code/src/core.cpp:63) [41]  (1.49 ns)

 <State 15>: 1.49ns
The critical path consists of the following:
	'sdiv' operation ('sdiv_ln1148', fishery-nets/code/src/extra-functions.cpp:88->fishery-nets/code/src/core.cpp:63) [41]  (1.49 ns)

 <State 16>: 1.49ns
The critical path consists of the following:
	'sdiv' operation ('sdiv_ln1148', fishery-nets/code/src/extra-functions.cpp:88->fishery-nets/code/src/core.cpp:63) [41]  (1.49 ns)

 <State 17>: 1.49ns
The critical path consists of the following:
	'sdiv' operation ('sdiv_ln1148', fishery-nets/code/src/extra-functions.cpp:88->fishery-nets/code/src/core.cpp:63) [41]  (1.49 ns)

 <State 18>: 1.49ns
The critical path consists of the following:
	'sdiv' operation ('sdiv_ln1148', fishery-nets/code/src/extra-functions.cpp:88->fishery-nets/code/src/core.cpp:63) [41]  (1.49 ns)

 <State 19>: 1.49ns
The critical path consists of the following:
	'sdiv' operation ('sdiv_ln1148', fishery-nets/code/src/extra-functions.cpp:88->fishery-nets/code/src/core.cpp:63) [41]  (1.49 ns)

 <State 20>: 1.49ns
The critical path consists of the following:
	'sdiv' operation ('sdiv_ln1148', fishery-nets/code/src/extra-functions.cpp:88->fishery-nets/code/src/core.cpp:63) [41]  (1.49 ns)

 <State 21>: 1.49ns
The critical path consists of the following:
	'sdiv' operation ('sdiv_ln1148', fishery-nets/code/src/extra-functions.cpp:88->fishery-nets/code/src/core.cpp:63) [41]  (1.49 ns)

 <State 22>: 1.49ns
The critical path consists of the following:
	'sdiv' operation ('sdiv_ln1148', fishery-nets/code/src/extra-functions.cpp:88->fishery-nets/code/src/core.cpp:63) [41]  (1.49 ns)

 <State 23>: 1.49ns
The critical path consists of the following:
	'sdiv' operation ('sdiv_ln1148', fishery-nets/code/src/extra-functions.cpp:88->fishery-nets/code/src/core.cpp:63) [41]  (1.49 ns)

 <State 24>: 1.49ns
The critical path consists of the following:
	'sdiv' operation ('sdiv_ln1148', fishery-nets/code/src/extra-functions.cpp:88->fishery-nets/code/src/core.cpp:63) [41]  (1.49 ns)

 <State 25>: 1.49ns
The critical path consists of the following:
	'sdiv' operation ('sdiv_ln1148', fishery-nets/code/src/extra-functions.cpp:88->fishery-nets/code/src/core.cpp:63) [41]  (1.49 ns)

 <State 26>: 1.49ns
The critical path consists of the following:
	'sdiv' operation ('sdiv_ln1148', fishery-nets/code/src/extra-functions.cpp:88->fishery-nets/code/src/core.cpp:63) [41]  (1.49 ns)

 <State 27>: 1.49ns
The critical path consists of the following:
	'sdiv' operation ('sdiv_ln1148', fishery-nets/code/src/extra-functions.cpp:88->fishery-nets/code/src/core.cpp:63) [41]  (1.49 ns)

 <State 28>: 1.49ns
The critical path consists of the following:
	'sdiv' operation ('sdiv_ln1148', fishery-nets/code/src/extra-functions.cpp:88->fishery-nets/code/src/core.cpp:63) [41]  (1.49 ns)

 <State 29>: 1.49ns
The critical path consists of the following:
	'sdiv' operation ('sdiv_ln1148', fishery-nets/code/src/extra-functions.cpp:88->fishery-nets/code/src/core.cpp:63) [41]  (1.49 ns)

 <State 30>: 1.49ns
The critical path consists of the following:
	'sdiv' operation ('sdiv_ln1148', fishery-nets/code/src/extra-functions.cpp:88->fishery-nets/code/src/core.cpp:63) [41]  (1.49 ns)

 <State 31>: 1.49ns
The critical path consists of the following:
	'sdiv' operation ('sdiv_ln1148', fishery-nets/code/src/extra-functions.cpp:88->fishery-nets/code/src/core.cpp:63) [41]  (1.49 ns)

 <State 32>: 1.49ns
The critical path consists of the following:
	'sdiv' operation ('sdiv_ln1148', fishery-nets/code/src/extra-functions.cpp:88->fishery-nets/code/src/core.cpp:63) [41]  (1.49 ns)

 <State 33>: 1.49ns
The critical path consists of the following:
	'sdiv' operation ('sdiv_ln1148', fishery-nets/code/src/extra-functions.cpp:88->fishery-nets/code/src/core.cpp:63) [41]  (1.49 ns)

 <State 34>: 1.49ns
The critical path consists of the following:
	'sdiv' operation ('sdiv_ln1148', fishery-nets/code/src/extra-functions.cpp:88->fishery-nets/code/src/core.cpp:63) [41]  (1.49 ns)

 <State 35>: 1.49ns
The critical path consists of the following:
	'sdiv' operation ('sdiv_ln1148', fishery-nets/code/src/extra-functions.cpp:88->fishery-nets/code/src/core.cpp:63) [41]  (1.49 ns)

 <State 36>: 1.49ns
The critical path consists of the following:
	'sdiv' operation ('sdiv_ln1148', fishery-nets/code/src/extra-functions.cpp:88->fishery-nets/code/src/core.cpp:63) [41]  (1.49 ns)

 <State 37>: 1.49ns
The critical path consists of the following:
	'sdiv' operation ('sdiv_ln1148', fishery-nets/code/src/extra-functions.cpp:88->fishery-nets/code/src/core.cpp:63) [41]  (1.49 ns)

 <State 38>: 1.49ns
The critical path consists of the following:
	'sdiv' operation ('sdiv_ln1148', fishery-nets/code/src/extra-functions.cpp:88->fishery-nets/code/src/core.cpp:63) [41]  (1.49 ns)

 <State 39>: 1.49ns
The critical path consists of the following:
	'sdiv' operation ('sdiv_ln1148', fishery-nets/code/src/extra-functions.cpp:88->fishery-nets/code/src/core.cpp:63) [41]  (1.49 ns)

 <State 40>: 1.49ns
The critical path consists of the following:
	'sdiv' operation ('sdiv_ln1148', fishery-nets/code/src/extra-functions.cpp:88->fishery-nets/code/src/core.cpp:63) [41]  (1.49 ns)

 <State 41>: 1.49ns
The critical path consists of the following:
	'sdiv' operation ('sdiv_ln1148', fishery-nets/code/src/extra-functions.cpp:88->fishery-nets/code/src/core.cpp:63) [41]  (1.49 ns)

 <State 42>: 1.49ns
The critical path consists of the following:
	'sdiv' operation ('sdiv_ln1148', fishery-nets/code/src/extra-functions.cpp:88->fishery-nets/code/src/core.cpp:63) [41]  (1.49 ns)

 <State 43>: 1.49ns
The critical path consists of the following:
	'sdiv' operation ('sdiv_ln1148', fishery-nets/code/src/extra-functions.cpp:88->fishery-nets/code/src/core.cpp:63) [41]  (1.49 ns)

 <State 44>: 1.49ns
The critical path consists of the following:
	'sdiv' operation ('sdiv_ln1148', fishery-nets/code/src/extra-functions.cpp:88->fishery-nets/code/src/core.cpp:63) [41]  (1.49 ns)

 <State 45>: 1.49ns
The critical path consists of the following:
	'sdiv' operation ('sdiv_ln1148', fishery-nets/code/src/extra-functions.cpp:88->fishery-nets/code/src/core.cpp:63) [41]  (1.49 ns)

 <State 46>: 1.49ns
The critical path consists of the following:
	'sdiv' operation ('sdiv_ln1148', fishery-nets/code/src/extra-functions.cpp:88->fishery-nets/code/src/core.cpp:63) [41]  (1.49 ns)

 <State 47>: 1.49ns
The critical path consists of the following:
	'sdiv' operation ('sdiv_ln1148', fishery-nets/code/src/extra-functions.cpp:88->fishery-nets/code/src/core.cpp:63) [41]  (1.49 ns)

 <State 48>: 1.49ns
The critical path consists of the following:
	'sdiv' operation ('sdiv_ln1148', fishery-nets/code/src/extra-functions.cpp:88->fishery-nets/code/src/core.cpp:63) [41]  (1.49 ns)

 <State 49>: 1.49ns
The critical path consists of the following:
	'sdiv' operation ('sdiv_ln1148', fishery-nets/code/src/extra-functions.cpp:88->fishery-nets/code/src/core.cpp:63) [41]  (1.49 ns)

 <State 50>: 1.49ns
The critical path consists of the following:
	'sdiv' operation ('sdiv_ln1148', fishery-nets/code/src/extra-functions.cpp:88->fishery-nets/code/src/core.cpp:63) [41]  (1.49 ns)

 <State 51>: 1.49ns
The critical path consists of the following:
	'sdiv' operation ('sdiv_ln1148', fishery-nets/code/src/extra-functions.cpp:88->fishery-nets/code/src/core.cpp:63) [41]  (1.49 ns)

 <State 52>: 1.49ns
The critical path consists of the following:
	'sdiv' operation ('sdiv_ln1148', fishery-nets/code/src/extra-functions.cpp:88->fishery-nets/code/src/core.cpp:63) [41]  (1.49 ns)

 <State 53>: 1.49ns
The critical path consists of the following:
	'sdiv' operation ('sdiv_ln1148', fishery-nets/code/src/extra-functions.cpp:88->fishery-nets/code/src/core.cpp:63) [41]  (1.49 ns)

 <State 54>: 1.49ns
The critical path consists of the following:
	'sdiv' operation ('sdiv_ln1148', fishery-nets/code/src/extra-functions.cpp:88->fishery-nets/code/src/core.cpp:63) [41]  (1.49 ns)

 <State 55>: 1.49ns
The critical path consists of the following:
	'sdiv' operation ('sdiv_ln1148', fishery-nets/code/src/extra-functions.cpp:88->fishery-nets/code/src/core.cpp:63) [41]  (1.49 ns)

 <State 56>: 3.42ns
The critical path consists of the following:
	'mul' operation ('mul_ln88', fishery-nets/code/src/extra-functions.cpp:88->fishery-nets/code/src/core.cpp:63) [43]  (3.42 ns)

 <State 57>: 3.3ns
The critical path consists of the following:
	'phi' operation ('i.V', fishery-nets/code/src/extra-functions.cpp:91->fishery-nets/code/src/core.cpp:63) with incoming values : ('mul_ln88', fishery-nets/code/src/extra-functions.cpp:88->fishery-nets/code/src/core.cpp:63) [46]  (0 ns)
	'icmp' operation ('icmp_ln851', fishery-nets/code/src/extra-functions.cpp:92->fishery-nets/code/src/core.cpp:63) [50]  (1.1 ns)
	'select' operation ('select_ln851', fishery-nets/code/src/extra-functions.cpp:92->fishery-nets/code/src/core.cpp:63) [52]  (0 ns)
	'select' operation ('tmp', fishery-nets/code/src/extra-functions.cpp:92->fishery-nets/code/src/core.cpp:63) [53]  (0.357 ns)
	fifo write on port 'I_data_stream_V' (C:/Xilinx/Vivado/2019.1/common/technology/autopilot/hls/hls_video_core.h:703->C:/Xilinx/Vivado/2019.1/common/technology/autopilot/hls/hls_video_core.h:717->fishery-nets/code/src/extra-functions.cpp:93->fishery-nets/code/src/core.cpp:63) [56]  (1.84 ns)

 <State 58>: 0ns
The critical path consists of the following:


============================================================
+ Verbose Summary: Binding
============================================================
N/A
* FSMD analyzer results:
  - Output states:
 - Input state : 
  - Chain level:
	State 1
	State 2
	State 3
	State 4
	State 5
	State 6
	State 7
	State 8
	State 9
	State 10
	State 11
	State 12
	State 13
	State 14
	State 15
	State 16
	State 17
	State 18
	State 19
	State 20
	State 21
	State 22
	State 23
	State 24
	State 25
	State 26
	State 27
	State 28
	State 29
	State 30
	State 31
	State 32
	State 33
	State 34
	State 35
	State 36
	State 37
	State 38
	State 39
	State 40
	State 41
	State 42
	State 43
	State 44
	State 45
	State 46
	State 47
	State 48
	State 49
	State 50
	State 51
	State 52
	State 53
	State 54
	State 55
	State 56
	State 57
	State 58


============================================================
+ Verbose Summary: Datapath Resource usage 
============================================================
N/A
