

================================================================
== Vivado HLS Report for 'Mat2AXIvideo'
================================================================
* Date:           Thu Jun  3 20:18:21 2021

* Version:        2019.1 (Build 2552052 on Fri May 24 15:28:33 MDT 2019)
* Project:        fishery-nets
* Solution:       solution1
* Product family: zynquplus
* Target device:  xczu9eg-ffvb1156-2-e


================================================================
== Performance Estimates
================================================================
+ Timing (ns): 
    * Summary: 
    +--------+-------+----------+------------+
    |  Clock | Target| Estimated| Uncertainty|
    +--------+-------+----------+------------+
    |ap_clk  |   5.00|     1.838|        0.63|
    +--------+-------+----------+------------+

+ Latency (clock cycles): 
    * Summary: 
    +--------+--------+--------+--------+---------+
    |     Latency     |     Interval    | Pipeline|
    |   min  |   max  |   min  |   max  |   Type  |
    +--------+--------+--------+--------+---------+
    |  130681|  130681|  130681|  130681|   none  |
    +--------+--------+--------+--------+---------+

    + Detail: 
        * Instance: 
        N/A

        * Loop: 
        +---------------+--------+--------+----------+-----------+-----------+------+----------+
        |               |     Latency     | Iteration|  Initiation Interval  | Trip |          |
        |   Loop Name   |   min  |   max  |  Latency |  achieved |   target  | Count| Pipelined|
        +---------------+--------+--------+----------+-----------+-----------+------+----------+
        |- loop_height  |  130680|  130680|       484|          -|          -|   270|    no    |
        | + loop_width  |     481|     481|         3|          1|          1|   480|    yes   |
        +---------------+--------+--------+----------+-----------+-----------+------+----------+



================================================================
== Utilization Estimates
================================================================
* Summary: 
+-----------------+---------+-------+--------+--------+-----+
|       Name      | BRAM_18K| DSP48E|   FF   |   LUT  | URAM|
+-----------------+---------+-------+--------+--------+-----+
|DSP              |        -|      -|       -|       -|    -|
|Expression       |        -|      -|       0|     125|    -|
|FIFO             |        -|      -|       -|       -|    -|
|Instance         |        -|      -|       -|       -|    -|
|Memory           |        -|      -|       -|       -|    -|
|Multiplexer      |        -|      -|       -|     240|    -|
|Register         |        -|      -|     115|       -|    -|
+-----------------+---------+-------+--------+--------+-----+
|Total            |        0|      0|     115|     365|    0|
+-----------------+---------+-------+--------+--------+-----+
|Available        |     1824|   2520|  548160|  274080|    0|
+-----------------+---------+-------+--------+--------+-----+
|Utilization (%)  |        0|      0|   ~0   |   ~0   |    0|
+-----------------+---------+-------+--------+--------+-----+

+ Detail: 
    * Instance: 
    N/A

    * DSP48E: 
    N/A

    * Memory: 
    N/A

    * FIFO: 
    N/A

    * Expression: 
    +------------------------------------------+----------+-------+---+----+------------+------------+
    |               Variable Name              | Operation| DSP48E| FF| LUT| Bitwidth P0| Bitwidth P1|
    +------------------------------------------+----------+-------+---+----+------------+------------+
    |i_V_fu_172_p2                             |     +    |      0|  0|  16|           9|           1|
    |j_V_fu_184_p2                             |     +    |      0|  0|  16|           9|           1|
    |AXI_video_strm_V_data_V_1_load_A          |    and   |      0|  0|   2|           1|           1|
    |AXI_video_strm_V_data_V_1_load_B          |    and   |      0|  0|   2|           1|           1|
    |AXI_video_strm_V_last_V_1_load_A          |    and   |      0|  0|   2|           1|           1|
    |AXI_video_strm_V_last_V_1_load_B          |    and   |      0|  0|   2|           1|           1|
    |AXI_video_strm_V_user_V_1_load_A          |    and   |      0|  0|   2|           1|           1|
    |AXI_video_strm_V_user_V_1_load_B          |    and   |      0|  0|   2|           1|           1|
    |ap_block_pp0_stage0_01001                 |    and   |      0|  0|   2|           1|           1|
    |ap_block_state4_io                        |    and   |      0|  0|   2|           1|           1|
    |ap_block_state5_io                        |    and   |      0|  0|   2|           1|           1|
    |AXI_video_strm_V_data_V_1_state_cmp_full  |   icmp   |      0|  0|   8|           2|           1|
    |AXI_video_strm_V_last_V_1_state_cmp_full  |   icmp   |      0|  0|   8|           2|           1|
    |AXI_video_strm_V_user_V_1_state_cmp_full  |   icmp   |      0|  0|   8|           2|           1|
    |axi_last_V_fu_190_p2                      |   icmp   |      0|  0|  13|           9|           7|
    |icmp_ln125_fu_166_p2                      |   icmp   |      0|  0|  13|           9|           9|
    |icmp_ln126_fu_178_p2                      |   icmp   |      0|  0|  13|           9|           7|
    |ap_block_pp0_stage0_11001                 |    or    |      0|  0|   2|           1|           1|
    |ap_block_state1                           |    or    |      0|  0|   2|           1|           1|
    |ap_block_state2                           |    or    |      0|  0|   2|           1|           1|
    |ap_block_state4_pp0_stage0_iter1          |    or    |      0|  0|   2|           1|           1|
    |ap_enable_pp0                             |    xor   |      0|  0|   2|           1|           2|
    |ap_enable_reg_pp0_iter1                   |    xor   |      0|  0|   2|           2|           1|
    +------------------------------------------+----------+-------+---+----+------------+------------+
    |Total                                     |          |      0|  0| 125|          67|          44|
    +------------------------------------------+----------+-------+---+----+------------+------------+

    * Multiplexer: 
    +------------------------------------+----+-----------+-----+-----------+
    |                Name                | LUT| Input Size| Bits| Total Bits|
    +------------------------------------+----+-----------+-----+-----------+
    |AXI_video_strm_V_data_V_1_data_out  |   9|          2|   24|         48|
    |AXI_video_strm_V_data_V_1_state     |  15|          3|    2|          6|
    |AXI_video_strm_V_dest_V_1_state     |  15|          3|    2|          6|
    |AXI_video_strm_V_id_V_1_state       |  15|          3|    2|          6|
    |AXI_video_strm_V_keep_V_1_state     |  15|          3|    2|          6|
    |AXI_video_strm_V_last_V_1_data_out  |   9|          2|    1|          2|
    |AXI_video_strm_V_last_V_1_state     |  15|          3|    2|          6|
    |AXI_video_strm_V_strb_V_1_state     |  15|          3|    2|          6|
    |AXI_video_strm_V_user_V_1_data_out  |   9|          2|    1|          2|
    |AXI_video_strm_V_user_V_1_state     |  15|          3|    2|          6|
    |OUTPUT_STREAM_TDATA_blk_n           |   9|          2|    1|          2|
    |ap_NS_fsm                           |  27|          5|    1|          5|
    |ap_done                             |   9|          2|    1|          2|
    |ap_enable_reg_pp0_iter1             |   9|          2|    1|          2|
    |ap_enable_reg_pp0_iter2             |   9|          2|    1|          2|
    |img_data_stream_0_V_blk_n           |   9|          2|    1|          2|
    |img_data_stream_1_V_blk_n           |   9|          2|    1|          2|
    |img_data_stream_2_V_blk_n           |   9|          2|    1|          2|
    |t_V_6_reg_150                       |   9|          2|    9|         18|
    |t_V_reg_139                         |   9|          2|    9|         18|
    +------------------------------------+----+-----------+-----+-----------+
    |Total                               | 240|         50|   66|        149|
    +------------------------------------+----+-----------+-----+-----------+

    * Register: 
    +-------------------------------------+----+----+-----+-----------+
    |                 Name                | FF | LUT| Bits| Const Bits|
    +-------------------------------------+----+----+-----+-----------+
    |AXI_video_strm_V_data_V_1_payload_A  |  24|   0|   24|          0|
    |AXI_video_strm_V_data_V_1_payload_B  |  24|   0|   24|          0|
    |AXI_video_strm_V_data_V_1_sel_rd     |   1|   0|    1|          0|
    |AXI_video_strm_V_data_V_1_sel_wr     |   1|   0|    1|          0|
    |AXI_video_strm_V_data_V_1_state      |   2|   0|    2|          0|
    |AXI_video_strm_V_dest_V_1_sel_rd     |   1|   0|    1|          0|
    |AXI_video_strm_V_dest_V_1_state      |   2|   0|    2|          0|
    |AXI_video_strm_V_id_V_1_sel_rd       |   1|   0|    1|          0|
    |AXI_video_strm_V_id_V_1_state        |   2|   0|    2|          0|
    |AXI_video_strm_V_keep_V_1_sel_rd     |   1|   0|    1|          0|
    |AXI_video_strm_V_keep_V_1_state      |   2|   0|    2|          0|
    |AXI_video_strm_V_last_V_1_payload_A  |   1|   0|    1|          0|
    |AXI_video_strm_V_last_V_1_payload_B  |   1|   0|    1|          0|
    |AXI_video_strm_V_last_V_1_sel_rd     |   1|   0|    1|          0|
    |AXI_video_strm_V_last_V_1_sel_wr     |   1|   0|    1|          0|
    |AXI_video_strm_V_last_V_1_state      |   2|   0|    2|          0|
    |AXI_video_strm_V_strb_V_1_sel_rd     |   1|   0|    1|          0|
    |AXI_video_strm_V_strb_V_1_state      |   2|   0|    2|          0|
    |AXI_video_strm_V_user_V_1_payload_A  |   1|   0|    1|          0|
    |AXI_video_strm_V_user_V_1_payload_B  |   1|   0|    1|          0|
    |AXI_video_strm_V_user_V_1_sel_rd     |   1|   0|    1|          0|
    |AXI_video_strm_V_user_V_1_sel_wr     |   1|   0|    1|          0|
    |AXI_video_strm_V_user_V_1_state      |   2|   0|    2|          0|
    |ap_CS_fsm                            |   4|   0|    4|          0|
    |ap_done_reg                          |   1|   0|    1|          0|
    |ap_enable_reg_pp0_iter0              |   1|   0|    1|          0|
    |ap_enable_reg_pp0_iter1              |   1|   0|    1|          0|
    |ap_enable_reg_pp0_iter2              |   1|   0|    1|          0|
    |axi_last_V_reg_241                   |   1|   0|    1|          0|
    |i_V_reg_227                          |   9|   0|    9|          0|
    |icmp_ln126_reg_232                   |   1|   0|    1|          0|
    |icmp_ln126_reg_232_pp0_iter1_reg     |   1|   0|    1|          0|
    |t_V_6_reg_150                        |   9|   0|    9|          0|
    |t_V_reg_139                          |   9|   0|    9|          0|
    |tmp_user_V_fu_88                     |   1|   0|    1|          0|
    +-------------------------------------+----+----+-----+-----------+
    |Total                                | 115|   0|  115|          0|
    +-------------------------------------+----+----+-----+-----------+



================================================================
== Interface
================================================================
* Summary: 
+-----------------------------+-----+-----+------------+-------------------------+--------------+
|          RTL Ports          | Dir | Bits|  Protocol  |      Source Object      |    C Type    |
+-----------------------------+-----+-----+------------+-------------------------+--------------+
|ap_clk                       |  in |    1| ap_ctrl_hs |       Mat2AXIvideo      | return value |
|ap_rst                       |  in |    1| ap_ctrl_hs |       Mat2AXIvideo      | return value |
|ap_start                     |  in |    1| ap_ctrl_hs |       Mat2AXIvideo      | return value |
|ap_done                      | out |    1| ap_ctrl_hs |       Mat2AXIvideo      | return value |
|ap_continue                  |  in |    1| ap_ctrl_hs |       Mat2AXIvideo      | return value |
|ap_idle                      | out |    1| ap_ctrl_hs |       Mat2AXIvideo      | return value |
|ap_ready                     | out |    1| ap_ctrl_hs |       Mat2AXIvideo      | return value |
|img_data_stream_0_V_dout     |  in |    8|   ap_fifo  |   img_data_stream_0_V   |    pointer   |
|img_data_stream_0_V_empty_n  |  in |    1|   ap_fifo  |   img_data_stream_0_V   |    pointer   |
|img_data_stream_0_V_read     | out |    1|   ap_fifo  |   img_data_stream_0_V   |    pointer   |
|img_data_stream_1_V_dout     |  in |    8|   ap_fifo  |   img_data_stream_1_V   |    pointer   |
|img_data_stream_1_V_empty_n  |  in |    1|   ap_fifo  |   img_data_stream_1_V   |    pointer   |
|img_data_stream_1_V_read     | out |    1|   ap_fifo  |   img_data_stream_1_V   |    pointer   |
|img_data_stream_2_V_dout     |  in |    8|   ap_fifo  |   img_data_stream_2_V   |    pointer   |
|img_data_stream_2_V_empty_n  |  in |    1|   ap_fifo  |   img_data_stream_2_V   |    pointer   |
|img_data_stream_2_V_read     | out |    1|   ap_fifo  |   img_data_stream_2_V   |    pointer   |
|OUTPUT_STREAM_TDATA          | out |   24|    axis    | AXI_video_strm_V_data_V |    pointer   |
|OUTPUT_STREAM_TREADY         |  in |    1|    axis    | AXI_video_strm_V_data_V |    pointer   |
|OUTPUT_STREAM_TVALID         | out |    1|    axis    | AXI_video_strm_V_dest_V |    pointer   |
|OUTPUT_STREAM_TDEST          | out |    1|    axis    | AXI_video_strm_V_dest_V |    pointer   |
|OUTPUT_STREAM_TKEEP          | out |    3|    axis    | AXI_video_strm_V_keep_V |    pointer   |
|OUTPUT_STREAM_TSTRB          | out |    3|    axis    | AXI_video_strm_V_strb_V |    pointer   |
|OUTPUT_STREAM_TUSER          | out |    1|    axis    | AXI_video_strm_V_user_V |    pointer   |
|OUTPUT_STREAM_TLAST          | out |    1|    axis    | AXI_video_strm_V_last_V |    pointer   |
|OUTPUT_STREAM_TID            | out |    1|    axis    |  AXI_video_strm_V_id_V  |    pointer   |
+-----------------------------+-----+-----+------------+-------------------------+--------------+

============================================================
+ Verbose Summary: Synthesis Manager
============================================================
InlineROM: 1
ExposeGlobal: 0
============================================================
+ Verbose Summary: CDFG Model
============================================================
IsTopModel: 0
ResetActiveHigh: 1
IsCombinational: 2
IsDatapathOnly: 0
HasWiredReturn: 1
HasMFsm: 0
HasVarLatency: 1
IsPipeline: 0
IsRtlPipelined: 0
IsInstanceOverlapped: 0
IsDontTouch: 0
HasImplIP: 0
IsGatedGlobalClock: 0

+ Individual pipeline summary: 
  * Pipeline-0: initiation interval (II) = 1, depth = 3


============================================================
+ Verbose Summary: Schedule
============================================================
* Number of FSM states : 6
* Pipeline : 1
  Pipeline-0 : II = 1, D = 3, States = { 3 4 5 }
* Dataflow Pipeline: 0

* FSM state transitions: 
1 --> 2 
2 --> 3 
3 --> 6 4 
4 --> 5 
5 --> 3 
6 --> 2 

* FSM state operations: 

State 1 <SV = 0> <Delay = 0.65>
ST_1 : Operation 7 [1/1] (0.00ns)   --->   "%tmp_user_V = alloca i1"   --->   Operation 7 'alloca' 'tmp_user_V' <Predicate = true> <Delay = 0.00>
ST_1 : Operation 8 [1/1] (0.00ns)   --->   "call void (...)* @_ssdm_op_SpecInterface(i8* %img_data_stream_2_V, [8 x i8]* @ap_fifo_str, i32 0, i32 0, [1 x i8]* @p_str, i32 0, i32 0, [1 x i8]* @p_str, [1 x i8]* @p_str, [1 x i8]* @p_str, i32 2, i32 2, i32 16, i32 16, [1 x i8]* @p_str, [1 x i8]* @p_str)"   --->   Operation 8 'specinterface' <Predicate = true> <Delay = 0.00>
ST_1 : Operation 9 [1/1] (0.00ns)   --->   "call void (...)* @_ssdm_op_SpecInterface(i8* %img_data_stream_1_V, [8 x i8]* @ap_fifo_str, i32 0, i32 0, [1 x i8]* @p_str, i32 0, i32 0, [1 x i8]* @p_str, [1 x i8]* @p_str, [1 x i8]* @p_str, i32 2, i32 2, i32 16, i32 16, [1 x i8]* @p_str, [1 x i8]* @p_str)"   --->   Operation 9 'specinterface' <Predicate = true> <Delay = 0.00>
ST_1 : Operation 10 [1/1] (0.00ns)   --->   "call void (...)* @_ssdm_op_SpecInterface(i8* %img_data_stream_0_V, [8 x i8]* @ap_fifo_str, i32 0, i32 0, [1 x i8]* @p_str, i32 0, i32 0, [1 x i8]* @p_str, [1 x i8]* @p_str, [1 x i8]* @p_str, i32 2, i32 2, i32 16, i32 16, [1 x i8]* @p_str, [1 x i8]* @p_str)"   --->   Operation 10 'specinterface' <Predicate = true> <Delay = 0.00>
ST_1 : Operation 11 [1/1] (0.00ns)   --->   "call void (...)* @_ssdm_op_SpecInterface(i24* %AXI_video_strm_V_data_V, i3* %AXI_video_strm_V_keep_V, i3* %AXI_video_strm_V_strb_V, i1* %AXI_video_strm_V_user_V, i1* %AXI_video_strm_V_last_V, i1* %AXI_video_strm_V_id_V, i1* %AXI_video_strm_V_dest_V, [5 x i8]* @p_str451, i32 1, i32 1, [5 x i8]* @p_str552, i32 0, i32 0, [1 x i8]* @p_str249, [1 x i8]* @p_str249, [1 x i8]* @p_str249, i32 0, i32 0, i32 0, i32 0, [1 x i8]* @p_str249, [1 x i8]* @p_str249) nounwind"   --->   Operation 11 'specinterface' <Predicate = true> <Delay = 0.00>
ST_1 : Operation 12 [1/1] (0.65ns)   --->   "store i1 true, i1* %tmp_user_V" [C:/Xilinx/Vivado/2019.1/common/technology/autopilot/hls/hls_video_io.h:125]   --->   Operation 12 'store' <Predicate = true> <Delay = 0.65>
ST_1 : Operation 13 [1/1] (0.65ns)   --->   "br label %0" [C:/Xilinx/Vivado/2019.1/common/technology/autopilot/hls/hls_video_io.h:125]   --->   Operation 13 'br' <Predicate = true> <Delay = 0.65>

State 2 <SV = 1> <Delay = 1.16>
ST_2 : Operation 14 [1/1] (0.00ns)   --->   "%t_V = phi i9 [ 0, %._crit_edge ], [ %i_V, %loop_height_end ]"   --->   Operation 14 'phi' 't_V' <Predicate = true> <Delay = 0.00>
ST_2 : Operation 15 [1/1] (0.88ns)   --->   "%icmp_ln125 = icmp eq i9 %t_V, -242" [C:/Xilinx/Vivado/2019.1/common/technology/autopilot/hls/hls_video_io.h:125]   --->   Operation 15 'icmp' 'icmp_ln125' <Predicate = true> <Delay = 0.88> <Core = "Cmp">   --->   Core 25 'Cmp' <Latency = 0> <II = 1> <Delay = 0.88> <FuncUnit> <Opcode : 'icmp'> <InPorts = 2> <OutPorts = 1>
ST_2 : Operation 16 [1/1] (0.00ns)   --->   "call void (...)* @_ssdm_op_SpecLoopTripCount(i64 270, i64 270, i64 270)"   --->   Operation 16 'speclooptripcount' <Predicate = true> <Delay = 0.00>
ST_2 : Operation 17 [1/1] (0.77ns)   --->   "%i_V = add i9 %t_V, 1" [C:/Xilinx/Vivado/2019.1/common/technology/autopilot/hls/hls_video_io.h:125]   --->   Operation 17 'add' 'i_V' <Predicate = true> <Delay = 0.77> <Core = "AddSub">   --->   Core 14 'AddSub' <Latency = 0> <II = 1> <Delay = 0.77> <FuncUnit> <Opcode : 'add' 'sub'> <InPorts = 2> <OutPorts = 1>
ST_2 : Operation 18 [1/1] (0.00ns)   --->   "br i1 %icmp_ln125, label %2, label %loop_height_begin" [C:/Xilinx/Vivado/2019.1/common/technology/autopilot/hls/hls_video_io.h:125]   --->   Operation 18 'br' <Predicate = true> <Delay = 0.00>
ST_2 : Operation 19 [1/1] (0.00ns)   --->   "call void (...)* @_ssdm_op_SpecLoopName([12 x i8]* @p_str1066) nounwind" [C:/Xilinx/Vivado/2019.1/common/technology/autopilot/hls/hls_video_io.h:125]   --->   Operation 19 'specloopname' <Predicate = (!icmp_ln125)> <Delay = 0.00>
ST_2 : Operation 20 [1/1] (0.00ns)   --->   "%tmp_s = call i32 (...)* @_ssdm_op_SpecRegionBegin([12 x i8]* @p_str1066)" [C:/Xilinx/Vivado/2019.1/common/technology/autopilot/hls/hls_video_io.h:125]   --->   Operation 20 'specregionbegin' 'tmp_s' <Predicate = (!icmp_ln125)> <Delay = 0.00>
ST_2 : Operation 21 [1/1] (0.65ns)   --->   "br label %1" [C:/Xilinx/Vivado/2019.1/common/technology/autopilot/hls/hls_video_io.h:126]   --->   Operation 21 'br' <Predicate = (!icmp_ln125)> <Delay = 0.65>
ST_2 : Operation 22 [1/1] (0.00ns)   --->   "ret void"   --->   Operation 22 'ret' <Predicate = (icmp_ln125)> <Delay = 0.00>

State 3 <SV = 2> <Delay = 1.16>
ST_3 : Operation 23 [1/1] (0.00ns)   --->   "%t_V_6 = phi i9 [ 0, %loop_height_begin ], [ %j_V, %loop_width_begin ]"   --->   Operation 23 'phi' 't_V_6' <Predicate = true> <Delay = 0.00>
ST_3 : Operation 24 [1/1] (0.88ns)   --->   "%icmp_ln126 = icmp eq i9 %t_V_6, -32" [C:/Xilinx/Vivado/2019.1/common/technology/autopilot/hls/hls_video_io.h:126]   --->   Operation 24 'icmp' 'icmp_ln126' <Predicate = true> <Delay = 0.88> <Core = "Cmp">   --->   Core 25 'Cmp' <Latency = 0> <II = 1> <Delay = 0.88> <FuncUnit> <Opcode : 'icmp'> <InPorts = 2> <OutPorts = 1>
ST_3 : Operation 25 [1/1] (0.00ns)   --->   "call void (...)* @_ssdm_op_SpecLoopTripCount(i64 480, i64 480, i64 480)"   --->   Operation 25 'speclooptripcount' <Predicate = true> <Delay = 0.00>
ST_3 : Operation 26 [1/1] (0.77ns)   --->   "%j_V = add i9 %t_V_6, 1" [C:/Xilinx/Vivado/2019.1/common/technology/autopilot/hls/hls_video_io.h:126]   --->   Operation 26 'add' 'j_V' <Predicate = true> <Delay = 0.77> <Core = "AddSub">   --->   Core 14 'AddSub' <Latency = 0> <II = 1> <Delay = 0.77> <FuncUnit> <Opcode : 'add' 'sub'> <InPorts = 2> <OutPorts = 1>
ST_3 : Operation 27 [1/1] (0.00ns)   --->   "br i1 %icmp_ln126, label %loop_height_end, label %loop_width_begin" [C:/Xilinx/Vivado/2019.1/common/technology/autopilot/hls/hls_video_io.h:126]   --->   Operation 27 'br' <Predicate = true> <Delay = 0.00>
ST_3 : Operation 28 [1/1] (0.88ns)   --->   "%axi_last_V = icmp eq i9 %t_V_6, -33" [C:/Xilinx/Vivado/2019.1/common/technology/autopilot/hls/hls_video_io.h:135]   --->   Operation 28 'icmp' 'axi_last_V' <Predicate = (!icmp_ln126)> <Delay = 0.88> <Core = "Cmp">   --->   Core 25 'Cmp' <Latency = 0> <II = 1> <Delay = 0.88> <FuncUnit> <Opcode : 'icmp'> <InPorts = 2> <OutPorts = 1>

State 4 <SV = 3> <Delay = 1.83>
ST_4 : Operation 29 [1/1] (0.00ns)   --->   "%tmp_user_V_load = load i1* %tmp_user_V" [C:/Xilinx/Vivado/2019.1/common/technology/autopilot/hls/hls_video_io.h:146]   --->   Operation 29 'load' 'tmp_user_V_load' <Predicate = (!icmp_ln126)> <Delay = 0.00>
ST_4 : Operation 30 [1/1] (0.00ns)   --->   "%tmp_4 = call i32 (...)* @_ssdm_op_SpecRegionBegin([12 x i8]* @p_str3)" [C:/Xilinx/Vivado/2019.1/common/technology/autopilot/hls/hls_video_core.h:672->C:/Xilinx/Vivado/2019.1/common/technology/autopilot/hls/hls_video_core.h:711->C:/Xilinx/Vivado/2019.1/common/technology/autopilot/hls/hls_video_io.h:140]   --->   Operation 30 'specregionbegin' 'tmp_4' <Predicate = (!icmp_ln126)> <Delay = 0.00>
ST_4 : Operation 31 [1/1] (0.00ns)   --->   "call void (...)* @_ssdm_op_SpecProtocol(i32 0, [1 x i8]* @p_str) nounwind" [C:/Xilinx/Vivado/2019.1/common/technology/autopilot/hls/hls_video_core.h:676->C:/Xilinx/Vivado/2019.1/common/technology/autopilot/hls/hls_video_core.h:711->C:/Xilinx/Vivado/2019.1/common/technology/autopilot/hls/hls_video_io.h:140]   --->   Operation 31 'specprotocol' <Predicate = (!icmp_ln126)> <Delay = 0.00>
ST_4 : Operation 32 [1/1] (1.83ns)   --->   "%tmp_65 = call i8 @_ssdm_op_Read.ap_fifo.volatile.i8P(i8* %img_data_stream_0_V)" [C:/Xilinx/Vivado/2019.1/common/technology/autopilot/hls/hls_video_core.h:679->C:/Xilinx/Vivado/2019.1/common/technology/autopilot/hls/hls_video_core.h:711->C:/Xilinx/Vivado/2019.1/common/technology/autopilot/hls/hls_video_io.h:140]   --->   Operation 32 'read' 'tmp_65' <Predicate = (!icmp_ln126)> <Delay = 1.83> <Core = "FIFO">   --->   Core 32 'FIFO' <Latency = 0> <II = 1> <Delay = 1.73> <Storage> <Opcode : 'read' 'write' 'nbread' 'nbwrite'> <Ports = 0> <Width = 32> <Depth = 200> <FIFO>
ST_4 : Operation 33 [1/1] (1.83ns)   --->   "%tmp_66 = call i8 @_ssdm_op_Read.ap_fifo.volatile.i8P(i8* %img_data_stream_1_V)" [C:/Xilinx/Vivado/2019.1/common/technology/autopilot/hls/hls_video_core.h:679->C:/Xilinx/Vivado/2019.1/common/technology/autopilot/hls/hls_video_core.h:711->C:/Xilinx/Vivado/2019.1/common/technology/autopilot/hls/hls_video_io.h:140]   --->   Operation 33 'read' 'tmp_66' <Predicate = (!icmp_ln126)> <Delay = 1.83> <Core = "FIFO">   --->   Core 32 'FIFO' <Latency = 0> <II = 1> <Delay = 1.73> <Storage> <Opcode : 'read' 'write' 'nbread' 'nbwrite'> <Ports = 0> <Width = 32> <Depth = 200> <FIFO>
ST_4 : Operation 34 [1/1] (1.83ns)   --->   "%tmp = call i8 @_ssdm_op_Read.ap_fifo.volatile.i8P(i8* %img_data_stream_2_V)" [C:/Xilinx/Vivado/2019.1/common/technology/autopilot/hls/hls_video_core.h:679->C:/Xilinx/Vivado/2019.1/common/technology/autopilot/hls/hls_video_core.h:711->C:/Xilinx/Vivado/2019.1/common/technology/autopilot/hls/hls_video_io.h:140]   --->   Operation 34 'read' 'tmp' <Predicate = (!icmp_ln126)> <Delay = 1.83> <Core = "FIFO">   --->   Core 32 'FIFO' <Latency = 0> <II = 1> <Delay = 1.73> <Storage> <Opcode : 'read' 'write' 'nbread' 'nbwrite'> <Ports = 0> <Width = 32> <Depth = 200> <FIFO>
ST_4 : Operation 35 [1/1] (0.00ns)   --->   "%empty = call i32 (...)* @_ssdm_op_SpecRegionEnd([12 x i8]* @p_str3, i32 %tmp_4)" [C:/Xilinx/Vivado/2019.1/common/technology/autopilot/hls/hls_video_core.h:681->C:/Xilinx/Vivado/2019.1/common/technology/autopilot/hls/hls_video_core.h:711->C:/Xilinx/Vivado/2019.1/common/technology/autopilot/hls/hls_video_io.h:140]   --->   Operation 35 'specregionend' 'empty' <Predicate = (!icmp_ln126)> <Delay = 0.00>
ST_4 : Operation 36 [1/1] (0.00ns)   --->   "%tmp_data_V = call i24 @_ssdm_op_BitConcatenate.i24.i8.i8.i8(i8 %tmp, i8 %tmp_66, i8 %tmp_65)" [C:/Xilinx/Vivado/2019.1/common/technology/autopilot/hls/hls_axi_io.h:78->C:/Xilinx/Vivado/2019.1/common/technology/autopilot/hls/hls_axi_io.h:100->C:/Xilinx/Vivado/2019.1/common/technology/autopilot/hls/hls_video_io.h:143]   --->   Operation 36 'bitconcatenate' 'tmp_data_V' <Predicate = (!icmp_ln126)> <Delay = 0.00>
ST_4 : Operation 37 [2/2] (0.00ns)   --->   "call void @_ssdm_op_Write.axis.volatile.i24P.i3P.i3P.i1P.i1P.i1P.i1P(i24* %AXI_video_strm_V_data_V, i3* %AXI_video_strm_V_keep_V, i3* %AXI_video_strm_V_strb_V, i1* %AXI_video_strm_V_user_V, i1* %AXI_video_strm_V_last_V, i1* %AXI_video_strm_V_id_V, i1* %AXI_video_strm_V_dest_V, i24 %tmp_data_V, i3 -1, i3 undef, i1 %tmp_user_V_load, i1 %axi_last_V, i1 undef, i1 undef)" [C:/Xilinx/Vivado/2019.1/common/technology/autopilot/hls/hls_video_io.h:146]   --->   Operation 37 'write' <Predicate = (!icmp_ln126)> <Delay = 0.00> <Core = "AXI4Stream">   --->   Core 5 'AXI4Stream' <Latency = 0> <II = 1> <Delay = 1.00> <Adapter> <Opcode : >
ST_4 : Operation 38 [1/1] (0.65ns)   --->   "store i1 false, i1* %tmp_user_V" [C:/Xilinx/Vivado/2019.1/common/technology/autopilot/hls/hls_video_io.h:126]   --->   Operation 38 'store' <Predicate = (!icmp_ln126)> <Delay = 0.65>

State 5 <SV = 4> <Delay = 0.00>
ST_5 : Operation 39 [1/1] (0.00ns)   --->   "call void (...)* @_ssdm_op_SpecLoopName([11 x i8]* @p_str1167) nounwind" [C:/Xilinx/Vivado/2019.1/common/technology/autopilot/hls/hls_video_io.h:126]   --->   Operation 39 'specloopname' <Predicate = (!icmp_ln126)> <Delay = 0.00>
ST_5 : Operation 40 [1/1] (0.00ns)   --->   "%tmp_3 = call i32 (...)* @_ssdm_op_SpecRegionBegin([11 x i8]* @p_str1167)" [C:/Xilinx/Vivado/2019.1/common/technology/autopilot/hls/hls_video_io.h:126]   --->   Operation 40 'specregionbegin' 'tmp_3' <Predicate = (!icmp_ln126)> <Delay = 0.00>
ST_5 : Operation 41 [1/1] (0.00ns)   --->   "call void (...)* @_ssdm_op_SpecPipeline(i32 1, i32 1, i32 1, i32 0, [1 x i8]* @p_str249) nounwind" [C:/Xilinx/Vivado/2019.1/common/technology/autopilot/hls/hls_video_io.h:128]   --->   Operation 41 'specpipeline' <Predicate = (!icmp_ln126)> <Delay = 0.00>
ST_5 : Operation 42 [1/2] (0.00ns)   --->   "call void @_ssdm_op_Write.axis.volatile.i24P.i3P.i3P.i1P.i1P.i1P.i1P(i24* %AXI_video_strm_V_data_V, i3* %AXI_video_strm_V_keep_V, i3* %AXI_video_strm_V_strb_V, i1* %AXI_video_strm_V_user_V, i1* %AXI_video_strm_V_last_V, i1* %AXI_video_strm_V_id_V, i1* %AXI_video_strm_V_dest_V, i24 %tmp_data_V, i3 -1, i3 undef, i1 %tmp_user_V_load, i1 %axi_last_V, i1 undef, i1 undef)" [C:/Xilinx/Vivado/2019.1/common/technology/autopilot/hls/hls_video_io.h:146]   --->   Operation 42 'write' <Predicate = (!icmp_ln126)> <Delay = 0.00> <Core = "AXI4Stream">   --->   Core 5 'AXI4Stream' <Latency = 0> <II = 1> <Delay = 1.00> <Adapter> <Opcode : >
ST_5 : Operation 43 [1/1] (0.00ns)   --->   "%empty_582 = call i32 (...)* @_ssdm_op_SpecRegionEnd([11 x i8]* @p_str1167, i32 %tmp_3)" [C:/Xilinx/Vivado/2019.1/common/technology/autopilot/hls/hls_video_io.h:147]   --->   Operation 43 'specregionend' 'empty_582' <Predicate = (!icmp_ln126)> <Delay = 0.00>
ST_5 : Operation 44 [1/1] (0.00ns)   --->   "br label %1" [C:/Xilinx/Vivado/2019.1/common/technology/autopilot/hls/hls_video_io.h:126]   --->   Operation 44 'br' <Predicate = (!icmp_ln126)> <Delay = 0.00>

State 6 <SV = 3> <Delay = 0.00>
ST_6 : Operation 45 [1/1] (0.00ns)   --->   "%empty_583 = call i32 (...)* @_ssdm_op_SpecRegionEnd([12 x i8]* @p_str1066, i32 %tmp_s)" [C:/Xilinx/Vivado/2019.1/common/technology/autopilot/hls/hls_video_io.h:148]   --->   Operation 45 'specregionend' 'empty_583' <Predicate = true> <Delay = 0.00>
ST_6 : Operation 46 [1/1] (0.00ns)   --->   "br label %0" [C:/Xilinx/Vivado/2019.1/common/technology/autopilot/hls/hls_video_io.h:125]   --->   Operation 46 'br' <Predicate = true> <Delay = 0.00>


============================================================
+ Verbose Summary: Binding
============================================================
STG Binding: 
---------------- STG Properties BEGIN ----------------
- Is combinational: 0
- Is one-state seq: 0
- Is datapath-only: 0
- Is pipelined: 0
- Is top level: 0
Port [ Return ] is wired: 1; IO mode=ap_ctrl_hs:ce=0
Port [ img_data_stream_0_V]:  wired=1; compound=1; hidden=0; nouse=0; global=0; static=0; extern=0; dir=0; type=3; pingpong=0; private_global=0; IO mode=ap_fifo:ce=0
Port [ img_data_stream_1_V]:  wired=1; compound=1; hidden=0; nouse=0; global=0; static=0; extern=0; dir=0; type=3; pingpong=0; private_global=0; IO mode=ap_fifo:ce=0
Port [ img_data_stream_2_V]:  wired=1; compound=1; hidden=0; nouse=0; global=0; static=0; extern=0; dir=0; type=3; pingpong=0; private_global=0; IO mode=ap_fifo:ce=0
Port [ AXI_video_strm_V_data_V]:  wired=1; compound=1; hidden=0; nouse=0; global=0; static=0; extern=0; dir=1; type=0; pingpong=0; private_global=0; IO mode=axis:ce=0
Port [ AXI_video_strm_V_keep_V]:  wired=1; compound=1; hidden=0; nouse=0; global=0; static=0; extern=0; dir=1; type=0; pingpong=0; private_global=0; IO mode=axis:ce=0
Port [ AXI_video_strm_V_strb_V]:  wired=1; compound=1; hidden=0; nouse=0; global=0; static=0; extern=0; dir=1; type=0; pingpong=0; private_global=0; IO mode=axis:ce=0
Port [ AXI_video_strm_V_user_V]:  wired=1; compound=1; hidden=0; nouse=0; global=0; static=0; extern=0; dir=1; type=0; pingpong=0; private_global=0; IO mode=axis:ce=0
Port [ AXI_video_strm_V_last_V]:  wired=1; compound=1; hidden=0; nouse=0; global=0; static=0; extern=0; dir=1; type=0; pingpong=0; private_global=0; IO mode=axis:ce=0
Port [ AXI_video_strm_V_id_V]:  wired=1; compound=1; hidden=0; nouse=0; global=0; static=0; extern=0; dir=1; type=0; pingpong=0; private_global=0; IO mode=axis:ce=0
Port [ AXI_video_strm_V_dest_V]:  wired=1; compound=1; hidden=0; nouse=0; global=0; static=0; extern=0; dir=1; type=0; pingpong=0; private_global=0; IO mode=axis:ce=0
---------------- STG Properties END ------------------

---------------- Datapath Model BEGIN ----------------

<LifeTime>
<method=bitvector/>
tmp_user_V            (alloca           ) [ 0111111]
specinterface_ln0     (specinterface    ) [ 0000000]
specinterface_ln0     (specinterface    ) [ 0000000]
specinterface_ln0     (specinterface    ) [ 0000000]
specinterface_ln0     (specinterface    ) [ 0000000]
store_ln125           (store            ) [ 0000000]
br_ln125              (br               ) [ 0111111]
t_V                   (phi              ) [ 0010000]
icmp_ln125            (icmp             ) [ 0011111]
speclooptripcount_ln0 (speclooptripcount) [ 0000000]
i_V                   (add              ) [ 0111111]
br_ln125              (br               ) [ 0000000]
specloopname_ln125    (specloopname     ) [ 0000000]
tmp_s                 (specregionbegin  ) [ 0001111]
br_ln126              (br               ) [ 0011111]
ret_ln0               (ret              ) [ 0000000]
t_V_6                 (phi              ) [ 0001000]
icmp_ln126            (icmp             ) [ 0011111]
speclooptripcount_ln0 (speclooptripcount) [ 0000000]
j_V                   (add              ) [ 0011111]
br_ln126              (br               ) [ 0000000]
axi_last_V            (icmp             ) [ 0001110]
tmp_user_V_load       (load             ) [ 0001010]
tmp_4                 (specregionbegin  ) [ 0000000]
specprotocol_ln676    (specprotocol     ) [ 0000000]
tmp_65                (read             ) [ 0000000]
tmp_66                (read             ) [ 0000000]
tmp                   (read             ) [ 0000000]
empty                 (specregionend    ) [ 0000000]
tmp_data_V            (bitconcatenate   ) [ 0001010]
store_ln126           (store            ) [ 0000000]
specloopname_ln126    (specloopname     ) [ 0000000]
tmp_3                 (specregionbegin  ) [ 0000000]
specpipeline_ln128    (specpipeline     ) [ 0000000]
write_ln146           (write            ) [ 0000000]
empty_582             (specregionend    ) [ 0000000]
br_ln126              (br               ) [ 0011111]
empty_583             (specregionend    ) [ 0000000]
br_ln125              (br               ) [ 0111111]
</LifeTime>

<model>

<comp_list>
<comp id="0" class="1000" name="img_data_stream_0_V">
<pin_list>
<pin id="1" dir="1" index="0" bw="1" slack="0"/>
</pin_list>
<bind>
<StgValue><ssdm name="img_data_stream_0_V"/></StgValue>
</bind>
</comp>

<comp id="2" class="1000" name="img_data_stream_1_V">
<pin_list>
<pin id="3" dir="1" index="0" bw="1" slack="0"/>
</pin_list>
<bind>
<StgValue><ssdm name="img_data_stream_1_V"/></StgValue>
</bind>
</comp>

<comp id="4" class="1000" name="img_data_stream_2_V">
<pin_list>
<pin id="5" dir="1" index="0" bw="1" slack="0"/>
</pin_list>
<bind>
<StgValue><ssdm name="img_data_stream_2_V"/></StgValue>
</bind>
</comp>

<comp id="6" class="1000" name="AXI_video_strm_V_data_V">
<pin_list>
<pin id="7" dir="1" index="0" bw="1" slack="0"/>
</pin_list>
<bind>
<StgValue><ssdm name="AXI_video_strm_V_data_V"/></StgValue>
</bind>
</comp>

<comp id="8" class="1000" name="AXI_video_strm_V_keep_V">
<pin_list>
<pin id="9" dir="1" index="0" bw="1" slack="0"/>
</pin_list>
<bind>
<StgValue><ssdm name="AXI_video_strm_V_keep_V"/></StgValue>
</bind>
</comp>

<comp id="10" class="1000" name="AXI_video_strm_V_strb_V">
<pin_list>
<pin id="11" dir="1" index="0" bw="1" slack="0"/>
</pin_list>
<bind>
<StgValue><ssdm name="AXI_video_strm_V_strb_V"/></StgValue>
</bind>
</comp>

<comp id="12" class="1000" name="AXI_video_strm_V_user_V">
<pin_list>
<pin id="13" dir="1" index="0" bw="1" slack="0"/>
</pin_list>
<bind>
<StgValue><ssdm name="AXI_video_strm_V_user_V"/></StgValue>
</bind>
</comp>

<comp id="14" class="1000" name="AXI_video_strm_V_last_V">
<pin_list>
<pin id="15" dir="1" index="0" bw="1" slack="0"/>
</pin_list>
<bind>
<StgValue><ssdm name="AXI_video_strm_V_last_V"/></StgValue>
</bind>
</comp>

<comp id="16" class="1000" name="AXI_video_strm_V_id_V">
<pin_list>
<pin id="17" dir="1" index="0" bw="1" slack="0"/>
</pin_list>
<bind>
<StgValue><ssdm name="AXI_video_strm_V_id_V"/></StgValue>
</bind>
</comp>

<comp id="18" class="1000" name="AXI_video_strm_V_dest_V">
<pin_list>
<pin id="19" dir="1" index="0" bw="1" slack="0"/>
</pin_list>
<bind>
<StgValue><ssdm name="AXI_video_strm_V_dest_V"/></StgValue>
</bind>
</comp>

<comp id="20" class="1001" name="const_20">
<pin_list>
<pin id="21" dir="1" index="0" bw="1" slack="0"/>
</pin_list>
<bind>
<StgValue><ssdm name=""/></StgValue>
</bind>
</comp>

<comp id="22" class="1001" name="const_22">
<pin_list>
<pin id="23" dir="1" index="0" bw="1" slack="2147483647"/>
</pin_list>
<bind>
<StgValue><ssdm name="_ssdm_op_SpecInterface"/></StgValue>
</bind>
</comp>

<comp id="24" class="1001" name="const_24">
<pin_list>
<pin id="25" dir="1" index="0" bw="1" slack="2147483647"/>
</pin_list>
<bind>
<StgValue><ssdm name="ap_fifo_str"/></StgValue>
</bind>
</comp>

<comp id="26" class="1001" name="const_26">
<pin_list>
<pin id="27" dir="1" index="0" bw="1" slack="2147483647"/>
</pin_list>
<bind>
<StgValue><ssdm name=""/></StgValue>
</bind>
</comp>

<comp id="28" class="1001" name="const_28">
<pin_list>
<pin id="29" dir="1" index="0" bw="1" slack="2147483647"/>
</pin_list>
<bind>
<StgValue><ssdm name="p_str"/></StgValue>
</bind>
</comp>

<comp id="30" class="1001" name="const_30">
<pin_list>
<pin id="31" dir="1" index="0" bw="1" slack="2147483647"/>
</pin_list>
<bind>
<StgValue><ssdm name=""/></StgValue>
</bind>
</comp>

<comp id="32" class="1001" name="const_32">
<pin_list>
<pin id="33" dir="1" index="0" bw="1" slack="2147483647"/>
</pin_list>
<bind>
<StgValue><ssdm name=""/></StgValue>
</bind>
</comp>

<comp id="34" class="1001" name="const_34">
<pin_list>
<pin id="35" dir="1" index="0" bw="1" slack="2147483647"/>
</pin_list>
<bind>
<StgValue><ssdm name="p_str451"/></StgValue>
</bind>
</comp>

<comp id="36" class="1001" name="const_36">
<pin_list>
<pin id="37" dir="1" index="0" bw="1" slack="2147483647"/>
</pin_list>
<bind>
<StgValue><ssdm name="p_str552"/></StgValue>
</bind>
</comp>

<comp id="38" class="1001" name="const_38">
<pin_list>
<pin id="39" dir="1" index="0" bw="1" slack="2147483647"/>
</pin_list>
<bind>
<StgValue><ssdm name="p_str249"/></StgValue>
</bind>
</comp>

<comp id="40" class="1001" name="const_40">
<pin_list>
<pin id="41" dir="1" index="0" bw="1" slack="0"/>
</pin_list>
<bind>
<StgValue><ssdm name=""/></StgValue>
</bind>
</comp>

<comp id="42" class="1001" name="const_42">
<pin_list>
<pin id="43" dir="1" index="0" bw="1" slack="1"/>
</pin_list>
<bind>
<StgValue><ssdm name=""/></StgValue>
</bind>
</comp>

<comp id="44" class="1001" name="const_44">
<pin_list>
<pin id="45" dir="1" index="0" bw="1" slack="0"/>
</pin_list>
<bind>
<StgValue><ssdm name=""/></StgValue>
</bind>
</comp>

<comp id="46" class="1001" name="const_46">
<pin_list>
<pin id="47" dir="1" index="0" bw="1" slack="2147483647"/>
</pin_list>
<bind>
<StgValue><ssdm name="_ssdm_op_SpecLoopTripCount"/></StgValue>
</bind>
</comp>

<comp id="48" class="1001" name="const_48">
<pin_list>
<pin id="49" dir="1" index="0" bw="1" slack="2147483647"/>
</pin_list>
<bind>
<StgValue><ssdm name=""/></StgValue>
</bind>
</comp>

<comp id="50" class="1001" name="const_50">
<pin_list>
<pin id="51" dir="1" index="0" bw="1" slack="0"/>
</pin_list>
<bind>
<StgValue><ssdm name=""/></StgValue>
</bind>
</comp>

<comp id="52" class="1001" name="const_52">
<pin_list>
<pin id="53" dir="1" index="0" bw="1" slack="2147483647"/>
</pin_list>
<bind>
<StgValue><ssdm name="_ssdm_op_SpecLoopName"/></StgValue>
</bind>
</comp>

<comp id="54" class="1001" name="const_54">
<pin_list>
<pin id="55" dir="1" index="0" bw="1" slack="2147483647"/>
</pin_list>
<bind>
<StgValue><ssdm name="p_str1066"/></StgValue>
</bind>
</comp>

<comp id="56" class="1001" name="const_56">
<pin_list>
<pin id="57" dir="1" index="0" bw="1" slack="2147483647"/>
</pin_list>
<bind>
<StgValue><ssdm name="_ssdm_op_SpecRegionBegin"/></StgValue>
</bind>
</comp>

<comp id="58" class="1001" name="const_58">
<pin_list>
<pin id="59" dir="1" index="0" bw="1" slack="0"/>
</pin_list>
<bind>
<StgValue><ssdm name=""/></StgValue>
</bind>
</comp>

<comp id="60" class="1001" name="const_60">
<pin_list>
<pin id="61" dir="1" index="0" bw="1" slack="2147483647"/>
</pin_list>
<bind>
<StgValue><ssdm name=""/></StgValue>
</bind>
</comp>

<comp id="62" class="1001" name="const_62">
<pin_list>
<pin id="63" dir="1" index="0" bw="1" slack="0"/>
</pin_list>
<bind>
<StgValue><ssdm name=""/></StgValue>
</bind>
</comp>

<comp id="64" class="1001" name="const_64">
<pin_list>
<pin id="65" dir="1" index="0" bw="1" slack="2147483647"/>
</pin_list>
<bind>
<StgValue><ssdm name="p_str3"/></StgValue>
</bind>
</comp>

<comp id="66" class="1001" name="const_66">
<pin_list>
<pin id="67" dir="1" index="0" bw="1" slack="2147483647"/>
</pin_list>
<bind>
<StgValue><ssdm name="_ssdm_op_SpecProtocol"/></StgValue>
</bind>
</comp>

<comp id="68" class="1001" name="const_68">
<pin_list>
<pin id="69" dir="1" index="0" bw="1" slack="0"/>
</pin_list>
<bind>
<StgValue><ssdm name="_ssdm_op_Read.ap_fifo.volatile.i8P"/></StgValue>
</bind>
</comp>

<comp id="70" class="1001" name="const_70">
<pin_list>
<pin id="71" dir="1" index="0" bw="1" slack="2147483647"/>
</pin_list>
<bind>
<StgValue><ssdm name="_ssdm_op_SpecRegionEnd"/></StgValue>
</bind>
</comp>

<comp id="72" class="1001" name="const_72">
<pin_list>
<pin id="73" dir="1" index="0" bw="1" slack="0"/>
</pin_list>
<bind>
<StgValue><ssdm name="_ssdm_op_BitConcatenate.i24.i8.i8.i8"/></StgValue>
</bind>
</comp>

<comp id="74" class="1001" name="const_74">
<pin_list>
<pin id="75" dir="1" index="0" bw="1" slack="0"/>
</pin_list>
<bind>
<StgValue><ssdm name="_ssdm_op_Write.axis.volatile.i24P.i3P.i3P.i1P.i1P.i1P.i1P"/></StgValue>
</bind>
</comp>

<comp id="76" class="1001" name="const_76">
<pin_list>
<pin id="77" dir="1" index="0" bw="1" slack="0"/>
</pin_list>
<bind>
<StgValue><ssdm name=""/></StgValue>
</bind>
</comp>

<comp id="78" class="1001" name="const_78">
<pin_list>
<pin id="79" dir="1" index="0" bw="1" slack="0"/>
</pin_list>
<bind>
<StgValue><ssdm name=""/></StgValue>
</bind>
</comp>

<comp id="80" class="1001" name="const_80">
<pin_list>
<pin id="81" dir="1" index="0" bw="1" slack="0"/>
</pin_list>
<bind>
<StgValue><ssdm name=""/></StgValue>
</bind>
</comp>

<comp id="82" class="1001" name="const_82">
<pin_list>
<pin id="83" dir="1" index="0" bw="1" slack="0"/>
</pin_list>
<bind>
<StgValue><ssdm name=""/></StgValue>
</bind>
</comp>

<comp id="84" class="1001" name="const_84">
<pin_list>
<pin id="85" dir="1" index="0" bw="1" slack="2147483647"/>
</pin_list>
<bind>
<StgValue><ssdm name="p_str1167"/></StgValue>
</bind>
</comp>

<comp id="86" class="1001" name="const_86">
<pin_list>
<pin id="87" dir="1" index="0" bw="1" slack="2147483647"/>
</pin_list>
<bind>
<StgValue><ssdm name="_ssdm_op_SpecPipeline"/></StgValue>
</bind>
</comp>

<comp id="88" class="1004" name="tmp_user_V_fu_88">
<pin_list>
<pin id="89" dir="0" index="0" bw="1" slack="0"/>
<pin id="90" dir="1" index="1" bw="1" slack="0"/>
</pin_list>
<bind>
<opcode="alloca(26) " fcode="alloca"/>
<opset="tmp_user_V/1 "/>
</bind>
</comp>

<comp id="92" class="1004" name="tmp_65_read_fu_92">
<pin_list>
<pin id="93" dir="0" index="0" bw="8" slack="0"/>
<pin id="94" dir="0" index="1" bw="8" slack="0"/>
<pin id="95" dir="1" index="2" bw="8" slack="0"/>
</pin_list>
<bind>
<opcode="read(1150) " fcode="read"/>
<opset="tmp_65/4 "/>
</bind>
</comp>

<comp id="98" class="1004" name="tmp_66_read_fu_98">
<pin_list>
<pin id="99" dir="0" index="0" bw="8" slack="0"/>
<pin id="100" dir="0" index="1" bw="8" slack="0"/>
<pin id="101" dir="1" index="2" bw="8" slack="0"/>
</pin_list>
<bind>
<opcode="read(1150) " fcode="read"/>
<opset="tmp_66/4 "/>
</bind>
</comp>

<comp id="104" class="1004" name="tmp_read_fu_104">
<pin_list>
<pin id="105" dir="0" index="0" bw="8" slack="0"/>
<pin id="106" dir="0" index="1" bw="8" slack="0"/>
<pin id="107" dir="1" index="2" bw="8" slack="0"/>
</pin_list>
<bind>
<opcode="read(1150) " fcode="read"/>
<opset="tmp/4 "/>
</bind>
</comp>

<comp id="110" class="1004" name="grp_write_fu_110">
<pin_list>
<pin id="111" dir="0" index="0" bw="0" slack="0"/>
<pin id="112" dir="0" index="1" bw="24" slack="0"/>
<pin id="113" dir="0" index="2" bw="3" slack="0"/>
<pin id="114" dir="0" index="3" bw="3" slack="0"/>
<pin id="115" dir="0" index="4" bw="1" slack="0"/>
<pin id="116" dir="0" index="5" bw="1" slack="0"/>
<pin id="117" dir="0" index="6" bw="1" slack="0"/>
<pin id="118" dir="0" index="7" bw="1" slack="0"/>
<pin id="119" dir="0" index="8" bw="24" slack="0"/>
<pin id="120" dir="0" index="9" bw="1" slack="0"/>
<pin id="121" dir="0" index="10" bw="1" slack="0"/>
<pin id="122" dir="0" index="11" bw="1" slack="0"/>
<pin id="123" dir="0" index="12" bw="1" slack="1"/>
<pin id="124" dir="0" index="13" bw="1" slack="0"/>
<pin id="125" dir="0" index="14" bw="1" slack="0"/>
<pin id="126" dir="1" index="15" bw="0" slack="2147483647"/>
</pin_list>
<bind>
<opcode="write(1151) " fcode="write"/>
<opset="write_ln146/4 "/>
</bind>
</comp>

<comp id="139" class="1005" name="t_V_reg_139">
<pin_list>
<pin id="140" dir="0" index="0" bw="9" slack="1"/>
<pin id="141" dir="1" index="1" bw="9" slack="1"/>
</pin_list>
<bind>
<opset="t_V (phireg) "/>
</bind>
</comp>

<comp id="143" class="1004" name="t_V_phi_fu_143">
<pin_list>
<pin id="144" dir="0" index="0" bw="1" slack="1"/>
<pin id="145" dir="0" index="1" bw="0" slack="2147483647"/>
<pin id="146" dir="0" index="2" bw="9" slack="0"/>
<pin id="147" dir="0" index="3" bw="0" slack="2147483647"/>
<pin id="148" dir="1" index="4" bw="9" slack="0"/>
</pin_list>
<bind>
<opcode="phi(47) " fcode="phi"/>
<opset="t_V/2 "/>
</bind>
</comp>

<comp id="150" class="1005" name="t_V_6_reg_150">
<pin_list>
<pin id="151" dir="0" index="0" bw="9" slack="1"/>
<pin id="152" dir="1" index="1" bw="9" slack="1"/>
</pin_list>
<bind>
<opset="t_V_6 (phireg) "/>
</bind>
</comp>

<comp id="154" class="1004" name="t_V_6_phi_fu_154">
<pin_list>
<pin id="155" dir="0" index="0" bw="1" slack="1"/>
<pin id="156" dir="0" index="1" bw="0" slack="2147483647"/>
<pin id="157" dir="0" index="2" bw="9" slack="0"/>
<pin id="158" dir="0" index="3" bw="0" slack="2147483647"/>
<pin id="159" dir="1" index="4" bw="9" slack="0"/>
</pin_list>
<bind>
<opcode="phi(47) " fcode="phi"/>
<opset="t_V_6/3 "/>
</bind>
</comp>

<comp id="161" class="1004" name="store_ln125_store_fu_161">
<pin_list>
<pin id="162" dir="0" index="0" bw="1" slack="0"/>
<pin id="163" dir="0" index="1" bw="1" slack="0"/>
<pin id="164" dir="1" index="2" bw="0" slack="2147483647"/>
</pin_list>
<bind>
<opcode="store(28) " fcode="store"/>
<opset="store_ln125/1 "/>
</bind>
</comp>

<comp id="166" class="1004" name="icmp_ln125_fu_166">
<pin_list>
<pin id="167" dir="0" index="0" bw="9" slack="0"/>
<pin id="168" dir="0" index="1" bw="9" slack="0"/>
<pin id="169" dir="1" index="2" bw="1" slack="1"/>
</pin_list>
<bind>
<opcode="icmp(45) " fcode="icmp"/>
<opset="icmp_ln125/2 "/>
</bind>
</comp>

<comp id="172" class="1004" name="i_V_fu_172">
<pin_list>
<pin id="173" dir="0" index="0" bw="9" slack="0"/>
<pin id="174" dir="0" index="1" bw="1" slack="0"/>
<pin id="175" dir="1" index="2" bw="9" slack="0"/>
</pin_list>
<bind>
<opcode="add(8) " fcode="add"/>
<opset="i_V/2 "/>
</bind>
</comp>

<comp id="178" class="1004" name="icmp_ln126_fu_178">
<pin_list>
<pin id="179" dir="0" index="0" bw="9" slack="0"/>
<pin id="180" dir="0" index="1" bw="9" slack="0"/>
<pin id="181" dir="1" index="2" bw="1" slack="1"/>
</pin_list>
<bind>
<opcode="icmp(45) " fcode="icmp"/>
<opset="icmp_ln126/3 "/>
</bind>
</comp>

<comp id="184" class="1004" name="j_V_fu_184">
<pin_list>
<pin id="185" dir="0" index="0" bw="9" slack="0"/>
<pin id="186" dir="0" index="1" bw="1" slack="0"/>
<pin id="187" dir="1" index="2" bw="9" slack="0"/>
</pin_list>
<bind>
<opcode="add(8) " fcode="add"/>
<opset="j_V/3 "/>
</bind>
</comp>

<comp id="190" class="1004" name="axi_last_V_fu_190">
<pin_list>
<pin id="191" dir="0" index="0" bw="9" slack="0"/>
<pin id="192" dir="0" index="1" bw="9" slack="0"/>
<pin id="193" dir="1" index="2" bw="1" slack="1"/>
</pin_list>
<bind>
<opcode="icmp(45) " fcode="icmp"/>
<opset="axi_last_V/3 "/>
</bind>
</comp>

<comp id="196" class="1004" name="tmp_user_V_load_load_fu_196">
<pin_list>
<pin id="197" dir="0" index="0" bw="1" slack="3"/>
<pin id="198" dir="1" index="1" bw="1" slack="0"/>
</pin_list>
<bind>
<opcode="load(27) " fcode="load"/>
<opset="tmp_user_V_load/4 "/>
</bind>
</comp>

<comp id="200" class="1004" name="tmp_data_V_fu_200">
<pin_list>
<pin id="201" dir="0" index="0" bw="24" slack="0"/>
<pin id="202" dir="0" index="1" bw="8" slack="0"/>
<pin id="203" dir="0" index="2" bw="8" slack="0"/>
<pin id="204" dir="0" index="3" bw="8" slack="0"/>
<pin id="205" dir="1" index="4" bw="24" slack="0"/>
</pin_list>
<bind>
<opcode="bitconcatenate(1004) " fcode="bitconcatenate"/>
<opset="tmp_data_V/4 "/>
</bind>
</comp>

<comp id="211" class="1004" name="store_ln126_store_fu_211">
<pin_list>
<pin id="212" dir="0" index="0" bw="1" slack="0"/>
<pin id="213" dir="0" index="1" bw="1" slack="3"/>
<pin id="214" dir="1" index="2" bw="0" slack="2147483647"/>
</pin_list>
<bind>
<opcode="store(28) " fcode="store"/>
<opset="store_ln126/4 "/>
</bind>
</comp>

<comp id="216" class="1005" name="tmp_user_V_reg_216">
<pin_list>
<pin id="217" dir="0" index="0" bw="1" slack="0"/>
<pin id="218" dir="1" index="1" bw="1" slack="0"/>
</pin_list>
<bind>
<opset="tmp_user_V "/>
</bind>
</comp>

<comp id="223" class="1005" name="icmp_ln125_reg_223">
<pin_list>
<pin id="224" dir="0" index="0" bw="1" slack="1"/>
<pin id="225" dir="1" index="1" bw="1" slack="2147483647"/>
</pin_list>
<bind>
<opset="icmp_ln125 "/>
</bind>
</comp>

<comp id="227" class="1005" name="i_V_reg_227">
<pin_list>
<pin id="228" dir="0" index="0" bw="9" slack="0"/>
<pin id="229" dir="1" index="1" bw="9" slack="0"/>
</pin_list>
<bind>
<opset="i_V "/>
</bind>
</comp>

<comp id="232" class="1005" name="icmp_ln126_reg_232">
<pin_list>
<pin id="233" dir="0" index="0" bw="1" slack="1"/>
<pin id="234" dir="1" index="1" bw="1" slack="2147483647"/>
</pin_list>
<bind>
<opset="icmp_ln126 "/>
</bind>
</comp>

<comp id="236" class="1005" name="j_V_reg_236">
<pin_list>
<pin id="237" dir="0" index="0" bw="9" slack="0"/>
<pin id="238" dir="1" index="1" bw="9" slack="0"/>
</pin_list>
<bind>
<opset="j_V "/>
</bind>
</comp>

<comp id="241" class="1005" name="axi_last_V_reg_241">
<pin_list>
<pin id="242" dir="0" index="0" bw="1" slack="1"/>
<pin id="243" dir="1" index="1" bw="1" slack="1"/>
</pin_list>
<bind>
<opset="axi_last_V "/>
</bind>
</comp>

<comp id="246" class="1005" name="tmp_user_V_load_reg_246">
<pin_list>
<pin id="247" dir="0" index="0" bw="1" slack="1"/>
<pin id="248" dir="1" index="1" bw="1" slack="1"/>
</pin_list>
<bind>
<opset="tmp_user_V_load "/>
</bind>
</comp>

<comp id="251" class="1005" name="tmp_data_V_reg_251">
<pin_list>
<pin id="252" dir="0" index="0" bw="24" slack="1"/>
<pin id="253" dir="1" index="1" bw="24" slack="1"/>
</pin_list>
<bind>
<opset="tmp_data_V "/>
</bind>
</comp>

</comp_list>

<net_list>
<net id="91"><net_src comp="20" pin="0"/><net_sink comp="88" pin=0"/></net>

<net id="96"><net_src comp="68" pin="0"/><net_sink comp="92" pin=0"/></net>

<net id="97"><net_src comp="0" pin="0"/><net_sink comp="92" pin=1"/></net>

<net id="102"><net_src comp="68" pin="0"/><net_sink comp="98" pin=0"/></net>

<net id="103"><net_src comp="2" pin="0"/><net_sink comp="98" pin=1"/></net>

<net id="108"><net_src comp="68" pin="0"/><net_sink comp="104" pin=0"/></net>

<net id="109"><net_src comp="4" pin="0"/><net_sink comp="104" pin=1"/></net>

<net id="127"><net_src comp="74" pin="0"/><net_sink comp="110" pin=0"/></net>

<net id="128"><net_src comp="6" pin="0"/><net_sink comp="110" pin=1"/></net>

<net id="129"><net_src comp="8" pin="0"/><net_sink comp="110" pin=2"/></net>

<net id="130"><net_src comp="10" pin="0"/><net_sink comp="110" pin=3"/></net>

<net id="131"><net_src comp="12" pin="0"/><net_sink comp="110" pin=4"/></net>

<net id="132"><net_src comp="14" pin="0"/><net_sink comp="110" pin=5"/></net>

<net id="133"><net_src comp="16" pin="0"/><net_sink comp="110" pin=6"/></net>

<net id="134"><net_src comp="18" pin="0"/><net_sink comp="110" pin=7"/></net>

<net id="135"><net_src comp="76" pin="0"/><net_sink comp="110" pin=9"/></net>

<net id="136"><net_src comp="78" pin="0"/><net_sink comp="110" pin=10"/></net>

<net id="137"><net_src comp="80" pin="0"/><net_sink comp="110" pin=13"/></net>

<net id="138"><net_src comp="80" pin="0"/><net_sink comp="110" pin=14"/></net>

<net id="142"><net_src comp="42" pin="0"/><net_sink comp="139" pin=0"/></net>

<net id="149"><net_src comp="139" pin="1"/><net_sink comp="143" pin=0"/></net>

<net id="153"><net_src comp="42" pin="0"/><net_sink comp="150" pin=0"/></net>

<net id="160"><net_src comp="150" pin="1"/><net_sink comp="154" pin=0"/></net>

<net id="165"><net_src comp="40" pin="0"/><net_sink comp="161" pin=0"/></net>

<net id="170"><net_src comp="143" pin="4"/><net_sink comp="166" pin=0"/></net>

<net id="171"><net_src comp="44" pin="0"/><net_sink comp="166" pin=1"/></net>

<net id="176"><net_src comp="143" pin="4"/><net_sink comp="172" pin=0"/></net>

<net id="177"><net_src comp="50" pin="0"/><net_sink comp="172" pin=1"/></net>

<net id="182"><net_src comp="154" pin="4"/><net_sink comp="178" pin=0"/></net>

<net id="183"><net_src comp="58" pin="0"/><net_sink comp="178" pin=1"/></net>

<net id="188"><net_src comp="154" pin="4"/><net_sink comp="184" pin=0"/></net>

<net id="189"><net_src comp="50" pin="0"/><net_sink comp="184" pin=1"/></net>

<net id="194"><net_src comp="154" pin="4"/><net_sink comp="190" pin=0"/></net>

<net id="195"><net_src comp="62" pin="0"/><net_sink comp="190" pin=1"/></net>

<net id="199"><net_src comp="196" pin="1"/><net_sink comp="110" pin=11"/></net>

<net id="206"><net_src comp="72" pin="0"/><net_sink comp="200" pin=0"/></net>

<net id="207"><net_src comp="104" pin="2"/><net_sink comp="200" pin=1"/></net>

<net id="208"><net_src comp="98" pin="2"/><net_sink comp="200" pin=2"/></net>

<net id="209"><net_src comp="92" pin="2"/><net_sink comp="200" pin=3"/></net>

<net id="210"><net_src comp="200" pin="4"/><net_sink comp="110" pin=8"/></net>

<net id="215"><net_src comp="82" pin="0"/><net_sink comp="211" pin=0"/></net>

<net id="219"><net_src comp="88" pin="1"/><net_sink comp="216" pin=0"/></net>

<net id="220"><net_src comp="216" pin="1"/><net_sink comp="161" pin=1"/></net>

<net id="221"><net_src comp="216" pin="1"/><net_sink comp="196" pin=0"/></net>

<net id="222"><net_src comp="216" pin="1"/><net_sink comp="211" pin=1"/></net>

<net id="226"><net_src comp="166" pin="2"/><net_sink comp="223" pin=0"/></net>

<net id="230"><net_src comp="172" pin="2"/><net_sink comp="227" pin=0"/></net>

<net id="231"><net_src comp="227" pin="1"/><net_sink comp="143" pin=2"/></net>

<net id="235"><net_src comp="178" pin="2"/><net_sink comp="232" pin=0"/></net>

<net id="239"><net_src comp="184" pin="2"/><net_sink comp="236" pin=0"/></net>

<net id="240"><net_src comp="236" pin="1"/><net_sink comp="154" pin=2"/></net>

<net id="244"><net_src comp="190" pin="2"/><net_sink comp="241" pin=0"/></net>

<net id="245"><net_src comp="241" pin="1"/><net_sink comp="110" pin=12"/></net>

<net id="249"><net_src comp="196" pin="1"/><net_sink comp="246" pin=0"/></net>

<net id="250"><net_src comp="246" pin="1"/><net_sink comp="110" pin=11"/></net>

<net id="254"><net_src comp="200" pin="4"/><net_sink comp="251" pin=0"/></net>

<net id="255"><net_src comp="251" pin="1"/><net_sink comp="110" pin=8"/></net>

</net_list>

</model> 
---------------- Datapath Model END ------------------

* FSMD analyzer results:
  - Output states:
	Port: AXI_video_strm_V_data_V | {5 }
	Port: AXI_video_strm_V_keep_V | {5 }
	Port: AXI_video_strm_V_strb_V | {5 }
	Port: AXI_video_strm_V_user_V | {5 }
	Port: AXI_video_strm_V_last_V | {5 }
	Port: AXI_video_strm_V_id_V | {5 }
	Port: AXI_video_strm_V_dest_V | {5 }
 - Input state : 
	Port: Mat2AXIvideo : img_data_stream_0_V | {4 }
	Port: Mat2AXIvideo : img_data_stream_1_V | {4 }
	Port: Mat2AXIvideo : img_data_stream_2_V | {4 }
	Port: Mat2AXIvideo : AXI_video_strm_V_data_V | {}
	Port: Mat2AXIvideo : AXI_video_strm_V_keep_V | {}
	Port: Mat2AXIvideo : AXI_video_strm_V_strb_V | {}
	Port: Mat2AXIvideo : AXI_video_strm_V_user_V | {}
	Port: Mat2AXIvideo : AXI_video_strm_V_last_V | {}
	Port: Mat2AXIvideo : AXI_video_strm_V_id_V | {}
	Port: Mat2AXIvideo : AXI_video_strm_V_dest_V | {}
  - Chain level:
	State 1
		store_ln125 : 1
	State 2
		icmp_ln125 : 1
		i_V : 1
		br_ln125 : 2
	State 3
		icmp_ln126 : 1
		j_V : 1
		br_ln126 : 2
		axi_last_V : 1
	State 4
		empty : 1
		write_ln146 : 1
	State 5
		empty_582 : 1
	State 6


============================================================
+ Verbose Summary: Datapath Resource usage 
============================================================

* Functional unit list:
|----------|-------------------|---------|---------|
| Operation|  Functional Unit  |    FF   |   LUT   |
|----------|-------------------|---------|---------|
|          | icmp_ln125_fu_166 |    0    |    13   |
|   icmp   | icmp_ln126_fu_178 |    0    |    13   |
|          | axi_last_V_fu_190 |    0    |    13   |
|----------|-------------------|---------|---------|
|    add   |     i_V_fu_172    |    0    |    16   |
|          |     j_V_fu_184    |    0    |    16   |
|----------|-------------------|---------|---------|
|          | tmp_65_read_fu_92 |    0    |    0    |
|   read   | tmp_66_read_fu_98 |    0    |    0    |
|          |  tmp_read_fu_104  |    0    |    0    |
|----------|-------------------|---------|---------|
|   write  |  grp_write_fu_110 |    0    |    0    |
|----------|-------------------|---------|---------|
|bitconcatenate| tmp_data_V_fu_200 |    0    |    0    |
|----------|-------------------|---------|---------|
|   Total  |                   |    0    |    71   |
|----------|-------------------|---------|---------|

Memories:
N/A

* Register list:
+-----------------------+--------+
|                       |   FF   |
+-----------------------+--------+
|   axi_last_V_reg_241  |    1   |
|      i_V_reg_227      |    9   |
|   icmp_ln125_reg_223  |    1   |
|   icmp_ln126_reg_232  |    1   |
|      j_V_reg_236      |    9   |
|     t_V_6_reg_150     |    9   |
|      t_V_reg_139      |    9   |
|   tmp_data_V_reg_251  |   24   |
|tmp_user_V_load_reg_246|    1   |
|   tmp_user_V_reg_216  |    1   |
+-----------------------+--------+
|         Total         |   65   |
+-----------------------+--------+

* Multiplexer (MUX) list: 
|------------------|------|------|------|--------||---------||---------|
|       Comp       |  Pin | Size |  BW  | S x BW ||  Delay  ||   LUT   |
|------------------|------|------|------|--------||---------||---------|
| grp_write_fu_110 |  p8  |   2  |  24  |   48   ||    9    |
| grp_write_fu_110 |  p11 |   2  |   1  |    2   ||    9    |
|------------------|------|------|------|--------||---------||---------|
|       Total      |      |      |      |   50   ||  1.312  ||    18   |
|------------------|------|------|------|--------||---------||---------|



* Summary:
+-----------+--------+--------+--------+
|           |  Delay |   FF   |   LUT  |
+-----------+--------+--------+--------+
|  Function |    -   |    0   |   71   |
|   Memory  |    -   |    -   |    -   |
|Multiplexer|    1   |    -   |   18   |
|  Register |    -   |   65   |    -   |
+-----------+--------+--------+--------+
|   Total   |    1   |   65   |   89   |
+-----------+--------+--------+--------+
