

================================================================
== Vivado HLS Report for 'threshold'
================================================================
* Date:           Thu Jun  3 20:14:40 2021

* Version:        2019.1 (Build 2552052 on Fri May 24 15:28:33 MDT 2019)
* Project:        fishery-nets
* Solution:       solution1
* Product family: zynquplus
* Target device:  xczu9eg-ffvb1156-2-e


================================================================
== Performance Estimates
================================================================
+ Timing (ns): 
    * Summary: 
    +--------+-------+----------+------------+
    |  Clock | Target| Estimated| Uncertainty|
    +--------+-------+----------+------------+
    |ap_clk  |   5.00|     2.829|        0.63|
    +--------+-------+----------+------------+

+ Latency (clock cycles): 
    * Summary: 
    +--------+--------+--------+--------+---------+
    |     Latency     |     Interval    | Pipeline|
    |   min  |   max  |   min  |   max  |   Type  |
    +--------+--------+--------+--------+---------+
    |  129603|  129603|  129603|  129603|   none  |
    +--------+--------+--------+--------+---------+

    + Detail: 
        * Instance: 
        N/A

        * Loop: 
        +----------+--------+--------+----------+-----------+-----------+--------+----------+
        |          |     Latency     | Iteration|  Initiation Interval  |  Trip  |          |
        | Loop Name|   min  |   max  |  Latency |  achieved |   target  |  Count | Pipelined|
        +----------+--------+--------+----------+-----------+-----------+--------+----------+
        |- Loop 1  |  129601|  129601|         3|          1|          1|  129600|    yes   |
        +----------+--------+--------+----------+-----------+-----------+--------+----------+

============================================================
+ Verbose Summary: Synthesis Manager
============================================================
InlineROM: 1
ExposeGlobal: 0
============================================================
+ Verbose Summary: CDFG Model
============================================================
IsTopModel: 0
ResetActiveHigh: 1
IsCombinational: 2
IsDatapathOnly: 0
HasWiredReturn: 1
HasMFsm: 0
HasVarLatency: 1
IsPipeline: 0
IsRtlPipelined: 0
IsInstanceOverlapped: 0
IsDontTouch: 0
HasImplIP: 0
IsGatedGlobalClock: 0

+ Individual pipeline summary: 
  * Pipeline-0: initiation interval (II) = 1, depth = 3


============================================================
+ Verbose Summary: Schedule
============================================================
* Number of FSM states : 5
* Pipeline : 1
  Pipeline-0 : II = 1, D = 3, States = { 2 3 4 }
* Dataflow Pipeline: 0

* FSM state transitions: 
1 --> 2 
2 --> 5 3 
3 --> 4 
4 --> 2 
5 --> 

* FSM state operations: 

State 1 <SV = 0> <Delay = 0.65>
ST_1 : Operation 6 [1/1] (0.00ns)   --->   "call void (...)* @_ssdm_op_SpecInterface(i16* %IN_data_stream_V, [8 x i8]* @ap_fifo_str, i32 0, i32 0, [1 x i8]* @p_str, i32 0, i32 0, [1 x i8]* @p_str, [1 x i8]* @p_str, [1 x i8]* @p_str, i32 2, i32 2, i32 16, i32 16, [1 x i8]* @p_str, [1 x i8]* @p_str)"   --->   Operation 6 'specinterface' <Predicate = true> <Delay = 0.00>
ST_1 : Operation 7 [1/1] (0.00ns)   --->   "call void (...)* @_ssdm_op_SpecInterface(i32* @Luminance_img_V_V, [8 x i8]* @ap_fifo_str, i32 0, i32 0, [1 x i8]* @p_str, i32 0, i32 0, [1 x i8]* @p_str, [1 x i8]* @p_str, [1 x i8]* @p_str, i32 2, i32 2, i32 16, i32 16, [1 x i8]* @p_str, [1 x i8]* @p_str)"   --->   Operation 7 'specinterface' <Predicate = true> <Delay = 0.00>
ST_1 : Operation 8 [1/1] (0.65ns)   --->   "br label %.preheader.i" [fishery-nets/code/src/extra-functions.cpp:126]   --->   Operation 8 'br' <Predicate = true> <Delay = 0.65>

State 2 <SV = 1> <Delay = 1.09>
ST_2 : Operation 9 [1/1] (0.00ns)   --->   "%indvar_flatten = phi i17 [ 0, %entry ], [ %add_ln887, %hls_label_5_begin ]" [fishery-nets/code/src/extra-functions.cpp:126]   --->   Operation 9 'phi' 'indvar_flatten' <Predicate = true> <Delay = 0.00>
ST_2 : Operation 10 [1/1] (1.09ns)   --->   "%icmp_ln887 = icmp eq i17 %indvar_flatten, -1472" [fishery-nets/code/src/extra-functions.cpp:126]   --->   Operation 10 'icmp' 'icmp_ln887' <Predicate = true> <Delay = 1.09> <Core = "Cmp">   --->   Core 25 'Cmp' <Latency = 0> <II = 1> <Delay = 0.99> <FuncUnit> <Opcode : 'icmp'> <InPorts = 2> <OutPorts = 1>
ST_2 : Operation 11 [1/1] (0.86ns)   --->   "%add_ln887 = add i17 %indvar_flatten, 1" [fishery-nets/code/src/extra-functions.cpp:126]   --->   Operation 11 'add' 'add_ln887' <Predicate = true> <Delay = 0.86> <Core = "AddSub">   --->   Core 14 'AddSub' <Latency = 0> <II = 1> <Delay = 0.86> <FuncUnit> <Opcode : 'add' 'sub'> <InPorts = 2> <OutPorts = 1>
ST_2 : Operation 12 [1/1] (0.00ns)   --->   "br i1 %icmp_ln887, label %threshold.exit, label %hls_label_5_begin" [fishery-nets/code/src/extra-functions.cpp:126]   --->   Operation 12 'br' <Predicate = true> <Delay = 0.00>

State 3 <SV = 2> <Delay = 2.82>
ST_3 : Operation 13 [1/1] (0.00ns)   --->   "%tmp_15_i = call i32 (...)* @_ssdm_op_SpecRegionBegin([13 x i8]* @p_str15)" [C:/Xilinx/Vivado/2019.1/common/technology/autopilot/hls/hls_video_core.h:672->C:/Xilinx/Vivado/2019.1/common/technology/autopilot/hls/hls_video_core.h:711->fishery-nets/code/src/extra-functions.cpp:130]   --->   Operation 13 'specregionbegin' 'tmp_15_i' <Predicate = (!icmp_ln887)> <Delay = 0.00>
ST_3 : Operation 14 [1/1] (0.00ns)   --->   "call void (...)* @_ssdm_op_SpecProtocol(i32 0, [1 x i8]* @p_str229) nounwind" [C:/Xilinx/Vivado/2019.1/common/technology/autopilot/hls/hls_video_core.h:676->C:/Xilinx/Vivado/2019.1/common/technology/autopilot/hls/hls_video_core.h:711->fishery-nets/code/src/extra-functions.cpp:130]   --->   Operation 14 'specprotocol' <Predicate = (!icmp_ln887)> <Delay = 0.00>
ST_3 : Operation 15 [1/1] (1.83ns)   --->   "%tmp = call i16 @_ssdm_op_Read.ap_fifo.volatile.i16P(i16* %IN_data_stream_V)" [C:/Xilinx/Vivado/2019.1/common/technology/autopilot/hls/hls_video_core.h:679->C:/Xilinx/Vivado/2019.1/common/technology/autopilot/hls/hls_video_core.h:711->fishery-nets/code/src/extra-functions.cpp:130]   --->   Operation 15 'read' 'tmp' <Predicate = (!icmp_ln887)> <Delay = 1.83> <Core = "FIFO">   --->   Core 32 'FIFO' <Latency = 0> <II = 1> <Delay = 1.83> <Storage> <Opcode : 'read' 'write' 'nbread' 'nbwrite'> <Ports = 0> <Width = 32> <Depth = 2> <FIFO>
ST_3 : Operation 16 [1/1] (0.00ns)   --->   "%empty = call i32 (...)* @_ssdm_op_SpecRegionEnd([13 x i8]* @p_str15, i32 %tmp_15_i)" [C:/Xilinx/Vivado/2019.1/common/technology/autopilot/hls/hls_video_core.h:681->C:/Xilinx/Vivado/2019.1/common/technology/autopilot/hls/hls_video_core.h:711->fishery-nets/code/src/extra-functions.cpp:130]   --->   Operation 16 'specregionend' 'empty' <Predicate = (!icmp_ln887)> <Delay = 0.00>
ST_3 : Operation 17 [1/1] (0.00ns)   --->   "%pix_V = call i32 @_ssdm_op_BitConcatenate.i32.i16.i16(i16 %tmp, i16 0)" [fishery-nets/code/src/extra-functions.cpp:131]   --->   Operation 17 'bitconcatenate' 'pix_V' <Predicate = (!icmp_ln887)> <Delay = 0.00>
ST_3 : Operation 18 [1/1] (0.99ns)   --->   "%icmp_ln1497 = icmp slt i32 %pix_V, 32780" [fishery-nets/code/src/extra-functions.cpp:134]   --->   Operation 18 'icmp' 'icmp_ln1497' <Predicate = (!icmp_ln887)> <Delay = 0.99> <Core = "Cmp">   --->   Core 25 'Cmp' <Latency = 0> <II = 1> <Delay = 0.99> <FuncUnit> <Opcode : 'icmp'> <InPorts = 2> <OutPorts = 1>

State 4 <SV = 3> <Delay = 1.83>
ST_4 : Operation 19 [1/1] (0.00ns)   --->   "call void (...)* @_ssdm_op_SpecLoopTripCount(i64 129600, i64 129600, i64 129600)"   --->   Operation 19 'speclooptripcount' <Predicate = (!icmp_ln887)> <Delay = 0.00>
ST_4 : Operation 20 [1/1] (0.00ns)   --->   "%tmp_14_i = call i32 (...)* @_ssdm_op_SpecRegionBegin([12 x i8]* @p_str734)" [fishery-nets/code/src/extra-functions.cpp:128]   --->   Operation 20 'specregionbegin' 'tmp_14_i' <Predicate = (!icmp_ln887)> <Delay = 0.00>
ST_4 : Operation 21 [1/1] (0.00ns)   --->   "call void (...)* @_ssdm_op_SpecPipeline(i32 -1, i32 1, i32 1, i32 0, [1 x i8]* @p_str229) nounwind" [fishery-nets/code/src/extra-functions.cpp:129]   --->   Operation 21 'specpipeline' <Predicate = (!icmp_ln887)> <Delay = 0.00>
ST_4 : Operation 22 [1/1] (0.00ns)   --->   "%pix_V_1 = call i17 @_ssdm_op_BitConcatenate.i17.i1.i16(i1 %icmp_ln1497, i16 0)" [fishery-nets/code/src/extra-functions.cpp:134]   --->   Operation 22 'bitconcatenate' 'pix_V_1' <Predicate = (!icmp_ln887)> <Delay = 0.00>
ST_4 : Operation 23 [1/1] (0.00ns)   --->   "%tmp_V_205 = zext i17 %pix_V_1 to i32" [fishery-nets/code/src/extra-functions.cpp:134]   --->   Operation 23 'zext' 'tmp_V_205' <Predicate = (!icmp_ln887)> <Delay = 0.00>
ST_4 : Operation 24 [1/1] (1.83ns)   --->   "call void @_ssdm_op_Write.ap_fifo.volatile.i32P(i32* @Luminance_img_V_V, i32 %tmp_V_205)" [fishery-nets/code/src/extra-functions.cpp:135]   --->   Operation 24 'write' <Predicate = (!icmp_ln887)> <Delay = 1.83> <Core = "FIFO">   --->   Core 32 'FIFO' <Latency = 0> <II = 1> <Delay = 1.83> <Storage> <Opcode : 'read' 'write' 'nbread' 'nbwrite'> <Ports = 0> <Width = 32> <Depth = 2> <FIFO>
ST_4 : Operation 25 [1/1] (0.00ns)   --->   "%empty_34 = call i32 (...)* @_ssdm_op_SpecRegionEnd([12 x i8]* @p_str734, i32 %tmp_14_i)" [fishery-nets/code/src/extra-functions.cpp:136]   --->   Operation 25 'specregionend' 'empty_34' <Predicate = (!icmp_ln887)> <Delay = 0.00>
ST_4 : Operation 26 [1/1] (0.00ns)   --->   "br label %.preheader.i" [fishery-nets/code/src/extra-functions.cpp:127]   --->   Operation 26 'br' <Predicate = (!icmp_ln887)> <Delay = 0.00>

State 5 <SV = 2> <Delay = 0.00>
ST_5 : Operation 27 [1/1] (0.00ns)   --->   "ret void"   --->   Operation 27 'ret' <Predicate = true> <Delay = 0.00>


============================================================
+ Verbose Summary: Binding
============================================================
STG Binding: 
---------------- STG Properties BEGIN ----------------
- Is combinational: 0
- Is one-state seq: 0
- Is datapath-only: 0
- Is pipelined: 0
- Is top level: 0
Port [ Return ] is wired: 1; IO mode=ap_ctrl_hs:ce=0
Port [ IN_data_stream_V]:  wired=1; compound=1; hidden=0; nouse=0; global=0; static=0; extern=0; dir=0; type=3; pingpong=0; private_global=0; IO mode=ap_fifo:ce=0
Port [ Luminance_img_V_V]:  wired=1; compound=1; hidden=0; nouse=0; global=1; static=1; extern=0; dir=1; type=3; pingpong=0; private_global=0; linkage=7; visibility=0; IO mode=ap_fifo:ce=0
---------------- STG Properties END ------------------

---------------- Datapath Model BEGIN ----------------

<LifeTime>
<method=bitvector/>
specinterface_ln0     (specinterface    ) [ 000000]
specinterface_ln0     (specinterface    ) [ 000000]
br_ln126              (br               ) [ 011110]
indvar_flatten        (phi              ) [ 001000]
icmp_ln887            (icmp             ) [ 001110]
add_ln887             (add              ) [ 011110]
br_ln126              (br               ) [ 000000]
tmp_15_i              (specregionbegin  ) [ 000000]
specprotocol_ln676    (specprotocol     ) [ 000000]
tmp                   (read             ) [ 000000]
empty                 (specregionend    ) [ 000000]
pix_V                 (bitconcatenate   ) [ 000000]
icmp_ln1497           (icmp             ) [ 001010]
speclooptripcount_ln0 (speclooptripcount) [ 000000]
tmp_14_i              (specregionbegin  ) [ 000000]
specpipeline_ln129    (specpipeline     ) [ 000000]
pix_V_1               (bitconcatenate   ) [ 000000]
tmp_V_205             (zext             ) [ 000000]
write_ln135           (write            ) [ 000000]
empty_34              (specregionend    ) [ 000000]
br_ln127              (br               ) [ 011110]
ret_ln0               (ret              ) [ 000000]
</LifeTime>

<model>

<comp_list>
<comp id="0" class="1000" name="IN_data_stream_V">
<pin_list>
<pin id="1" dir="1" index="0" bw="1" slack="0"/>
</pin_list>
<bind>
<StgValue><ssdm name="IN_data_stream_V"/></StgValue>
</bind>
</comp>

<comp id="2" class="1000" name="Luminance_img_V_V">
<pin_list>
<pin id="3" dir="1" index="0" bw="1" slack="0"/>
</pin_list>
<bind>
<StgValue><ssdm name="Luminance_img_V_V"/></StgValue>
</bind>
</comp>

<comp id="4" class="1001" name="const_4">
<pin_list>
<pin id="5" dir="1" index="0" bw="1" slack="2147483647"/>
</pin_list>
<bind>
<StgValue><ssdm name="_ssdm_op_SpecInterface"/></StgValue>
</bind>
</comp>

<comp id="6" class="1001" name="const_6">
<pin_list>
<pin id="7" dir="1" index="0" bw="1" slack="2147483647"/>
</pin_list>
<bind>
<StgValue><ssdm name="ap_fifo_str"/></StgValue>
</bind>
</comp>

<comp id="8" class="1001" name="const_8">
<pin_list>
<pin id="9" dir="1" index="0" bw="1" slack="2147483647"/>
</pin_list>
<bind>
<StgValue><ssdm name=""/></StgValue>
</bind>
</comp>

<comp id="10" class="1001" name="const_10">
<pin_list>
<pin id="11" dir="1" index="0" bw="1" slack="2147483647"/>
</pin_list>
<bind>
<StgValue><ssdm name="p_str"/></StgValue>
</bind>
</comp>

<comp id="12" class="1001" name="const_12">
<pin_list>
<pin id="13" dir="1" index="0" bw="1" slack="2147483647"/>
</pin_list>
<bind>
<StgValue><ssdm name=""/></StgValue>
</bind>
</comp>

<comp id="14" class="1001" name="const_14">
<pin_list>
<pin id="15" dir="1" index="0" bw="1" slack="2147483647"/>
</pin_list>
<bind>
<StgValue><ssdm name=""/></StgValue>
</bind>
</comp>

<comp id="16" class="1001" name="const_16">
<pin_list>
<pin id="17" dir="1" index="0" bw="1" slack="1"/>
</pin_list>
<bind>
<StgValue><ssdm name=""/></StgValue>
</bind>
</comp>

<comp id="18" class="1001" name="const_18">
<pin_list>
<pin id="19" dir="1" index="0" bw="1" slack="0"/>
</pin_list>
<bind>
<StgValue><ssdm name=""/></StgValue>
</bind>
</comp>

<comp id="20" class="1001" name="const_20">
<pin_list>
<pin id="21" dir="1" index="0" bw="1" slack="0"/>
</pin_list>
<bind>
<StgValue><ssdm name=""/></StgValue>
</bind>
</comp>

<comp id="22" class="1001" name="const_22">
<pin_list>
<pin id="23" dir="1" index="0" bw="1" slack="2147483647"/>
</pin_list>
<bind>
<StgValue><ssdm name="_ssdm_op_SpecRegionBegin"/></StgValue>
</bind>
</comp>

<comp id="24" class="1001" name="const_24">
<pin_list>
<pin id="25" dir="1" index="0" bw="1" slack="2147483647"/>
</pin_list>
<bind>
<StgValue><ssdm name="p_str15"/></StgValue>
</bind>
</comp>

<comp id="26" class="1001" name="const_26">
<pin_list>
<pin id="27" dir="1" index="0" bw="1" slack="2147483647"/>
</pin_list>
<bind>
<StgValue><ssdm name="_ssdm_op_SpecProtocol"/></StgValue>
</bind>
</comp>

<comp id="28" class="1001" name="const_28">
<pin_list>
<pin id="29" dir="1" index="0" bw="1" slack="2147483647"/>
</pin_list>
<bind>
<StgValue><ssdm name="p_str229"/></StgValue>
</bind>
</comp>

<comp id="30" class="1001" name="const_30">
<pin_list>
<pin id="31" dir="1" index="0" bw="1" slack="0"/>
</pin_list>
<bind>
<StgValue><ssdm name="_ssdm_op_Read.ap_fifo.volatile.i16P"/></StgValue>
</bind>
</comp>

<comp id="32" class="1001" name="const_32">
<pin_list>
<pin id="33" dir="1" index="0" bw="1" slack="2147483647"/>
</pin_list>
<bind>
<StgValue><ssdm name="_ssdm_op_SpecRegionEnd"/></StgValue>
</bind>
</comp>

<comp id="34" class="1001" name="const_34">
<pin_list>
<pin id="35" dir="1" index="0" bw="1" slack="0"/>
</pin_list>
<bind>
<StgValue><ssdm name="_ssdm_op_BitConcatenate.i32.i16.i16"/></StgValue>
</bind>
</comp>

<comp id="36" class="1001" name="const_36">
<pin_list>
<pin id="37" dir="1" index="0" bw="1" slack="0"/>
</pin_list>
<bind>
<StgValue><ssdm name=""/></StgValue>
</bind>
</comp>

<comp id="38" class="1001" name="const_38">
<pin_list>
<pin id="39" dir="1" index="0" bw="1" slack="0"/>
</pin_list>
<bind>
<StgValue><ssdm name=""/></StgValue>
</bind>
</comp>

<comp id="40" class="1001" name="const_40">
<pin_list>
<pin id="41" dir="1" index="0" bw="1" slack="2147483647"/>
</pin_list>
<bind>
<StgValue><ssdm name="_ssdm_op_SpecLoopTripCount"/></StgValue>
</bind>
</comp>

<comp id="42" class="1001" name="const_42">
<pin_list>
<pin id="43" dir="1" index="0" bw="1" slack="2147483647"/>
</pin_list>
<bind>
<StgValue><ssdm name=""/></StgValue>
</bind>
</comp>

<comp id="44" class="1001" name="const_44">
<pin_list>
<pin id="45" dir="1" index="0" bw="1" slack="2147483647"/>
</pin_list>
<bind>
<StgValue><ssdm name="p_str734"/></StgValue>
</bind>
</comp>

<comp id="46" class="1001" name="const_46">
<pin_list>
<pin id="47" dir="1" index="0" bw="1" slack="2147483647"/>
</pin_list>
<bind>
<StgValue><ssdm name="_ssdm_op_SpecPipeline"/></StgValue>
</bind>
</comp>

<comp id="48" class="1001" name="const_48">
<pin_list>
<pin id="49" dir="1" index="0" bw="1" slack="2147483647"/>
</pin_list>
<bind>
<StgValue><ssdm name=""/></StgValue>
</bind>
</comp>

<comp id="50" class="1001" name="const_50">
<pin_list>
<pin id="51" dir="1" index="0" bw="1" slack="2147483647"/>
</pin_list>
<bind>
<StgValue><ssdm name=""/></StgValue>
</bind>
</comp>

<comp id="52" class="1001" name="const_52">
<pin_list>
<pin id="53" dir="1" index="0" bw="1" slack="0"/>
</pin_list>
<bind>
<StgValue><ssdm name="_ssdm_op_BitConcatenate.i17.i1.i16"/></StgValue>
</bind>
</comp>

<comp id="54" class="1001" name="const_54">
<pin_list>
<pin id="55" dir="1" index="0" bw="1" slack="0"/>
</pin_list>
<bind>
<StgValue><ssdm name="_ssdm_op_Write.ap_fifo.volatile.i32P"/></StgValue>
</bind>
</comp>

<comp id="56" class="1004" name="tmp_read_fu_56">
<pin_list>
<pin id="57" dir="0" index="0" bw="16" slack="0"/>
<pin id="58" dir="0" index="1" bw="16" slack="0"/>
<pin id="59" dir="1" index="2" bw="16" slack="0"/>
</pin_list>
<bind>
<opcode="read(1150) " fcode="read"/>
<opset="tmp/3 "/>
</bind>
</comp>

<comp id="62" class="1004" name="write_ln135_write_fu_62">
<pin_list>
<pin id="63" dir="0" index="0" bw="0" slack="0"/>
<pin id="64" dir="0" index="1" bw="32" slack="0"/>
<pin id="65" dir="0" index="2" bw="17" slack="0"/>
<pin id="66" dir="1" index="3" bw="0" slack="2147483647"/>
</pin_list>
<bind>
<opcode="write(1151) " fcode="write"/>
<opset="write_ln135/4 "/>
</bind>
</comp>

<comp id="69" class="1005" name="indvar_flatten_reg_69">
<pin_list>
<pin id="70" dir="0" index="0" bw="17" slack="1"/>
<pin id="71" dir="1" index="1" bw="17" slack="1"/>
</pin_list>
<bind>
<opset="indvar_flatten (phireg) "/>
</bind>
</comp>

<comp id="73" class="1004" name="indvar_flatten_phi_fu_73">
<pin_list>
<pin id="74" dir="0" index="0" bw="1" slack="1"/>
<pin id="75" dir="0" index="1" bw="0" slack="2147483647"/>
<pin id="76" dir="0" index="2" bw="17" slack="0"/>
<pin id="77" dir="0" index="3" bw="0" slack="2147483647"/>
<pin id="78" dir="1" index="4" bw="17" slack="0"/>
</pin_list>
<bind>
<opcode="phi(47) " fcode="phi"/>
<opset="indvar_flatten/2 "/>
</bind>
</comp>

<comp id="80" class="1004" name="icmp_ln887_fu_80">
<pin_list>
<pin id="81" dir="0" index="0" bw="17" slack="0"/>
<pin id="82" dir="0" index="1" bw="12" slack="0"/>
<pin id="83" dir="1" index="2" bw="1" slack="1"/>
</pin_list>
<bind>
<opcode="icmp(45) " fcode="icmp"/>
<opset="icmp_ln887/2 "/>
</bind>
</comp>

<comp id="86" class="1004" name="add_ln887_fu_86">
<pin_list>
<pin id="87" dir="0" index="0" bw="17" slack="0"/>
<pin id="88" dir="0" index="1" bw="1" slack="0"/>
<pin id="89" dir="1" index="2" bw="17" slack="0"/>
</pin_list>
<bind>
<opcode="add(8) " fcode="add"/>
<opset="add_ln887/2 "/>
</bind>
</comp>

<comp id="92" class="1004" name="pix_V_fu_92">
<pin_list>
<pin id="93" dir="0" index="0" bw="32" slack="0"/>
<pin id="94" dir="0" index="1" bw="16" slack="0"/>
<pin id="95" dir="0" index="2" bw="1" slack="0"/>
<pin id="96" dir="1" index="3" bw="32" slack="0"/>
</pin_list>
<bind>
<opcode="bitconcatenate(1004) " fcode="bitconcatenate"/>
<opset="pix_V/3 "/>
</bind>
</comp>

<comp id="100" class="1004" name="icmp_ln1497_fu_100">
<pin_list>
<pin id="101" dir="0" index="0" bw="32" slack="0"/>
<pin id="102" dir="0" index="1" bw="17" slack="0"/>
<pin id="103" dir="1" index="2" bw="1" slack="1"/>
</pin_list>
<bind>
<opcode="icmp(45) " fcode="icmp"/>
<opset="icmp_ln1497/3 "/>
</bind>
</comp>

<comp id="106" class="1004" name="pix_V_1_fu_106">
<pin_list>
<pin id="107" dir="0" index="0" bw="17" slack="0"/>
<pin id="108" dir="0" index="1" bw="1" slack="1"/>
<pin id="109" dir="0" index="2" bw="1" slack="0"/>
<pin id="110" dir="1" index="3" bw="17" slack="0"/>
</pin_list>
<bind>
<opcode="bitconcatenate(1004) " fcode="bitconcatenate"/>
<opset="pix_V_1/4 "/>
</bind>
</comp>

<comp id="113" class="1004" name="tmp_V_205_fu_113">
<pin_list>
<pin id="114" dir="0" index="0" bw="17" slack="0"/>
<pin id="115" dir="1" index="1" bw="32" slack="0"/>
</pin_list>
<bind>
<opcode="zext(34) " fcode="zext"/>
<opset="tmp_V_205/4 "/>
</bind>
</comp>

<comp id="118" class="1005" name="icmp_ln887_reg_118">
<pin_list>
<pin id="119" dir="0" index="0" bw="1" slack="1"/>
<pin id="120" dir="1" index="1" bw="1" slack="2147483647"/>
</pin_list>
<bind>
<opset="icmp_ln887 "/>
</bind>
</comp>

<comp id="122" class="1005" name="add_ln887_reg_122">
<pin_list>
<pin id="123" dir="0" index="0" bw="17" slack="0"/>
<pin id="124" dir="1" index="1" bw="17" slack="0"/>
</pin_list>
<bind>
<opset="add_ln887 "/>
</bind>
</comp>

<comp id="127" class="1005" name="icmp_ln1497_reg_127">
<pin_list>
<pin id="128" dir="0" index="0" bw="1" slack="1"/>
<pin id="129" dir="1" index="1" bw="1" slack="1"/>
</pin_list>
<bind>
<opset="icmp_ln1497 "/>
</bind>
</comp>

</comp_list>

<net_list>
<net id="60"><net_src comp="30" pin="0"/><net_sink comp="56" pin=0"/></net>

<net id="61"><net_src comp="0" pin="0"/><net_sink comp="56" pin=1"/></net>

<net id="67"><net_src comp="54" pin="0"/><net_sink comp="62" pin=0"/></net>

<net id="68"><net_src comp="2" pin="0"/><net_sink comp="62" pin=1"/></net>

<net id="72"><net_src comp="16" pin="0"/><net_sink comp="69" pin=0"/></net>

<net id="79"><net_src comp="69" pin="1"/><net_sink comp="73" pin=0"/></net>

<net id="84"><net_src comp="73" pin="4"/><net_sink comp="80" pin=0"/></net>

<net id="85"><net_src comp="18" pin="0"/><net_sink comp="80" pin=1"/></net>

<net id="90"><net_src comp="73" pin="4"/><net_sink comp="86" pin=0"/></net>

<net id="91"><net_src comp="20" pin="0"/><net_sink comp="86" pin=1"/></net>

<net id="97"><net_src comp="34" pin="0"/><net_sink comp="92" pin=0"/></net>

<net id="98"><net_src comp="56" pin="2"/><net_sink comp="92" pin=1"/></net>

<net id="99"><net_src comp="36" pin="0"/><net_sink comp="92" pin=2"/></net>

<net id="104"><net_src comp="92" pin="3"/><net_sink comp="100" pin=0"/></net>

<net id="105"><net_src comp="38" pin="0"/><net_sink comp="100" pin=1"/></net>

<net id="111"><net_src comp="52" pin="0"/><net_sink comp="106" pin=0"/></net>

<net id="112"><net_src comp="36" pin="0"/><net_sink comp="106" pin=2"/></net>

<net id="116"><net_src comp="106" pin="3"/><net_sink comp="113" pin=0"/></net>

<net id="117"><net_src comp="113" pin="1"/><net_sink comp="62" pin=2"/></net>

<net id="121"><net_src comp="80" pin="2"/><net_sink comp="118" pin=0"/></net>

<net id="125"><net_src comp="86" pin="2"/><net_sink comp="122" pin=0"/></net>

<net id="126"><net_src comp="122" pin="1"/><net_sink comp="73" pin=2"/></net>

<net id="130"><net_src comp="100" pin="2"/><net_sink comp="127" pin=0"/></net>

<net id="131"><net_src comp="127" pin="1"/><net_sink comp="106" pin=1"/></net>

</net_list>

</model> 
---------------- Datapath Model END ------------------

* FSMD analyzer results:
  - Output states:
	Port: Luminance_img_V_V | {4 }
 - Input state : 
	Port: threshold : IN_data_stream_V | {3 }
  - Chain level:
	State 1
	State 2
		icmp_ln887 : 1
		add_ln887 : 1
		br_ln126 : 2
	State 3
		empty : 1
		icmp_ln1497 : 1
	State 4
		tmp_V_205 : 1
		write_ln135 : 2
		empty_34 : 1
	State 5


============================================================
+ Verbose Summary: Datapath Resource usage 
============================================================

* Functional unit list:
|----------|-------------------------|---------|---------|
| Operation|     Functional Unit     |    FF   |   LUT   |
|----------|-------------------------|---------|---------|
|   icmp   |     icmp_ln887_fu_80    |    0    |    20   |
|          |    icmp_ln1497_fu_100   |    0    |    20   |
|----------|-------------------------|---------|---------|
|    add   |     add_ln887_fu_86     |    0    |    24   |
|----------|-------------------------|---------|---------|
|   read   |      tmp_read_fu_56     |    0    |    0    |
|----------|-------------------------|---------|---------|
|   write  | write_ln135_write_fu_62 |    0    |    0    |
|----------|-------------------------|---------|---------|
|bitconcatenate|       pix_V_fu_92       |    0    |    0    |
|          |      pix_V_1_fu_106     |    0    |    0    |
|----------|-------------------------|---------|---------|
|   zext   |     tmp_V_205_fu_113    |    0    |    0    |
|----------|-------------------------|---------|---------|
|   Total  |                         |    0    |    64   |
|----------|-------------------------|---------|---------|

Memories:
N/A

* Register list:
+---------------------+--------+
|                     |   FF   |
+---------------------+--------+
|  add_ln887_reg_122  |   17   |
| icmp_ln1497_reg_127 |    1   |
|  icmp_ln887_reg_118 |    1   |
|indvar_flatten_reg_69|   17   |
+---------------------+--------+
|        Total        |   36   |
+---------------------+--------+

* Multiplexer (MUX) list: 
|--------|------|------|------|--------|
|  Comp  |  Pin | Size |  BW  | S x BW |
|--------|------|------|------|--------|
|  Total |      |      |      |    0   |
|--------|------|------|------|--------|



* Summary:
+-----------+--------+--------+
|           |   FF   |   LUT  |
+-----------+--------+--------+
|  Function |    0   |   64   |
|   Memory  |    -   |    -   |
|Multiplexer|    -   |    -   |
|  Register |   36   |    -   |
+-----------+--------+--------+
|   Total   |   36   |   64   |
+-----------+--------+--------+
