

================================================================
== Vivado HLS Report for 'boxfilter203209'
================================================================
* Date:           Thu Jun  3 20:16:42 2021

* Version:        2019.1 (Build 2552052 on Fri May 24 15:28:33 MDT 2019)
* Project:        fishery-nets
* Solution:       solution1
* Product family: zynquplus
* Target device:  xczu9eg-ffvb1156-2-e


================================================================
== Performance Estimates
================================================================
+ Timing (ns): 
    * Summary: 
    +--------+-------+----------+------------+
    |  Clock | Target| Estimated| Uncertainty|
    +--------+-------+----------+------------+
    |ap_clk  |   5.00|     4.286|        0.63|
    +--------+-------+----------+------------+

+ Latency (clock cycles): 
    * Summary: 
    +--------+--------+--------+--------+---------+
    |     Latency     |     Interval    | Pipeline|
    |   min  |   max  |   min  |   max  |   Type  |
    +--------+--------+--------+--------+---------+
    |  137283|  137283|  137283|  137283|   none  |
    +--------+--------+--------+--------+---------+

    + Detail: 
        * Instance: 
        N/A

        * Loop: 
        +----------+--------+--------+----------+-----------+-----------+--------+----------+
        |          |     Latency     | Iteration|  Initiation Interval  |  Trip  |          |
        | Loop Name|   min  |   max  |  Latency |  achieved |   target  |  Count | Pipelined|
        +----------+--------+--------+----------+-----------+-----------+--------+----------+
        |- Loop 1  |  137281|  137281|         3|          1|          1|  137280|    yes   |
        +----------+--------+--------+----------+-----------+-----------+--------+----------+



================================================================
== Utilization Estimates
================================================================
* Summary: 
+-----------------+---------+-------+--------+--------+-----+
|       Name      | BRAM_18K| DSP48E|   FF   |   LUT  | URAM|
+-----------------+---------+-------+--------+--------+-----+
|DSP              |        -|      -|       -|       -|    -|
|Expression       |        -|      -|       0|     684|    -|
|FIFO             |        -|      -|       -|       -|    -|
|Instance         |        -|      -|       0|    2164|    -|
|Memory           |       33|      -|       0|       0|    0|
|Multiplexer      |        -|      -|       -|     171|    -|
|Register         |        -|      -|     526|       -|    -|
+-----------------+---------+-------+--------+--------+-----+
|Total            |       33|      0|     526|    3019|    0|
+-----------------+---------+-------+--------+--------+-----+
|Available        |     1824|   2520|  548160|  274080|    0|
+-----------------+---------+-------+--------+--------+-----+
|Utilization (%)  |        1|      0|   ~0   |       1|    0|
+-----------------+---------+-------+--------+--------+-----+

+ Detail: 
    * Instance: 
    +--------------------------+----------------------+---------+-------+---+------+-----+
    |         Instance         |        Module        | BRAM_18K| DSP48E| FF|  LUT | URAM|
    +--------------------------+----------------------+---------+-------+---+------+-----+
    |net_holes_detectiIfE_U51  |net_holes_detectiIfE  |        0|      0|  0|  1082|    0|
    |net_holes_detectiIfE_U52  |net_holes_detectiIfE  |        0|      0|  0|  1082|    0|
    +--------------------------+----------------------+---------+-------+---+------+-----+
    |Total                     |                      |        0|      0|  0|  2164|    0|
    +--------------------------+----------------------+---------+-------+---+------+-----+

    * DSP48E: 
    N/A

    * Memory: 
    +------------------+----------------------+---------+---+----+-----+------+-----+------+-------------+
    |      Memory      |        Module        | BRAM_18K| FF| LUT| URAM| Words| Bits| Banks| W*Bits*Banks|
    +------------------+----------------------+---------+---+----+-----+------+-----+------+-------------+
    |imCum_val_0_V_U   |boxfilter200205_ibkb  |        1|  0|   0|    0|   480|   32|     1|        15360|
    |imCum_val_1_V_U   |boxfilter200205_ibkb  |        1|  0|   0|    0|   480|   32|     1|        15360|
    |imCum_val_2_V_U   |boxfilter200205_ibkb  |        1|  0|   0|    0|   480|   32|     1|        15360|
    |imCum_val_3_V_U   |boxfilter200205_ibkb  |        1|  0|   0|    0|   480|   32|     1|        15360|
    |imCum_val_4_V_U   |boxfilter200205_ibkb  |        1|  0|   0|    0|   480|   32|     1|        15360|
    |imCum_val_5_V_U   |boxfilter200205_ibkb  |        1|  0|   0|    0|   480|   32|     1|        15360|
    |imCum_val_6_V_U   |boxfilter200205_ibkb  |        1|  0|   0|    0|   480|   32|     1|        15360|
    |imCum_val_7_V_U   |boxfilter200205_ibkb  |        1|  0|   0|    0|   480|   32|     1|        15360|
    |imCum_val_8_V_U   |boxfilter200205_ibkb  |        1|  0|   0|    0|   480|   32|     1|        15360|
    |imCum_val_9_V_U   |boxfilter200205_ibkb  |        1|  0|   0|    0|   480|   32|     1|        15360|
    |imCum_val_10_V_U  |boxfilter200205_ibkb  |        1|  0|   0|    0|   480|   32|     1|        15360|
    |imCum_val_11_V_U  |boxfilter200205_ibkb  |        1|  0|   0|    0|   480|   32|     1|        15360|
    |imCum_val_12_V_U  |boxfilter200205_ibkb  |        1|  0|   0|    0|   480|   32|     1|        15360|
    |imCum_val_13_V_U  |boxfilter200205_ibkb  |        1|  0|   0|    0|   480|   32|     1|        15360|
    |imCum_val_14_V_U  |boxfilter200205_ibkb  |        1|  0|   0|    0|   480|   32|     1|        15360|
    |imCum_val_15_V_U  |boxfilter200205_ibkb  |        1|  0|   0|    0|   480|   32|     1|        15360|
    |imCum_val_16_V_U  |boxfilter200205_ibkb  |        1|  0|   0|    0|   480|   32|     1|        15360|
    |imCum_val_17_V_U  |boxfilter200205_ibkb  |        1|  0|   0|    0|   480|   32|     1|        15360|
    |imCum_val_18_V_U  |boxfilter200205_ibkb  |        1|  0|   0|    0|   480|   32|     1|        15360|
    |imCum_val_19_V_U  |boxfilter200205_ibkb  |        1|  0|   0|    0|   480|   32|     1|        15360|
    |imCum_val_20_V_U  |boxfilter200205_ibkb  |        1|  0|   0|    0|   480|   32|     1|        15360|
    |imCum_val_21_V_U  |boxfilter200205_ibkb  |        1|  0|   0|    0|   480|   32|     1|        15360|
    |imCum_val_22_V_U  |boxfilter200205_ibkb  |        1|  0|   0|    0|   480|   32|     1|        15360|
    |imCum_val_23_V_U  |boxfilter200205_ibkb  |        1|  0|   0|    0|   480|   32|     1|        15360|
    |imCum_val_24_V_U  |boxfilter200205_ibkb  |        1|  0|   0|    0|   480|   32|     1|        15360|
    |imCum_val_25_V_U  |boxfilter200205_ibkb  |        1|  0|   0|    0|   480|   32|     1|        15360|
    |imCum_val_26_V_U  |boxfilter200205_ibkb  |        1|  0|   0|    0|   480|   32|     1|        15360|
    |imCum_val_27_V_U  |boxfilter200205_ibkb  |        1|  0|   0|    0|   480|   32|     1|        15360|
    |imCum_val_28_V_U  |boxfilter200205_ibkb  |        1|  0|   0|    0|   480|   32|     1|        15360|
    |imCum_val_29_V_U  |boxfilter200205_ibkb  |        1|  0|   0|    0|   480|   32|     1|        15360|
    |imCum_val_30_V_U  |boxfilter200205_ibkb  |        1|  0|   0|    0|   480|   32|     1|        15360|
    |imCum_val_31_V_U  |boxfilter200205_ibkb  |        1|  0|   0|    0|   480|   32|     1|        15360|
    |imCum_val_32_V_U  |boxfilter200205_ibkb  |        1|  0|   0|    0|   480|   32|     1|        15360|
    +------------------+----------------------+---------+---+----+-----+------+-----+------+-------------+
    |Total             |                      |       33|  0|   0|    0| 15840| 1056|    33|       506880|
    +------------------+----------------------+---------+---+----+-----+------+-----+------+-------------+

    * FIFO: 
    N/A

    * Expression: 
    +----------------------------------+----------+-------+---+----+------------+------------+
    |           Variable Name          | Operation| DSP48E| FF| LUT| Bitwidth P0| Bitwidth P1|
    +----------------------------------+----------+-------+---+----+------------+------------+
    |add_ln11_fu_947_p2                |     +    |      0|  0|  25|          18|           1|
    |myx1_fu_1404_p2                   |     +    |      0|  0|  39|          32|           1|
    |myx_fu_1152_p2                    |     +    |      0|  0|  39|          32|           1|
    |temp3_V_fu_1342_p2                |     +    |      0|  0|  39|          32|          32|
    |x_fu_953_p2                       |     +    |      0|  0|  16|           9|           1|
    |y_fu_1171_p2                      |     +    |      0|  0|  16|           9|           1|
    |temp1_V_fu_1435_p2                |     -    |      0|  0|  39|          32|          32|
    |temp6_V_fu_1441_p2                |     -    |      0|  0|  39|          32|          32|
    |and_ln38_2_fu_1037_p2             |    and   |      0|  0|   2|           1|           1|
    |and_ln38_fu_929_p2                |    and   |      0|  0|   2|           1|           1|
    |and_ln48_fu_1394_p2               |    and   |      0|  0|   2|           1|           1|
    |ap_condition_46                   |    and   |      0|  0|   2|           1|           1|
    |ap_condition_633                  |    and   |      0|  0|   2|           1|           1|
    |ap_condition_675                  |    and   |      0|  0|   2|           1|           1|
    |ap_predicate_op247_read_state3    |    and   |      0|  0|   2|           1|           1|
    |ap_predicate_op300_write_state4   |    and   |      0|  0|   2|           1|           1|
    |ap_predicate_op304_write_state4   |    and   |      0|  0|   2|           1|           1|
    |ap_predicate_op309_write_state4   |    and   |      0|  0|   2|           1|           1|
    |icmp_ln11_fu_941_p2               |   icmp   |      0|  0|  20|          18|          18|
    |icmp_ln12_fu_959_p2               |   icmp   |      0|  0|  13|           9|           7|
    |icmp_ln15_2_fu_973_p2             |   icmp   |      0|  0|  13|           9|           1|
    |icmp_ln15_fu_889_p2               |   icmp   |      0|  0|  13|           9|           1|
    |icmp_ln24_2_fu_987_p2             |   icmp   |      0|  0|  13|           9|           9|
    |icmp_ln24_fu_895_p2               |   icmp   |      0|  0|  13|           9|           9|
    |icmp_ln38_2_fu_1031_p2            |   icmp   |      0|  0|  13|           9|           6|
    |icmp_ln38_fu_923_p2               |   icmp   |      0|  0|  13|           9|           6|
    |icmp_ln42_2_fu_1057_p2            |   icmp   |      0|  0|  13|           9|           9|
    |icmp_ln42_fu_1051_p2              |   icmp   |      0|  0|  13|           9|           9|
    |icmp_ln48_fu_1137_p2              |   icmp   |      0|  0|  13|           9|           7|
    |icmp_ln879_2_fu_1146_p2           |   icmp   |      0|  0|  20|          32|           6|
    |icmp_ln879_fu_1398_p2             |   icmp   |      0|  0|  20|          32|           6|
    |icmp_ln891_4_fu_1001_p2           |   icmp   |      0|  0|  13|           9|           6|
    |icmp_ln891_5_fu_917_p2            |   icmp   |      0|  0|  11|           5|           1|
    |icmp_ln891_6_fu_1025_p2           |   icmp   |      0|  0|  11|           5|           1|
    |icmp_ln891_fu_901_p2              |   icmp   |      0|  0|  13|           9|           6|
    |ap_block_pp0_stage0_01001         |    or    |      0|  0|   2|           1|           1|
    |ap_block_state1                   |    or    |      0|  0|   2|           1|           1|
    |ap_block_state3_pp0_stage0_iter1  |    or    |      0|  0|   2|           1|           1|
    |ap_block_state4_pp0_stage0_iter2  |    or    |      0|  0|   2|           1|           1|
    |or_ln35_2_fu_1071_p2              |    or    |      0|  0|   2|           1|           1|
    |or_ln35_fu_935_p2                 |    or    |      0|  0|   2|           1|           1|
    |myx1_3_fu_1410_p3                 |  select  |      0|  0|  32|           1|           1|
    |myx1_4_fu_1418_p3                 |  select  |      0|  0|  32|           1|          32|
    |myx_2_fu_1158_p3                  |  select  |      0|  0|  32|           1|           1|
    |select_ln11_fu_1085_p3            |  select  |      0|  0|   9|           1|           9|
    |select_ln1598_10_fu_1043_p3       |  select  |      0|  0|   2|           1|           1|
    |select_ln1598_11_fu_1063_p3       |  select  |      0|  0|   2|           1|           1|
    |select_ln1598_12_fu_1077_p3       |  select  |      0|  0|   2|           1|           1|
    |select_ln1598_7_fu_979_p3         |  select  |      0|  0|   2|           1|           1|
    |select_ln1598_8_fu_993_p3         |  select  |      0|  0|   2|           1|           1|
    |select_ln1598_9_fu_1007_p3        |  select  |      0|  0|   2|           1|           1|
    |select_ln1598_fu_965_p3           |  select  |      0|  0|   9|           1|           1|
    |temp_V_2_fu_1335_p3               |  select  |      0|  0|  32|           1|          32|
    |ap_enable_pp0                     |    xor   |      0|  0|   2|           1|           2|
    |ap_enable_reg_pp0_iter1           |    xor   |      0|  0|   2|           2|           1|
    +----------------------------------+----------+-------+---+----+------------+------------+
    |Total                             |          |      0|  0| 684|         427|         310|
    +----------------------------------+----------+-------+---+----+------------+------------+

    * Multiplexer: 
    +-------------------------+----+-----------+-----+-----------+
    |           Name          | LUT| Input Size| Bits| Total Bits|
    +-------------------------+----+-----------+-----+-----------+
    |a_V_V_blk_n              |   9|          2|    1|          2|
    |ap_NS_fsm                |  21|          4|    1|          4|
    |ap_done                  |   9|          2|    1|          2|
    |ap_enable_reg_pp0_iter1  |   9|          2|    1|          2|
    |ap_enable_reg_pp0_iter2  |   9|          2|    1|          2|
    |i_op_assign_3_fu_150     |   9|          2|   32|         64|
    |i_op_assign_4_fu_142     |   9|          2|   32|         64|
    |i_op_assign_reg_850      |   9|          2|    9|         18|
    |imCum_val_0_V_address1   |  15|          3|    9|         27|
    |imCum_val_0_V_d1         |  15|          3|   32|         96|
    |indvar_flatten_reg_839   |   9|          2|   18|         36|
    |mean_A_V_V_blk_n         |   9|          2|    1|          2|
    |mean_A_V_V_din           |  21|          4|   32|        128|
    |p_Val2_64_fu_154         |   9|          2|   32|         64|
    |y_0_i_reg_861            |   9|          2|    9|         18|
    +-------------------------+----+-----------+-----+-----------+
    |Total                    | 171|         36|  211|        529|
    +-------------------------+----+-----------+-----+-----------+

    * Register: 
    +-----------------------------------------+----+----+-----+-----------+
    |                   Name                  | FF | LUT| Bits| Const Bits|
    +-----------------------------------------+----+----+-----+-----------+
    |ap_CS_fsm                                |   3|   0|    3|          0|
    |ap_done_reg                              |   1|   0|    1|          0|
    |ap_enable_reg_pp0_iter0                  |   1|   0|    1|          0|
    |ap_enable_reg_pp0_iter1                  |   1|   0|    1|          0|
    |ap_enable_reg_pp0_iter2                  |   1|   0|    1|          0|
    |i_op_assign_3_fu_150                     |  32|   0|   32|          0|
    |i_op_assign_4_fu_142                     |  32|   0|   32|          0|
    |i_op_assign_reg_850                      |   9|   0|    9|          0|
    |icmp_ln48_reg_1726                       |   1|   0|    1|          0|
    |imCum_val_0_V_addr_2_reg_1523            |   9|   0|    9|          0|
    |imCum_val_10_V_addr_reg_1583             |   9|   0|    9|          0|
    |imCum_val_11_V_addr_reg_1589             |   9|   0|    9|          0|
    |imCum_val_12_V_addr_reg_1595             |   9|   0|    9|          0|
    |imCum_val_13_V_addr_reg_1601             |   9|   0|    9|          0|
    |imCum_val_14_V_addr_reg_1607             |   9|   0|    9|          0|
    |imCum_val_15_V_addr_reg_1613             |   9|   0|    9|          0|
    |imCum_val_16_V_addr_reg_1619             |   9|   0|    9|          0|
    |imCum_val_17_V_addr_reg_1625             |   9|   0|    9|          0|
    |imCum_val_18_V_addr_reg_1631             |   9|   0|    9|          0|
    |imCum_val_19_V_addr_reg_1637             |   9|   0|    9|          0|
    |imCum_val_1_V_addr_reg_1529              |   9|   0|    9|          0|
    |imCum_val_20_V_addr_reg_1643             |   9|   0|    9|          0|
    |imCum_val_21_V_addr_reg_1649             |   9|   0|    9|          0|
    |imCum_val_22_V_addr_reg_1655             |   9|   0|    9|          0|
    |imCum_val_23_V_addr_reg_1661             |   9|   0|    9|          0|
    |imCum_val_24_V_addr_reg_1667             |   9|   0|    9|          0|
    |imCum_val_25_V_addr_reg_1673             |   9|   0|    9|          0|
    |imCum_val_26_V_addr_reg_1679             |   9|   0|    9|          0|
    |imCum_val_27_V_addr_reg_1685             |   9|   0|    9|          0|
    |imCum_val_28_V_addr_reg_1691             |   9|   0|    9|          0|
    |imCum_val_29_V_addr_reg_1697             |   9|   0|    9|          0|
    |imCum_val_2_V_addr_reg_1535              |   9|   0|    9|          0|
    |imCum_val_30_V_addr_reg_1703             |   9|   0|    9|          0|
    |imCum_val_31_V_addr_reg_1709             |   9|   0|    9|          0|
    |imCum_val_32_V_addr_reg_1715             |   9|   0|    9|          0|
    |imCum_val_3_V_addr_reg_1541              |   9|   0|    9|          0|
    |imCum_val_4_V_addr_reg_1547              |   9|   0|    9|          0|
    |imCum_val_5_V_addr_reg_1553              |   9|   0|    9|          0|
    |imCum_val_6_V_addr_reg_1559              |   9|   0|    9|          0|
    |imCum_val_7_V_addr_reg_1565              |   9|   0|    9|          0|
    |imCum_val_8_V_addr_reg_1571              |   9|   0|    9|          0|
    |imCum_val_9_V_addr_reg_1577              |   9|   0|    9|          0|
    |indvar_flatten_reg_839                   |  18|   0|   18|          0|
    |p_Val2_64_fu_154                         |  32|   0|   32|          0|
    |p_Val2_s_fu_146                          |  32|   0|   32|          0|
    |select_ln1598_10_reg_1506                |   1|   0|    1|          0|
    |select_ln1598_10_reg_1506_pp0_iter1_reg  |   1|   0|    1|          0|
    |select_ln1598_11_reg_1510                |   1|   0|    1|          0|
    |select_ln1598_11_reg_1510_pp0_iter1_reg  |   1|   0|    1|          0|
    |select_ln1598_12_reg_1514                |   1|   0|    1|          0|
    |select_ln1598_12_reg_1514_pp0_iter1_reg  |   1|   0|    1|          0|
    |select_ln1598_7_reg_1492                 |   1|   0|    1|          0|
    |select_ln1598_7_reg_1492_pp0_iter1_reg   |   1|   0|    1|          0|
    |select_ln1598_8_reg_1496                 |   1|   0|    1|          0|
    |select_ln1598_9_reg_1501                 |   1|   0|    1|          0|
    |select_ln1598_reg_1487                   |   9|   0|    9|          0|
    |temp4_V_reg_1736                         |  32|   0|   32|          0|
    |trunc_ln203_7_reg_1721                   |   6|   0|    6|          0|
    |y_0_i_reg_861                            |   9|   0|    9|          0|
    +-----------------------------------------+----+----+-----+-----------+
    |Total                                    | 526|   0|  526|          0|
    +-----------------------------------------+----+----+-----+-----------+



================================================================
== Interface
================================================================
* Summary: 
+-------------------+-----+-----+------------+-----------------+--------------+
|     RTL Ports     | Dir | Bits|  Protocol  |  Source Object  |    C Type    |
+-------------------+-----+-----+------------+-----------------+--------------+
|ap_clk             |  in |    1| ap_ctrl_hs | boxfilter203209 | return value |
|ap_rst             |  in |    1| ap_ctrl_hs | boxfilter203209 | return value |
|ap_start           |  in |    1| ap_ctrl_hs | boxfilter203209 | return value |
|ap_done            | out |    1| ap_ctrl_hs | boxfilter203209 | return value |
|ap_continue        |  in |    1| ap_ctrl_hs | boxfilter203209 | return value |
|ap_idle            | out |    1| ap_ctrl_hs | boxfilter203209 | return value |
|ap_ready           | out |    1| ap_ctrl_hs | boxfilter203209 | return value |
|a_V_V_dout         |  in |   32|   ap_fifo  |      a_V_V      |    pointer   |
|a_V_V_empty_n      |  in |    1|   ap_fifo  |      a_V_V      |    pointer   |
|a_V_V_read         | out |    1|   ap_fifo  |      a_V_V      |    pointer   |
|mean_A_V_V_din     | out |   32|   ap_fifo  |    mean_A_V_V   |    pointer   |
|mean_A_V_V_full_n  |  in |    1|   ap_fifo  |    mean_A_V_V   |    pointer   |
|mean_A_V_V_write   | out |    1|   ap_fifo  |    mean_A_V_V   |    pointer   |
+-------------------+-----+-----+------------+-----------------+--------------+

