

================================================================
== Vivado HLS Report for 'Filter2D'
================================================================
* Date:           Thu Jun  3 20:17:03 2021

* Version:        2019.1 (Build 2552052 on Fri May 24 15:28:33 MDT 2019)
* Project:        fishery-nets
* Solution:       solution1
* Product family: zynquplus
* Target device:  xczu9eg-ffvb1156-2-e


================================================================
== Performance Estimates
================================================================
+ Timing (ns): 
    * Summary: 
    +--------+-------+----------+------------+
    |  Clock | Target| Estimated| Uncertainty|
    +--------+-------+----------+------------+
    |ap_clk  |   5.00|     4.345|        0.63|
    +--------+-------+----------+------------+

+ Latency (clock cycles): 
    * Summary: 
    +--------+--------+--------+--------+---------+
    |     Latency     |     Interval    | Pipeline|
    |   min  |   max  |   min  |   max  |   Type  |
    +--------+--------+--------+--------+---------+
    |  134261|  134261|  134261|  134261|   none  |
    +--------+--------+--------+--------+---------+

    + Detail: 
        * Instance: 
        N/A

        * Loop: 
        +---------------+--------+--------+----------+-----------+-----------+------+----------+
        |               |     Latency     | Iteration|  Initiation Interval  | Trip |          |
        |   Loop Name   |   min  |   max  |  Latency |  achieved |   target  | Count| Pipelined|
        +---------------+--------+--------+----------+-----------+-----------+------+----------+
        |- loop_height  |  134260|  134260|       490|          -|          -|   274|    no    |
        | + loop_width  |     487|     487|         5|          1|          1|   484|    yes   |
        +---------------+--------+--------+----------+-----------+-----------+------+----------+



================================================================
== Utilization Estimates
================================================================
* Summary: 
+-----------------+---------+-------+--------+--------+-----+
|       Name      | BRAM_18K| DSP48E|   FF   |   LUT  | URAM|
+-----------------+---------+-------+--------+--------+-----+
|DSP              |        -|      -|       -|       -|    -|
|Expression       |        -|      -|       0|    4836|    -|
|FIFO             |        -|      -|       -|       -|    -|
|Instance         |        -|      -|       -|       -|    -|
|Memory           |        8|      -|       0|       0|    0|
|Multiplexer      |        -|      -|       -|     381|    -|
|Register         |        0|      -|    2118|      64|    -|
+-----------------+---------+-------+--------+--------+-----+
|Total            |        8|      0|    2118|    5281|    0|
+-----------------+---------+-------+--------+--------+-----+
|Available        |     1824|   2520|  548160|  274080|    0|
+-----------------+---------+-------+--------+--------+-----+
|Utilization (%)  |    ~0   |      0|   ~0   |       1|    0|
+-----------------+---------+-------+--------+--------+-----+

+ Detail: 
    * Instance: 
    N/A

    * DSP48E: 
    N/A

    * Memory: 
    +-----------------+----------------------+---------+---+----+-----+------+-----+------+-------------+
    |      Memory     |        Module        | BRAM_18K| FF| LUT| URAM| Words| Bits| Banks| W*Bits*Banks|
    +-----------------+----------------------+---------+---+----+-----+------+-----+------+-------------+
    |k_buf_0_val_0_U  |Loop_loop_height_cYC  |        1|  0|   0|    0|   480|   16|     1|         7680|
    |k_buf_0_val_1_U  |Loop_loop_height_cYC  |        1|  0|   0|    0|   480|   16|     1|         7680|
    |k_buf_0_val_2_U  |Loop_loop_height_cYC  |        1|  0|   0|    0|   480|   16|     1|         7680|
    |k_buf_0_val_3_U  |Loop_loop_height_cYC  |        1|  0|   0|    0|   480|   16|     1|         7680|
    |k_buf_0_val_4_U  |Loop_loop_height_cYC  |        1|  0|   0|    0|   480|   16|     1|         7680|
    |k_buf_0_val_5_U  |Loop_loop_height_cYC  |        1|  0|   0|    0|   480|   16|     1|         7680|
    |k_buf_0_val_6_U  |Loop_loop_height_cYC  |        1|  0|   0|    0|   480|   16|     1|         7680|
    |k_buf_0_val_7_U  |Loop_loop_height_cYC  |        1|  0|   0|    0|   480|   16|     1|         7680|
    +-----------------+----------------------+---------+---+----+-----+------+-----+------+-------------+
    |Total            |                      |        8|  0|   0|    0|  3840|  128|     8|        61440|
    +-----------------+----------------------+---------+---+----+-----+------+-----+------+-------------+

    * FIFO: 
    N/A

    * Expression: 
    +----------------------------------+----------+-------+---+----+------------+------------+
    |           Variable Name          | Operation| DSP48E| FF| LUT| Bitwidth P0| Bitwidth P1|
    +----------------------------------+----------+-------+---+----+------------+------------+
    |add_ln703_100_fu_2726_p2          |     +    |      0|  0|  18|          16|          16|
    |add_ln703_101_fu_2732_p2          |     +    |      0|  0|  18|          16|          16|
    |add_ln703_102_fu_2738_p2          |     +    |      0|  0|  18|          16|          16|
    |add_ln703_103_fu_2744_p2          |     +    |      0|  0|  18|          16|          16|
    |add_ln703_104_fu_2750_p2          |     +    |      0|  0|  18|          16|          16|
    |add_ln703_105_fu_2756_p2          |     +    |      0|  0|  18|          16|          16|
    |add_ln703_106_fu_2762_p2          |     +    |      0|  0|  18|          16|          16|
    |add_ln703_107_fu_2768_p2          |     +    |      0|  0|  18|          16|          16|
    |add_ln703_108_fu_2774_p2          |     +    |      0|  0|  23|          16|          16|
    |add_ln703_109_fu_2780_p2          |     +    |      0|  0|  18|          16|          16|
    |add_ln703_10_fu_1850_p2           |     +    |      0|  0|  24|          17|          17|
    |add_ln703_110_fu_2786_p2          |     +    |      0|  0|  18|          16|          16|
    |add_ln703_111_fu_2792_p2          |     +    |      0|  0|  18|          16|          16|
    |add_ln703_112_fu_2798_p2          |     +    |      0|  0|  18|          16|          16|
    |add_ln703_113_fu_2804_p2          |     +    |      0|  0|  18|          16|          16|
    |add_ln703_114_fu_2810_p2          |     +    |      0|  0|  18|          16|          16|
    |add_ln703_115_fu_2816_p2          |     +    |      0|  0|  18|          16|          16|
    |add_ln703_116_fu_2822_p2          |     +    |      0|  0|  18|          16|          16|
    |add_ln703_117_fu_2828_p2          |     +    |      0|  0|  18|          16|          16|
    |add_ln703_118_fu_3495_p2          |     +    |      0|  0|  18|          16|          16|
    |add_ln703_119_fu_2834_p2          |     +    |      0|  0|  23|          16|          16|
    |add_ln703_11_fu_1860_p2           |     +    |      0|  0|  24|          17|          17|
    |add_ln703_120_fu_2840_p2          |     +    |      0|  0|  18|          16|          16|
    |add_ln703_121_fu_2846_p2          |     +    |      0|  0|  18|          16|          16|
    |add_ln703_122_fu_2852_p2          |     +    |      0|  0|  18|          16|          16|
    |add_ln703_123_fu_2858_p2          |     +    |      0|  0|  18|          16|          16|
    |add_ln703_124_fu_2864_p2          |     +    |      0|  0|  18|          16|          16|
    |add_ln703_125_fu_2870_p2          |     +    |      0|  0|  18|          16|          16|
    |add_ln703_126_fu_2876_p2          |     +    |      0|  0|  18|          16|          16|
    |add_ln703_127_fu_2882_p2          |     +    |      0|  0|  18|          16|          16|
    |add_ln703_128_fu_2888_p2          |     +    |      0|  0|  23|          16|          16|
    |add_ln703_129_fu_2894_p2          |     +    |      0|  0|  18|          16|          16|
    |add_ln703_12_fu_1870_p2           |     +    |      0|  0|  25|          18|          18|
    |add_ln703_130_fu_2900_p2          |     +    |      0|  0|  18|          16|          16|
    |add_ln703_131_fu_2906_p2          |     +    |      0|  0|  18|          16|          16|
    |add_ln703_132_fu_2912_p2          |     +    |      0|  0|  18|          16|          16|
    |add_ln703_133_fu_2918_p2          |     +    |      0|  0|  18|          16|          16|
    |add_ln703_134_fu_2924_p2          |     +    |      0|  0|  18|          16|          16|
    |add_ln703_135_fu_2930_p2          |     +    |      0|  0|  18|          16|          16|
    |add_ln703_136_fu_2936_p2          |     +    |      0|  0|  18|          16|          16|
    |add_ln703_137_fu_2942_p2          |     +    |      0|  0|  18|          16|          16|
    |add_ln703_138_fu_2948_p2          |     +    |      0|  0|  18|          16|          16|
    |add_ln703_139_fu_2954_p2          |     +    |      0|  0|  18|          16|          16|
    |add_ln703_13_fu_1880_p2           |     +    |      0|  0|  26|          19|          19|
    |add_ln703_140_fu_2960_p2          |     +    |      0|  0|  18|          16|          16|
    |add_ln703_141_fu_2966_p2          |     +    |      0|  0|  18|          16|          16|
    |add_ln703_142_fu_2972_p2          |     +    |      0|  0|  18|          16|          16|
    |add_ln703_143_fu_2978_p2          |     +    |      0|  0|  18|          16|          16|
    |add_ln703_144_fu_2984_p2          |     +    |      0|  0|  18|          16|          16|
    |add_ln703_145_fu_2990_p2          |     +    |      0|  0|  18|          16|          16|
    |add_ln703_146_fu_2996_p2          |     +    |      0|  0|  18|          16|          16|
    |add_ln703_147_fu_3002_p2          |     +    |      0|  0|  23|          16|          16|
    |add_ln703_148_fu_3008_p2          |     +    |      0|  0|  18|          16|          16|
    |add_ln703_149_fu_3014_p2          |     +    |      0|  0|  18|          16|          16|
    |add_ln703_14_fu_1890_p2           |     +    |      0|  0|  18|          20|          20|
    |add_ln703_150_fu_3020_p2          |     +    |      0|  0|  18|          16|          16|
    |add_ln703_151_fu_3026_p2          |     +    |      0|  0|  23|          16|          16|
    |add_ln703_152_fu_3032_p2          |     +    |      0|  0|  18|          16|          16|
    |add_ln703_153_fu_3038_p2          |     +    |      0|  0|  18|          16|          16|
    |add_ln703_154_fu_3044_p2          |     +    |      0|  0|  18|          16|          16|
    |add_ln703_155_fu_3050_p2          |     +    |      0|  0|  18|          16|          16|
    |add_ln703_156_fu_3056_p2          |     +    |      0|  0|  18|          16|          16|
    |add_ln703_157_fu_3062_p2          |     +    |      0|  0|  18|          16|          16|
    |add_ln703_158_fu_3068_p2          |     +    |      0|  0|  18|          16|          16|
    |add_ln703_15_fu_1964_p2           |     +    |      0|  0|  18|          21|          21|
    |add_ln703_16_fu_1970_p2           |     +    |      0|  0|  24|          17|          17|
    |add_ln703_17_fu_1980_p2           |     +    |      0|  0|  18|          21|          21|
    |add_ln703_18_fu_1986_p2           |     +    |      0|  0|  24|          17|          17|
    |add_ln703_19_fu_1996_p2           |     +    |      0|  0|  24|          17|          17|
    |add_ln703_1_fu_1013_p2            |     +    |      0|  0|  24|          17|          17|
    |add_ln703_20_fu_2006_p2           |     +    |      0|  0|  25|          18|          18|
    |add_ln703_21_fu_3397_p2           |     +    |      0|  0|  18|          21|          21|
    |add_ln703_22_fu_2012_p2           |     +    |      0|  0|  24|          17|          17|
    |add_ln703_23_fu_2022_p2           |     +    |      0|  0|  24|          17|          17|
    |add_ln703_24_fu_2032_p2           |     +    |      0|  0|  25|          18|          18|
    |add_ln703_25_fu_2042_p2           |     +    |      0|  0|  24|          17|          17|
    |add_ln703_26_fu_2052_p2           |     +    |      0|  0|  24|          17|          17|
    |add_ln703_27_fu_2062_p2           |     +    |      0|  0|  25|          18|          18|
    |add_ln703_28_fu_2072_p2           |     +    |      0|  0|  26|          19|          19|
    |add_ln703_29_fu_2082_p2           |     +    |      0|  0|  27|          20|          20|
    |add_ln703_2_fu_1023_p2            |     +    |      0|  0|  25|          18|          18|
    |add_ln703_30_fu_3405_p2           |     +    |      0|  0|  18|          21|          21|
    |add_ln703_31_fu_3418_p2           |     +    |      0|  0|  29|          22|          22|
    |add_ln703_32_fu_2212_p2           |     +    |      0|  0|  24|          17|          17|
    |add_ln703_33_fu_3427_p2           |     +    |      0|  0|  18|          22|          22|
    |add_ln703_34_fu_2218_p2           |     +    |      0|  0|  24|          17|          17|
    |add_ln703_35_fu_2228_p2           |     +    |      0|  0|  24|          17|          17|
    |add_ln703_36_fu_2238_p2           |     +    |      0|  0|  25|          18|          18|
    |add_ln703_37_fu_3436_p2           |     +    |      0|  0|  18|          22|          22|
    |add_ln703_38_fu_2244_p2           |     +    |      0|  0|  24|          17|          17|
    |add_ln703_39_fu_2254_p2           |     +    |      0|  0|  24|          17|          17|
    |add_ln703_3_fu_1049_p2            |     +    |      0|  0|  18|          19|          19|
    |add_ln703_40_fu_2264_p2           |     +    |      0|  0|  25|          18|          18|
    |add_ln703_41_fu_2274_p2           |     +    |      0|  0|  24|          17|          17|
    |add_ln703_42_fu_2284_p2           |     +    |      0|  0|  24|          17|          17|
    |add_ln703_43_fu_2294_p2           |     +    |      0|  0|  25|          18|          18|
    |add_ln703_44_fu_2304_p2           |     +    |      0|  0|  26|          19|          19|
    |add_ln703_45_fu_3445_p2           |     +    |      0|  0|  18|          22|          22|
    |add_ln703_46_fu_2310_p2           |     +    |      0|  0|  24|          17|          17|
    |add_ln703_47_fu_2320_p2           |     +    |      0|  0|  24|          17|          17|
    |add_ln703_48_fu_2330_p2           |     +    |      0|  0|  25|          18|          18|
    |add_ln703_49_fu_2340_p2           |     +    |      0|  0|  24|          17|          17|
    |add_ln703_4_fu_1055_p2            |     +    |      0|  0|  24|          17|          17|
    |add_ln703_50_fu_2350_p2           |     +    |      0|  0|  24|          17|          17|
    |add_ln703_51_fu_2360_p2           |     +    |      0|  0|  25|          18|          18|
    |add_ln703_52_fu_2370_p2           |     +    |      0|  0|  26|          19|          19|
    |add_ln703_53_fu_2376_p2           |     +    |      0|  0|  24|          17|          17|
    |add_ln703_54_fu_2386_p2           |     +    |      0|  0|  24|          17|          17|
    |add_ln703_55_fu_2396_p2           |     +    |      0|  0|  25|          18|          18|
    |add_ln703_56_fu_2406_p2           |     +    |      0|  0|  24|          17|          17|
    |add_ln703_57_fu_2416_p2           |     +    |      0|  0|  24|          17|          17|
    |add_ln703_58_fu_2426_p2           |     +    |      0|  0|  25|          18|          18|
    |add_ln703_59_fu_2436_p2           |     +    |      0|  0|  26|          19|          19|
    |add_ln703_5_fu_1065_p2            |     +    |      0|  0|  25|          18|          18|
    |add_ln703_60_fu_2446_p2           |     +    |      0|  0|  27|          20|          20|
    |add_ln703_61_fu_3457_p2           |     +    |      0|  0|  28|          21|          21|
    |add_ln703_62_fu_3467_p2           |     +    |      0|  0|  18|          22|          22|
    |add_ln703_63_fu_3480_p2           |     +    |      0|  0|  18|          23|          23|
    |add_ln703_64_fu_2516_p2           |     +    |      0|  0|  24|          17|          17|
    |add_ln703_65_fu_3489_p2           |     +    |      0|  0|  18|          23|          23|
    |add_ln703_66_fu_2522_p2           |     +    |      0|  0|  24|          17|          17|
    |add_ln703_67_fu_2532_p2           |     +    |      0|  0|  24|          17|          17|
    |add_ln703_68_fu_2542_p2           |     +    |      0|  0|  25|          18|          18|
    |add_ln703_69_fu_2552_p2           |     +    |      0|  0|  26|          19|          19|
    |add_ln703_6_fu_1075_p2            |     +    |      0|  0|  18|          19|          19|
    |add_ln703_70_fu_3507_p2           |     +    |      0|  0|  18|          23|          23|
    |add_ln703_71_fu_2558_p2           |     +    |      0|  0|  24|          17|          17|
    |add_ln703_72_fu_2568_p2           |     +    |      0|  0|  24|          17|          17|
    |add_ln703_73_fu_2578_p2           |     +    |      0|  0|  25|          18|          18|
    |add_ln703_74_fu_2588_p2           |     +    |      0|  0|  24|          17|          17|
    |add_ln703_75_fu_2598_p2           |     +    |      0|  0|  24|          17|          17|
    |add_ln703_76_fu_2608_p2           |     +    |      0|  0|  25|          18|          18|
    |add_ln703_77_fu_2618_p2           |     +    |      0|  0|  26|          19|          19|
    |add_ln703_78_fu_2628_p2           |     +    |      0|  0|  27|          20|          20|
    |add_ln703_7_fu_1828_p2            |     +    |      0|  0|  27|          20|          20|
    |add_ln703_80_fu_1081_p2           |     +    |      0|  0|  18|          16|          16|
    |add_ln703_81_fu_1087_p2           |     +    |      0|  0|  18|          16|          16|
    |add_ln703_82_fu_1093_p2           |     +    |      0|  0|  18|          16|          16|
    |add_ln703_83_fu_1099_p2           |     +    |      0|  0|  18|          16|          16|
    |add_ln703_84_fu_2634_p2           |     +    |      0|  0|  18|          16|          16|
    |add_ln703_85_fu_2638_p2           |     +    |      0|  0|  18|          16|          16|
    |add_ln703_86_fu_2644_p2           |     +    |      0|  0|  18|          16|          16|
    |add_ln703_87_fu_2649_p2           |     +    |      0|  0|  18|          16|          16|
    |add_ln703_88_fu_2655_p2           |     +    |      0|  0|  18|          16|          16|
    |add_ln703_89_fu_2660_p2           |     +    |      0|  0|  23|          16|          16|
    |add_ln703_8_fu_1834_p2            |     +    |      0|  0|  24|          17|          17|
    |add_ln703_90_fu_2666_p2           |     +    |      0|  0|  18|          16|          16|
    |add_ln703_91_fu_2672_p2           |     +    |      0|  0|  18|          16|          16|
    |add_ln703_92_fu_2678_p2           |     +    |      0|  0|  18|          16|          16|
    |add_ln703_93_fu_2684_p2           |     +    |      0|  0|  18|          16|          16|
    |add_ln703_94_fu_2690_p2           |     +    |      0|  0|  18|          16|          16|
    |add_ln703_95_fu_2696_p2           |     +    |      0|  0|  18|          16|          16|
    |add_ln703_96_fu_2702_p2           |     +    |      0|  0|  18|          16|          16|
    |add_ln703_97_fu_2708_p2           |     +    |      0|  0|  18|          16|          16|
    |add_ln703_98_fu_2714_p2           |     +    |      0|  0|  18|          16|          16|
    |add_ln703_99_fu_2720_p2           |     +    |      0|  0|  18|          16|          16|
    |add_ln703_9_fu_1844_p2            |     +    |      0|  0|  18|          20|          20|
    |add_ln703_fu_995_p2               |     +    |      0|  0|  24|          17|          17|
    |i_V_fu_715_p2                     |     +    |      0|  0|  16|           9|           1|
    |j_V_fu_755_p2                     |     +    |      0|  0|  16|           9|           1|
    |p_Val2_79_fu_3499_p2              |     +    |      0|  0|  18|          16|          16|
    |p_Val2_s_fu_3515_p2               |     +    |      0|  0|  18|          23|          23|
    |and_ln632_fu_767_p2               |    and   |      0|  0|   2|           1|           1|
    |ap_block_state4_pp0_stage0_iter1  |    and   |      0|  0|   2|           1|           1|
    |ap_block_state7_pp0_stage0_iter4  |    and   |      0|  0|   2|           1|           1|
    |ap_condition_2311                 |    and   |      0|  0|   2|           1|           1|
    |ap_condition_423                  |    and   |      0|  0|   2|           1|           1|
    |ap_condition_712                  |    and   |      0|  0|   2|           1|           1|
    |ap_predicate_op144_read_state4    |    and   |      0|  0|   2|           1|           1|
    |icmp_ln625_fu_709_p2              |   icmp   |      0|  0|  13|           9|           9|
    |icmp_ln626_fu_749_p2              |   icmp   |      0|  0|  13|           9|           6|
    |icmp_ln879_1_fu_772_p2            |   icmp   |      0|  0|  13|           9|           1|
    |icmp_ln879_fu_727_p2              |   icmp   |      0|  0|  13|           9|           1|
    |icmp_ln887_1_fu_761_p2            |   icmp   |      0|  0|  13|           9|           7|
    |icmp_ln887_fu_721_p2              |   icmp   |      0|  0|  13|           9|           9|
    |icmp_ln891_13_fu_788_p2           |   icmp   |      0|  0|  11|           7|           1|
    |icmp_ln891_fu_743_p2              |   icmp   |      0|  0|  11|           7|           1|
    |overflow_fu_3531_p2               |   icmp   |      0|  0|  11|           7|           1|
    |ap_block_pp0_stage0_01001         |    or    |      0|  0|   2|           1|           1|
    |or_ln676_fu_794_p2                |    or    |      0|  0|   2|           1|           1|
    |col_buf_0_val_0_0_3_fu_888_p3     |  select  |      0|  0|  16|           1|          16|
    |p_dst_data_stream_V_din           |  select  |      0|  0|  16|           1|           2|
    |select_ln664_10_fu_1359_p3        |  select  |      0|  0|  16|           1|           1|
    |select_ln664_11_fu_1366_p3        |  select  |      0|  0|  16|           1|           1|
    |select_ln664_12_fu_1373_p3        |  select  |      0|  0|  16|           1|           1|
    |select_ln664_13_fu_1380_p3        |  select  |      0|  0|  16|           1|           1|
    |select_ln664_14_fu_1387_p3        |  select  |      0|  0|  16|           1|           1|
    |select_ln664_15_fu_1394_p3        |  select  |      0|  0|  16|           1|           1|
    |select_ln664_16_fu_1401_p3        |  select  |      0|  0|  16|           1|           1|
    |select_ln664_17_fu_1408_p3        |  select  |      0|  0|  16|           1|           1|
    |select_ln664_18_fu_1415_p3        |  select  |      0|  0|  16|           1|           1|
    |select_ln664_19_fu_1422_p3        |  select  |      0|  0|  16|           1|           1|
    |select_ln664_1_fu_938_p3          |  select  |      0|  0|  16|           1|           1|
    |select_ln664_20_fu_1429_p3        |  select  |      0|  0|  16|           1|           1|
    |select_ln664_21_fu_1436_p3        |  select  |      0|  0|  16|           1|           1|
    |select_ln664_22_fu_1443_p3        |  select  |      0|  0|  16|           1|           1|
    |select_ln664_23_fu_1450_p3        |  select  |      0|  0|  16|           1|           1|
    |select_ln664_24_fu_1457_p3        |  select  |      0|  0|  16|           1|           1|
    |select_ln664_25_fu_1464_p3        |  select  |      0|  0|  16|           1|           1|
    |select_ln664_26_fu_1471_p3        |  select  |      0|  0|  16|           1|           1|
    |select_ln664_27_fu_1478_p3        |  select  |      0|  0|  16|           1|           1|
    |select_ln664_28_fu_1485_p3        |  select  |      0|  0|  16|           1|           1|
    |select_ln664_29_fu_1492_p3        |  select  |      0|  0|  16|           1|           1|
    |select_ln664_2_fu_945_p3          |  select  |      0|  0|  16|           1|           1|
    |select_ln664_30_fu_1499_p3        |  select  |      0|  0|  16|           1|           1|
    |select_ln664_31_fu_1506_p3        |  select  |      0|  0|  16|           1|           1|
    |select_ln664_32_fu_1513_p3        |  select  |      0|  0|  16|           1|           1|
    |select_ln664_33_fu_1520_p3        |  select  |      0|  0|  16|           1|           1|
    |select_ln664_34_fu_1527_p3        |  select  |      0|  0|  16|           1|           1|
    |select_ln664_35_fu_1534_p3        |  select  |      0|  0|  16|           1|           1|
    |select_ln664_36_fu_1541_p3        |  select  |      0|  0|  16|           1|           1|
    |select_ln664_37_fu_1548_p3        |  select  |      0|  0|  16|           1|           1|
    |select_ln664_38_fu_1555_p3        |  select  |      0|  0|  16|           1|           1|
    |select_ln664_39_fu_1562_p3        |  select  |      0|  0|  16|           1|           1|
    |select_ln664_3_fu_952_p3          |  select  |      0|  0|  16|           1|           1|
    |select_ln664_40_fu_1569_p3        |  select  |      0|  0|  16|           1|           1|
    |select_ln664_41_fu_1576_p3        |  select  |      0|  0|  16|           1|           1|
    |select_ln664_42_fu_1583_p3        |  select  |      0|  0|  16|           1|           1|
    |select_ln664_43_fu_1590_p3        |  select  |      0|  0|  16|           1|           1|
    |select_ln664_44_fu_1597_p3        |  select  |      0|  0|  16|           1|           1|
    |select_ln664_45_fu_1604_p3        |  select  |      0|  0|  16|           1|           1|
    |select_ln664_46_fu_1611_p3        |  select  |      0|  0|  16|           1|           1|
    |select_ln664_47_fu_1618_p3        |  select  |      0|  0|  16|           1|           1|
    |select_ln664_48_fu_1625_p3        |  select  |      0|  0|  16|           1|           1|
    |select_ln664_49_fu_1632_p3        |  select  |      0|  0|  16|           1|           1|
    |select_ln664_4_fu_959_p3          |  select  |      0|  0|  16|           1|           1|
    |select_ln664_50_fu_1639_p3        |  select  |      0|  0|  16|           1|           1|
    |select_ln664_51_fu_1646_p3        |  select  |      0|  0|  16|           1|           1|
    |select_ln664_52_fu_1653_p3        |  select  |      0|  0|  16|           1|           1|
    |select_ln664_53_fu_1660_p3        |  select  |      0|  0|  16|           1|           1|
    |select_ln664_54_fu_1667_p3        |  select  |      0|  0|  16|           1|           1|
    |select_ln664_55_fu_1674_p3        |  select  |      0|  0|  16|           1|           1|
    |select_ln664_56_fu_1681_p3        |  select  |      0|  0|  16|           1|           1|
    |select_ln664_57_fu_1688_p3        |  select  |      0|  0|  16|           1|           1|
    |select_ln664_58_fu_1695_p3        |  select  |      0|  0|  16|           1|           1|
    |select_ln664_59_fu_1702_p3        |  select  |      0|  0|  16|           1|           1|
    |select_ln664_5_fu_966_p3          |  select  |      0|  0|  16|           1|           1|
    |select_ln664_60_fu_1709_p3        |  select  |      0|  0|  16|           1|           1|
    |select_ln664_61_fu_1716_p3        |  select  |      0|  0|  16|           1|           1|
    |select_ln664_62_fu_1723_p3        |  select  |      0|  0|  16|           1|           1|
    |select_ln664_63_fu_1730_p3        |  select  |      0|  0|  16|           1|           1|
    |select_ln664_64_fu_1737_p3        |  select  |      0|  0|  16|           1|           1|
    |select_ln664_65_fu_1744_p3        |  select  |      0|  0|  16|           1|           1|
    |select_ln664_66_fu_1751_p3        |  select  |      0|  0|  16|           1|           1|
    |select_ln664_67_fu_1758_p3        |  select  |      0|  0|  16|           1|           1|
    |select_ln664_68_fu_1765_p3        |  select  |      0|  0|  16|           1|           1|
    |select_ln664_69_fu_1772_p3        |  select  |      0|  0|  16|           1|           1|
    |select_ln664_6_fu_973_p3          |  select  |      0|  0|  16|           1|           1|
    |select_ln664_70_fu_1779_p3        |  select  |      0|  0|  16|           1|           1|
    |select_ln664_71_fu_1786_p3        |  select  |      0|  0|  16|           1|           1|
    |select_ln664_7_fu_980_p3          |  select  |      0|  0|  16|           1|           1|
    |select_ln664_8_fu_1345_p3         |  select  |      0|  0|  16|           1|           1|
    |select_ln664_9_fu_1352_p3         |  select  |      0|  0|  16|           1|           1|
    |select_ln664_fu_931_p3            |  select  |      0|  0|  16|           1|           1|
    |select_ln887_1_fu_827_p3          |  select  |      0|  0|  16|           1|          16|
    |select_ln887_2_fu_834_p3          |  select  |      0|  0|  16|           1|          16|
    |select_ln887_3_fu_841_p3          |  select  |      0|  0|  16|           1|          16|
    |select_ln887_4_fu_848_p3          |  select  |      0|  0|  16|           1|          16|
    |select_ln887_5_fu_855_p3          |  select  |      0|  0|  16|           1|          16|
    |select_ln887_6_fu_862_p3          |  select  |      0|  0|  16|           1|          16|
    |select_ln887_7_fu_869_p3          |  select  |      0|  0|  16|           1|          16|
    |select_ln887_8_fu_876_p3          |  select  |      0|  0|  16|           1|          16|
    |select_ln887_fu_818_p3            |  select  |      0|  0|  16|           1|          16|
    |ap_enable_pp0                     |    xor   |      0|  0|   2|           1|           2|
    +----------------------------------+----------+-------+---+----+------------+------------+
    |Total                             |          |      0|  0|4836|        2947|        3044|
    +----------------------------------+----------+-------+---+----+------------+------------+

    * Multiplexer: 
    +------------------------------------------------------+----+-----------+-----+-----------+
    |                         Name                         | LUT| Input Size| Bits| Total Bits|
    +------------------------------------------------------+----+-----------+-----+-----------+
    |ap_NS_fsm                                             |  27|          5|    1|          5|
    |ap_enable_reg_pp0_iter2                               |   9|          2|    1|          2|
    |ap_enable_reg_pp0_iter4                               |   9|          2|    1|          2|
    |ap_phi_mux_col_buf_0_val_0_0_phi_fu_584_p4            |  15|          3|   16|         48|
    |ap_phi_mux_p_049_6_i_0_phi_fu_608_p6                  |  15|          3|   16|         48|
    |ap_phi_mux_src_kernel_win_0_va_452_phi_fu_595_p6      |  15|          3|   16|         48|
    |ap_phi_reg_pp0_iter2_src_kernel_win_0_va_453_reg_618  |  15|          3|   16|         48|
    |ap_phi_reg_pp0_iter2_src_kernel_win_0_va_454_reg_631  |  15|          3|   16|         48|
    |ap_phi_reg_pp0_iter2_src_kernel_win_0_va_455_reg_644  |  15|          3|   16|         48|
    |ap_phi_reg_pp0_iter2_src_kernel_win_0_va_456_reg_657  |  15|          3|   16|         48|
    |ap_phi_reg_pp0_iter2_src_kernel_win_0_va_457_reg_670  |  15|          3|   16|         48|
    |ap_phi_reg_pp0_iter2_src_kernel_win_0_va_458_reg_683  |  15|          3|   16|         48|
    |ap_phi_reg_pp0_iter2_src_kernel_win_0_va_459_reg_696  |  15|          3|   16|         48|
    |k_buf_0_val_0_d1                                      |  15|          3|   16|         48|
    |k_buf_0_val_1_d1                                      |  15|          3|   16|         48|
    |k_buf_0_val_2_d1                                      |  15|          3|   16|         48|
    |k_buf_0_val_3_d1                                      |  15|          3|   16|         48|
    |k_buf_0_val_4_d1                                      |  15|          3|   16|         48|
    |k_buf_0_val_5_d1                                      |  15|          3|   16|         48|
    |k_buf_0_val_6_d1                                      |  15|          3|   16|         48|
    |k_buf_0_val_7_d1                                      |  15|          3|   16|         48|
    |p_dst_data_stream_V_blk_n                             |   9|          2|    1|          2|
    |p_src_data_stream_V_blk_n                             |   9|          2|    1|          2|
    |src_kernel_win_0_va_451_fu_368                        |  15|          3|   16|         48|
    |src_kernel_win_0_va_452_reg_592                       |  15|          3|   16|         48|
    |t_V_7_reg_570                                         |   9|          2|    9|         18|
    |t_V_reg_559                                           |   9|          2|    9|         18|
    +------------------------------------------------------+----+-----------+-----+-----------+
    |Total                                                 | 381|         77|  343|       1009|
    +------------------------------------------------------+----+-----------+-----+-----------+

    * Register: 
    +------------------------------------------------------+----+----+-----+-----------+
    |                         Name                         | FF | LUT| Bits| Const Bits|
    +------------------------------------------------------+----+----+-----+-----------+
    |add_ln703_117_reg_4307                                |  16|   0|   16|          0|
    |add_ln703_158_reg_4312                                |  16|   0|   16|          0|
    |add_ln703_17_reg_4247                                 |  21|   0|   21|          0|
    |add_ln703_20_reg_4252                                 |  18|   0|   18|          0|
    |add_ln703_29_reg_4257                                 |  20|   0|   20|          0|
    |add_ln703_32_reg_4262                                 |  17|   0|   17|          0|
    |add_ln703_36_reg_4267                                 |  18|   0|   18|          0|
    |add_ln703_44_reg_4272                                 |  19|   0|   19|          0|
    |add_ln703_52_reg_4277                                 |  19|   0|   19|          0|
    |add_ln703_60_reg_4282                                 |  20|   0|   20|          0|
    |add_ln703_64_reg_4287                                 |  17|   0|   17|          0|
    |add_ln703_65_reg_4317                                 |  23|   0|   23|          0|
    |add_ln703_69_reg_4292                                 |  19|   0|   19|          0|
    |add_ln703_69_reg_4292_pp0_iter3_reg                   |  19|   0|   19|          0|
    |add_ln703_6_reg_4227                                  |  19|   0|   19|          0|
    |add_ln703_78_reg_4297                                 |  20|   0|   20|          0|
    |add_ln703_78_reg_4297_pp0_iter3_reg                   |  20|   0|   20|          0|
    |add_ln703_83_reg_4232                                 |  16|   0|   16|          0|
    |add_ln703_98_reg_4302                                 |  16|   0|   16|          0|
    |and_ln632_reg_4038                                    |   1|   0|    1|          0|
    |ap_CS_fsm                                             |   4|   0|    4|          0|
    |ap_enable_reg_pp0_iter0                               |   1|   0|    1|          0|
    |ap_enable_reg_pp0_iter1                               |   1|   0|    1|          0|
    |ap_enable_reg_pp0_iter2                               |   1|   0|    1|          0|
    |ap_enable_reg_pp0_iter3                               |   1|   0|    1|          0|
    |ap_enable_reg_pp0_iter4                               |   1|   0|    1|          0|
    |ap_phi_reg_pp0_iter1_src_kernel_win_0_va_453_reg_618  |  16|   0|   16|          0|
    |ap_phi_reg_pp0_iter1_src_kernel_win_0_va_454_reg_631  |  16|   0|   16|          0|
    |ap_phi_reg_pp0_iter1_src_kernel_win_0_va_455_reg_644  |  16|   0|   16|          0|
    |ap_phi_reg_pp0_iter1_src_kernel_win_0_va_456_reg_657  |  16|   0|   16|          0|
    |ap_phi_reg_pp0_iter1_src_kernel_win_0_va_457_reg_670  |  16|   0|   16|          0|
    |ap_phi_reg_pp0_iter1_src_kernel_win_0_va_458_reg_683  |  16|   0|   16|          0|
    |ap_phi_reg_pp0_iter1_src_kernel_win_0_va_459_reg_696  |  16|   0|   16|          0|
    |ap_phi_reg_pp0_iter2_src_kernel_win_0_va_453_reg_618  |  16|   0|   16|          0|
    |ap_phi_reg_pp0_iter2_src_kernel_win_0_va_454_reg_631  |  16|   0|   16|          0|
    |ap_phi_reg_pp0_iter2_src_kernel_win_0_va_455_reg_644  |  16|   0|   16|          0|
    |ap_phi_reg_pp0_iter2_src_kernel_win_0_va_456_reg_657  |  16|   0|   16|          0|
    |ap_phi_reg_pp0_iter2_src_kernel_win_0_va_457_reg_670  |  16|   0|   16|          0|
    |ap_phi_reg_pp0_iter2_src_kernel_win_0_va_458_reg_683  |  16|   0|   16|          0|
    |ap_phi_reg_pp0_iter2_src_kernel_win_0_va_459_reg_696  |  16|   0|   16|          0|
    |col_buf_0_val_0_0_2_fu_76                             |  16|   0|   16|          0|
    |i_V_reg_3996                                          |   9|   0|    9|          0|
    |icmp_ln626_reg_4016                                   |   1|   0|    1|          0|
    |icmp_ln879_1_reg_4042                                 |   1|   0|    1|          0|
    |icmp_ln879_1_reg_4042_pp0_iter1_reg                   |   1|   0|    1|          0|
    |icmp_ln879_reg_4007                                   |   1|   0|    1|          0|
    |icmp_ln887_1_reg_4025                                 |   1|   0|    1|          0|
    |icmp_ln887_reg_4001                                   |   1|   0|    1|          0|
    |icmp_ln891_reg_4011                                   |   1|   0|    1|          0|
    |k_buf_0_val_0_addr_reg_4164                           |   9|   0|    9|          0|
    |k_buf_0_val_1_addr_reg_4158                           |   9|   0|    9|          0|
    |k_buf_0_val_2_addr_reg_4152                           |   9|   0|    9|          0|
    |k_buf_0_val_3_addr_reg_4146                           |   9|   0|    9|          0|
    |k_buf_0_val_4_addr_reg_4140                           |   9|   0|    9|          0|
    |k_buf_0_val_5_addr_reg_4134                           |   9|   0|    9|          0|
    |k_buf_0_val_6_addr_reg_4128                           |   9|   0|    9|          0|
    |k_buf_0_val_7_addr_reg_4122                           |   9|   0|    9|          0|
    |or_ln676_reg_4118                                     |   1|   0|    1|          0|
    |p_Val2_79_reg_4322                                    |  16|   0|   16|          0|
    |select_ln664_29_reg_4237                              |  16|   0|   16|          0|
    |select_ln664_57_reg_4242                              |  16|   0|   16|          0|
    |select_ln664_5_reg_4212                               |  16|   0|   16|          0|
    |select_ln664_6_reg_4217                               |  16|   0|   16|          0|
    |select_ln664_7_reg_4222                               |  16|   0|   16|          0|
    |src_kernel_win_0_va_380_fu_84                         |  16|   0|   16|          0|
    |src_kernel_win_0_va_381_fu_88                         |  16|   0|   16|          0|
    |src_kernel_win_0_va_382_fu_92                         |  16|   0|   16|          0|
    |src_kernel_win_0_va_383_fu_96                         |  16|   0|   16|          0|
    |src_kernel_win_0_va_384_fu_100                        |  16|   0|   16|          0|
    |src_kernel_win_0_va_385_fu_104                        |  16|   0|   16|          0|
    |src_kernel_win_0_va_386_fu_108                        |  16|   0|   16|          0|
    |src_kernel_win_0_va_387_fu_112                        |  16|   0|   16|          0|
    |src_kernel_win_0_va_388_fu_116                        |  16|   0|   16|          0|
    |src_kernel_win_0_va_389_fu_120                        |  16|   0|   16|          0|
    |src_kernel_win_0_va_390_fu_124                        |  16|   0|   16|          0|
    |src_kernel_win_0_va_391_fu_128                        |  16|   0|   16|          0|
    |src_kernel_win_0_va_392_fu_132                        |  16|   0|   16|          0|
    |src_kernel_win_0_va_393_fu_136                        |  16|   0|   16|          0|
    |src_kernel_win_0_va_394_fu_140                        |  16|   0|   16|          0|
    |src_kernel_win_0_va_395_fu_144                        |  16|   0|   16|          0|
    |src_kernel_win_0_va_396_fu_148                        |  16|   0|   16|          0|
    |src_kernel_win_0_va_397_fu_152                        |  16|   0|   16|          0|
    |src_kernel_win_0_va_398_fu_156                        |  16|   0|   16|          0|
    |src_kernel_win_0_va_399_fu_160                        |  16|   0|   16|          0|
    |src_kernel_win_0_va_400_fu_164                        |  16|   0|   16|          0|
    |src_kernel_win_0_va_401_fu_168                        |  16|   0|   16|          0|
    |src_kernel_win_0_va_402_fu_172                        |  16|   0|   16|          0|
    |src_kernel_win_0_va_403_fu_176                        |  16|   0|   16|          0|
    |src_kernel_win_0_va_404_fu_180                        |  16|   0|   16|          0|
    |src_kernel_win_0_va_405_fu_184                        |  16|   0|   16|          0|
    |src_kernel_win_0_va_406_fu_188                        |  16|   0|   16|          0|
    |src_kernel_win_0_va_407_fu_192                        |  16|   0|   16|          0|
    |src_kernel_win_0_va_408_fu_196                        |  16|   0|   16|          0|
    |src_kernel_win_0_va_409_fu_200                        |  16|   0|   16|          0|
    |src_kernel_win_0_va_410_fu_204                        |  16|   0|   16|          0|
    |src_kernel_win_0_va_411_fu_208                        |  16|   0|   16|          0|
    |src_kernel_win_0_va_412_fu_212                        |  16|   0|   16|          0|
    |src_kernel_win_0_va_413_fu_216                        |  16|   0|   16|          0|
    |src_kernel_win_0_va_414_fu_220                        |  16|   0|   16|          0|
    |src_kernel_win_0_va_415_fu_224                        |  16|   0|   16|          0|
    |src_kernel_win_0_va_416_fu_228                        |  16|   0|   16|          0|
    |src_kernel_win_0_va_417_fu_232                        |  16|   0|   16|          0|
    |src_kernel_win_0_va_418_fu_236                        |  16|   0|   16|          0|
    |src_kernel_win_0_va_419_fu_240                        |  16|   0|   16|          0|
    |src_kernel_win_0_va_420_fu_244                        |  16|   0|   16|          0|
    |src_kernel_win_0_va_421_fu_248                        |  16|   0|   16|          0|
    |src_kernel_win_0_va_422_fu_252                        |  16|   0|   16|          0|
    |src_kernel_win_0_va_423_fu_256                        |  16|   0|   16|          0|
    |src_kernel_win_0_va_424_fu_260                        |  16|   0|   16|          0|
    |src_kernel_win_0_va_425_fu_264                        |  16|   0|   16|          0|
    |src_kernel_win_0_va_426_fu_268                        |  16|   0|   16|          0|
    |src_kernel_win_0_va_427_fu_272                        |  16|   0|   16|          0|
    |src_kernel_win_0_va_428_fu_276                        |  16|   0|   16|          0|
    |src_kernel_win_0_va_429_fu_280                        |  16|   0|   16|          0|
    |src_kernel_win_0_va_430_fu_284                        |  16|   0|   16|          0|
    |src_kernel_win_0_va_431_fu_288                        |  16|   0|   16|          0|
    |src_kernel_win_0_va_432_fu_292                        |  16|   0|   16|          0|
    |src_kernel_win_0_va_433_fu_296                        |  16|   0|   16|          0|
    |src_kernel_win_0_va_434_fu_300                        |  16|   0|   16|          0|
    |src_kernel_win_0_va_435_fu_304                        |  16|   0|   16|          0|
    |src_kernel_win_0_va_436_fu_308                        |  16|   0|   16|          0|
    |src_kernel_win_0_va_437_fu_312                        |  16|   0|   16|          0|
    |src_kernel_win_0_va_438_fu_316                        |  16|   0|   16|          0|
    |src_kernel_win_0_va_439_fu_320                        |  16|   0|   16|          0|
    |src_kernel_win_0_va_440_fu_324                        |  16|   0|   16|          0|
    |src_kernel_win_0_va_441_fu_328                        |  16|   0|   16|          0|
    |src_kernel_win_0_va_442_fu_332                        |  16|   0|   16|          0|
    |src_kernel_win_0_va_443_fu_336                        |  16|   0|   16|          0|
    |src_kernel_win_0_va_444_fu_340                        |  16|   0|   16|          0|
    |src_kernel_win_0_va_445_fu_344                        |  16|   0|   16|          0|
    |src_kernel_win_0_va_446_fu_348                        |  16|   0|   16|          0|
    |src_kernel_win_0_va_447_fu_352                        |  16|   0|   16|          0|
    |src_kernel_win_0_va_448_fu_356                        |  16|   0|   16|          0|
    |src_kernel_win_0_va_449_fu_360                        |  16|   0|   16|          0|
    |src_kernel_win_0_va_450_fu_364                        |  16|   0|   16|          0|
    |src_kernel_win_0_va_451_fu_368                        |  16|   0|   16|          0|
    |src_kernel_win_0_va_452_reg_592                       |  16|   0|   16|          0|
    |src_kernel_win_0_va_fu_80                             |  16|   0|   16|          0|
    |t_V_7_reg_570                                         |   9|   0|    9|          0|
    |t_V_reg_559                                           |   9|   0|    9|          0|
    |icmp_ln626_reg_4016                                   |  64|  32|    1|          0|
    |or_ln676_reg_4118                                     |  64|  32|    1|          0|
    +------------------------------------------------------+----+----+-----+-----------+
    |Total                                                 |2118|  64| 1992|          0|
    +------------------------------------------------------+----+----+-----+-----------+



================================================================
== Interface
================================================================
* Summary: 
+-----------------------------+-----+-----+------------+---------------------+--------------+
|          RTL Ports          | Dir | Bits|  Protocol  |    Source Object    |    C Type    |
+-----------------------------+-----+-----+------------+---------------------+--------------+
|ap_clk                       |  in |    1| ap_ctrl_hs |       Filter2D      | return value |
|ap_rst                       |  in |    1| ap_ctrl_hs |       Filter2D      | return value |
|ap_start                     |  in |    1| ap_ctrl_hs |       Filter2D      | return value |
|ap_done                      | out |    1| ap_ctrl_hs |       Filter2D      | return value |
|ap_idle                      | out |    1| ap_ctrl_hs |       Filter2D      | return value |
|ap_ready                     | out |    1| ap_ctrl_hs |       Filter2D      | return value |
|p_src_data_stream_V_dout     |  in |   16|   ap_fifo  | p_src_data_stream_V |    pointer   |
|p_src_data_stream_V_empty_n  |  in |    1|   ap_fifo  | p_src_data_stream_V |    pointer   |
|p_src_data_stream_V_read     | out |    1|   ap_fifo  | p_src_data_stream_V |    pointer   |
|p_dst_data_stream_V_din      | out |   16|   ap_fifo  | p_dst_data_stream_V |    pointer   |
|p_dst_data_stream_V_full_n   |  in |    1|   ap_fifo  | p_dst_data_stream_V |    pointer   |
|p_dst_data_stream_V_write    | out |    1|   ap_fifo  | p_dst_data_stream_V |    pointer   |
+-----------------------------+-----+-----+------------+---------------------+--------------+

