

================================================================
== Vivado HLS Report for 'Loop_loop_height_pro_1'
================================================================
* Date:           Thu Jun  3 20:16:55 2021

* Version:        2019.1 (Build 2552052 on Fri May 24 15:28:33 MDT 2019)
* Project:        fishery-nets
* Solution:       solution1
* Product family: zynquplus
* Target device:  xczu9eg-ffvb1156-2-e


================================================================
== Performance Estimates
================================================================
+ Timing (ns): 
    * Summary: 
    +--------+-------+----------+------------+
    |  Clock | Target| Estimated| Uncertainty|
    +--------+-------+----------+------------+
    |ap_clk  |   5.00|     4.020|        0.63|
    +--------+-------+----------+------------+

+ Latency (clock cycles): 
    * Summary: 
    +--------+--------+--------+--------+---------+
    |     Latency     |     Interval    | Pipeline|
    |   min  |   max  |   min  |   max  |   Type  |
    +--------+--------+--------+--------+---------+
    |  142451|  142451|  142451|  142451|   none  |
    +--------+--------+--------+--------+---------+

    + Detail: 
        * Instance: 
        N/A

        * Loop: 
        +---------------+--------+--------+----------+-----------+-----------+------+----------+
        |               |     Latency     | Iteration|  Initiation Interval  | Trip |          |
        |   Loop Name   |   min  |   max  |  Latency |  achieved |   target  | Count| Pipelined|
        +---------------+--------+--------+----------+-----------+-----------+------+----------+
        |- loop_height  |  142450|  142450|       518|          -|          -|   275|    no    |
        | + loop_width  |     515|     515|        29|          1|          1|   488|    yes   |
        +---------------+--------+--------+----------+-----------+-----------+------+----------+



================================================================
== Utilization Estimates
================================================================
* Summary: 
+-----------------+---------+-------+--------+--------+-----+
|       Name      | BRAM_18K| DSP48E|   FF   |   LUT  | URAM|
+-----------------+---------+-------+--------+--------+-----+
|DSP              |        -|      -|       -|       -|    -|
|Expression       |        -|      -|       0|    3063|    -|
|FIFO             |        -|      -|       -|       -|    -|
|Instance         |        -|      -|       0|   12984|    -|
|Memory           |        9|      -|       0|       0|    0|
|Multiplexer      |        -|      -|       -|     210|    -|
|Register         |        0|      -|    4211|     576|    -|
+-----------------+---------+-------+--------+--------+-----+
|Total            |        9|      0|    4211|   16833|    0|
+-----------------+---------+-------+--------+--------+-----+
|Available        |     1824|   2520|  548160|  274080|    0|
+-----------------+---------+-------+--------+--------+-----+
|Utilization (%)  |    ~0   |      0|   ~0   |       6|    0|
+-----------------+---------+-------+--------+--------+-----+

+ Detail: 
    * Instance: 
    +---------------------------+----------------------+---------+-------+---+------+-----+
    |          Instance         |        Module        | BRAM_18K| DSP48E| FF|  LUT | URAM|
    +---------------------------+----------------------+---------+-------+---+------+-----+
    |net_holes_detectic7D_U113  |net_holes_detectic7D  |        0|      0|  0|  1082|    0|
    |net_holes_detectic7D_U114  |net_holes_detectic7D  |        0|      0|  0|  1082|    0|
    |net_holes_detectic7D_U115  |net_holes_detectic7D  |        0|      0|  0|  1082|    0|
    |net_holes_detectic7D_U116  |net_holes_detectic7D  |        0|      0|  0|  1082|    0|
    |net_holes_detectic7D_U117  |net_holes_detectic7D  |        0|      0|  0|  1082|    0|
    |net_holes_detectic7D_U118  |net_holes_detectic7D  |        0|      0|  0|  1082|    0|
    |net_holes_detectic7D_U119  |net_holes_detectic7D  |        0|      0|  0|  1082|    0|
    |net_holes_detectic7D_U120  |net_holes_detectic7D  |        0|      0|  0|  1082|    0|
    |net_holes_detectic7D_U121  |net_holes_detectic7D  |        0|      0|  0|  1082|    0|
    |net_holes_detectic7D_U122  |net_holes_detectic7D  |        0|      0|  0|  1082|    0|
    |net_holes_detectic7D_U123  |net_holes_detectic7D  |        0|      0|  0|  1082|    0|
    |net_holes_detectic7D_U124  |net_holes_detectic7D  |        0|      0|  0|  1082|    0|
    +---------------------------+----------------------+---------+-------+---+------+-----+
    |Total                      |                      |        0|      0|  0| 12984|    0|
    +---------------------------+----------------------+---------+-------+---+------+-----+

    * DSP48E: 
    N/A

    * Memory: 
    +------------------+----------------------+---------+---+----+-----+------+-----+------+-------------+
    |      Memory      |        Module        | BRAM_18K| FF| LUT| URAM| Words| Bits| Banks| W*Bits*Banks|
    +------------------+----------------------+---------+---+----+-----+------+-----+------+-------------+
    |k_buf_0_val_16_U  |Loop_loop_height_cYC  |        1|  0|   0|    0|   480|   16|     1|         7680|
    |k_buf_0_val_15_U  |Loop_loop_height_cYC  |        1|  0|   0|    0|   480|   16|     1|         7680|
    |k_buf_0_val_14_U  |Loop_loop_height_cYC  |        1|  0|   0|    0|   480|   16|     1|         7680|
    |k_buf_0_val_13_U  |Loop_loop_height_cYC  |        1|  0|   0|    0|   480|   16|     1|         7680|
    |k_buf_0_val_12_U  |Loop_loop_height_cYC  |        1|  0|   0|    0|   480|   16|     1|         7680|
    |k_buf_0_val_11_U  |Loop_loop_height_cYC  |        1|  0|   0|    0|   480|   16|     1|         7680|
    |k_buf_0_val_10_U  |Loop_loop_height_cYC  |        1|  0|   0|    0|   480|   16|     1|         7680|
    |k_buf_0_val_9_U   |Loop_loop_height_cYC  |        1|  0|   0|    0|   480|   16|     1|         7680|
    |k_buf_0_val_17_U  |Loop_loop_height_cYC  |        1|  0|   0|    0|   480|   16|     1|         7680|
    +------------------+----------------------+---------+---+----+-----+------+-----+------+-------------+
    |Total             |                      |        9|  0|   0|    0|  4320|  144|     9|        69120|
    +------------------+----------------------+---------+---+----+-----+------+-----+------+-------------+

    * FIFO: 
    N/A

    * Expression: 
    +------------------------------------+----------+-------+---+----+------------+------------+
    |            Variable Name           | Operation| DSP48E| FF| LUT| Bitwidth P0| Bitwidth P1|
    +------------------------------------+----------+-------+---+----+------------+------------+
    |ImagLoc_x_fu_982_p2                 |     +    |      0|  0|  17|           4|          10|
    |add_ln451_1_fu_988_p2               |     +    |      0|  0|  16|           4|           9|
    |add_ln506_1_fu_716_p2               |     +    |      0|  0|  16|           3|           9|
    |add_ln506_2_fu_768_p2               |     +    |      0|  0|  16|           4|           9|
    |add_ln506_fu_742_p2                 |     +    |      0|  0|  16|           3|           9|
    |i_V_fu_652_p2                       |     +    |      0|  0|  16|           9|           1|
    |j_V_fu_960_p2                       |     +    |      0|  0|  16|           9|           1|
    |sub_ln493_1_fu_780_p2               |     -    |      0|  0|  12|           1|           4|
    |sub_ln493_2_fu_794_p2               |     -    |      0|  0|  12|           2|           4|
    |sub_ln493_3_fu_800_p2               |     -    |      0|  0|  12|           3|           4|
    |sub_ln493_4_fu_806_p2               |     -    |      0|  0|  12|           3|           4|
    |sub_ln493_5_fu_812_p2               |     -    |      0|  0|  12|           3|           4|
    |sub_ln493_fu_754_p2                 |     -    |      0|  0|  12|           1|           4|
    |and_ln118_fu_1014_p2                |    and   |      0|  0|   2|           1|           1|
    |and_ln507_10_fu_944_p2              |    and   |      0|  0|   2|           1|           1|
    |and_ln507_1_fu_836_p2               |    and   |      0|  0|   2|           1|           1|
    |and_ln507_2_fu_848_p2               |    and   |      0|  0|   2|           1|           1|
    |and_ln507_3_fu_860_p2               |    and   |      0|  0|   2|           1|           1|
    |and_ln507_4_fu_872_p2               |    and   |      0|  0|   2|           1|           1|
    |and_ln507_5_fu_884_p2               |    and   |      0|  0|   2|           1|           1|
    |and_ln507_6_fu_896_p2               |    and   |      0|  0|   2|           1|           1|
    |and_ln507_7_fu_908_p2               |    and   |      0|  0|   2|           1|           1|
    |and_ln507_8_fu_920_p2               |    and   |      0|  0|   2|           1|           1|
    |and_ln507_9_fu_932_p2               |    and   |      0|  0|   2|           1|           1|
    |and_ln507_fu_824_p2                 |    and   |      0|  0|   2|           1|           1|
    |and_ln512_fu_1066_p2                |    and   |      0|  0|   2|           1|           1|
    |ap_block_pp0                        |    and   |      0|  0|   2|           1|           1|
    |ap_block_state31_pp0_stage0_iter28  |    and   |      0|  0|   2|           1|           1|
    |ap_condition_2705                   |    and   |      0|  0|   2|           1|           1|
    |ap_enable_state3_pp0_iter0_stage0   |    and   |      0|  0|   2|           1|           1|
    |ap_enable_state4_pp0_iter1_stage0   |    and   |      0|  0|   2|           1|           1|
    |ap_predicate_op267_read_state4      |    and   |      0|  0|   2|           1|           1|
    |ap_predicate_op268_store_state4     |    and   |      0|  0|   2|           1|           1|
    |ap_predicate_op274_store_state4     |    and   |      0|  0|   2|           1|           1|
    |ap_predicate_op276_store_state4     |    and   |      0|  0|   2|           1|           1|
    |ap_predicate_op278_store_state4     |    and   |      0|  0|   2|           1|           1|
    |ap_predicate_op280_store_state4     |    and   |      0|  0|   2|           1|           1|
    |ap_predicate_op282_store_state4     |    and   |      0|  0|   2|           1|           1|
    |icmp_ln118_1_fu_748_p2              |   icmp   |      0|  0|  13|           9|           9|
    |icmp_ln118_2_fu_774_p2              |   icmp   |      0|  0|  13|           9|           9|
    |icmp_ln118_3_fu_1008_p2             |   icmp   |      0|  0|  13|          10|           9|
    |icmp_ln118_fu_722_p2                |   icmp   |      0|  0|  13|           9|           9|
    |icmp_ln188_10_fu_1935_p2            |   icmp   |      0|  0|  13|          16|          16|
    |icmp_ln188_11_fu_1945_p2            |   icmp   |      0|  0|  13|          16|          16|
    |icmp_ln188_12_fu_1959_p2            |   icmp   |      0|  0|  13|          16|          16|
    |icmp_ln188_13_fu_2030_p2            |   icmp   |      0|  0|  13|          16|          16|
    |icmp_ln188_14_fu_2042_p2            |   icmp   |      0|  0|  13|          16|          16|
    |icmp_ln188_15_fu_2054_p2            |   icmp   |      0|  0|  13|          16|          16|
    |icmp_ln188_16_fu_2064_p2            |   icmp   |      0|  0|  13|          16|          16|
    |icmp_ln188_17_fu_2076_p2            |   icmp   |      0|  0|  13|          16|          16|
    |icmp_ln188_18_fu_2086_p2            |   icmp   |      0|  0|  13|          16|          16|
    |icmp_ln188_19_fu_2098_p2            |   icmp   |      0|  0|  13|          16|          16|
    |icmp_ln188_1_fu_1686_p2             |   icmp   |      0|  0|  13|          16|          16|
    |icmp_ln188_20_fu_2134_p2            |   icmp   |      0|  0|  13|          16|          16|
    |icmp_ln188_21_fu_2146_p2            |   icmp   |      0|  0|  13|          16|          16|
    |icmp_ln188_22_fu_2160_p2            |   icmp   |      0|  0|  13|          16|          16|
    |icmp_ln188_23_fu_2231_p2            |   icmp   |      0|  0|  13|          16|          16|
    |icmp_ln188_24_fu_2243_p2            |   icmp   |      0|  0|  13|          16|          16|
    |icmp_ln188_25_fu_2255_p2            |   icmp   |      0|  0|  13|          16|          16|
    |icmp_ln188_26_fu_2265_p2            |   icmp   |      0|  0|  13|          16|          16|
    |icmp_ln188_27_fu_2277_p2            |   icmp   |      0|  0|  13|          16|          16|
    |icmp_ln188_28_fu_2311_p2            |   icmp   |      0|  0|  13|          16|          16|
    |icmp_ln188_29_fu_2323_p2            |   icmp   |      0|  0|  13|          16|          16|
    |icmp_ln188_2_fu_1700_p2             |   icmp   |      0|  0|  13|          16|          16|
    |icmp_ln188_30_fu_2397_p2            |   icmp   |      0|  0|  13|          16|          16|
    |icmp_ln188_31_fu_2407_p2            |   icmp   |      0|  0|  13|          16|          16|
    |icmp_ln188_32_fu_2419_p2            |   icmp   |      0|  0|  13|          16|          16|
    |icmp_ln188_33_fu_2429_p2            |   icmp   |      0|  0|  13|          16|          16|
    |icmp_ln188_34_fu_2441_p2            |   icmp   |      0|  0|  13|          16|          16|
    |icmp_ln188_35_fu_2453_p2            |   icmp   |      0|  0|  13|          16|          16|
    |icmp_ln188_36_fu_2463_p2            |   icmp   |      0|  0|  13|          16|          16|
    |icmp_ln188_37_fu_2475_p2            |   icmp   |      0|  0|  13|          16|          16|
    |icmp_ln188_38_fu_2509_p2            |   icmp   |      0|  0|  13|          16|          16|
    |icmp_ln188_39_fu_2523_p2            |   icmp   |      0|  0|  13|          16|          16|
    |icmp_ln188_3_fu_1777_p2             |   icmp   |      0|  0|  13|          16|          16|
    |icmp_ln188_40_fu_2597_p2            |   icmp   |      0|  0|  13|          16|          16|
    |icmp_ln188_41_fu_2607_p2            |   icmp   |      0|  0|  13|          16|          16|
    |icmp_ln188_42_fu_2619_p2            |   icmp   |      0|  0|  13|          16|          16|
    |icmp_ln188_43_fu_2629_p2            |   icmp   |      0|  0|  13|          16|          16|
    |icmp_ln188_44_fu_2641_p2            |   icmp   |      0|  0|  13|          16|          16|
    |icmp_ln188_45_fu_2653_p2            |   icmp   |      0|  0|  13|          16|          16|
    |icmp_ln188_46_fu_2663_p2            |   icmp   |      0|  0|  13|          16|          16|
    |icmp_ln188_47_fu_2699_p2            |   icmp   |      0|  0|  13|          16|          16|
    |icmp_ln188_48_fu_2711_p2            |   icmp   |      0|  0|  13|          16|          16|
    |icmp_ln188_49_fu_2725_p2            |   icmp   |      0|  0|  13|          16|          16|
    |icmp_ln188_4_fu_1789_p2             |   icmp   |      0|  0|  13|          16|          16|
    |icmp_ln188_50_fu_2796_p2            |   icmp   |      0|  0|  13|          16|          16|
    |icmp_ln188_51_fu_2808_p2            |   icmp   |      0|  0|  13|          16|          16|
    |icmp_ln188_52_fu_2820_p2            |   icmp   |      0|  0|  13|          16|          16|
    |icmp_ln188_53_fu_2830_p2            |   icmp   |      0|  0|  13|          16|          16|
    |icmp_ln188_54_fu_2842_p2            |   icmp   |      0|  0|  13|          16|          16|
    |icmp_ln188_55_fu_2873_p2            |   icmp   |      0|  0|  13|          16|          16|
    |icmp_ln188_56_fu_2885_p2            |   icmp   |      0|  0|  13|          16|          16|
    |icmp_ln188_57_fu_2951_p2            |   icmp   |      0|  0|  13|          16|          16|
    |icmp_ln188_58_fu_2961_p2            |   icmp   |      0|  0|  13|          16|          16|
    |icmp_ln188_59_fu_2973_p2            |   icmp   |      0|  0|  13|          16|          16|
    |icmp_ln188_5_fu_1855_p2             |   icmp   |      0|  0|  13|          16|          16|
    |icmp_ln188_60_fu_2983_p2            |   icmp   |      0|  0|  13|          16|          16|
    |icmp_ln188_61_fu_2995_p2            |   icmp   |      0|  0|  13|          16|          16|
    |icmp_ln188_62_fu_3022_p2            |   icmp   |      0|  0|  13|          16|          16|
    |icmp_ln188_63_fu_3032_p2            |   icmp   |      0|  0|  13|          16|          16|
    |icmp_ln188_64_fu_3046_p2            |   icmp   |      0|  0|  13|          16|          16|
    |icmp_ln188_65_fu_3101_p2            |   icmp   |      0|  0|  13|          16|          16|
    |icmp_ln188_66_fu_3113_p2            |   icmp   |      0|  0|  13|          16|          16|
    |icmp_ln188_67_fu_3125_p2            |   icmp   |      0|  0|  13|          16|          16|
    |icmp_ln188_6_fu_1865_p2             |   icmp   |      0|  0|  13|          16|          16|
    |icmp_ln188_7_fu_1877_p2             |   icmp   |      0|  0|  13|          16|          16|
    |icmp_ln188_8_fu_1887_p2             |   icmp   |      0|  0|  13|          16|          16|
    |icmp_ln188_9_fu_1899_p2             |   icmp   |      0|  0|  13|          16|          16|
    |icmp_ln188_fu_1672_p2               |   icmp   |      0|  0|  13|          16|          16|
    |icmp_ln443_fu_646_p2                |   icmp   |      0|  0|  13|           9|           9|
    |icmp_ln444_fu_954_p2                |   icmp   |      0|  0|  13|           9|           6|
    |icmp_ln507_10_fu_938_p2             |   icmp   |      0|  0|   9|           4|           3|
    |icmp_ln507_1_fu_830_p2              |   icmp   |      0|  0|   9|           4|           1|
    |icmp_ln507_2_fu_842_p2              |   icmp   |      0|  0|   9|           4|           2|
    |icmp_ln507_3_fu_854_p2              |   icmp   |      0|  0|   9|           4|           2|
    |icmp_ln507_4_fu_866_p2              |   icmp   |      0|  0|   9|           4|           1|
    |icmp_ln507_5_fu_878_p2              |   icmp   |      0|  0|   9|           4|           2|
    |icmp_ln507_6_fu_890_p2              |   icmp   |      0|  0|   9|           4|           2|
    |icmp_ln507_7_fu_902_p2              |   icmp   |      0|  0|   9|           4|           3|
    |icmp_ln507_8_fu_914_p2              |   icmp   |      0|  0|   9|           4|           2|
    |icmp_ln507_9_fu_926_p2              |   icmp   |      0|  0|   9|           4|           3|
    |icmp_ln507_fu_818_p2                |   icmp   |      0|  0|   9|           4|           1|
    |icmp_ln879_2_fu_676_p2              |   icmp   |      0|  0|  13|           9|           1|
    |icmp_ln879_4_fu_682_p2              |   icmp   |      0|  0|  13|           9|           1|
    |icmp_ln879_6_fu_688_p2              |   icmp   |      0|  0|  13|           9|           2|
    |icmp_ln879_7_fu_694_p2              |   icmp   |      0|  0|  13|           9|           2|
    |icmp_ln879_fu_700_p2                |   icmp   |      0|  0|  13|           9|           3|
    |icmp_ln887_fu_658_p2                |   icmp   |      0|  0|  13|           9|           9|
    |icmp_ln891_fu_976_p2                |   icmp   |      0|  0|  11|           6|           1|
    |icmp_ln899_1_fu_670_p2              |   icmp   |      0|  0|  13|           9|           3|
    |icmp_ln899_fu_706_p2                |   icmp   |      0|  0|  13|           9|           9|
    |ap_block_pp0_stage0_01001           |    or    |      0|  0|   2|           1|           1|
    |ap_block_state1                     |    or    |      0|  0|   2|           1|           1|
    |ap_block_state4_pp0_stage0_iter1    |    or    |      0|  0|   2|           1|           1|
    |or_ln457_fu_1061_p2                 |    or    |      0|  0|   2|           1|           1|
    |Background_data_stream_0_V_din      |  select  |      0|  0|  16|           1|          16|
    |col_buf_0_val_1_0_fu_1158_p3        |  select  |      0|  0|  16|           1|          16|
    |col_buf_0_val_2_0_fu_1189_p3        |  select  |      0|  0|  16|           1|          16|
    |col_buf_0_val_3_0_fu_1220_p3        |  select  |      0|  0|  16|           1|          16|
    |col_buf_0_val_4_0_fu_1251_p3        |  select  |      0|  0|  16|           1|          16|
    |col_buf_0_val_5_0_fu_1282_p3        |  select  |      0|  0|  16|           1|          16|
    |col_buf_0_val_6_0_fu_1313_p3        |  select  |      0|  0|  16|           1|          16|
    |col_buf_0_val_7_0_fu_1344_p3        |  select  |      0|  0|  16|           1|          16|
    |col_buf_0_val_8_0_fu_1375_p3        |  select  |      0|  0|  16|           1|          16|
    |select_ln121_fu_1028_p3             |  select  |      0|  0|   7|           1|           1|
    |select_ln188_10_fu_1939_p3          |  select  |      0|  0|  16|           1|          16|
    |select_ln188_11_fu_1951_p3          |  select  |      0|  0|  16|           1|          16|
    |select_ln188_12_fu_2025_p3          |  select  |      0|  0|  16|           1|          16|
    |select_ln188_13_fu_2035_p3          |  select  |      0|  0|  16|           1|          16|
    |select_ln188_14_fu_2047_p3          |  select  |      0|  0|  16|           1|          16|
    |select_ln188_15_fu_2058_p3          |  select  |      0|  0|  16|           1|          16|
    |select_ln188_16_fu_2069_p3          |  select  |      0|  0|  16|           1|          16|
    |select_ln188_17_fu_2081_p3          |  select  |      0|  0|  16|           1|          16|
    |select_ln188_18_fu_2091_p3          |  select  |      0|  0|  16|           1|          16|
    |select_ln188_19_fu_2103_p3          |  select  |      0|  0|  16|           1|          16|
    |select_ln188_1_fu_1692_p3           |  select  |      0|  0|  16|           1|          16|
    |select_ln188_20_fu_2139_p3          |  select  |      0|  0|  16|           1|          16|
    |select_ln188_21_fu_2152_p3          |  select  |      0|  0|  16|           1|          16|
    |select_ln188_22_fu_2226_p3          |  select  |      0|  0|  16|           1|          16|
    |select_ln188_23_fu_2236_p3          |  select  |      0|  0|  16|           1|          16|
    |select_ln188_24_fu_2248_p3          |  select  |      0|  0|  16|           1|          16|
    |select_ln188_25_fu_2259_p3          |  select  |      0|  0|  16|           1|          16|
    |select_ln188_26_fu_2270_p3          |  select  |      0|  0|  16|           1|          16|
    |select_ln188_27_fu_2306_p3          |  select  |      0|  0|  16|           1|          16|
    |select_ln188_28_fu_2316_p3          |  select  |      0|  0|  16|           1|          16|
    |select_ln188_29_fu_2329_p3          |  select  |      0|  0|  16|           1|          16|
    |select_ln188_2_fu_1772_p3           |  select  |      0|  0|  16|           1|          16|
    |select_ln188_30_fu_2401_p3          |  select  |      0|  0|  16|           1|          16|
    |select_ln188_31_fu_2412_p3          |  select  |      0|  0|  16|           1|          16|
    |select_ln188_32_fu_2424_p3          |  select  |      0|  0|  16|           1|          16|
    |select_ln188_33_fu_2434_p3          |  select  |      0|  0|  16|           1|          16|
    |select_ln188_34_fu_2446_p3          |  select  |      0|  0|  16|           1|          16|
    |select_ln188_35_fu_2457_p3          |  select  |      0|  0|  16|           1|          16|
    |select_ln188_36_fu_2468_p3          |  select  |      0|  0|  16|           1|          16|
    |select_ln188_37_fu_2504_p3          |  select  |      0|  0|  16|           1|          16|
    |select_ln188_38_fu_2515_p3          |  select  |      0|  0|  16|           1|          16|
    |select_ln188_39_fu_2529_p3          |  select  |      0|  0|  16|           1|          16|
    |select_ln188_3_fu_1782_p3           |  select  |      0|  0|  16|           1|          16|
    |select_ln188_40_fu_2601_p3          |  select  |      0|  0|  16|           1|          16|
    |select_ln188_41_fu_2612_p3          |  select  |      0|  0|  16|           1|          16|
    |select_ln188_42_fu_2624_p3          |  select  |      0|  0|  16|           1|          16|
    |select_ln188_43_fu_2634_p3          |  select  |      0|  0|  16|           1|          16|
    |select_ln188_44_fu_2646_p3          |  select  |      0|  0|  16|           1|          16|
    |select_ln188_45_fu_2657_p3          |  select  |      0|  0|  16|           1|          16|
    |select_ln188_46_fu_2668_p3          |  select  |      0|  0|  16|           1|          16|
    |select_ln188_47_fu_2704_p3          |  select  |      0|  0|  16|           1|          16|
    |select_ln188_48_fu_2717_p3          |  select  |      0|  0|  16|           1|          16|
    |select_ln188_49_fu_2791_p3          |  select  |      0|  0|  16|           1|          16|
    |select_ln188_4_fu_1795_p3           |  select  |      0|  0|  16|           1|          16|
    |select_ln188_50_fu_2801_p3          |  select  |      0|  0|  16|           1|          16|
    |select_ln188_51_fu_2813_p3          |  select  |      0|  0|  16|           1|          16|
    |select_ln188_52_fu_2824_p3          |  select  |      0|  0|  16|           1|          16|
    |select_ln188_53_fu_2835_p3          |  select  |      0|  0|  16|           1|          16|
    |select_ln188_54_fu_2868_p3          |  select  |      0|  0|  16|           1|          16|
    |select_ln188_55_fu_2878_p3          |  select  |      0|  0|  16|           1|          16|
    |select_ln188_56_fu_2891_p3          |  select  |      0|  0|  16|           1|          16|
    |select_ln188_57_fu_2955_p3          |  select  |      0|  0|  16|           1|          16|
    |select_ln188_58_fu_2966_p3          |  select  |      0|  0|  16|           1|          16|
    |select_ln188_59_fu_2978_p3          |  select  |      0|  0|  16|           1|          16|
    |select_ln188_5_fu_1859_p3           |  select  |      0|  0|  16|           1|          16|
    |select_ln188_60_fu_2988_p3          |  select  |      0|  0|  16|           1|          16|
    |select_ln188_61_fu_3000_p3          |  select  |      0|  0|  16|           1|          16|
    |select_ln188_62_fu_3026_p3          |  select  |      0|  0|  16|           1|          16|
    |select_ln188_63_fu_3038_p3          |  select  |      0|  0|  16|           1|          16|
    |select_ln188_64_fu_3096_p3          |  select  |      0|  0|  16|           1|          16|
    |select_ln188_65_fu_3106_p3          |  select  |      0|  0|  16|           1|          16|
    |select_ln188_66_fu_3118_p3          |  select  |      0|  0|  16|           1|          16|
    |select_ln188_6_fu_1870_p3           |  select  |      0|  0|  16|           1|          16|
    |select_ln188_7_fu_1882_p3           |  select  |      0|  0|  16|           1|          16|
    |select_ln188_8_fu_1892_p3           |  select  |      0|  0|  16|           1|          16|
    |select_ln188_9_fu_1904_p3           |  select  |      0|  0|  16|           1|          16|
    |select_ln188_fu_1678_p3             |  select  |      0|  0|  16|           1|          16|
    |select_ln493_1_fu_760_p3            |  select  |      0|  0|   4|           1|           1|
    |select_ln493_2_fu_786_p3            |  select  |      0|  0|   4|           1|           1|
    |select_ln493_fu_734_p3              |  select  |      0|  0|   4|           1|           1|
    |select_ln507_10_fu_1608_p3          |  select  |      0|  0|  16|           1|          16|
    |select_ln507_12_fu_1629_p3          |  select  |      0|  0|  16|           1|          16|
    |select_ln507_13_fu_1636_p3          |  select  |      0|  0|  16|           1|          16|
    |select_ln507_1_fu_1524_p3           |  select  |      0|  0|  16|           1|          16|
    |select_ln507_3_fu_1545_p3           |  select  |      0|  0|  16|           1|          16|
    |select_ln507_4_fu_1552_p3           |  select  |      0|  0|  16|           1|          16|
    |select_ln507_6_fu_1573_p3           |  select  |      0|  0|  16|           1|          16|
    |select_ln507_7_fu_1580_p3           |  select  |      0|  0|  16|           1|          16|
    |select_ln507_9_fu_1601_p3           |  select  |      0|  0|  16|           1|          16|
    |select_ln507_fu_1517_p3             |  select  |      0|  0|  16|           1|          16|
    |select_ln899_4_fu_1559_p3           |  select  |      0|  0|  16|           1|          16|
    |select_ln899_5_fu_1587_p3           |  select  |      0|  0|  16|           1|          16|
    |select_ln899_6_fu_1615_p3           |  select  |      0|  0|  16|           1|          16|
    |select_ln899_7_fu_1643_p3           |  select  |      0|  0|  16|           1|          16|
    |select_ln899_fu_1531_p3             |  select  |      0|  0|  16|           1|          16|
    |src_kernel_win_0_va_123_fu_1450_p3  |  select  |      0|  0|  16|           1|          16|
    |src_kernel_win_0_va_124_fu_1480_p3  |  select  |      0|  0|  16|           1|          16|
    |src_kernel_win_0_va_125_fu_1510_p3  |  select  |      0|  0|  16|           1|          16|
    |src_kernel_win_0_va_126_fu_1538_p3  |  select  |      0|  0|  16|           1|          16|
    |src_kernel_win_0_va_127_fu_1566_p3  |  select  |      0|  0|  16|           1|          16|
    |src_kernel_win_0_va_128_fu_1594_p3  |  select  |      0|  0|  16|           1|          16|
    |src_kernel_win_0_va_129_fu_1622_p3  |  select  |      0|  0|  16|           1|          16|
    |src_kernel_win_0_va_130_fu_1650_p3  |  select  |      0|  0|  16|           1|          16|
    |src_kernel_win_0_va_131_fu_1127_p3  |  select  |      0|  0|  16|           1|          16|
    |x_fu_1036_p3                        |  select  |      0|  0|   9|           1|           9|
    |ap_enable_pp0                       |    xor   |      0|  0|   2|           1|           2|
    |ap_enable_reg_pp0_iter1             |    xor   |      0|  0|   2|           2|           1|
    |xor_ln118_fu_1002_p2                |    xor   |      0|  0|   2|           1|           2|
    |xor_ln457_fu_664_p2                 |    xor   |      0|  0|   2|           1|           2|
    |xor_ln493_1_fu_1098_p2              |    xor   |      0|  0|   4|           4|           2|
    |xor_ln493_fu_728_p2                 |    xor   |      0|  0|   4|           4|           2|
    +------------------------------------+----------+-------+---+----+------------+------------+
    |Total                               |          |      0|  0|3063|        1461|        2917|
    +------------------------------------+----------+-------+---+----+------------+------------+

    * Multiplexer: 
    +----------------------------------+----+-----------+-----+-----------+
    |               Name               | LUT| Input Size| Bits| Total Bits|
    +----------------------------------+----+-----------+-----+-----------+
    |Background_data_stream_0_V_blk_n  |   9|          2|    1|          2|
    |ap_NS_fsm                         |  27|          5|    1|          5|
    |ap_done                           |   9|          2|    1|          2|
    |ap_enable_reg_pp0_iter1           |   9|          2|    1|          2|
    |ap_enable_reg_pp0_iter28          |   9|          2|    1|          2|
    |img_1_data_stream_0_V_blk_n       |   9|          2|    1|          2|
    |k_buf_0_val_10_d1                 |  15|          3|   16|         48|
    |k_buf_0_val_11_d1                 |  15|          3|   16|         48|
    |k_buf_0_val_12_d1                 |  15|          3|   16|         48|
    |k_buf_0_val_13_d1                 |  15|          3|   16|         48|
    |k_buf_0_val_14_d1                 |  15|          3|   16|         48|
    |k_buf_0_val_15_d1                 |  15|          3|   16|         48|
    |k_buf_0_val_16_d1                 |  15|          3|   16|         48|
    |k_buf_0_val_17_d1                 |  15|          3|   16|         48|
    |t_V_3_reg_624                     |   9|          2|    9|         18|
    |t_V_5_reg_635                     |   9|          2|    9|         18|
    +----------------------------------+----+-----------+-----+-----------+
    |Total                             | 210|         43|  152|        435|
    +----------------------------------+----+-----------+-----+-----------+

    * Register: 
    +-------------------------------------------------+----+----+-----+-----------+
    |                       Name                      | FF | LUT| Bits| Const Bits|
    +-------------------------------------------------+----+----+-----+-----------+
    |and_ln118_reg_3779                               |   1|   0|    1|          0|
    |and_ln507_10_reg_3765                            |   1|   0|    1|          0|
    |and_ln507_1_reg_3716                             |   1|   0|    1|          0|
    |and_ln507_2_reg_3725                             |   1|   0|    1|          0|
    |and_ln507_3_reg_3730                             |   1|   0|    1|          0|
    |and_ln507_4_reg_3735                             |   1|   0|    1|          0|
    |and_ln507_5_reg_3740                             |   1|   0|    1|          0|
    |and_ln507_6_reg_3745                             |   1|   0|    1|          0|
    |and_ln507_7_reg_3750                             |   1|   0|    1|          0|
    |and_ln507_8_reg_3755                             |   1|   0|    1|          0|
    |and_ln507_9_reg_3760                             |   1|   0|    1|          0|
    |and_ln507_reg_3711                               |   1|   0|    1|          0|
    |and_ln512_reg_3855                               |   1|   0|    1|          0|
    |ap_CS_fsm                                        |   4|   0|    4|          0|
    |ap_done_reg                                      |   1|   0|    1|          0|
    |ap_enable_reg_pp0_iter0                          |   1|   0|    1|          0|
    |ap_enable_reg_pp0_iter1                          |   1|   0|    1|          0|
    |ap_enable_reg_pp0_iter10                         |   1|   0|    1|          0|
    |ap_enable_reg_pp0_iter11                         |   1|   0|    1|          0|
    |ap_enable_reg_pp0_iter12                         |   1|   0|    1|          0|
    |ap_enable_reg_pp0_iter13                         |   1|   0|    1|          0|
    |ap_enable_reg_pp0_iter14                         |   1|   0|    1|          0|
    |ap_enable_reg_pp0_iter15                         |   1|   0|    1|          0|
    |ap_enable_reg_pp0_iter16                         |   1|   0|    1|          0|
    |ap_enable_reg_pp0_iter17                         |   1|   0|    1|          0|
    |ap_enable_reg_pp0_iter18                         |   1|   0|    1|          0|
    |ap_enable_reg_pp0_iter19                         |   1|   0|    1|          0|
    |ap_enable_reg_pp0_iter2                          |   1|   0|    1|          0|
    |ap_enable_reg_pp0_iter20                         |   1|   0|    1|          0|
    |ap_enable_reg_pp0_iter21                         |   1|   0|    1|          0|
    |ap_enable_reg_pp0_iter22                         |   1|   0|    1|          0|
    |ap_enable_reg_pp0_iter23                         |   1|   0|    1|          0|
    |ap_enable_reg_pp0_iter24                         |   1|   0|    1|          0|
    |ap_enable_reg_pp0_iter25                         |   1|   0|    1|          0|
    |ap_enable_reg_pp0_iter26                         |   1|   0|    1|          0|
    |ap_enable_reg_pp0_iter27                         |   1|   0|    1|          0|
    |ap_enable_reg_pp0_iter28                         |   1|   0|    1|          0|
    |ap_enable_reg_pp0_iter3                          |   1|   0|    1|          0|
    |ap_enable_reg_pp0_iter4                          |   1|   0|    1|          0|
    |ap_enable_reg_pp0_iter5                          |   1|   0|    1|          0|
    |ap_enable_reg_pp0_iter6                          |   1|   0|    1|          0|
    |ap_enable_reg_pp0_iter7                          |   1|   0|    1|          0|
    |ap_enable_reg_pp0_iter8                          |   1|   0|    1|          0|
    |ap_enable_reg_pp0_iter9                          |   1|   0|    1|          0|
    |i_V_reg_3645                                     |   9|   0|    9|          0|
    |icmp_ln188_12_reg_4034                           |   1|   0|    1|          0|
    |icmp_ln188_17_reg_4050                           |   1|   0|    1|          0|
    |icmp_ln188_22_reg_4101                           |   1|   0|    1|          0|
    |icmp_ln188_27_reg_4117                           |   1|   0|    1|          0|
    |icmp_ln188_2_reg_3925                            |   1|   0|    1|          0|
    |icmp_ln188_32_reg_4175                           |   1|   0|    1|          0|
    |icmp_ln188_37_reg_4191                           |   1|   0|    1|          0|
    |icmp_ln188_42_reg_4243                           |   1|   0|    1|          0|
    |icmp_ln188_49_reg_4300                           |   1|   0|    1|          0|
    |icmp_ln188_54_reg_4316                           |   1|   0|    1|          0|
    |icmp_ln188_59_reg_4368                           |   1|   0|    1|          0|
    |icmp_ln188_64_reg_4407                           |   1|   0|    1|          0|
    |icmp_ln188_7_reg_3977                            |   1|   0|    1|          0|
    |icmp_ln444_reg_3770                              |   1|   0|    1|          0|
    |icmp_ln879_2_reg_3664                            |   1|   0|    1|          0|
    |icmp_ln879_4_reg_3668                            |   1|   0|    1|          0|
    |icmp_ln879_6_reg_3672                            |   1|   0|    1|          0|
    |icmp_ln879_7_reg_3676                            |   1|   0|    1|          0|
    |icmp_ln879_reg_3680                              |   1|   0|    1|          0|
    |icmp_ln887_reg_3650                              |   1|   0|    1|          0|
    |icmp_ln899_1_reg_3659                            |   1|   0|    1|          0|
    |icmp_ln899_reg_3684                              |   1|   0|    1|          0|
    |k_buf_0_val_10_add_reg_3807                      |   9|   0|    9|          0|
    |k_buf_0_val_11_add_reg_3813                      |   9|   0|    9|          0|
    |k_buf_0_val_12_add_reg_3819                      |   9|   0|    9|          0|
    |k_buf_0_val_13_add_reg_3825                      |   9|   0|    9|          0|
    |k_buf_0_val_14_add_reg_3831                      |   9|   0|    9|          0|
    |k_buf_0_val_15_add_reg_3837                      |   9|   0|    9|          0|
    |k_buf_0_val_16_add_reg_3843                      |   9|   0|    9|          0|
    |k_buf_0_val_17_add_reg_3849                      |   9|   0|    9|          0|
    |k_buf_0_val_9_addr_reg_3801                      |   9|   0|    9|          0|
    |or_ln457_reg_3788                                |   1|   0|    1|          0|
    |right_border_buf_0_1_fu_382                      |  16|   0|   16|          0|
    |right_border_buf_0_2_fu_386                      |  16|   0|   16|          0|
    |right_border_buf_0_3_fu_390                      |  16|   0|   16|          0|
    |right_border_buf_0_4_fu_394                      |  16|   0|   16|          0|
    |right_border_buf_0_5_fu_398                      |  16|   0|   16|          0|
    |right_border_buf_0_6_fu_402                      |  16|   0|   16|          0|
    |right_border_buf_0_7_fu_406                      |  16|   0|   16|          0|
    |right_border_buf_0_8_fu_410                      |  16|   0|   16|          0|
    |right_border_buf_0_s_fu_378                      |  16|   0|   16|          0|
    |select_ln188_11_reg_4029                         |  16|   0|   16|          0|
    |select_ln188_14_reg_4039                         |  16|   0|   16|          0|
    |select_ln188_16_reg_4045                         |  16|   0|   16|          0|
    |select_ln188_19_reg_4055                         |  16|   0|   16|          0|
    |select_ln188_1_reg_3920                          |  16|   0|   16|          0|
    |select_ln188_21_reg_4096                         |  16|   0|   16|          0|
    |select_ln188_24_reg_4106                         |  16|   0|   16|          0|
    |select_ln188_26_reg_4112                         |  16|   0|   16|          0|
    |select_ln188_29_reg_4164                         |  16|   0|   16|          0|
    |select_ln188_31_reg_4170                         |  16|   0|   16|          0|
    |select_ln188_34_reg_4180                         |  16|   0|   16|          0|
    |select_ln188_36_reg_4186                         |  16|   0|   16|          0|
    |select_ln188_39_reg_4232                         |  16|   0|   16|          0|
    |select_ln188_41_reg_4238                         |  16|   0|   16|          0|
    |select_ln188_44_reg_4248                         |  16|   0|   16|          0|
    |select_ln188_46_reg_4254                         |  16|   0|   16|          0|
    |select_ln188_48_reg_4295                         |  16|   0|   16|          0|
    |select_ln188_4_reg_3966                          |  16|   0|   16|          0|
    |select_ln188_51_reg_4305                         |  16|   0|   16|          0|
    |select_ln188_53_reg_4311                         |  16|   0|   16|          0|
    |select_ln188_56_reg_4357                         |  16|   0|   16|          0|
    |select_ln188_58_reg_4363                         |  16|   0|   16|          0|
    |select_ln188_61_reg_4373                         |  16|   0|   16|          0|
    |select_ln188_63_reg_4402                         |  16|   0|   16|          0|
    |select_ln188_66_reg_4412                         |  16|   0|   16|          0|
    |select_ln188_6_reg_3972                          |  16|   0|   16|          0|
    |select_ln188_9_reg_3982                          |  16|   0|   16|          0|
    |select_ln493_1_reg_3701                          |   4|   0|    4|          0|
    |select_ln493_2_reg_3706                          |   4|   0|    4|          0|
    |select_ln493_reg_3696                            |   4|   0|    4|          0|
    |src_kernel_win_0_va_10_fu_154                    |  16|   0|   16|          0|
    |src_kernel_win_0_va_11_fu_158                    |  16|   0|   16|          0|
    |src_kernel_win_0_va_123_reg_3864                 |  16|   0|   16|          0|
    |src_kernel_win_0_va_124_reg_3869                 |  16|   0|   16|          0|
    |src_kernel_win_0_va_125_reg_3876                 |  16|   0|   16|          0|
    |src_kernel_win_0_va_126_reg_3883                 |  16|   0|   16|          0|
    |src_kernel_win_0_va_127_reg_3890                 |  16|   0|   16|          0|
    |src_kernel_win_0_va_128_reg_3897                 |  16|   0|   16|          0|
    |src_kernel_win_0_va_129_reg_3904                 |  16|   0|   16|          0|
    |src_kernel_win_0_va_12_fu_162                    |  16|   0|   16|          0|
    |src_kernel_win_0_va_131_reg_3859                 |  16|   0|   16|          0|
    |src_kernel_win_0_va_132_reg_4379                 |  16|   0|   16|          0|
    |src_kernel_win_0_va_132_reg_4379_pp0_iter27_reg  |  16|   0|   16|          0|
    |src_kernel_win_0_va_133_reg_4385                 |  16|   0|   16|          0|
    |src_kernel_win_0_va_134_reg_4391                 |  16|   0|   16|          0|
    |src_kernel_win_0_va_135_reg_4397                 |  16|   0|   16|          0|
    |src_kernel_win_0_va_137_reg_4321                 |  16|   0|   16|          0|
    |src_kernel_win_0_va_138_reg_4327                 |  16|   0|   16|          0|
    |src_kernel_win_0_va_138_reg_4327_pp0_iter24_reg  |  16|   0|   16|          0|
    |src_kernel_win_0_va_139_reg_4333                 |  16|   0|   16|          0|
    |src_kernel_win_0_va_139_reg_4333_pp0_iter24_reg  |  16|   0|   16|          0|
    |src_kernel_win_0_va_13_fu_166                    |  16|   0|   16|          0|
    |src_kernel_win_0_va_140_reg_4339                 |  16|   0|   16|          0|
    |src_kernel_win_0_va_140_reg_4339_pp0_iter24_reg  |  16|   0|   16|          0|
    |src_kernel_win_0_va_141_reg_4345                 |  16|   0|   16|          0|
    |src_kernel_win_0_va_142_reg_4351                 |  16|   0|   16|          0|
    |src_kernel_win_0_va_144_reg_4260                 |  16|   0|   16|          0|
    |src_kernel_win_0_va_145_reg_4266                 |  16|   0|   16|          0|
    |src_kernel_win_0_va_145_reg_4266_pp0_iter21_reg  |  16|   0|   16|          0|
    |src_kernel_win_0_va_146_reg_4272                 |  16|   0|   16|          0|
    |src_kernel_win_0_va_146_reg_4272_pp0_iter21_reg  |  16|   0|   16|          0|
    |src_kernel_win_0_va_147_reg_4278                 |  16|   0|   16|          0|
    |src_kernel_win_0_va_148_reg_4284                 |  16|   0|   16|          0|
    |src_kernel_win_0_va_149_reg_4290                 |  16|   0|   16|          0|
    |src_kernel_win_0_va_14_fu_170                    |  16|   0|   16|          0|
    |src_kernel_win_0_va_152_reg_4196                 |  16|   0|   16|          0|
    |src_kernel_win_0_va_153_reg_4202                 |  16|   0|   16|          0|
    |src_kernel_win_0_va_153_reg_4202_pp0_iter17_reg  |  16|   0|   16|          0|
    |src_kernel_win_0_va_154_reg_4208                 |  16|   0|   16|          0|
    |src_kernel_win_0_va_154_reg_4208_pp0_iter17_reg  |  16|   0|   16|          0|
    |src_kernel_win_0_va_155_reg_4214                 |  16|   0|   16|          0|
    |src_kernel_win_0_va_155_reg_4214_pp0_iter17_reg  |  16|   0|   16|          0|
    |src_kernel_win_0_va_156_reg_4220                 |  16|   0|   16|          0|
    |src_kernel_win_0_va_157_reg_4226                 |  16|   0|   16|          0|
    |src_kernel_win_0_va_15_fu_174                    |  16|   0|   16|          0|
    |src_kernel_win_0_va_160_reg_4122                 |  16|   0|   16|          0|
    |src_kernel_win_0_va_161_reg_4128                 |  16|   0|   16|          0|
    |src_kernel_win_0_va_162_reg_4134                 |  16|   0|   16|          0|
    |src_kernel_win_0_va_162_reg_4134_pp0_iter13_reg  |  16|   0|   16|          0|
    |src_kernel_win_0_va_163_reg_4140                 |  16|   0|   16|          0|
    |src_kernel_win_0_va_163_reg_4140_pp0_iter13_reg  |  16|   0|   16|          0|
    |src_kernel_win_0_va_164_reg_4146                 |  16|   0|   16|          0|
    |src_kernel_win_0_va_164_reg_4146_pp0_iter13_reg  |  16|   0|   16|          0|
    |src_kernel_win_0_va_165_reg_4152                 |  16|   0|   16|          0|
    |src_kernel_win_0_va_166_reg_4158                 |  16|   0|   16|          0|
    |src_kernel_win_0_va_168_reg_4061                 |  16|   0|   16|          0|
    |src_kernel_win_0_va_169_reg_4067                 |  16|   0|   16|          0|
    |src_kernel_win_0_va_169_reg_4067_pp0_iter10_reg  |  16|   0|   16|          0|
    |src_kernel_win_0_va_16_fu_178                    |  16|   0|   16|          0|
    |src_kernel_win_0_va_170_reg_4073                 |  16|   0|   16|          0|
    |src_kernel_win_0_va_170_reg_4073_pp0_iter10_reg  |  16|   0|   16|          0|
    |src_kernel_win_0_va_171_reg_4079                 |  16|   0|   16|          0|
    |src_kernel_win_0_va_172_reg_4085                 |  16|   0|   16|          0|
    |src_kernel_win_0_va_173_reg_4091                 |  16|   0|   16|          0|
    |src_kernel_win_0_va_176_reg_3988                 |  16|   0|   16|          0|
    |src_kernel_win_0_va_177_reg_3994                 |  16|   0|   16|          0|
    |src_kernel_win_0_va_178_reg_4000                 |  16|   0|   16|          0|
    |src_kernel_win_0_va_178_reg_4000_pp0_iter6_reg   |  16|   0|   16|          0|
    |src_kernel_win_0_va_179_reg_4006                 |  16|   0|   16|          0|
    |src_kernel_win_0_va_179_reg_4006_pp0_iter6_reg   |  16|   0|   16|          0|
    |src_kernel_win_0_va_17_fu_182                    |  16|   0|   16|          0|
    |src_kernel_win_0_va_180_reg_4012                 |  16|   0|   16|          0|
    |src_kernel_win_0_va_181_reg_4018                 |  16|   0|   16|          0|
    |src_kernel_win_0_va_182_reg_4024                 |  16|   0|   16|          0|
    |src_kernel_win_0_va_184_reg_3930                 |  16|   0|   16|          0|
    |src_kernel_win_0_va_185_reg_3936                 |  16|   0|   16|          0|
    |src_kernel_win_0_va_185_reg_3936_pp0_iter3_reg   |  16|   0|   16|          0|
    |src_kernel_win_0_va_186_reg_3942                 |  16|   0|   16|          0|
    |src_kernel_win_0_va_186_reg_3942_pp0_iter3_reg   |  16|   0|   16|          0|
    |src_kernel_win_0_va_187_reg_3948                 |  16|   0|   16|          0|
    |src_kernel_win_0_va_187_reg_3948_pp0_iter3_reg   |  16|   0|   16|          0|
    |src_kernel_win_0_va_188_reg_3954                 |  16|   0|   16|          0|
    |src_kernel_win_0_va_189_reg_3960                 |  16|   0|   16|          0|
    |src_kernel_win_0_va_18_fu_186                    |  16|   0|   16|          0|
    |src_kernel_win_0_va_191_reg_3909                 |  16|   0|   16|          0|
    |src_kernel_win_0_va_192_reg_3915                 |  16|   0|   16|          0|
    |src_kernel_win_0_va_19_fu_190                    |  16|   0|   16|          0|
    |src_kernel_win_0_va_1_fu_118                     |  16|   0|   16|          0|
    |src_kernel_win_0_va_20_fu_194                    |  16|   0|   16|          0|
    |src_kernel_win_0_va_21_fu_198                    |  16|   0|   16|          0|
    |src_kernel_win_0_va_22_fu_202                    |  16|   0|   16|          0|
    |src_kernel_win_0_va_23_fu_206                    |  16|   0|   16|          0|
    |src_kernel_win_0_va_24_fu_210                    |  16|   0|   16|          0|
    |src_kernel_win_0_va_25_fu_214                    |  16|   0|   16|          0|
    |src_kernel_win_0_va_26_fu_218                    |  16|   0|   16|          0|
    |src_kernel_win_0_va_27_fu_222                    |  16|   0|   16|          0|
    |src_kernel_win_0_va_28_fu_226                    |  16|   0|   16|          0|
    |src_kernel_win_0_va_29_fu_230                    |  16|   0|   16|          0|
    |src_kernel_win_0_va_2_fu_122                     |  16|   0|   16|          0|
    |src_kernel_win_0_va_30_fu_234                    |  16|   0|   16|          0|
    |src_kernel_win_0_va_31_fu_238                    |  16|   0|   16|          0|
    |src_kernel_win_0_va_32_fu_242                    |  16|   0|   16|          0|
    |src_kernel_win_0_va_33_fu_246                    |  16|   0|   16|          0|
    |src_kernel_win_0_va_34_fu_250                    |  16|   0|   16|          0|
    |src_kernel_win_0_va_35_fu_254                    |  16|   0|   16|          0|
    |src_kernel_win_0_va_36_fu_258                    |  16|   0|   16|          0|
    |src_kernel_win_0_va_37_fu_262                    |  16|   0|   16|          0|
    |src_kernel_win_0_va_38_fu_266                    |  16|   0|   16|          0|
    |src_kernel_win_0_va_39_fu_270                    |  16|   0|   16|          0|
    |src_kernel_win_0_va_3_fu_126                     |  16|   0|   16|          0|
    |src_kernel_win_0_va_40_fu_274                    |  16|   0|   16|          0|
    |src_kernel_win_0_va_41_fu_278                    |  16|   0|   16|          0|
    |src_kernel_win_0_va_42_fu_282                    |  16|   0|   16|          0|
    |src_kernel_win_0_va_43_fu_286                    |  16|   0|   16|          0|
    |src_kernel_win_0_va_44_fu_290                    |  16|   0|   16|          0|
    |src_kernel_win_0_va_45_fu_294                    |  16|   0|   16|          0|
    |src_kernel_win_0_va_46_fu_298                    |  16|   0|   16|          0|
    |src_kernel_win_0_va_47_fu_302                    |  16|   0|   16|          0|
    |src_kernel_win_0_va_48_fu_306                    |  16|   0|   16|          0|
    |src_kernel_win_0_va_49_fu_310                    |  16|   0|   16|          0|
    |src_kernel_win_0_va_4_fu_130                     |  16|   0|   16|          0|
    |src_kernel_win_0_va_50_fu_314                    |  16|   0|   16|          0|
    |src_kernel_win_0_va_51_fu_318                    |  16|   0|   16|          0|
    |src_kernel_win_0_va_52_fu_322                    |  16|   0|   16|          0|
    |src_kernel_win_0_va_53_fu_326                    |  16|   0|   16|          0|
    |src_kernel_win_0_va_54_fu_330                    |  16|   0|   16|          0|
    |src_kernel_win_0_va_55_fu_334                    |  16|   0|   16|          0|
    |src_kernel_win_0_va_56_fu_338                    |  16|   0|   16|          0|
    |src_kernel_win_0_va_57_fu_342                    |  16|   0|   16|          0|
    |src_kernel_win_0_va_58_fu_346                    |  16|   0|   16|          0|
    |src_kernel_win_0_va_59_fu_350                    |  16|   0|   16|          0|
    |src_kernel_win_0_va_5_fu_134                     |  16|   0|   16|          0|
    |src_kernel_win_0_va_60_fu_354                    |  16|   0|   16|          0|
    |src_kernel_win_0_va_61_fu_358                    |  16|   0|   16|          0|
    |src_kernel_win_0_va_62_fu_362                    |  16|   0|   16|          0|
    |src_kernel_win_0_va_63_fu_366                    |  16|   0|   16|          0|
    |src_kernel_win_0_va_64_fu_370                    |  16|   0|   16|          0|
    |src_kernel_win_0_va_65_fu_374                    |  16|   0|   16|          0|
    |src_kernel_win_0_va_6_fu_138                     |  16|   0|   16|          0|
    |src_kernel_win_0_va_7_fu_142                     |  16|   0|   16|          0|
    |src_kernel_win_0_va_8_fu_146                     |  16|   0|   16|          0|
    |src_kernel_win_0_va_9_fu_150                     |  16|   0|   16|          0|
    |src_kernel_win_0_va_fu_114                       |  16|   0|   16|          0|
    |t_V_3_reg_624                                    |   9|   0|    9|          0|
    |t_V_5_reg_635                                    |   9|   0|    9|          0|
    |trunc_ln458_reg_3783                             |   4|   0|    4|          0|
    |xor_ln457_reg_3654                               |   1|   0|    1|          0|
    |and_ln512_reg_3855                               |  64|  32|    1|          0|
    |icmp_ln444_reg_3770                              |  64|  32|    1|          0|
    |src_kernel_win_0_va_123_reg_3864                 |  64|  32|   16|          0|
    |src_kernel_win_0_va_124_reg_3869                 |  64|  32|   16|          0|
    |src_kernel_win_0_va_125_reg_3876                 |  64|  32|   16|          0|
    |src_kernel_win_0_va_126_reg_3883                 |  64|  32|   16|          0|
    |src_kernel_win_0_va_127_reg_3890                 |  64|  32|   16|          0|
    |src_kernel_win_0_va_128_reg_3897                 |  64|  32|   16|          0|
    |src_kernel_win_0_va_131_reg_3859                 |  64|  32|   16|          0|
    |src_kernel_win_0_va_137_reg_4321                 |  64|  32|   16|          0|
    |src_kernel_win_0_va_144_reg_4260                 |  64|  32|   16|          0|
    |src_kernel_win_0_va_152_reg_4196                 |  64|  32|   16|          0|
    |src_kernel_win_0_va_160_reg_4122                 |  64|  32|   16|          0|
    |src_kernel_win_0_va_161_reg_4128                 |  64|  32|   16|          0|
    |src_kernel_win_0_va_168_reg_4061                 |  64|  32|   16|          0|
    |src_kernel_win_0_va_176_reg_3988                 |  64|  32|   16|          0|
    |src_kernel_win_0_va_177_reg_3994                 |  64|  32|   16|          0|
    |src_kernel_win_0_va_184_reg_3930                 |  64|  32|   16|          0|
    +-------------------------------------------------+----+----+-----+-----------+
    |Total                                            |4211| 576| 3317|          0|
    +-------------------------------------------------+----+----+-----+-----------+



================================================================
== Interface
================================================================
* Summary: 
+-----------------------------------+-----+-----+------------+----------------------------+--------------+
|             RTL Ports             | Dir | Bits|  Protocol  |        Source Object       |    C Type    |
+-----------------------------------+-----+-----+------------+----------------------------+--------------+
|ap_clk                             |  in |    1| ap_ctrl_hs |   Loop_loop_height_pro.1   | return value |
|ap_rst                             |  in |    1| ap_ctrl_hs |   Loop_loop_height_pro.1   | return value |
|ap_start                           |  in |    1| ap_ctrl_hs |   Loop_loop_height_pro.1   | return value |
|ap_done                            | out |    1| ap_ctrl_hs |   Loop_loop_height_pro.1   | return value |
|ap_continue                        |  in |    1| ap_ctrl_hs |   Loop_loop_height_pro.1   | return value |
|ap_idle                            | out |    1| ap_ctrl_hs |   Loop_loop_height_pro.1   | return value |
|ap_ready                           | out |    1| ap_ctrl_hs |   Loop_loop_height_pro.1   | return value |
|img_1_data_stream_0_V_dout         |  in |   16|   ap_fifo  |    img_1_data_stream_0_V   |    pointer   |
|img_1_data_stream_0_V_empty_n      |  in |    1|   ap_fifo  |    img_1_data_stream_0_V   |    pointer   |
|img_1_data_stream_0_V_read         | out |    1|   ap_fifo  |    img_1_data_stream_0_V   |    pointer   |
|Background_data_stream_0_V_din     | out |   16|   ap_fifo  | Background_data_stream_0_V |    pointer   |
|Background_data_stream_0_V_full_n  |  in |    1|   ap_fifo  | Background_data_stream_0_V |    pointer   |
|Background_data_stream_0_V_write   | out |    1|   ap_fifo  | Background_data_stream_0_V |    pointer   |
+-----------------------------------+-----+-----+------------+----------------------------+--------------+

