

================================================================
== Vivado HLS Report for 'Loop_loop_height_pro'
================================================================
* Date:           Thu Jun  3 20:16:51 2021

* Version:        2019.1 (Build 2552052 on Fri May 24 15:28:33 MDT 2019)
* Project:        fishery-nets
* Solution:       solution1
* Product family: zynquplus
* Target device:  xczu9eg-ffvb1156-2-e


================================================================
== Performance Estimates
================================================================
+ Timing (ns): 
    * Summary: 
    +--------+-------+----------+------------+
    |  Clock | Target| Estimated| Uncertainty|
    +--------+-------+----------+------------+
    |ap_clk  |   5.00|     4.020|        0.63|
    +--------+-------+----------+------------+

+ Latency (clock cycles): 
    * Summary: 
    +--------+--------+--------+--------+---------+
    |     Latency     |     Interval    | Pipeline|
    |   min  |   max  |   min  |   max  |   Type  |
    +--------+--------+--------+--------+---------+
    |  142451|  142451|  142451|  142451|   none  |
    +--------+--------+--------+--------+---------+

    + Detail: 
        * Instance: 
        N/A

        * Loop: 
        +---------------+--------+--------+----------+-----------+-----------+------+----------+
        |               |     Latency     | Iteration|  Initiation Interval  | Trip |          |
        |   Loop Name   |   min  |   max  |  Latency |  achieved |   target  | Count| Pipelined|
        +---------------+--------+--------+----------+-----------+-----------+------+----------+
        |- loop_height  |  142450|  142450|       518|          -|          -|   275|    no    |
        | + loop_width  |     515|     515|        29|          1|          1|   488|    yes   |
        +---------------+--------+--------+----------+-----------+-----------+------+----------+



================================================================
== Utilization Estimates
================================================================
* Summary: 
+-----------------+---------+-------+--------+--------+-----+
|       Name      | BRAM_18K| DSP48E|   FF   |   LUT  | URAM|
+-----------------+---------+-------+--------+--------+-----+
|DSP              |        -|      -|       -|       -|    -|
|Expression       |        -|      -|       0|    3061|    -|
|FIFO             |        -|      -|       -|       -|    -|
|Instance         |        -|      -|       0|   12984|    -|
|Memory           |        9|      -|       0|       0|    0|
|Multiplexer      |        -|      -|       -|     219|    -|
|Register         |        0|      -|    4404|     704|    -|
+-----------------+---------+-------+--------+--------+-----+
|Total            |        9|      0|    4404|   16968|    0|
+-----------------+---------+-------+--------+--------+-----+
|Available        |     1824|   2520|  548160|  274080|    0|
+-----------------+---------+-------+--------+--------+-----+
|Utilization (%)  |    ~0   |      0|   ~0   |       6|    0|
+-----------------+---------+-------+--------+--------+-----+

+ Detail: 
    * Instance: 
    +---------------------------+----------------------+---------+-------+---+------+-----+
    |          Instance         |        Module        | BRAM_18K| DSP48E| FF|  LUT | URAM|
    +---------------------------+----------------------+---------+-------+---+------+-----+
    |net_holes_detectic7D_U97   |net_holes_detectic7D  |        0|      0|  0|  1082|    0|
    |net_holes_detectic7D_U98   |net_holes_detectic7D  |        0|      0|  0|  1082|    0|
    |net_holes_detectic7D_U99   |net_holes_detectic7D  |        0|      0|  0|  1082|    0|
    |net_holes_detectic7D_U100  |net_holes_detectic7D  |        0|      0|  0|  1082|    0|
    |net_holes_detectic7D_U101  |net_holes_detectic7D  |        0|      0|  0|  1082|    0|
    |net_holes_detectic7D_U102  |net_holes_detectic7D  |        0|      0|  0|  1082|    0|
    |net_holes_detectic7D_U103  |net_holes_detectic7D  |        0|      0|  0|  1082|    0|
    |net_holes_detectic7D_U104  |net_holes_detectic7D  |        0|      0|  0|  1082|    0|
    |net_holes_detectic7D_U105  |net_holes_detectic7D  |        0|      0|  0|  1082|    0|
    |net_holes_detectic7D_U106  |net_holes_detectic7D  |        0|      0|  0|  1082|    0|
    |net_holes_detectic7D_U107  |net_holes_detectic7D  |        0|      0|  0|  1082|    0|
    |net_holes_detectic7D_U108  |net_holes_detectic7D  |        0|      0|  0|  1082|    0|
    +---------------------------+----------------------+---------+-------+---+------+-----+
    |Total                      |                      |        0|      0|  0| 12984|    0|
    +---------------------------+----------------------+---------+-------+---+------+-----+

    * DSP48E: 
    N/A

    * Memory: 
    +------------------+----------------------+---------+---+----+-----+------+-----+------+-------------+
    |      Memory      |        Module        | BRAM_18K| FF| LUT| URAM| Words| Bits| Banks| W*Bits*Banks|
    +------------------+----------------------+---------+---+----+-----+------+-----+------+-------------+
    |k_buf_0_val_16_U  |Loop_loop_height_cYC  |        1|  0|   0|    0|   480|   16|     1|         7680|
    |k_buf_0_val_15_U  |Loop_loop_height_cYC  |        1|  0|   0|    0|   480|   16|     1|         7680|
    |k_buf_0_val_14_U  |Loop_loop_height_cYC  |        1|  0|   0|    0|   480|   16|     1|         7680|
    |k_buf_0_val_13_U  |Loop_loop_height_cYC  |        1|  0|   0|    0|   480|   16|     1|         7680|
    |k_buf_0_val_12_U  |Loop_loop_height_cYC  |        1|  0|   0|    0|   480|   16|     1|         7680|
    |k_buf_0_val_11_U  |Loop_loop_height_cYC  |        1|  0|   0|    0|   480|   16|     1|         7680|
    |k_buf_0_val_10_U  |Loop_loop_height_cYC  |        1|  0|   0|    0|   480|   16|     1|         7680|
    |k_buf_0_val_9_U   |Loop_loop_height_cYC  |        1|  0|   0|    0|   480|   16|     1|         7680|
    |k_buf_0_val_17_U  |Loop_loop_height_cYC  |        1|  0|   0|    0|   480|   16|     1|         7680|
    +------------------+----------------------+---------+---+----+-----+------+-----+------+-------------+
    |Total             |                      |        9|  0|   0|    0|  4320|  144|     9|        69120|
    +------------------+----------------------+---------+---+----+-----+------+-----+------+-------------+

    * FIFO: 
    N/A

    * Expression: 
    +------------------------------------+----------+-------+---+----+------------+------------+
    |            Variable Name           | Operation| DSP48E| FF| LUT| Bitwidth P0| Bitwidth P1|
    +------------------------------------+----------+-------+---+----+------------+------------+
    |ImagLoc_x_fu_982_p2                 |     +    |      0|  0|  17|           4|          10|
    |add_ln451_1_fu_988_p2               |     +    |      0|  0|  16|           4|           9|
    |add_ln506_1_fu_742_p2               |     +    |      0|  0|  16|           3|           9|
    |add_ln506_2_fu_768_p2               |     +    |      0|  0|  16|           4|           9|
    |add_ln506_fu_716_p2                 |     +    |      0|  0|  16|           3|           9|
    |i_V_fu_652_p2                       |     +    |      0|  0|  16|           9|           1|
    |j_V_fu_960_p2                       |     +    |      0|  0|  16|           9|           1|
    |sub_ln493_1_fu_780_p2               |     -    |      0|  0|  12|           1|           4|
    |sub_ln493_2_fu_794_p2               |     -    |      0|  0|  12|           2|           4|
    |sub_ln493_3_fu_800_p2               |     -    |      0|  0|  12|           3|           4|
    |sub_ln493_4_fu_806_p2               |     -    |      0|  0|  12|           3|           4|
    |sub_ln493_5_fu_812_p2               |     -    |      0|  0|  12|           3|           4|
    |sub_ln493_fu_754_p2                 |     -    |      0|  0|  12|           1|           4|
    |and_ln118_fu_1014_p2                |    and   |      0|  0|   2|           1|           1|
    |and_ln507_10_fu_944_p2              |    and   |      0|  0|   2|           1|           1|
    |and_ln507_1_fu_836_p2               |    and   |      0|  0|   2|           1|           1|
    |and_ln507_2_fu_848_p2               |    and   |      0|  0|   2|           1|           1|
    |and_ln507_3_fu_860_p2               |    and   |      0|  0|   2|           1|           1|
    |and_ln507_4_fu_872_p2               |    and   |      0|  0|   2|           1|           1|
    |and_ln507_5_fu_884_p2               |    and   |      0|  0|   2|           1|           1|
    |and_ln507_6_fu_896_p2               |    and   |      0|  0|   2|           1|           1|
    |and_ln507_7_fu_908_p2               |    and   |      0|  0|   2|           1|           1|
    |and_ln507_8_fu_920_p2               |    and   |      0|  0|   2|           1|           1|
    |and_ln507_9_fu_932_p2               |    and   |      0|  0|   2|           1|           1|
    |and_ln507_fu_824_p2                 |    and   |      0|  0|   2|           1|           1|
    |and_ln512_fu_1066_p2                |    and   |      0|  0|   2|           1|           1|
    |ap_block_pp0                        |    and   |      0|  0|   2|           1|           1|
    |ap_block_state31_pp0_stage0_iter28  |    and   |      0|  0|   2|           1|           1|
    |ap_condition_2830                   |    and   |      0|  0|   2|           1|           1|
    |ap_enable_state3_pp0_iter0_stage0   |    and   |      0|  0|   2|           1|           1|
    |ap_enable_state4_pp0_iter1_stage0   |    and   |      0|  0|   2|           1|           1|
    |ap_predicate_op278_read_state4      |    and   |      0|  0|   2|           1|           1|
    |ap_predicate_op279_store_state4     |    and   |      0|  0|   2|           1|           1|
    |ap_predicate_op285_store_state4     |    and   |      0|  0|   2|           1|           1|
    |ap_predicate_op287_store_state4     |    and   |      0|  0|   2|           1|           1|
    |ap_predicate_op289_store_state4     |    and   |      0|  0|   2|           1|           1|
    |ap_predicate_op291_store_state4     |    and   |      0|  0|   2|           1|           1|
    |ap_predicate_op293_store_state4     |    and   |      0|  0|   2|           1|           1|
    |icmp_ln118_1_fu_1008_p2             |   icmp   |      0|  0|  13|          10|           9|
    |icmp_ln118_2_fu_722_p2              |   icmp   |      0|  0|  13|           9|           9|
    |icmp_ln118_3_fu_748_p2              |   icmp   |      0|  0|  13|           9|           9|
    |icmp_ln118_fu_774_p2                |   icmp   |      0|  0|  13|           9|           9|
    |icmp_ln162_10_fu_1979_p2            |   icmp   |      0|  0|  13|          16|          16|
    |icmp_ln162_11_fu_1989_p2            |   icmp   |      0|  0|  13|          16|          16|
    |icmp_ln162_12_fu_2003_p2            |   icmp   |      0|  0|  13|          16|          16|
    |icmp_ln162_13_fu_2074_p2            |   icmp   |      0|  0|  13|          16|          16|
    |icmp_ln162_14_fu_2086_p2            |   icmp   |      0|  0|  13|          16|          16|
    |icmp_ln162_15_fu_2098_p2            |   icmp   |      0|  0|  13|          16|          16|
    |icmp_ln162_16_fu_2108_p2            |   icmp   |      0|  0|  13|          16|          16|
    |icmp_ln162_17_fu_2120_p2            |   icmp   |      0|  0|  13|          16|          16|
    |icmp_ln162_18_fu_2130_p2            |   icmp   |      0|  0|  13|          16|          16|
    |icmp_ln162_19_fu_2142_p2            |   icmp   |      0|  0|  13|          16|          16|
    |icmp_ln162_1_fu_1707_p2             |   icmp   |      0|  0|  13|          16|          16|
    |icmp_ln162_20_fu_2178_p2            |   icmp   |      0|  0|  13|          16|          16|
    |icmp_ln162_21_fu_2190_p2            |   icmp   |      0|  0|  13|          16|          16|
    |icmp_ln162_22_fu_2204_p2            |   icmp   |      0|  0|  13|          16|          16|
    |icmp_ln162_23_fu_2275_p2            |   icmp   |      0|  0|  13|          16|          16|
    |icmp_ln162_24_fu_2287_p2            |   icmp   |      0|  0|  13|          16|          16|
    |icmp_ln162_25_fu_2299_p2            |   icmp   |      0|  0|  13|          16|          16|
    |icmp_ln162_26_fu_2309_p2            |   icmp   |      0|  0|  13|          16|          16|
    |icmp_ln162_27_fu_2321_p2            |   icmp   |      0|  0|  13|          16|          16|
    |icmp_ln162_28_fu_2355_p2            |   icmp   |      0|  0|  13|          16|          16|
    |icmp_ln162_29_fu_2367_p2            |   icmp   |      0|  0|  13|          16|          16|
    |icmp_ln162_2_fu_1721_p2             |   icmp   |      0|  0|  13|          16|          16|
    |icmp_ln162_30_fu_2441_p2            |   icmp   |      0|  0|  13|          16|          16|
    |icmp_ln162_31_fu_2451_p2            |   icmp   |      0|  0|  13|          16|          16|
    |icmp_ln162_32_fu_2463_p2            |   icmp   |      0|  0|  13|          16|          16|
    |icmp_ln162_33_fu_2473_p2            |   icmp   |      0|  0|  13|          16|          16|
    |icmp_ln162_34_fu_2485_p2            |   icmp   |      0|  0|  13|          16|          16|
    |icmp_ln162_35_fu_2497_p2            |   icmp   |      0|  0|  13|          16|          16|
    |icmp_ln162_36_fu_2507_p2            |   icmp   |      0|  0|  13|          16|          16|
    |icmp_ln162_37_fu_2519_p2            |   icmp   |      0|  0|  13|          16|          16|
    |icmp_ln162_38_fu_2553_p2            |   icmp   |      0|  0|  13|          16|          16|
    |icmp_ln162_39_fu_2567_p2            |   icmp   |      0|  0|  13|          16|          16|
    |icmp_ln162_3_fu_1821_p2             |   icmp   |      0|  0|  13|          16|          16|
    |icmp_ln162_40_fu_2641_p2            |   icmp   |      0|  0|  13|          16|          16|
    |icmp_ln162_41_fu_2651_p2            |   icmp   |      0|  0|  13|          16|          16|
    |icmp_ln162_42_fu_2663_p2            |   icmp   |      0|  0|  13|          16|          16|
    |icmp_ln162_43_fu_2673_p2            |   icmp   |      0|  0|  13|          16|          16|
    |icmp_ln162_44_fu_2685_p2            |   icmp   |      0|  0|  13|          16|          16|
    |icmp_ln162_45_fu_2697_p2            |   icmp   |      0|  0|  13|          16|          16|
    |icmp_ln162_46_fu_2707_p2            |   icmp   |      0|  0|  13|          16|          16|
    |icmp_ln162_47_fu_2740_p2            |   icmp   |      0|  0|  13|          16|          16|
    |icmp_ln162_48_fu_2752_p2            |   icmp   |      0|  0|  13|          16|          16|
    |icmp_ln162_49_fu_2766_p2            |   icmp   |      0|  0|  13|          16|          16|
    |icmp_ln162_4_fu_1833_p2             |   icmp   |      0|  0|  13|          16|          16|
    |icmp_ln162_50_fu_2829_p2            |   icmp   |      0|  0|  13|          16|          16|
    |icmp_ln162_51_fu_2841_p2            |   icmp   |      0|  0|  13|          16|          16|
    |icmp_ln162_52_fu_2853_p2            |   icmp   |      0|  0|  13|          16|          16|
    |icmp_ln162_53_fu_2863_p2            |   icmp   |      0|  0|  13|          16|          16|
    |icmp_ln162_54_fu_2875_p2            |   icmp   |      0|  0|  13|          16|          16|
    |icmp_ln162_55_fu_2888_p2            |   icmp   |      0|  0|  13|          16|          16|
    |icmp_ln162_56_fu_2900_p2            |   icmp   |      0|  0|  13|          16|          16|
    |icmp_ln162_57_fu_2918_p2            |   icmp   |      0|  0|  13|          16|          16|
    |icmp_ln162_58_fu_2928_p2            |   icmp   |      0|  0|  13|          16|          16|
    |icmp_ln162_59_fu_2940_p2            |   icmp   |      0|  0|  13|          16|          16|
    |icmp_ln162_5_fu_1899_p2             |   icmp   |      0|  0|  13|          16|          16|
    |icmp_ln162_60_fu_2950_p2            |   icmp   |      0|  0|  13|          16|          16|
    |icmp_ln162_61_fu_2962_p2            |   icmp   |      0|  0|  13|          16|          16|
    |icmp_ln162_62_fu_2989_p2            |   icmp   |      0|  0|  13|          16|          16|
    |icmp_ln162_63_fu_2999_p2            |   icmp   |      0|  0|  13|          16|          16|
    |icmp_ln162_64_fu_3013_p2            |   icmp   |      0|  0|  13|          16|          16|
    |icmp_ln162_65_fu_3068_p2            |   icmp   |      0|  0|  13|          16|          16|
    |icmp_ln162_66_fu_3080_p2            |   icmp   |      0|  0|  13|          16|          16|
    |icmp_ln162_67_fu_3092_p2            |   icmp   |      0|  0|  13|          16|          16|
    |icmp_ln162_6_fu_1909_p2             |   icmp   |      0|  0|  13|          16|          16|
    |icmp_ln162_7_fu_1921_p2             |   icmp   |      0|  0|  13|          16|          16|
    |icmp_ln162_8_fu_1931_p2             |   icmp   |      0|  0|  13|          16|          16|
    |icmp_ln162_9_fu_1943_p2             |   icmp   |      0|  0|  13|          16|          16|
    |icmp_ln162_fu_1693_p2               |   icmp   |      0|  0|  13|          16|          16|
    |icmp_ln443_fu_646_p2                |   icmp   |      0|  0|  13|           9|           9|
    |icmp_ln444_fu_954_p2                |   icmp   |      0|  0|  13|           9|           6|
    |icmp_ln507_10_fu_938_p2             |   icmp   |      0|  0|   9|           4|           3|
    |icmp_ln507_1_fu_830_p2              |   icmp   |      0|  0|   9|           4|           1|
    |icmp_ln507_2_fu_842_p2              |   icmp   |      0|  0|   9|           4|           2|
    |icmp_ln507_3_fu_854_p2              |   icmp   |      0|  0|   9|           4|           2|
    |icmp_ln507_4_fu_866_p2              |   icmp   |      0|  0|   9|           4|           1|
    |icmp_ln507_5_fu_878_p2              |   icmp   |      0|  0|   9|           4|           2|
    |icmp_ln507_6_fu_890_p2              |   icmp   |      0|  0|   9|           4|           2|
    |icmp_ln507_7_fu_902_p2              |   icmp   |      0|  0|   9|           4|           3|
    |icmp_ln507_8_fu_914_p2              |   icmp   |      0|  0|   9|           4|           2|
    |icmp_ln507_9_fu_926_p2              |   icmp   |      0|  0|   9|           4|           3|
    |icmp_ln507_fu_818_p2                |   icmp   |      0|  0|   9|           4|           1|
    |icmp_ln879_1_fu_682_p2              |   icmp   |      0|  0|  13|           9|           1|
    |icmp_ln879_3_fu_688_p2              |   icmp   |      0|  0|  13|           9|           2|
    |icmp_ln879_5_fu_694_p2              |   icmp   |      0|  0|  13|           9|           2|
    |icmp_ln879_7_fu_700_p2              |   icmp   |      0|  0|  13|           9|           3|
    |icmp_ln879_fu_676_p2                |   icmp   |      0|  0|  13|           9|           1|
    |icmp_ln887_fu_658_p2                |   icmp   |      0|  0|  13|           9|           9|
    |icmp_ln891_fu_976_p2                |   icmp   |      0|  0|  11|           6|           1|
    |icmp_ln899_1_fu_706_p2              |   icmp   |      0|  0|  13|           9|           9|
    |icmp_ln899_fu_670_p2                |   icmp   |      0|  0|  13|           9|           3|
    |ap_block_pp0_stage0_01001           |    or    |      0|  0|   2|           1|           1|
    |ap_block_state1                     |    or    |      0|  0|   2|           1|           1|
    |ap_block_state4_pp0_stage0_iter1    |    or    |      0|  0|   2|           1|           1|
    |or_ln457_fu_1061_p2                 |    or    |      0|  0|   2|           1|           1|
    |col_buf_0_val_1_0_fu_1191_p3        |  select  |      0|  0|  16|           1|          16|
    |col_buf_0_val_2_0_fu_1222_p3        |  select  |      0|  0|  16|           1|          16|
    |col_buf_0_val_3_0_fu_1253_p3        |  select  |      0|  0|  16|           1|          16|
    |col_buf_0_val_4_0_fu_1284_p3        |  select  |      0|  0|  16|           1|          16|
    |col_buf_0_val_5_0_fu_1315_p3        |  select  |      0|  0|  16|           1|          16|
    |col_buf_0_val_6_0_fu_1346_p3        |  select  |      0|  0|  16|           1|          16|
    |col_buf_0_val_7_0_fu_1377_p3        |  select  |      0|  0|  16|           1|          16|
    |col_buf_0_val_8_0_fu_1408_p3        |  select  |      0|  0|  16|           1|          16|
    |img_1_data_stream_0_V_din           |  select  |      0|  0|  16|           1|          16|
    |select_ln121_fu_1028_p3             |  select  |      0|  0|   7|           1|           1|
    |select_ln162_10_fu_1983_p3          |  select  |      0|  0|  16|           1|          16|
    |select_ln162_11_fu_1995_p3          |  select  |      0|  0|  16|           1|          16|
    |select_ln162_12_fu_2069_p3          |  select  |      0|  0|  16|           1|          16|
    |select_ln162_13_fu_2079_p3          |  select  |      0|  0|  16|           1|          16|
    |select_ln162_14_fu_2091_p3          |  select  |      0|  0|  16|           1|          16|
    |select_ln162_15_fu_2102_p3          |  select  |      0|  0|  16|           1|          16|
    |select_ln162_16_fu_2113_p3          |  select  |      0|  0|  16|           1|          16|
    |select_ln162_17_fu_2125_p3          |  select  |      0|  0|  16|           1|          16|
    |select_ln162_18_fu_2135_p3          |  select  |      0|  0|  16|           1|          16|
    |select_ln162_19_fu_2147_p3          |  select  |      0|  0|  16|           1|          16|
    |select_ln162_1_fu_1713_p3           |  select  |      0|  0|  16|           1|          16|
    |select_ln162_20_fu_2183_p3          |  select  |      0|  0|  16|           1|          16|
    |select_ln162_21_fu_2196_p3          |  select  |      0|  0|  16|           1|          16|
    |select_ln162_22_fu_2270_p3          |  select  |      0|  0|  16|           1|          16|
    |select_ln162_23_fu_2280_p3          |  select  |      0|  0|  16|           1|          16|
    |select_ln162_24_fu_2292_p3          |  select  |      0|  0|  16|           1|          16|
    |select_ln162_25_fu_2303_p3          |  select  |      0|  0|  16|           1|          16|
    |select_ln162_26_fu_2314_p3          |  select  |      0|  0|  16|           1|          16|
    |select_ln162_27_fu_2350_p3          |  select  |      0|  0|  16|           1|          16|
    |select_ln162_28_fu_2360_p3          |  select  |      0|  0|  16|           1|          16|
    |select_ln162_29_fu_2373_p3          |  select  |      0|  0|  16|           1|          16|
    |select_ln162_2_fu_1816_p3           |  select  |      0|  0|  16|           1|          16|
    |select_ln162_30_fu_2445_p3          |  select  |      0|  0|  16|           1|          16|
    |select_ln162_31_fu_2456_p3          |  select  |      0|  0|  16|           1|          16|
    |select_ln162_32_fu_2468_p3          |  select  |      0|  0|  16|           1|          16|
    |select_ln162_33_fu_2478_p3          |  select  |      0|  0|  16|           1|          16|
    |select_ln162_34_fu_2490_p3          |  select  |      0|  0|  16|           1|          16|
    |select_ln162_35_fu_2501_p3          |  select  |      0|  0|  16|           1|          16|
    |select_ln162_36_fu_2512_p3          |  select  |      0|  0|  16|           1|          16|
    |select_ln162_37_fu_2548_p3          |  select  |      0|  0|  16|           1|          16|
    |select_ln162_38_fu_2559_p3          |  select  |      0|  0|  16|           1|          16|
    |select_ln162_39_fu_2573_p3          |  select  |      0|  0|  16|           1|          16|
    |select_ln162_3_fu_1826_p3           |  select  |      0|  0|  16|           1|          16|
    |select_ln162_40_fu_2645_p3          |  select  |      0|  0|  16|           1|          16|
    |select_ln162_41_fu_2656_p3          |  select  |      0|  0|  16|           1|          16|
    |select_ln162_42_fu_2668_p3          |  select  |      0|  0|  16|           1|          16|
    |select_ln162_43_fu_2678_p3          |  select  |      0|  0|  16|           1|          16|
    |select_ln162_44_fu_2690_p3          |  select  |      0|  0|  16|           1|          16|
    |select_ln162_45_fu_2701_p3          |  select  |      0|  0|  16|           1|          16|
    |select_ln162_46_fu_2712_p3          |  select  |      0|  0|  16|           1|          16|
    |select_ln162_47_fu_2745_p3          |  select  |      0|  0|  16|           1|          16|
    |select_ln162_48_fu_2758_p3          |  select  |      0|  0|  16|           1|          16|
    |select_ln162_49_fu_2824_p3          |  select  |      0|  0|  16|           1|          16|
    |select_ln162_4_fu_1839_p3           |  select  |      0|  0|  16|           1|          16|
    |select_ln162_50_fu_2834_p3          |  select  |      0|  0|  16|           1|          16|
    |select_ln162_51_fu_2846_p3          |  select  |      0|  0|  16|           1|          16|
    |select_ln162_52_fu_2857_p3          |  select  |      0|  0|  16|           1|          16|
    |select_ln162_53_fu_2868_p3          |  select  |      0|  0|  16|           1|          16|
    |select_ln162_54_fu_2883_p3          |  select  |      0|  0|  16|           1|          16|
    |select_ln162_55_fu_2893_p3          |  select  |      0|  0|  16|           1|          16|
    |select_ln162_56_fu_2906_p3          |  select  |      0|  0|  16|           1|          16|
    |select_ln162_57_fu_2922_p3          |  select  |      0|  0|  16|           1|          16|
    |select_ln162_58_fu_2933_p3          |  select  |      0|  0|  16|           1|          16|
    |select_ln162_59_fu_2945_p3          |  select  |      0|  0|  16|           1|          16|
    |select_ln162_5_fu_1903_p3           |  select  |      0|  0|  16|           1|          16|
    |select_ln162_60_fu_2955_p3          |  select  |      0|  0|  16|           1|          16|
    |select_ln162_61_fu_2967_p3          |  select  |      0|  0|  16|           1|          16|
    |select_ln162_62_fu_2993_p3          |  select  |      0|  0|  16|           1|          16|
    |select_ln162_63_fu_3005_p3          |  select  |      0|  0|  16|           1|          16|
    |select_ln162_64_fu_3063_p3          |  select  |      0|  0|  16|           1|          16|
    |select_ln162_65_fu_3073_p3          |  select  |      0|  0|  16|           1|          16|
    |select_ln162_66_fu_3085_p3          |  select  |      0|  0|  16|           1|          16|
    |select_ln162_6_fu_1914_p3           |  select  |      0|  0|  16|           1|          16|
    |select_ln162_7_fu_1926_p3           |  select  |      0|  0|  16|           1|          16|
    |select_ln162_8_fu_1936_p3           |  select  |      0|  0|  16|           1|          16|
    |select_ln162_9_fu_1948_p3           |  select  |      0|  0|  16|           1|          16|
    |select_ln162_fu_1699_p3             |  select  |      0|  0|  16|           1|          16|
    |select_ln493_1_fu_760_p3            |  select  |      0|  0|   4|           1|           1|
    |select_ln493_2_fu_786_p3            |  select  |      0|  0|   4|           1|           1|
    |select_ln493_fu_734_p3              |  select  |      0|  0|   4|           1|           1|
    |select_ln507_10_fu_1641_p3          |  select  |      0|  0|  16|           1|          16|
    |select_ln507_12_fu_1662_p3          |  select  |      0|  0|  16|           1|          16|
    |select_ln507_13_fu_1669_p3          |  select  |      0|  0|  16|           1|          16|
    |select_ln507_1_fu_1557_p3           |  select  |      0|  0|  16|           1|          16|
    |select_ln507_3_fu_1578_p3           |  select  |      0|  0|  16|           1|          16|
    |select_ln507_4_fu_1585_p3           |  select  |      0|  0|  16|           1|          16|
    |select_ln507_6_fu_1606_p3           |  select  |      0|  0|  16|           1|          16|
    |select_ln507_7_fu_1613_p3           |  select  |      0|  0|  16|           1|          16|
    |select_ln507_9_fu_1634_p3           |  select  |      0|  0|  16|           1|          16|
    |select_ln507_fu_1550_p3             |  select  |      0|  0|  16|           1|          16|
    |select_ln899_1_fu_1592_p3           |  select  |      0|  0|  16|           1|          16|
    |select_ln899_2_fu_1620_p3           |  select  |      0|  0|  16|           1|          16|
    |select_ln899_3_fu_1648_p3           |  select  |      0|  0|  16|           1|          16|
    |select_ln899_4_fu_1676_p3           |  select  |      0|  0|  16|           1|          16|
    |select_ln899_fu_1564_p3             |  select  |      0|  0|  16|           1|          16|
    |src_kernel_win_0_va_318_fu_1483_p3  |  select  |      0|  0|  16|           1|          16|
    |src_kernel_win_0_va_319_fu_1513_p3  |  select  |      0|  0|  16|           1|          16|
    |src_kernel_win_0_va_320_fu_1543_p3  |  select  |      0|  0|  16|           1|          16|
    |src_kernel_win_0_va_321_fu_1571_p3  |  select  |      0|  0|  16|           1|          16|
    |src_kernel_win_0_va_322_fu_1599_p3  |  select  |      0|  0|  16|           1|          16|
    |src_kernel_win_0_va_323_fu_1627_p3  |  select  |      0|  0|  16|           1|          16|
    |src_kernel_win_0_va_324_fu_1655_p3  |  select  |      0|  0|  16|           1|          16|
    |src_kernel_win_0_va_325_fu_1683_p3  |  select  |      0|  0|  16|           1|          16|
    |src_kernel_win_0_va_326_fu_1160_p3  |  select  |      0|  0|  16|           1|          16|
    |x_fu_1036_p3                        |  select  |      0|  0|   9|           1|           9|
    |ap_enable_pp0                       |    xor   |      0|  0|   2|           1|           2|
    |xor_ln118_fu_1002_p2                |    xor   |      0|  0|   2|           1|           2|
    |xor_ln457_fu_664_p2                 |    xor   |      0|  0|   2|           1|           2|
    |xor_ln493_1_fu_1131_p2              |    xor   |      0|  0|   4|           4|           2|
    |xor_ln493_fu_728_p2                 |    xor   |      0|  0|   4|           4|           2|
    +------------------------------------+----------+-------+---+----+------------+------------+
    |Total                               |          |      0|  0|3061|        1459|        2916|
    +------------------------------------+----------+-------+---+----+------------+------------+

    * Multiplexer: 
    +------------------------------+----+-----------+-----+-----------+
    |             Name             | LUT| Input Size| Bits| Total Bits|
    +------------------------------+----+-----------+-----+-----------+
    |I_enh1_data_stream_0_V_blk_n  |   9|          2|    1|          2|
    |ap_NS_fsm                     |  27|          5|    1|          5|
    |ap_done                       |   9|          2|    1|          2|
    |ap_enable_reg_pp0_iter2       |   9|          2|    1|          2|
    |ap_enable_reg_pp0_iter28      |   9|          2|    1|          2|
    |img_1_data_stream_0_V_blk_n   |   9|          2|    1|          2|
    |k_buf_0_val_10_d1             |  15|          3|   16|         48|
    |k_buf_0_val_11_d1             |  15|          3|   16|         48|
    |k_buf_0_val_12_d1             |  15|          3|   16|         48|
    |k_buf_0_val_13_d1             |  15|          3|   16|         48|
    |k_buf_0_val_14_d1             |  15|          3|   16|         48|
    |k_buf_0_val_15_d1             |  15|          3|   16|         48|
    |k_buf_0_val_16_d1             |  15|          3|   16|         48|
    |k_buf_0_val_17_d1             |  15|          3|   16|         48|
    |real_start                    |   9|          2|    1|          2|
    |t_V_4_reg_635                 |   9|          2|    9|         18|
    |t_V_reg_624                   |   9|          2|    9|         18|
    +------------------------------+----+-----------+-----+-----------+
    |Total                         | 219|         45|  153|        437|
    +------------------------------+----+-----------+-----+-----------+

    * Register: 
    +-------------------------------------------------+----+----+-----+-----------+
    |                       Name                      | FF | LUT| Bits| Const Bits|
    +-------------------------------------------------+----+----+-----+-----------+
    |and_ln118_reg_3735                               |   1|   0|    1|          0|
    |and_ln507_10_reg_3721                            |   1|   0|    1|          0|
    |and_ln507_1_reg_3672                             |   1|   0|    1|          0|
    |and_ln507_2_reg_3681                             |   1|   0|    1|          0|
    |and_ln507_3_reg_3686                             |   1|   0|    1|          0|
    |and_ln507_4_reg_3691                             |   1|   0|    1|          0|
    |and_ln507_5_reg_3696                             |   1|   0|    1|          0|
    |and_ln507_6_reg_3701                             |   1|   0|    1|          0|
    |and_ln507_7_reg_3706                             |   1|   0|    1|          0|
    |and_ln507_8_reg_3711                             |   1|   0|    1|          0|
    |and_ln507_9_reg_3716                             |   1|   0|    1|          0|
    |and_ln507_reg_3667                               |   1|   0|    1|          0|
    |and_ln512_reg_3811                               |   1|   0|    1|          0|
    |ap_CS_fsm                                        |   4|   0|    4|          0|
    |ap_done_reg                                      |   1|   0|    1|          0|
    |ap_enable_reg_pp0_iter0                          |   1|   0|    1|          0|
    |ap_enable_reg_pp0_iter1                          |   1|   0|    1|          0|
    |ap_enable_reg_pp0_iter10                         |   1|   0|    1|          0|
    |ap_enable_reg_pp0_iter11                         |   1|   0|    1|          0|
    |ap_enable_reg_pp0_iter12                         |   1|   0|    1|          0|
    |ap_enable_reg_pp0_iter13                         |   1|   0|    1|          0|
    |ap_enable_reg_pp0_iter14                         |   1|   0|    1|          0|
    |ap_enable_reg_pp0_iter15                         |   1|   0|    1|          0|
    |ap_enable_reg_pp0_iter16                         |   1|   0|    1|          0|
    |ap_enable_reg_pp0_iter17                         |   1|   0|    1|          0|
    |ap_enable_reg_pp0_iter18                         |   1|   0|    1|          0|
    |ap_enable_reg_pp0_iter19                         |   1|   0|    1|          0|
    |ap_enable_reg_pp0_iter2                          |   1|   0|    1|          0|
    |ap_enable_reg_pp0_iter20                         |   1|   0|    1|          0|
    |ap_enable_reg_pp0_iter21                         |   1|   0|    1|          0|
    |ap_enable_reg_pp0_iter22                         |   1|   0|    1|          0|
    |ap_enable_reg_pp0_iter23                         |   1|   0|    1|          0|
    |ap_enable_reg_pp0_iter24                         |   1|   0|    1|          0|
    |ap_enable_reg_pp0_iter25                         |   1|   0|    1|          0|
    |ap_enable_reg_pp0_iter26                         |   1|   0|    1|          0|
    |ap_enable_reg_pp0_iter27                         |   1|   0|    1|          0|
    |ap_enable_reg_pp0_iter28                         |   1|   0|    1|          0|
    |ap_enable_reg_pp0_iter3                          |   1|   0|    1|          0|
    |ap_enable_reg_pp0_iter4                          |   1|   0|    1|          0|
    |ap_enable_reg_pp0_iter5                          |   1|   0|    1|          0|
    |ap_enable_reg_pp0_iter6                          |   1|   0|    1|          0|
    |ap_enable_reg_pp0_iter7                          |   1|   0|    1|          0|
    |ap_enable_reg_pp0_iter8                          |   1|   0|    1|          0|
    |ap_enable_reg_pp0_iter9                          |   1|   0|    1|          0|
    |i_V_reg_3601                                     |   9|   0|    9|          0|
    |icmp_ln162_12_reg_4028                           |   1|   0|    1|          0|
    |icmp_ln162_17_reg_4044                           |   1|   0|    1|          0|
    |icmp_ln162_22_reg_4095                           |   1|   0|    1|          0|
    |icmp_ln162_27_reg_4111                           |   1|   0|    1|          0|
    |icmp_ln162_2_reg_3919                            |   1|   0|    1|          0|
    |icmp_ln162_32_reg_4169                           |   1|   0|    1|          0|
    |icmp_ln162_37_reg_4185                           |   1|   0|    1|          0|
    |icmp_ln162_42_reg_4237                           |   1|   0|    1|          0|
    |icmp_ln162_49_reg_4288                           |   1|   0|    1|          0|
    |icmp_ln162_54_reg_4304                           |   1|   0|    1|          0|
    |icmp_ln162_59_reg_4320                           |   1|   0|    1|          0|
    |icmp_ln162_64_reg_4359                           |   1|   0|    1|          0|
    |icmp_ln162_7_reg_3971                            |   1|   0|    1|          0|
    |icmp_ln444_reg_3726                              |   1|   0|    1|          0|
    |icmp_ln879_1_reg_3624                            |   1|   0|    1|          0|
    |icmp_ln879_3_reg_3628                            |   1|   0|    1|          0|
    |icmp_ln879_5_reg_3632                            |   1|   0|    1|          0|
    |icmp_ln879_7_reg_3636                            |   1|   0|    1|          0|
    |icmp_ln879_reg_3620                              |   1|   0|    1|          0|
    |icmp_ln887_reg_3606                              |   1|   0|    1|          0|
    |icmp_ln899_1_reg_3640                            |   1|   0|    1|          0|
    |icmp_ln899_reg_3615                              |   1|   0|    1|          0|
    |k_buf_0_val_10_add_reg_3763                      |   9|   0|    9|          0|
    |k_buf_0_val_11_add_reg_3769                      |   9|   0|    9|          0|
    |k_buf_0_val_12_add_reg_3775                      |   9|   0|    9|          0|
    |k_buf_0_val_13_add_reg_3781                      |   9|   0|    9|          0|
    |k_buf_0_val_14_add_reg_3787                      |   9|   0|    9|          0|
    |k_buf_0_val_15_add_reg_3793                      |   9|   0|    9|          0|
    |k_buf_0_val_16_add_reg_3799                      |   9|   0|    9|          0|
    |k_buf_0_val_17_add_reg_3805                      |   9|   0|    9|          0|
    |k_buf_0_val_9_addr_reg_3757                      |   9|   0|    9|          0|
    |or_ln457_reg_3744                                |   1|   0|    1|          0|
    |right_border_buf_0_18_fu_382                     |  16|   0|   16|          0|
    |right_border_buf_0_19_fu_386                     |  16|   0|   16|          0|
    |right_border_buf_0_20_fu_390                     |  16|   0|   16|          0|
    |right_border_buf_0_21_fu_394                     |  16|   0|   16|          0|
    |right_border_buf_0_22_fu_398                     |  16|   0|   16|          0|
    |right_border_buf_0_23_fu_402                     |  16|   0|   16|          0|
    |right_border_buf_0_24_fu_406                     |  16|   0|   16|          0|
    |right_border_buf_0_25_fu_410                     |  16|   0|   16|          0|
    |right_border_buf_0_s_fu_378                      |  16|   0|   16|          0|
    |select_ln162_11_reg_4023                         |  16|   0|   16|          0|
    |select_ln162_14_reg_4033                         |  16|   0|   16|          0|
    |select_ln162_16_reg_4039                         |  16|   0|   16|          0|
    |select_ln162_19_reg_4049                         |  16|   0|   16|          0|
    |select_ln162_1_reg_3914                          |  16|   0|   16|          0|
    |select_ln162_21_reg_4090                         |  16|   0|   16|          0|
    |select_ln162_24_reg_4100                         |  16|   0|   16|          0|
    |select_ln162_26_reg_4106                         |  16|   0|   16|          0|
    |select_ln162_29_reg_4158                         |  16|   0|   16|          0|
    |select_ln162_31_reg_4164                         |  16|   0|   16|          0|
    |select_ln162_34_reg_4174                         |  16|   0|   16|          0|
    |select_ln162_36_reg_4180                         |  16|   0|   16|          0|
    |select_ln162_39_reg_4226                         |  16|   0|   16|          0|
    |select_ln162_41_reg_4232                         |  16|   0|   16|          0|
    |select_ln162_44_reg_4242                         |  16|   0|   16|          0|
    |select_ln162_46_reg_4248                         |  16|   0|   16|          0|
    |select_ln162_48_reg_4283                         |  16|   0|   16|          0|
    |select_ln162_4_reg_3960                          |  16|   0|   16|          0|
    |select_ln162_51_reg_4293                         |  16|   0|   16|          0|
    |select_ln162_53_reg_4299                         |  16|   0|   16|          0|
    |select_ln162_56_reg_4309                         |  16|   0|   16|          0|
    |select_ln162_58_reg_4315                         |  16|   0|   16|          0|
    |select_ln162_61_reg_4325                         |  16|   0|   16|          0|
    |select_ln162_63_reg_4354                         |  16|   0|   16|          0|
    |select_ln162_66_reg_4364                         |  16|   0|   16|          0|
    |select_ln162_6_reg_3966                          |  16|   0|   16|          0|
    |select_ln162_9_reg_3976                          |  16|   0|   16|          0|
    |select_ln493_1_reg_3657                          |   4|   0|    4|          0|
    |select_ln493_2_reg_3662                          |   4|   0|    4|          0|
    |select_ln493_reg_3652                            |   4|   0|    4|          0|
    |src_kernel_win_0_va_196_fu_118                   |  16|   0|   16|          0|
    |src_kernel_win_0_va_197_fu_122                   |  16|   0|   16|          0|
    |src_kernel_win_0_va_198_fu_126                   |  16|   0|   16|          0|
    |src_kernel_win_0_va_199_fu_130                   |  16|   0|   16|          0|
    |src_kernel_win_0_va_200_fu_134                   |  16|   0|   16|          0|
    |src_kernel_win_0_va_201_fu_138                   |  16|   0|   16|          0|
    |src_kernel_win_0_va_202_fu_142                   |  16|   0|   16|          0|
    |src_kernel_win_0_va_203_fu_146                   |  16|   0|   16|          0|
    |src_kernel_win_0_va_204_fu_150                   |  16|   0|   16|          0|
    |src_kernel_win_0_va_205_fu_154                   |  16|   0|   16|          0|
    |src_kernel_win_0_va_206_fu_158                   |  16|   0|   16|          0|
    |src_kernel_win_0_va_207_fu_162                   |  16|   0|   16|          0|
    |src_kernel_win_0_va_208_fu_166                   |  16|   0|   16|          0|
    |src_kernel_win_0_va_209_fu_170                   |  16|   0|   16|          0|
    |src_kernel_win_0_va_210_fu_174                   |  16|   0|   16|          0|
    |src_kernel_win_0_va_211_fu_178                   |  16|   0|   16|          0|
    |src_kernel_win_0_va_212_fu_182                   |  16|   0|   16|          0|
    |src_kernel_win_0_va_213_fu_186                   |  16|   0|   16|          0|
    |src_kernel_win_0_va_214_fu_190                   |  16|   0|   16|          0|
    |src_kernel_win_0_va_215_fu_194                   |  16|   0|   16|          0|
    |src_kernel_win_0_va_216_fu_198                   |  16|   0|   16|          0|
    |src_kernel_win_0_va_217_fu_202                   |  16|   0|   16|          0|
    |src_kernel_win_0_va_218_fu_206                   |  16|   0|   16|          0|
    |src_kernel_win_0_va_219_fu_210                   |  16|   0|   16|          0|
    |src_kernel_win_0_va_220_fu_214                   |  16|   0|   16|          0|
    |src_kernel_win_0_va_221_fu_218                   |  16|   0|   16|          0|
    |src_kernel_win_0_va_222_fu_222                   |  16|   0|   16|          0|
    |src_kernel_win_0_va_223_fu_226                   |  16|   0|   16|          0|
    |src_kernel_win_0_va_224_fu_230                   |  16|   0|   16|          0|
    |src_kernel_win_0_va_225_fu_234                   |  16|   0|   16|          0|
    |src_kernel_win_0_va_226_fu_238                   |  16|   0|   16|          0|
    |src_kernel_win_0_va_227_fu_242                   |  16|   0|   16|          0|
    |src_kernel_win_0_va_228_fu_246                   |  16|   0|   16|          0|
    |src_kernel_win_0_va_229_fu_250                   |  16|   0|   16|          0|
    |src_kernel_win_0_va_230_fu_254                   |  16|   0|   16|          0|
    |src_kernel_win_0_va_231_fu_258                   |  16|   0|   16|          0|
    |src_kernel_win_0_va_232_fu_262                   |  16|   0|   16|          0|
    |src_kernel_win_0_va_233_fu_266                   |  16|   0|   16|          0|
    |src_kernel_win_0_va_234_fu_270                   |  16|   0|   16|          0|
    |src_kernel_win_0_va_235_fu_274                   |  16|   0|   16|          0|
    |src_kernel_win_0_va_236_fu_278                   |  16|   0|   16|          0|
    |src_kernel_win_0_va_237_fu_282                   |  16|   0|   16|          0|
    |src_kernel_win_0_va_238_fu_286                   |  16|   0|   16|          0|
    |src_kernel_win_0_va_239_fu_290                   |  16|   0|   16|          0|
    |src_kernel_win_0_va_240_fu_294                   |  16|   0|   16|          0|
    |src_kernel_win_0_va_241_fu_298                   |  16|   0|   16|          0|
    |src_kernel_win_0_va_242_fu_302                   |  16|   0|   16|          0|
    |src_kernel_win_0_va_243_fu_306                   |  16|   0|   16|          0|
    |src_kernel_win_0_va_244_fu_310                   |  16|   0|   16|          0|
    |src_kernel_win_0_va_245_fu_314                   |  16|   0|   16|          0|
    |src_kernel_win_0_va_246_fu_318                   |  16|   0|   16|          0|
    |src_kernel_win_0_va_247_fu_322                   |  16|   0|   16|          0|
    |src_kernel_win_0_va_248_fu_326                   |  16|   0|   16|          0|
    |src_kernel_win_0_va_249_fu_330                   |  16|   0|   16|          0|
    |src_kernel_win_0_va_250_fu_334                   |  16|   0|   16|          0|
    |src_kernel_win_0_va_251_fu_338                   |  16|   0|   16|          0|
    |src_kernel_win_0_va_252_fu_342                   |  16|   0|   16|          0|
    |src_kernel_win_0_va_253_fu_346                   |  16|   0|   16|          0|
    |src_kernel_win_0_va_254_fu_350                   |  16|   0|   16|          0|
    |src_kernel_win_0_va_255_fu_354                   |  16|   0|   16|          0|
    |src_kernel_win_0_va_256_fu_358                   |  16|   0|   16|          0|
    |src_kernel_win_0_va_257_fu_362                   |  16|   0|   16|          0|
    |src_kernel_win_0_va_258_fu_366                   |  16|   0|   16|          0|
    |src_kernel_win_0_va_259_fu_370                   |  16|   0|   16|          0|
    |src_kernel_win_0_va_260_fu_374                   |  16|   0|   16|          0|
    |src_kernel_win_0_va_261_reg_3815                 |  16|   0|   16|          0|
    |src_kernel_win_0_va_262_reg_3822                 |  16|   0|   16|          0|
    |src_kernel_win_0_va_263_reg_3829                 |  16|   0|   16|          0|
    |src_kernel_win_0_va_264_reg_3835                 |  16|   0|   16|          0|
    |src_kernel_win_0_va_265_reg_3841                 |  16|   0|   16|          0|
    |src_kernel_win_0_va_266_reg_3847                 |  16|   0|   16|          0|
    |src_kernel_win_0_va_267_reg_3853                 |  16|   0|   16|          0|
    |src_kernel_win_0_va_270_reg_3859                 |  16|   0|   16|          0|
    |src_kernel_win_0_va_271_reg_3864                 |  16|   0|   16|          0|
    |src_kernel_win_0_va_319_reg_3875                 |  16|   0|   16|          0|
    |src_kernel_win_0_va_320_reg_3881                 |  16|   0|   16|          0|
    |src_kernel_win_0_va_321_reg_3888                 |  16|   0|   16|          0|
    |src_kernel_win_0_va_322_reg_3895                 |  16|   0|   16|          0|
    |src_kernel_win_0_va_323_reg_3902                 |  16|   0|   16|          0|
    |src_kernel_win_0_va_324_reg_3909                 |  16|   0|   16|          0|
    |src_kernel_win_0_va_326_reg_3870                 |  16|   0|   16|          0|
    |src_kernel_win_0_va_327_reg_4254                 |  16|   0|   16|          0|
    |src_kernel_win_0_va_327_reg_4254_pp0_iter21_reg  |  16|   0|   16|          0|
    |src_kernel_win_0_va_329_reg_4331                 |  16|   0|   16|          0|
    |src_kernel_win_0_va_329_reg_4331_pp0_iter27_reg  |  16|   0|   16|          0|
    |src_kernel_win_0_va_330_reg_4337                 |  16|   0|   16|          0|
    |src_kernel_win_0_va_331_reg_4343                 |  16|   0|   16|          0|
    |src_kernel_win_0_va_332_reg_4349                 |  16|   0|   16|          0|
    |src_kernel_win_0_va_334_reg_4260                 |  16|   0|   16|          0|
    |src_kernel_win_0_va_334_reg_4260_pp0_iter21_reg  |  16|   0|   16|          0|
    |src_kernel_win_0_va_335_reg_4266                 |  16|   0|   16|          0|
    |src_kernel_win_0_va_336_reg_4272                 |  16|   0|   16|          0|
    |src_kernel_win_0_va_337_reg_4278                 |  16|   0|   16|          0|
    |src_kernel_win_0_va_340_reg_4190                 |  16|   0|   16|          0|
    |src_kernel_win_0_va_341_reg_4196                 |  16|   0|   16|          0|
    |src_kernel_win_0_va_341_reg_4196_pp0_iter17_reg  |  16|   0|   16|          0|
    |src_kernel_win_0_va_342_reg_4202                 |  16|   0|   16|          0|
    |src_kernel_win_0_va_342_reg_4202_pp0_iter17_reg  |  16|   0|   16|          0|
    |src_kernel_win_0_va_343_reg_4208                 |  16|   0|   16|          0|
    |src_kernel_win_0_va_343_reg_4208_pp0_iter17_reg  |  16|   0|   16|          0|
    |src_kernel_win_0_va_344_reg_4214                 |  16|   0|   16|          0|
    |src_kernel_win_0_va_345_reg_4220                 |  16|   0|   16|          0|
    |src_kernel_win_0_va_348_reg_4116                 |  16|   0|   16|          0|
    |src_kernel_win_0_va_349_reg_4122                 |  16|   0|   16|          0|
    |src_kernel_win_0_va_350_reg_4128                 |  16|   0|   16|          0|
    |src_kernel_win_0_va_350_reg_4128_pp0_iter13_reg  |  16|   0|   16|          0|
    |src_kernel_win_0_va_351_reg_4134                 |  16|   0|   16|          0|
    |src_kernel_win_0_va_351_reg_4134_pp0_iter13_reg  |  16|   0|   16|          0|
    |src_kernel_win_0_va_352_reg_4140                 |  16|   0|   16|          0|
    |src_kernel_win_0_va_352_reg_4140_pp0_iter13_reg  |  16|   0|   16|          0|
    |src_kernel_win_0_va_353_reg_4146                 |  16|   0|   16|          0|
    |src_kernel_win_0_va_354_reg_4152                 |  16|   0|   16|          0|
    |src_kernel_win_0_va_357_reg_4055                 |  16|   0|   16|          0|
    |src_kernel_win_0_va_358_reg_4061                 |  16|   0|   16|          0|
    |src_kernel_win_0_va_358_reg_4061_pp0_iter10_reg  |  16|   0|   16|          0|
    |src_kernel_win_0_va_359_reg_4067                 |  16|   0|   16|          0|
    |src_kernel_win_0_va_359_reg_4067_pp0_iter10_reg  |  16|   0|   16|          0|
    |src_kernel_win_0_va_360_reg_4073                 |  16|   0|   16|          0|
    |src_kernel_win_0_va_361_reg_4079                 |  16|   0|   16|          0|
    |src_kernel_win_0_va_362_reg_4085                 |  16|   0|   16|          0|
    |src_kernel_win_0_va_365_reg_3982                 |  16|   0|   16|          0|
    |src_kernel_win_0_va_366_reg_3988                 |  16|   0|   16|          0|
    |src_kernel_win_0_va_367_reg_3994                 |  16|   0|   16|          0|
    |src_kernel_win_0_va_367_reg_3994_pp0_iter6_reg   |  16|   0|   16|          0|
    |src_kernel_win_0_va_368_reg_4000                 |  16|   0|   16|          0|
    |src_kernel_win_0_va_368_reg_4000_pp0_iter6_reg   |  16|   0|   16|          0|
    |src_kernel_win_0_va_369_reg_4006                 |  16|   0|   16|          0|
    |src_kernel_win_0_va_370_reg_4012                 |  16|   0|   16|          0|
    |src_kernel_win_0_va_371_reg_4018                 |  16|   0|   16|          0|
    |src_kernel_win_0_va_373_reg_3924                 |  16|   0|   16|          0|
    |src_kernel_win_0_va_374_reg_3930                 |  16|   0|   16|          0|
    |src_kernel_win_0_va_374_reg_3930_pp0_iter3_reg   |  16|   0|   16|          0|
    |src_kernel_win_0_va_375_reg_3936                 |  16|   0|   16|          0|
    |src_kernel_win_0_va_375_reg_3936_pp0_iter3_reg   |  16|   0|   16|          0|
    |src_kernel_win_0_va_376_reg_3942                 |  16|   0|   16|          0|
    |src_kernel_win_0_va_376_reg_3942_pp0_iter3_reg   |  16|   0|   16|          0|
    |src_kernel_win_0_va_377_reg_3948                 |  16|   0|   16|          0|
    |src_kernel_win_0_va_378_reg_3954                 |  16|   0|   16|          0|
    |src_kernel_win_0_va_fu_114                       |  16|   0|   16|          0|
    |start_once_reg                                   |   1|   0|    1|          0|
    |t_V_4_reg_635                                    |   9|   0|    9|          0|
    |t_V_reg_624                                      |   9|   0|    9|          0|
    |trunc_ln458_reg_3739                             |   4|   0|    4|          0|
    |xor_ln457_reg_3610                               |   1|   0|    1|          0|
    |and_ln512_reg_3811                               |  64|  32|    1|          0|
    |icmp_ln444_reg_3726                              |  64|  32|    1|          0|
    |src_kernel_win_0_va_261_reg_3815                 |  64|  32|   16|          0|
    |src_kernel_win_0_va_262_reg_3822                 |  64|  32|   16|          0|
    |src_kernel_win_0_va_263_reg_3829                 |  64|  32|   16|          0|
    |src_kernel_win_0_va_264_reg_3835                 |  64|  32|   16|          0|
    |src_kernel_win_0_va_265_reg_3841                 |  64|  32|   16|          0|
    |src_kernel_win_0_va_266_reg_3847                 |  64|  32|   16|          0|
    |src_kernel_win_0_va_267_reg_3853                 |  64|  32|   16|          0|
    |src_kernel_win_0_va_319_reg_3875                 |  64|  32|   16|          0|
    |src_kernel_win_0_va_320_reg_3881                 |  64|  32|   16|          0|
    |src_kernel_win_0_va_321_reg_3888                 |  64|  32|   16|          0|
    |src_kernel_win_0_va_322_reg_3895                 |  64|  32|   16|          0|
    |src_kernel_win_0_va_323_reg_3902                 |  64|  32|   16|          0|
    |src_kernel_win_0_va_326_reg_3870                 |  64|  32|   16|          0|
    |src_kernel_win_0_va_340_reg_4190                 |  64|  32|   16|          0|
    |src_kernel_win_0_va_348_reg_4116                 |  64|  32|   16|          0|
    |src_kernel_win_0_va_349_reg_4122                 |  64|  32|   16|          0|
    |src_kernel_win_0_va_357_reg_4055                 |  64|  32|   16|          0|
    |src_kernel_win_0_va_365_reg_3982                 |  64|  32|   16|          0|
    |src_kernel_win_0_va_366_reg_3988                 |  64|  32|   16|          0|
    |src_kernel_win_0_va_373_reg_3924                 |  64|  32|   16|          0|
    +-------------------------------------------------+----+----+-----+-----------+
    |Total                                            |4404| 704| 3318|          0|
    +-------------------------------------------------+----+----+-----+-----------+



================================================================
== Interface
================================================================
* Summary: 
+--------------------------------+-----+-----+------------+------------------------+--------------+
|            RTL Ports           | Dir | Bits|  Protocol  |      Source Object     |    C Type    |
+--------------------------------+-----+-----+------------+------------------------+--------------+
|ap_clk                          |  in |    1| ap_ctrl_hs |  Loop_loop_height_pro  | return value |
|ap_rst                          |  in |    1| ap_ctrl_hs |  Loop_loop_height_pro  | return value |
|ap_start                        |  in |    1| ap_ctrl_hs |  Loop_loop_height_pro  | return value |
|start_full_n                    |  in |    1| ap_ctrl_hs |  Loop_loop_height_pro  | return value |
|ap_done                         | out |    1| ap_ctrl_hs |  Loop_loop_height_pro  | return value |
|ap_continue                     |  in |    1| ap_ctrl_hs |  Loop_loop_height_pro  | return value |
|ap_idle                         | out |    1| ap_ctrl_hs |  Loop_loop_height_pro  | return value |
|ap_ready                        | out |    1| ap_ctrl_hs |  Loop_loop_height_pro  | return value |
|start_out                       | out |    1| ap_ctrl_hs |  Loop_loop_height_pro  | return value |
|start_write                     | out |    1| ap_ctrl_hs |  Loop_loop_height_pro  | return value |
|I_enh1_data_stream_0_V_dout     |  in |   16|   ap_fifo  | I_enh1_data_stream_0_V |    pointer   |
|I_enh1_data_stream_0_V_empty_n  |  in |    1|   ap_fifo  | I_enh1_data_stream_0_V |    pointer   |
|I_enh1_data_stream_0_V_read     | out |    1|   ap_fifo  | I_enh1_data_stream_0_V |    pointer   |
|img_1_data_stream_0_V_din       | out |   16|   ap_fifo  |  img_1_data_stream_0_V |    pointer   |
|img_1_data_stream_0_V_full_n    |  in |    1|   ap_fifo  |  img_1_data_stream_0_V |    pointer   |
|img_1_data_stream_0_V_write     | out |    1|   ap_fifo  |  img_1_data_stream_0_V |    pointer   |
+--------------------------------+-----+-----+------------+------------------------+--------------+

